#
# There is insufficient memory for the Java Runtime Environment to continue.
# Native memory allocation (malloc) failed to allocate 820976 bytes for Chunk::new
# Possible reasons:
#   The system is out of physical RAM or swap space
#   The process is running with CompressedOops enabled, and the Java Heap may be blocking the growth of the native heap
# Possible solutions:
#   Reduce memory load on the system
#   Increase physical memory or swap space
#   Check if swap backing store is full
#   Decrease Java heap size (-Xmx/-Xms)
#   Decrease number of Java threads
#   Decrease Java thread stack sizes (-Xss)
#   Set larger code cache with -XX:ReservedCodeCacheSize=
#   JVM is running with Zero Based Compressed Oops mode in which the Java heap is
#     placed in the first 32GB address space. The Java Heap base address is the
#     maximum limit for the native heap growth. Please use -XX:HeapBaseMinAddress
#     to set the Java Heap base and to place the Java Heap above 32GB virtual address.
# This output file may be truncated or incomplete.
#
#  Out of Memory Error (arena.cpp:189), pid=30332, tid=6152
#
# JRE version: Java(TM) SE Runtime Environment (17.0.12+8) (build 17.0.12+8-LTS-286)
# Java VM: Java HotSpot(TM) 64-Bit Server VM (17.0.12+8-LTS-286, mixed mode, sharing, tiered, compressed oops, compressed class ptrs, g1 gc, windows-amd64)
# No core dump will be written. Minidumps are not enabled by default on client versions of Windows
#

---------------  S U M M A R Y ------------

Command Line: -Dcom.sun.management.jmxremote -Dcom.sun.management.jmxremote.port=65442 -Dcom.sun.management.jmxremote.authenticate=false -Dcom.sun.management.jmxremote.ssl=false -Dspring.jmx.enabled=true -Djava.rmi.server.hostname=localhost -Dspring.application.admin.enabled=true -Dspring.boot.project.name=backend-new -XX:+ShowCodeDetailsInExceptionMessages com.roadmaker.RoadmakerApplication

Host: Intel(R) Core(TM) i7-10510U CPU @ 1.80GHz, 8 cores, 23G,  Windows 10 , 64 bit Build 19041 (10.0.19041.5438)
Time: Mon Feb 24 16:22:15 2025  Windows 10 , 64 bit Build 19041 (10.0.19041.5438) elapsed time: 3.039899 seconds (0d 0h 0m 3s)

---------------  T H R E A D  ---------------

Current thread (0x000002412d530760):  JavaThread "C2 CompilerThread1" daemon [_thread_in_native, id=6152, stack(0x0000007db1d00000,0x0000007db1e00000)]


Current CompileTask:
C2:   3040 2165       4       jdk.internal.org.objectweb.asm.Frame::execute (2305 bytes)

Stack: [0x0000007db1d00000,0x0000007db1e00000]
Native frames: (J=compiled Java code, j=interpreted, Vv=VM code, C=native code)
V  [jvm.dll+0x67a04a]
V  [jvm.dll+0x7da4ed]
V  [jvm.dll+0x7dbe33]
V  [jvm.dll+0x7dc4a3]
V  [jvm.dll+0x24508f]
V  [jvm.dll+0xab773]
V  [jvm.dll+0xabd3c]
V  [jvm.dll+0x2aa52f]
V  [jvm.dll+0x581eb9]
V  [jvm.dll+0x21f422]
V  [jvm.dll+0x21f81f]
V  [jvm.dll+0x218aa0]
V  [jvm.dll+0x215b65]
V  [jvm.dll+0x1a2960]
V  [jvm.dll+0x22610b]
V  [jvm.dll+0x2242ab]
V  [jvm.dll+0x79075c]
V  [jvm.dll+0x78abea]
V  [jvm.dll+0x678f35]
C  [ucrtbase.dll+0x21bb2]
C  [KERNEL32.DLL+0x17374]
C  [ntdll.dll+0x4cc91]


---------------  P R O C E S S  ---------------

Threads class SMR info:
_java_thread_list=0x000002412e2ea1e0, length=20, elements={
0x00000240bfe0c2b0, 0x00000240e76dc910, 0x00000240e76dd590, 0x00000240e76f96e0,
0x00000240e76fb120, 0x00000240e76fc280, 0x00000240e76fcc40, 0x00000240e77055e0,
0x00000240e7706090, 0x00000240e7719290, 0x00000240e7896fd0, 0x00000240e7894c60,
0x00000240e7895170, 0x00000240e7897f00, 0x00000240e7895680, 0x000002412d530760,
0x00000240e7895b90, 0x00000240e78974e0, 0x000002412db68510, 0x00000240e78960a0
}

Java Threads: ( => current thread )
  0x00000240bfe0c2b0 JavaThread "main" [_thread_blocked, id=35344, stack(0x0000007db0700000,0x0000007db0800000)]
  0x00000240e76dc910 JavaThread "Reference Handler" daemon [_thread_blocked, id=39020, stack(0x0000007db0e00000,0x0000007db0f00000)]
  0x00000240e76dd590 JavaThread "Finalizer" daemon [_thread_blocked, id=18912, stack(0x0000007db0f00000,0x0000007db1000000)]
  0x00000240e76f96e0 JavaThread "Signal Dispatcher" daemon [_thread_blocked, id=12176, stack(0x0000007db1000000,0x0000007db1100000)]
  0x00000240e76fb120 JavaThread "Attach Listener" daemon [_thread_blocked, id=6588, stack(0x0000007db1100000,0x0000007db1200000)]
  0x00000240e76fc280 JavaThread "Service Thread" daemon [_thread_blocked, id=23516, stack(0x0000007db1200000,0x0000007db1300000)]
  0x00000240e76fcc40 JavaThread "Monitor Deflation Thread" daemon [_thread_blocked, id=6748, stack(0x0000007db1300000,0x0000007db1400000)]
  0x00000240e77055e0 JavaThread "C2 CompilerThread0" daemon [_thread_in_native, id=10256, stack(0x0000007db1400000,0x0000007db1500000)]
  0x00000240e7706090 JavaThread "C1 CompilerThread0" daemon [_thread_blocked, id=31592, stack(0x0000007db1500000,0x0000007db1600000)]
  0x00000240e7719290 JavaThread "Sweeper thread" daemon [_thread_blocked, id=37736, stack(0x0000007db1600000,0x0000007db1700000)]
  0x00000240e7896fd0 JavaThread "Common-Cleaner" daemon [_thread_blocked, id=29228, stack(0x0000007db1700000,0x0000007db1800000)]
  0x00000240e7894c60 JavaThread "Notification Thread" daemon [_thread_blocked, id=36948, stack(0x0000007db1800000,0x0000007db1900000)]
  0x00000240e7895170 JavaThread "RMI TCP Accept-0" daemon [_thread_in_native, id=20752, stack(0x0000007db1900000,0x0000007db1a00000)]
  0x00000240e7897f00 JavaThread "RMI TCP Accept-65442" daemon [_thread_in_native, id=39872, stack(0x0000007db1a00000,0x0000007db1b00000)]
  0x00000240e7895680 JavaThread "RMI TCP Accept-0" daemon [_thread_in_native, id=2912, stack(0x0000007db1b00000,0x0000007db1c00000)]
=>0x000002412d530760 JavaThread "C2 CompilerThread1" daemon [_thread_in_native, id=6152, stack(0x0000007db1d00000,0x0000007db1e00000)]
  0x00000240e7895b90 JavaThread "Thread-0" [_thread_blocked, id=16536, stack(0x0000007db2600000,0x0000007db2700000)]
  0x00000240e78974e0 JavaThread "restartedMain" [_thread_in_vm, id=38264, stack(0x0000007db2700000,0x0000007db2800000)]
  0x000002412db68510 JavaThread "C2 CompilerThread2" daemon [_thread_in_native, id=12212, stack(0x0000007db2800000,0x0000007db2900000)]
  0x00000240e78960a0 JavaThread "background-preinit" [_thread_in_vm, id=14540, stack(0x0000007db2900000,0x0000007db2a00000)]

Other Threads:
  0x00000240e76d4d90 VMThread "VM Thread" [stack: 0x0000007db0d00000,0x0000007db0e00000] [id=1088]
  0x000002412d2dac60 WatcherThread [stack: 0x0000007db1c00000,0x0000007db1d00000] [id=10124]
  0x00000240bfe9d6b0 GCTaskThread "GC Thread#0" [stack: 0x0000007db0800000,0x0000007db0900000] [id=16968]
  0x000002412d6a6770 GCTaskThread "GC Thread#1" [stack: 0x0000007db1e00000,0x0000007db1f00000] [id=25672]
  0x000002412d5848f0 GCTaskThread "GC Thread#2" [stack: 0x0000007db1f00000,0x0000007db2000000] [id=19192]
  0x000002412db1a190 GCTaskThread "GC Thread#3" [stack: 0x0000007db2000000,0x0000007db2100000] [id=16792]
  0x000002412db6cfc0 GCTaskThread "GC Thread#4" [stack: 0x0000007db2100000,0x0000007db2200000] [id=17528]
  0x000002412d74e580 GCTaskThread "GC Thread#5" [stack: 0x0000007db2200000,0x0000007db2300000] [id=25028]
  0x000002412d74ba90 GCTaskThread "GC Thread#6" [stack: 0x0000007db2300000,0x0000007db2400000] [id=22292]
  0x000002412dc939f0 GCTaskThread "GC Thread#7" [stack: 0x0000007db2400000,0x0000007db2500000] [id=33496]
  0x00000240bfeaa3c0 ConcurrentGCThread "G1 Main Marker" [stack: 0x0000007db0900000,0x0000007db0a00000] [id=30208]
  0x00000240bfeab470 ConcurrentGCThread "G1 Conc#0" [stack: 0x0000007db0a00000,0x0000007db0b00000] [id=36684]
  0x00000240bfece380 ConcurrentGCThread "G1 Refine#0" [stack: 0x0000007db0b00000,0x0000007db0c00000] [id=8568]
  0x000002412e1d6180 ConcurrentGCThread "G1 Refine#1" [stack: 0x0000007db2500000,0x0000007db2600000] [id=28776]
  0x00000240bfececb0 ConcurrentGCThread "G1 Service" [stack: 0x0000007db0c00000,0x0000007db0d00000] [id=26676]

Threads with active compile tasks:
C2 CompilerThread0     3083 2315       4       org.springframework.core.annotation.AttributeMethods::size (6 bytes)
C2 CompilerThread1     3083 2165       4       jdk.internal.org.objectweb.asm.Frame::execute (2305 bytes)
C2 CompilerThread2     3083 2124       4       java.lang.invoke.MethodType::makeImpl (109 bytes)

VM state: not at safepoint (normal execution)

VM Mutex/Monitor currently owned by a thread:  ([mutex/lock_event])
[0x00000240bfe0ac70] Metaspace_lock - owner thread: 0x00000240e78974e0

Heap address: 0x0000000682800000, size: 6104 MB, Compressed Oops mode: Zero based, Oop shift amount: 3

CDS archive(s) mapped at: [0x00000240e8000000-0x00000240e8bd0000-0x00000240e8bd0000), size 12386304, SharedBaseAddress: 0x00000240e8000000, ArchiveRelocationMode: 1.
Compressed class space mapped at: 0x00000240e9000000-0x0000024129000000, reserved size: 1073741824
Narrow klass base: 0x00000240e8000000, Narrow klass shift: 0, Narrow klass range: 0x100000000

GC Precious Log:
 CPUs: 8 total, 8 available
 Memory: 24410M
 Large Page Support: Disabled
 NUMA Support: Disabled
 Compressed Oops: Enabled (Zero based)
 Heap Region Size: 4M
 Heap Min Capacity: 8M
 Heap Initial Capacity: 384M
 Heap Max Capacity: 6104M
 Pre-touch: Disabled
 Parallel Workers: 8
 Concurrent Workers: 2
 Concurrent Refinement Workers: 8
 Periodic GC: Disabled

Heap:
 garbage-first heap   total 393216K, used 35637K [0x0000000682800000, 0x0000000800000000)
  region size 4096K, 9 young (36864K), 1 survivors (4096K)
 Metaspace       used 16989K, committed 17280K, reserved 1114112K
  class space    used 2094K, committed 2176K, reserved 1048576K

Heap Regions: E=young(eden), S=young(survivor), O=old, HS=humongous(starts), HC=humongous(continues), CS=collection set, F=free, OA=open archive, CA=closed archive, TAMS=top-at-mark-start (previous, next)
|   0|0x0000000682800000, 0x0000000682c00000, 0x0000000682c00000|100%| O|  |TAMS 0x0000000682800000, 0x0000000682800000| Untracked 
|   1|0x0000000682c00000, 0x0000000682de7400, 0x0000000683000000| 47%| O|  |TAMS 0x0000000682c00000, 0x0000000682c00000| Untracked 
|   2|0x0000000683000000, 0x0000000683000000, 0x0000000683400000|  0%| F|  |TAMS 0x0000000683000000, 0x0000000683000000| Untracked 
|   3|0x0000000683400000, 0x0000000683400000, 0x0000000683800000|  0%| F|  |TAMS 0x0000000683400000, 0x0000000683400000| Untracked 
|   4|0x0000000683800000, 0x0000000683800000, 0x0000000683c00000|  0%| F|  |TAMS 0x0000000683800000, 0x0000000683800000| Untracked 
|   5|0x0000000683c00000, 0x0000000683c00000, 0x0000000684000000|  0%| F|  |TAMS 0x0000000683c00000, 0x0000000683c00000| Untracked 
|   6|0x0000000684000000, 0x0000000684000000, 0x0000000684400000|  0%| F|  |TAMS 0x0000000684000000, 0x0000000684000000| Untracked 
|   7|0x0000000684400000, 0x0000000684400000, 0x0000000684800000|  0%| F|  |TAMS 0x0000000684400000, 0x0000000684400000| Untracked 
|   8|0x0000000684800000, 0x0000000684800000, 0x0000000684c00000|  0%| F|  |TAMS 0x0000000684800000, 0x0000000684800000| Untracked 
|   9|0x0000000684c00000, 0x0000000684c00000, 0x0000000685000000|  0%| F|  |TAMS 0x0000000684c00000, 0x0000000684c00000| Untracked 
|  10|0x0000000685000000, 0x0000000685000000, 0x0000000685400000|  0%| F|  |TAMS 0x0000000685000000, 0x0000000685000000| Untracked 
|  11|0x0000000685400000, 0x0000000685400000, 0x0000000685800000|  0%| F|  |TAMS 0x0000000685400000, 0x0000000685400000| Untracked 
|  12|0x0000000685800000, 0x0000000685800000, 0x0000000685c00000|  0%| F|  |TAMS 0x0000000685800000, 0x0000000685800000| Untracked 
|  13|0x0000000685c00000, 0x0000000685c00000, 0x0000000686000000|  0%| F|  |TAMS 0x0000000685c00000, 0x0000000685c00000| Untracked 
|  14|0x0000000686000000, 0x0000000686000000, 0x0000000686400000|  0%| F|  |TAMS 0x0000000686000000, 0x0000000686000000| Untracked 
|  15|0x0000000686400000, 0x0000000686400000, 0x0000000686800000|  0%| F|  |TAMS 0x0000000686400000, 0x0000000686400000| Untracked 
|  16|0x0000000686800000, 0x0000000686800000, 0x0000000686c00000|  0%| F|  |TAMS 0x0000000686800000, 0x0000000686800000| Untracked 
|  17|0x0000000686c00000, 0x0000000686c00000, 0x0000000687000000|  0%| F|  |TAMS 0x0000000686c00000, 0x0000000686c00000| Untracked 
|  18|0x0000000687000000, 0x0000000687000000, 0x0000000687400000|  0%| F|  |TAMS 0x0000000687000000, 0x0000000687000000| Untracked 
|  19|0x0000000687400000, 0x0000000687400000, 0x0000000687800000|  0%| F|  |TAMS 0x0000000687400000, 0x0000000687400000| Untracked 
|  20|0x0000000687800000, 0x0000000687800000, 0x0000000687c00000|  0%| F|  |TAMS 0x0000000687800000, 0x0000000687800000| Untracked 
|  21|0x0000000687c00000, 0x0000000687c00000, 0x0000000688000000|  0%| F|  |TAMS 0x0000000687c00000, 0x0000000687c00000| Untracked 
|  22|0x0000000688000000, 0x0000000688000000, 0x0000000688400000|  0%| F|  |TAMS 0x0000000688000000, 0x0000000688000000| Untracked 
|  23|0x0000000688400000, 0x0000000688400000, 0x0000000688800000|  0%| F|  |TAMS 0x0000000688400000, 0x0000000688400000| Untracked 
|  24|0x0000000688800000, 0x0000000688800000, 0x0000000688c00000|  0%| F|  |TAMS 0x0000000688800000, 0x0000000688800000| Untracked 
|  25|0x0000000688c00000, 0x0000000688c00000, 0x0000000689000000|  0%| F|  |TAMS 0x0000000688c00000, 0x0000000688c00000| Untracked 
|  26|0x0000000689000000, 0x0000000689000000, 0x0000000689400000|  0%| F|  |TAMS 0x0000000689000000, 0x0000000689000000| Untracked 
|  27|0x0000000689400000, 0x0000000689400000, 0x0000000689800000|  0%| F|  |TAMS 0x0000000689400000, 0x0000000689400000| Untracked 
|  28|0x0000000689800000, 0x0000000689800000, 0x0000000689c00000|  0%| F|  |TAMS 0x0000000689800000, 0x0000000689800000| Untracked 
|  29|0x0000000689c00000, 0x0000000689c00000, 0x000000068a000000|  0%| F|  |TAMS 0x0000000689c00000, 0x0000000689c00000| Untracked 
|  30|0x000000068a000000, 0x000000068a000000, 0x000000068a400000|  0%| F|  |TAMS 0x000000068a000000, 0x000000068a000000| Untracked 
|  31|0x000000068a400000, 0x000000068a400000, 0x000000068a800000|  0%| F|  |TAMS 0x000000068a400000, 0x000000068a400000| Untracked 
|  32|0x000000068a800000, 0x000000068a800000, 0x000000068ac00000|  0%| F|  |TAMS 0x000000068a800000, 0x000000068a800000| Untracked 
|  33|0x000000068ac00000, 0x000000068ac00000, 0x000000068b000000|  0%| F|  |TAMS 0x000000068ac00000, 0x000000068ac00000| Untracked 
|  34|0x000000068b000000, 0x000000068b000000, 0x000000068b400000|  0%| F|  |TAMS 0x000000068b000000, 0x000000068b000000| Untracked 
|  35|0x000000068b400000, 0x000000068b400000, 0x000000068b800000|  0%| F|  |TAMS 0x000000068b400000, 0x000000068b400000| Untracked 
|  36|0x000000068b800000, 0x000000068b800000, 0x000000068bc00000|  0%| F|  |TAMS 0x000000068b800000, 0x000000068b800000| Untracked 
|  37|0x000000068bc00000, 0x000000068bc00000, 0x000000068c000000|  0%| F|  |TAMS 0x000000068bc00000, 0x000000068bc00000| Untracked 
|  38|0x000000068c000000, 0x000000068c000000, 0x000000068c400000|  0%| F|  |TAMS 0x000000068c000000, 0x000000068c000000| Untracked 
|  39|0x000000068c400000, 0x000000068c400000, 0x000000068c800000|  0%| F|  |TAMS 0x000000068c400000, 0x000000068c400000| Untracked 
|  40|0x000000068c800000, 0x000000068c800000, 0x000000068cc00000|  0%| F|  |TAMS 0x000000068c800000, 0x000000068c800000| Untracked 
|  41|0x000000068cc00000, 0x000000068cc00000, 0x000000068d000000|  0%| F|  |TAMS 0x000000068cc00000, 0x000000068cc00000| Untracked 
|  42|0x000000068d000000, 0x000000068d000000, 0x000000068d400000|  0%| F|  |TAMS 0x000000068d000000, 0x000000068d000000| Untracked 
|  43|0x000000068d400000, 0x000000068d400000, 0x000000068d800000|  0%| F|  |TAMS 0x000000068d400000, 0x000000068d400000| Untracked 
|  44|0x000000068d800000, 0x000000068d800000, 0x000000068dc00000|  0%| F|  |TAMS 0x000000068d800000, 0x000000068d800000| Untracked 
|  45|0x000000068dc00000, 0x000000068dc00000, 0x000000068e000000|  0%| F|  |TAMS 0x000000068dc00000, 0x000000068dc00000| Untracked 
|  46|0x000000068e000000, 0x000000068e000000, 0x000000068e400000|  0%| F|  |TAMS 0x000000068e000000, 0x000000068e000000| Untracked 
|  47|0x000000068e400000, 0x000000068e400000, 0x000000068e800000|  0%| F|  |TAMS 0x000000068e400000, 0x000000068e400000| Untracked 
|  48|0x000000068e800000, 0x000000068e800000, 0x000000068ec00000|  0%| F|  |TAMS 0x000000068e800000, 0x000000068e800000| Untracked 
|  49|0x000000068ec00000, 0x000000068ec00000, 0x000000068f000000|  0%| F|  |TAMS 0x000000068ec00000, 0x000000068ec00000| Untracked 
|  50|0x000000068f000000, 0x000000068f000000, 0x000000068f400000|  0%| F|  |TAMS 0x000000068f000000, 0x000000068f000000| Untracked 
|  51|0x000000068f400000, 0x000000068f400000, 0x000000068f800000|  0%| F|  |TAMS 0x000000068f400000, 0x000000068f400000| Untracked 
|  52|0x000000068f800000, 0x000000068f800000, 0x000000068fc00000|  0%| F|  |TAMS 0x000000068f800000, 0x000000068f800000| Untracked 
|  53|0x000000068fc00000, 0x000000068fc00000, 0x0000000690000000|  0%| F|  |TAMS 0x000000068fc00000, 0x000000068fc00000| Untracked 
|  54|0x0000000690000000, 0x0000000690000000, 0x0000000690400000|  0%| F|  |TAMS 0x0000000690000000, 0x0000000690000000| Untracked 
|  55|0x0000000690400000, 0x0000000690400000, 0x0000000690800000|  0%| F|  |TAMS 0x0000000690400000, 0x0000000690400000| Untracked 
|  56|0x0000000690800000, 0x0000000690800000, 0x0000000690c00000|  0%| F|  |TAMS 0x0000000690800000, 0x0000000690800000| Untracked 
|  57|0x0000000690c00000, 0x0000000690c00000, 0x0000000691000000|  0%| F|  |TAMS 0x0000000690c00000, 0x0000000690c00000| Untracked 
|  58|0x0000000691000000, 0x0000000691000000, 0x0000000691400000|  0%| F|  |TAMS 0x0000000691000000, 0x0000000691000000| Untracked 
|  59|0x0000000691400000, 0x0000000691400000, 0x0000000691800000|  0%| F|  |TAMS 0x0000000691400000, 0x0000000691400000| Untracked 
|  60|0x0000000691800000, 0x0000000691800000, 0x0000000691c00000|  0%| F|  |TAMS 0x0000000691800000, 0x0000000691800000| Untracked 
|  61|0x0000000691c00000, 0x0000000691c00000, 0x0000000692000000|  0%| F|  |TAMS 0x0000000691c00000, 0x0000000691c00000| Untracked 
|  62|0x0000000692000000, 0x0000000692000000, 0x0000000692400000|  0%| F|  |TAMS 0x0000000692000000, 0x0000000692000000| Untracked 
|  63|0x0000000692400000, 0x0000000692400000, 0x0000000692800000|  0%| F|  |TAMS 0x0000000692400000, 0x0000000692400000| Untracked 
|  64|0x0000000692800000, 0x0000000692800000, 0x0000000692c00000|  0%| F|  |TAMS 0x0000000692800000, 0x0000000692800000| Untracked 
|  65|0x0000000692c00000, 0x0000000692c00000, 0x0000000693000000|  0%| F|  |TAMS 0x0000000692c00000, 0x0000000692c00000| Untracked 
|  66|0x0000000693000000, 0x0000000693000000, 0x0000000693400000|  0%| F|  |TAMS 0x0000000693000000, 0x0000000693000000| Untracked 
|  67|0x0000000693400000, 0x0000000693400000, 0x0000000693800000|  0%| F|  |TAMS 0x0000000693400000, 0x0000000693400000| Untracked 
|  68|0x0000000693800000, 0x0000000693800000, 0x0000000693c00000|  0%| F|  |TAMS 0x0000000693800000, 0x0000000693800000| Untracked 
|  69|0x0000000693c00000, 0x0000000693c00000, 0x0000000694000000|  0%| F|  |TAMS 0x0000000693c00000, 0x0000000693c00000| Untracked 
|  70|0x0000000694000000, 0x0000000694000000, 0x0000000694400000|  0%| F|  |TAMS 0x0000000694000000, 0x0000000694000000| Untracked 
|  71|0x0000000694400000, 0x0000000694400000, 0x0000000694800000|  0%| F|  |TAMS 0x0000000694400000, 0x0000000694400000| Untracked 
|  72|0x0000000694800000, 0x0000000694800000, 0x0000000694c00000|  0%| F|  |TAMS 0x0000000694800000, 0x0000000694800000| Untracked 
|  73|0x0000000694c00000, 0x0000000694c00000, 0x0000000695000000|  0%| F|  |TAMS 0x0000000694c00000, 0x0000000694c00000| Untracked 
|  74|0x0000000695000000, 0x0000000695000000, 0x0000000695400000|  0%| F|  |TAMS 0x0000000695000000, 0x0000000695000000| Untracked 
|  75|0x0000000695400000, 0x0000000695400000, 0x0000000695800000|  0%| F|  |TAMS 0x0000000695400000, 0x0000000695400000| Untracked 
|  76|0x0000000695800000, 0x0000000695800000, 0x0000000695c00000|  0%| F|  |TAMS 0x0000000695800000, 0x0000000695800000| Untracked 
|  77|0x0000000695c00000, 0x0000000695c00000, 0x0000000696000000|  0%| F|  |TAMS 0x0000000695c00000, 0x0000000695c00000| Untracked 
|  78|0x0000000696000000, 0x0000000696000000, 0x0000000696400000|  0%| F|  |TAMS 0x0000000696000000, 0x0000000696000000| Untracked 
|  79|0x0000000696400000, 0x0000000696400000, 0x0000000696800000|  0%| F|  |TAMS 0x0000000696400000, 0x0000000696400000| Untracked 
|  80|0x0000000696800000, 0x0000000696800000, 0x0000000696c00000|  0%| F|  |TAMS 0x0000000696800000, 0x0000000696800000| Untracked 
|  81|0x0000000696c00000, 0x0000000696c00000, 0x0000000697000000|  0%| F|  |TAMS 0x0000000696c00000, 0x0000000696c00000| Untracked 
|  82|0x0000000697000000, 0x0000000697000000, 0x0000000697400000|  0%| F|  |TAMS 0x0000000697000000, 0x0000000697000000| Untracked 
|  83|0x0000000697400000, 0x0000000697400000, 0x0000000697800000|  0%| F|  |TAMS 0x0000000697400000, 0x0000000697400000| Untracked 
|  84|0x0000000697800000, 0x0000000697800000, 0x0000000697c00000|  0%| F|  |TAMS 0x0000000697800000, 0x0000000697800000| Untracked 
|  85|0x0000000697c00000, 0x0000000697c00000, 0x0000000698000000|  0%| F|  |TAMS 0x0000000697c00000, 0x0000000697c00000| Untracked 
|  86|0x0000000698000000, 0x0000000698000000, 0x0000000698400000|  0%| F|  |TAMS 0x0000000698000000, 0x0000000698000000| Untracked 
|  87|0x0000000698400000, 0x00000006987d87a8, 0x0000000698800000| 96%| E|  |TAMS 0x0000000698400000, 0x0000000698400000| Complete 
|  88|0x0000000698800000, 0x0000000698c00000, 0x0000000698c00000|100%| E|CS|TAMS 0x0000000698800000, 0x0000000698800000| Complete 
|  89|0x0000000698c00000, 0x0000000699000000, 0x0000000699000000|100%| E|CS|TAMS 0x0000000698c00000, 0x0000000698c00000| Complete 
|  90|0x0000000699000000, 0x0000000699400000, 0x0000000699400000|100%| E|CS|TAMS 0x0000000699000000, 0x0000000699000000| Complete 
|  91|0x0000000699400000, 0x0000000699800000, 0x0000000699800000|100%| E|CS|TAMS 0x0000000699400000, 0x0000000699400000| Complete 
|  92|0x0000000699800000, 0x00000006998e62e0, 0x0000000699c00000| 22%| S|CS|TAMS 0x0000000699800000, 0x0000000699800000| Complete 
|  93|0x0000000699c00000, 0x000000069a000000, 0x000000069a000000|100%| E|CS|TAMS 0x0000000699c00000, 0x0000000699c00000| Complete 
|  94|0x000000069a000000, 0x000000069a400000, 0x000000069a400000|100%| E|CS|TAMS 0x000000069a000000, 0x000000069a000000| Complete 
|  95|0x000000069a400000, 0x000000069a800000, 0x000000069a800000|100%| E|CS|TAMS 0x000000069a400000, 0x000000069a400000| Complete 

Card table byte_map: [0x00000240d75e0000,0x00000240d81d0000] _byte_map_base: 0x00000240d41cc000

Marking Bits (Prev, Next): (CMBitMap*) 0x00000240bfe9dbd0, (CMBitMap*) 0x00000240bfe9dc10
 Prev Bits: [0x00000240d8dc0000, 0x00000240ded20000)
 Next Bits: [0x00000240ded20000, 0x00000240e4c80000)

Polling page: 0x00000240bf5d0000

Metaspace:

Usage:
  Non-class:     14.55 MB used.
      Class:      2.05 MB used.
       Both:     16.59 MB used.

Virtual space:
  Non-class space:       64.00 MB reserved,      14.75 MB ( 23%) committed,  1 nodes.
      Class space:        1.00 GB reserved,       2.12 MB ( <1%) committed,  1 nodes.
             Both:        1.06 GB reserved,      16.88 MB (  2%) committed. 

Chunk freelists:
   Non-Class:  752.00 KB
       Class:  13.86 MB
        Both:  14.59 MB

MaxMetaspaceSize: unlimited
CompressedClassSpaceSize: 1.00 GB
Initial GC threshold: 21.00 MB
Current GC threshold: 21.00 MB
CDS: on
MetaspaceReclaimPolicy: balanced
 - commit_granule_bytes: 65536.
 - commit_granule_words: 8192.
 - virtual_space_node_default_size: 8388608.
 - enlarge_chunks_in_place: 1.
 - new_chunks_are_fully_committed: 0.
 - uncommit_free_chunks: 1.
 - use_allocation_guard: 0.
 - handle_deallocations: 1.


Internal statistics:

num_allocs_failed_limit: 0.
num_arena_births: 290.
num_arena_deaths: 0.
num_vsnodes_births: 2.
num_vsnodes_deaths: 0.
num_space_committed: 270.
num_space_uncommitted: 0.
num_chunks_returned_to_freelist: 0.
num_chunks_taken_from_freelist: 756.
num_chunk_merges: 0.
num_chunk_splits: 513.
num_chunks_enlarged: 378.
num_inconsistent_stats: 0.

CodeHeap 'non-profiled nmethods': size=120000Kb used=915Kb max_used=915Kb free=119084Kb
 bounds [0x00000240cf190000, 0x00000240cf400000, 0x00000240d66c0000]
CodeHeap 'profiled nmethods': size=120000Kb used=4469Kb max_used=4469Kb free=115530Kb
 bounds [0x00000240c76c0000, 0x00000240c7b20000, 0x00000240cebf0000]
CodeHeap 'non-nmethods': size=5760Kb used=1211Kb max_used=1252Kb free=4548Kb
 bounds [0x00000240cebf0000, 0x00000240cee60000, 0x00000240cf190000]
 total_blobs=2838 nmethods=2324 adapters=426
 compilation: enabled
              stopped_count=0, restarted_count=0
 full_count=0

Compilation events (20 events):
Event: 3.019 Thread 0x00000240e77055e0 2283       4       java.util.ArrayList$Itr::hasNext (20 bytes)
Event: 3.019 Thread 0x00000240e7706090 nmethod 2276 0x00000240c7b06710 code [0x00000240c7b069c0, 0x00000240c7b076b8]
Event: 3.019 Thread 0x00000240e7706090 2272       3       sun.reflect.generics.parser.SignatureParser::make (8 bytes)
Event: 3.019 Thread 0x00000240e7706090 nmethod 2272 0x00000240c7b07b10 code [0x00000240c7b07cc0, 0x00000240c7b07eb8]
Event: 3.019 Thread 0x00000240e7706090 2280       1       java.lang.Class::getAnnotationType (5 bytes)
Event: 3.019 Thread 0x00000240e7706090 nmethod 2280 0x00000240cf26fd10 code [0x00000240cf26fea0, 0x00000240cf26ff78]
Event: 3.019 Thread 0x00000240e7706090 2282       3       jdk.internal.org.objectweb.asm.Frame::getConcreteOutputType (111 bytes)
Event: 3.019 Thread 0x00000240e77055e0 nmethod 2283 0x00000240cf270010 code [0x00000240cf270180, 0x00000240cf270218]
Event: 3.020 Thread 0x00000240e77055e0 2284       4       jdk.internal.org.objectweb.asm.SymbolTable::addConstantUtf8Reference (101 bytes)
Event: 3.020 Thread 0x00000240e7706090 nmethod 2282 0x00000240c7b07f90 code [0x00000240c7b08140, 0x00000240c7b08538]
Event: 3.023 Thread 0x00000240e7706090 2285       1       java.util.Collections$SingletonList::size (2 bytes)
Event: 3.023 Thread 0x00000240e7706090 nmethod 2285 0x00000240cf270310 code [0x00000240cf2704a0, 0x00000240cf270578]
Event: 3.023 Thread 0x00000240e7706090 2286       3       jdk.internal.org.objectweb.asm.MethodWriter::visitTryCatchBlock (67 bytes)
Event: 3.024 Thread 0x00000240e7706090 nmethod 2286 0x00000240c7b08690 code [0x00000240c7b08880, 0x00000240c7b08f68]
Event: 3.024 Thread 0x00000240e7706090 2287       3       jdk.internal.org.objectweb.asm.Handler::<init> (32 bytes)
Event: 3.024 Thread 0x00000240e7706090 nmethod 2287 0x00000240c7b09190 code [0x00000240c7b09340, 0x00000240c7b09638]
Event: 3.025 Thread 0x00000240e7706090 2288       3       java.util.Arrays::fill (21 bytes)
Event: 3.025 Thread 0x00000240e7706090 nmethod 2288 0x00000240c7b09710 code [0x00000240c7b098a0, 0x00000240c7b09a38]
Event: 3.025 Thread 0x00000240e7706090 2290       3       sun.reflect.generics.parser.SignatureParser::parseTypeSignature (130 bytes)
Event: 3.025 Thread 0x00000240e7706090 nmethod 2290 0x00000240c7b09b10 code [0x00000240c7b09ce0, 0x00000240c7b0a188]

GC Heap History (4 events):
Event: 1.612 GC heap before
{Heap before GC invocations=0 (full 0):
 garbage-first heap   total 393216K, used 20480K [0x0000000682800000, 0x0000000800000000)
  region size 4096K, 5 young (20480K), 0 survivors (0K)
 Metaspace       used 7417K, committed 7552K, reserved 1114112K
  class space    used 833K, committed 896K, reserved 1048576K
}
Event: 1.619 GC heap after
{Heap after GC invocations=1 (full 0):
 garbage-first heap   total 393216K, used 5907K [0x0000000682800000, 0x0000000800000000)
  region size 4096K, 1 young (4096K), 1 survivors (4096K)
 Metaspace       used 7417K, committed 7552K, reserved 1114112K
  class space    used 833K, committed 896K, reserved 1048576K
}
Event: 2.121 GC heap before
{Heap before GC invocations=1 (full 0):
 garbage-first heap   total 393216K, used 18195K [0x0000000682800000, 0x0000000800000000)
  region size 4096K, 4 young (16384K), 1 survivors (4096K)
 Metaspace       used 9910K, committed 10048K, reserved 1114112K
  class space    used 1161K, committed 1216K, reserved 1048576K
}
Event: 2.125 GC heap after
{Heap after GC invocations=2 (full 0):
 garbage-first heap   total 393216K, used 6965K [0x0000000682800000, 0x0000000800000000)
  region size 4096K, 1 young (4096K), 1 survivors (4096K)
 Metaspace       used 9910K, committed 10048K, reserved 1114112K
  class space    used 1161K, committed 1216K, reserved 1048576K
}

Deoptimization events (20 events):
Event: 2.876 Thread 0x00000240e78960a0 Uncommon trap: trap_request=0xffffffde fr.pc=0x00000240cf261748 relative=0x0000000000000128
Event: 2.876 Thread 0x00000240e78960a0 Uncommon trap: reason=class_check action=maybe_recompile pc=0x00000240cf261748 method=jdk.internal.misc.Unsafe.allocateUninitializedArray(Ljava/lang/Class;I)Ljava/lang/Object; @ 51 c2
Event: 2.876 Thread 0x00000240e78960a0 DEOPT PACKING pc=0x00000240cf261748 sp=0x0000007db29fa910
Event: 2.876 Thread 0x00000240e78960a0 DEOPT UNPACKING pc=0x00000240cec423a3 sp=0x0000007db29fa898 mode 2
Event: 2.876 Thread 0x00000240e78974e0 Uncommon trap: trap_request=0xffffffde fr.pc=0x00000240cf261748 relative=0x0000000000000128
Event: 2.876 Thread 0x00000240e78974e0 Uncommon trap: reason=class_check action=maybe_recompile pc=0x00000240cf261748 method=jdk.internal.misc.Unsafe.allocateUninitializedArray(Ljava/lang/Class;I)Ljava/lang/Object; @ 51 c2
Event: 2.876 Thread 0x00000240e78974e0 DEOPT PACKING pc=0x00000240cf261748 sp=0x0000007db27fd620
Event: 2.876 Thread 0x00000240e78974e0 DEOPT UNPACKING pc=0x00000240cec423a3 sp=0x0000007db27fd5a8 mode 2
Event: 2.876 Thread 0x00000240e78974e0 Uncommon trap: trap_request=0xffffffde fr.pc=0x00000240cf261748 relative=0x0000000000000128
Event: 2.876 Thread 0x00000240e78974e0 Uncommon trap: reason=class_check action=maybe_recompile pc=0x00000240cf261748 method=jdk.internal.misc.Unsafe.allocateUninitializedArray(Ljava/lang/Class;I)Ljava/lang/Object; @ 51 c2
Event: 2.876 Thread 0x00000240e78974e0 DEOPT PACKING pc=0x00000240cf261748 sp=0x0000007db27fd220
Event: 2.876 Thread 0x00000240e78974e0 DEOPT UNPACKING pc=0x00000240cec423a3 sp=0x0000007db27fd1a8 mode 2
Event: 2.877 Thread 0x00000240e78960a0 Uncommon trap: trap_request=0xffffffde fr.pc=0x00000240cf261748 relative=0x0000000000000128
Event: 2.877 Thread 0x00000240e78960a0 Uncommon trap: reason=class_check action=maybe_recompile pc=0x00000240cf261748 method=jdk.internal.misc.Unsafe.allocateUninitializedArray(Ljava/lang/Class;I)Ljava/lang/Object; @ 51 c2
Event: 2.877 Thread 0x00000240e78960a0 DEOPT PACKING pc=0x00000240cf261748 sp=0x0000007db29f9390
Event: 2.877 Thread 0x00000240e78960a0 DEOPT UNPACKING pc=0x00000240cec423a3 sp=0x0000007db29f9318 mode 2
Event: 3.012 Thread 0x00000240e78974e0 Uncommon trap: trap_request=0xffffff45 fr.pc=0x00000240cf1f1db4 relative=0x0000000000000314
Event: 3.012 Thread 0x00000240e78974e0 Uncommon trap: reason=unstable_if action=reinterpret pc=0x00000240cf1f1db4 method=jdk.internal.org.objectweb.asm.SymbolTable.put(Ljdk/internal/org/objectweb/asm/SymbolTable$Entry;)Ljdk/internal/org/objectweb/asm/SymbolTable$Entry; @ 13 c2
Event: 3.012 Thread 0x00000240e78974e0 DEOPT PACKING pc=0x00000240cf1f1db4 sp=0x0000007db27fc970
Event: 3.012 Thread 0x00000240e78974e0 DEOPT UNPACKING pc=0x00000240cec423a3 sp=0x0000007db27fc8f0 mode 2

Classes unloaded (0 events):
No events

Classes redefined (0 events):
No events

Internal exceptions (20 events):
Event: 2.199 Thread 0x00000240e78974e0 Exception <a 'java/lang/NoSuchMethodError'{0x000000069a5fd518}: 'java.lang.Object java.lang.invoke.DirectMethodHandle$Holder.invokeSpecial(java.lang.Object, java.lang.Object, java.lang.Object, java.lang.Object, java.lang.Object, java.lang.Object, java.lang.Object, int)'> (0x000000069a5fd518) 
thrown [s\open\src\hotspot\share\interpreter\linkResolver.cpp, line 759]
Event: 2.276 Thread 0x00000240e78974e0 Exception <a 'java/lang/NoSuchMethodError'{0x000000069a77a778}: 'void java.lang.invoke.DirectMethodHandle$Holder.invokeSpecial(java.lang.Object, java.lang.Object, java.lang.Object, java.lang.Object, java.lang.Object)'> (0x000000069a77a778) 
thrown [s\open\src\hotspot\share\interpreter\linkResolver.cpp, line 759]
Event: 2.433 Thread 0x00000240e78974e0 Exception <a 'java/lang/NoSuchMethodError'{0x000000069a2919b0}: 'void java.lang.invoke.DirectMethodHandle$Holder.invokeSpecial(java.lang.Object, java.lang.Object, java.lang.Object, java.lang.Object, java.lang.Object, java.lang.Object)'> (0x000000069a2919b0) 
thrown [s\open\src\hotspot\share\interpreter\linkResolver.cpp, line 759]
Event: 2.465 Thread 0x00000240e78974e0 Exception <a 'java/lang/NoSuchMethodError'{0x000000069a34c380}: 'java.lang.Object java.lang.invoke.DirectMethodHandle$Holder.invokeSpecial(java.lang.Object, java.lang.Object, java.lang.Object, int, java.lang.Object)'> (0x000000069a34c380) 
thrown [s\open\src\hotspot\share\interpreter\linkResolver.cpp, line 759]
Event: 2.466 Thread 0x00000240e78974e0 Exception <a 'java/lang/NoSuchMethodError'{0x000000069a3549e0}: 'java.lang.Object java.lang.invoke.DirectMethodHandle$Holder.newInvokeSpecial(java.lang.Object, java.lang.Object, java.lang.Object, int, java.lang.Object)'> (0x000000069a3549e0) 
thrown [s\open\src\hotspot\share\interpreter\linkResolver.cpp, line 759]
Event: 2.467 Thread 0x00000240e78974e0 Exception <a 'java/lang/NoSuchMethodError'{0x000000069a35c3b0}: 'java.lang.Object java.lang.invoke.Invokers$Holder.linkToTargetMethod(java.lang.Object, java.lang.Object, int, java.lang.Object, java.lang.Object)'> (0x000000069a35c3b0) 
thrown [s\open\src\hotspot\share\interpreter\linkResolver.cpp, line 759]
Event: 2.469 Thread 0x00000240e78974e0 Exception <a 'java/lang/NoSuchMethodError'{0x000000069a36bf38}: 'java.lang.Object java.lang.invoke.DirectMethodHandle$Holder.newInvokeSpecial(java.lang.Object, int, java.lang.Object)'> (0x000000069a36bf38) 
thrown [s\open\src\hotspot\share\interpreter\linkResolver.cpp, line 759]
Event: 2.469 Thread 0x00000240e78974e0 Exception <a 'java/lang/NoSuchMethodError'{0x000000069a36ff08}: 'int java.lang.invoke.DirectMethodHandle$Holder.invokeSpecialIFC(java.lang.Object, java.lang.Object, java.lang.Object, java.lang.Object)'> (0x000000069a36ff08) 
thrown [s\open\src\hotspot\share\interpreter\linkResolver.cpp, line 759]
Event: 2.503 Thread 0x00000240e78974e0 Exception <a 'java/lang/NoSuchMethodError'{0x0000000699c4e8d0}: 'void java.lang.invoke.DirectMethodHandle$Holder.invokeInterface(java.lang.Object, java.lang.Object, java.lang.Object)'> (0x0000000699c4e8d0) 
thrown [s\open\src\hotspot\share\interpreter\linkResolver.cpp, line 759]
Event: 2.545 Thread 0x00000240e78974e0 Exception <a 'java/lang/NoSuchMethodError'{0x0000000699d0f230}: 'java.lang.Object java.lang.invoke.DirectMethodHandle$Holder.invokeVirtual(java.lang.Object, java.lang.Object, java.lang.Object)'> (0x0000000699d0f230) 
thrown [s\open\src\hotspot\share\interpreter\linkResolver.cpp, line 759]
Event: 2.589 Thread 0x00000240e78974e0 Exception <a 'java/lang/NoSuchMethodError'{0x0000000699e0aaa0}: 'void java.lang.invoke.DirectMethodHandle$Holder.invokeStatic(java.lang.Object, java.lang.Object, int)'> (0x0000000699e0aaa0) 
thrown [s\open\src\hotspot\share\interpreter\linkResolver.cpp, line 759]
Event: 2.595 Thread 0x00000240e78974e0 Exception <a 'java/lang/NoSuchMethodError'{0x0000000699e1da48}: 'void java.lang.invoke.DirectMethodHandle$Holder.invokeStaticInit(java.lang.Object, java.lang.Object, java.lang.Object)'> (0x0000000699e1da48) 
thrown [s\open\src\hotspot\share\interpreter\linkResolver.cpp, line 759]
Event: 2.628 Thread 0x00000240e78974e0 Exception <a 'java/lang/NoSuchMethodError'{0x0000000699eb07a0}: 'void java.lang.invoke.DirectMethodHandle$Holder.invokeVirtual(java.lang.Object, java.lang.Object, java.lang.Object, java.lang.Object)'> (0x0000000699eb07a0) 
thrown [s\open\src\hotspot\share\interpreter\linkResolver.cpp, line 759]
Event: 2.661 Thread 0x00000240e78974e0 Exception <a 'java/lang/NoSuchMethodError'{0x0000000699f6b600}: 'java.lang.Object java.lang.invoke.DirectMethodHandle$Holder.invokeSpecial(java.lang.Object, java.lang.Object, long, java.lang.Object, java.lang.Object, java.lang.Object, java.lang.Object, java.lang.Object, java.lang.Object)'> (0x0000000699f6b600) 
thrown [s\open\src\hotspot\share\interpreter\linkResolver.cpp, line 759]
Event: 2.661 Thread 0x00000240e78974e0 Exception <a 'java/lang/NoSuchMethodError'{0x0000000699f6fe80}: 'java.lang.Object java.lang.invoke.DelegatingMethodHandle$Holder.reinvoke_L(java.lang.Object, long, java.lang.Object, java.lang.Object, java.lang.Object, java.lang.Object, java.lang.Object, java.lang.Object)'> (0x0000000699f6fe80) 
thrown [s\open\src\hotspot\share\interpreter\linkResolver.cpp, line 759]
Event: 2.740 Thread 0x00000240e78974e0 Exception <a 'java/lang/NoSuchMethodError'{0x000000069956e2d8}: 'void java.lang.invoke.DirectMethodHandle$Holder.invokeSpecial(java.lang.Object, java.lang.Object, java.lang.Object)'> (0x000000069956e2d8) 
thrown [s\open\src\hotspot\share\interpreter\linkResolver.cpp, line 759]
Event: 2.753 Thread 0x00000240e78960a0 Exception <a 'java/lang/NoClassDefFoundError'{0x00000006995da450}: jakarta/validation/Validation> (0x00000006995da450) 
thrown [s\open\src\hotspot\share\classfile\systemDictionary.cpp, line 245]
Event: 2.757 Thread 0x00000240e78974e0 Exception <a 'java/lang/NoSuchMethodError'{0x00000006995bd980}: 'java.lang.Object java.lang.invoke.DirectMethodHandle$Holder.invokeStatic(java.lang.Object, java.lang.Object, int)'> (0x00000006995bd980) 
thrown [s\open\src\hotspot\share\interpreter\linkResolver.cpp, line 759]
Event: 2.759 Thread 0x00000240e78974e0 Exception <a 'java/lang/NoSuchMethodError'{0x000000069962fcf8}: 'void java.lang.invoke.DelegatingMethodHandle$Holder.delegate(java.lang.Object, java.lang.Object, int, java.lang.Object)'> (0x000000069962fcf8) 
thrown [s\open\src\hotspot\share\interpreter\linkResolver.cpp, line 759]
Event: 2.778 Thread 0x00000240e78974e0 Exception <a 'java/lang/IncompatibleClassChangeError'{0x00000006997374a0}: Found class java.lang.Object, but interface was expected> (0x00000006997374a0) 
thrown [s\open\src\hotspot\share\interpreter\linkResolver.cpp, line 826]

VM Operations (20 events):
Event: 1.227 Executing VM operation: Cleanup
Event: 1.227 Executing VM operation: Cleanup done
Event: 1.315 Executing VM operation: HandshakeAllThreads
Event: 1.315 Executing VM operation: HandshakeAllThreads done
Event: 1.324 Executing VM operation: HandshakeAllThreads
Event: 1.324 Executing VM operation: HandshakeAllThreads done
Event: 1.612 Executing VM operation: G1CollectForAllocation
Event: 1.619 Executing VM operation: G1CollectForAllocation done
Event: 1.897 Executing VM operation: HandshakeAllThreads
Event: 1.897 Executing VM operation: HandshakeAllThreads done
Event: 2.121 Executing VM operation: G1CollectForAllocation
Event: 2.125 Executing VM operation: G1CollectForAllocation done
Event: 2.343 Executing VM operation: HandshakeAllThreads
Event: 2.343 Executing VM operation: HandshakeAllThreads done
Event: 2.736 Executing VM operation: HandshakeAllThreads
Event: 2.736 Executing VM operation: HandshakeAllThreads done
Event: 2.736 Executing VM operation: HandshakeAllThreads
Event: 2.736 Executing VM operation: HandshakeAllThreads done
Event: 2.749 Executing VM operation: ICBufferFull
Event: 2.749 Executing VM operation: ICBufferFull done

Events (20 events):
Event: 2.959 loading class sun/text/resources/cldr/FormatData_en
Event: 2.959 loading class sun/text/resources/cldr/FormatData_en done
Event: 2.959 loading class sun/text/resources/cldr/FormatData_en_US
Event: 2.959 loading class sun/text/resources/cldr/FormatData_en_US done
Event: 2.960 loading class org/xml/sax/ErrorHandler
Event: 2.960 loading class org/xml/sax/ErrorHandler done
Event: 2.960 loading class org/xml/sax/SAXParseException
Event: 2.960 loading class org/xml/sax/SAXException
Event: 2.961 loading class org/xml/sax/SAXException done
Event: 2.961 loading class org/xml/sax/SAXParseException done
Event: 2.962 loading class javax/xml/parsers/ParserConfigurationException
Event: 2.962 loading class javax/xml/parsers/ParserConfigurationException done
Event: 2.963 loading class org/xml/sax/EntityResolver
Event: 2.963 loading class org/xml/sax/EntityResolver done
Event: 2.974 loading class java/io/CharConversionException
Event: 2.974 loading class java/io/CharConversionException done
Event: 2.976 loading class java/io/CharArrayReader
Event: 2.976 loading class java/io/CharArrayReader done
Event: 3.006 loading class java/lang/annotation/Repeatable
Event: 3.006 loading class java/lang/annotation/Repeatable done


Dynamic libraries:
0x00007ff776470000 - 0x00007ff776480000 	C:\Program Files\Java\jdk-17\bin\java.exe
0x00007ffb26e10000 - 0x00007ffb27008000 	C:\Windows\SYSTEM32\ntdll.dll
0x00007ffb262d0000 - 0x00007ffb26392000 	C:\Windows\System32\KERNEL32.DLL
0x00007ffb247d0000 - 0x00007ffb24acf000 	C:\Windows\System32\KERNELBASE.dll
0x00007ffb244e0000 - 0x00007ffb245e0000 	C:\Windows\System32\ucrtbase.dll
0x00007ffb1f090000 - 0x00007ffb1f0a9000 	C:\Program Files\Java\jdk-17\bin\jli.dll
0x00007ffb25f00000 - 0x00007ffb25faf000 	C:\Windows\System32\ADVAPI32.dll
0x00007ffb1c3d0000 - 0x00007ffb1c3eb000 	C:\Program Files\Java\jdk-17\bin\VCRUNTIME140.dll
0x00007ffb25e60000 - 0x00007ffb25efe000 	C:\Windows\System32\msvcrt.dll
0x00007ffb26230000 - 0x00007ffb262cf000 	C:\Windows\System32\sechost.dll
0x00007ffb257e0000 - 0x00007ffb25903000 	C:\Windows\System32\RPCRT4.dll
0x00007ffb244b0000 - 0x00007ffb244d7000 	C:\Windows\System32\bcrypt.dll
0x00007ffb263a0000 - 0x00007ffb2653d000 	C:\Windows\System32\USER32.dll
0x00007ffb24700000 - 0x00007ffb24722000 	C:\Windows\System32\win32u.dll
0x00007ffb24fe0000 - 0x00007ffb2500b000 	C:\Windows\System32\GDI32.dll
0x00007ffb245e0000 - 0x00007ffb246fa000 	C:\Windows\System32\gdi32full.dll
0x00007ffb24730000 - 0x00007ffb247cd000 	C:\Windows\System32\msvcp_win.dll
0x00007ffb00e00000 - 0x00007ffb0109a000 	C:\Windows\WinSxS\amd64_microsoft.windows.common-controls_6595b64144ccf1df_6.0.19041.4355_none_60b8b9eb71f62e16\COMCTL32.dll
0x00007ffb1c6a0000 - 0x00007ffb1c6aa000 	C:\Windows\SYSTEM32\VERSION.dll
0x00007ffb25230000 - 0x00007ffb2525f000 	C:\Windows\System32\IMM32.DLL
0x00007ffb1f130000 - 0x00007ffb1f13c000 	C:\Program Files\Java\jdk-17\bin\vcruntime140_1.dll
0x00007ffaf68a0000 - 0x00007ffaf692e000 	C:\Program Files\Java\jdk-17\bin\msvcp140.dll
0x00007ffab9280000 - 0x00007ffab9e60000 	C:\Program Files\Java\jdk-17\bin\server\jvm.dll
0x00007ffb26220000 - 0x00007ffb26228000 	C:\Windows\System32\PSAPI.DLL
0x00007ffb0ede0000 - 0x00007ffb0ede9000 	C:\Windows\SYSTEM32\WSOCK32.dll
0x00007ffb122c0000 - 0x00007ffb122e7000 	C:\Windows\SYSTEM32\WINMM.dll
0x00007ffb261b0000 - 0x00007ffb2621b000 	C:\Windows\System32\WS2_32.dll
0x00007ffb22c90000 - 0x00007ffb22ca2000 	C:\Windows\SYSTEM32\kernel.appcore.dll
0x00007ffb1bf60000 - 0x00007ffb1bf6a000 	C:\Program Files\Java\jdk-17\bin\jimage.dll
0x00007ffb22020000 - 0x00007ffb22204000 	C:\Windows\SYSTEM32\DBGHELP.DLL
0x00007ffb21750000 - 0x00007ffb21784000 	C:\Windows\SYSTEM32\dbgcore.DLL
0x00007ffb24da0000 - 0x00007ffb24e22000 	C:\Windows\System32\bcryptPrimitives.dll
0x00007ffb1bc00000 - 0x00007ffb1bc25000 	C:\Program Files\Java\jdk-17\bin\java.dll
0x00007ffaf4210000 - 0x00007ffaf42e7000 	C:\Program Files\Java\jdk-17\bin\jsvml.dll
0x00007ffb265a0000 - 0x00007ffb26d0d000 	C:\Windows\System32\SHELL32.dll
0x00007ffb224d0000 - 0x00007ffb22c74000 	C:\Windows\SYSTEM32\windows.storage.dll
0x00007ffb25340000 - 0x00007ffb25695000 	C:\Windows\System32\combase.dll
0x00007ffb23e00000 - 0x00007ffb23e2f000 	C:\Windows\SYSTEM32\Wldp.dll
0x00007ffb25910000 - 0x00007ffb259dd000 	C:\Windows\System32\OLEAUT32.dll
0x00007ffb26d20000 - 0x00007ffb26dcd000 	C:\Windows\System32\SHCORE.dll
0x00007ffb26540000 - 0x00007ffb26595000 	C:\Windows\System32\shlwapi.dll
0x00007ffb243e0000 - 0x00007ffb24404000 	C:\Windows\SYSTEM32\profapi.dll
0x00007ffb1aa20000 - 0x00007ffb1aa39000 	C:\Program Files\Java\jdk-17\bin\net.dll
0x00007ffb215d0000 - 0x00007ffb216da000 	C:\Windows\SYSTEM32\WINHTTP.dll
0x00007ffb23be0000 - 0x00007ffb23c4c000 	C:\Windows\system32\mswsock.dll
0x00007ffb1a8c0000 - 0x00007ffb1a8d6000 	C:\Program Files\Java\jdk-17\bin\nio.dll
0x00007ffb1ba00000 - 0x00007ffb1ba18000 	C:\Program Files\Java\jdk-17\bin\zip.dll
0x00007ffb1bc60000 - 0x00007ffb1bc6a000 	C:\Program Files\Java\jdk-17\bin\management.dll
0x00007ffb1aa10000 - 0x00007ffb1aa1b000 	C:\Program Files\Java\jdk-17\bin\management_ext.dll
0x00007ffb07580000 - 0x00007ffb07597000 	C:\Windows\system32\napinsp.dll
0x00007ffb07130000 - 0x00007ffb0714b000 	C:\Windows\system32\pnrpnsp.dll
0x00007ffb1fc40000 - 0x00007ffb1fc55000 	C:\Windows\system32\wshbth.dll
0x00007ffb1ef00000 - 0x00007ffb1ef1d000 	C:\Windows\system32\NLAapi.dll
0x00007ffb23890000 - 0x00007ffb238cb000 	C:\Windows\SYSTEM32\IPHLPAPI.DLL
0x00007ffb238d0000 - 0x00007ffb2399a000 	C:\Windows\SYSTEM32\DNSAPI.dll
0x00007ffb26d10000 - 0x00007ffb26d18000 	C:\Windows\System32\NSI.dll
0x00007ffb07110000 - 0x00007ffb07122000 	C:\Windows\System32\winrnr.dll
0x00007ffb18c20000 - 0x00007ffb18c2a000 	C:\Windows\System32\rasadhlp.dll
0x00007ffb19860000 - 0x00007ffb198e0000 	C:\Windows\System32\fwpuclnt.dll
0x00007ffb23e40000 - 0x00007ffb23e58000 	C:\Windows\SYSTEM32\CRYPTSP.dll
0x00007ffb234b0000 - 0x00007ffb234e4000 	C:\Windows\system32\rsaenh.dll
0x00007ffb243a0000 - 0x00007ffb243ce000 	C:\Windows\SYSTEM32\USERENV.dll
0x00007ffb23d70000 - 0x00007ffb23d7c000 	C:\Windows\SYSTEM32\CRYPTBASE.dll
0x00007ffb1c890000 - 0x00007ffb1c8a7000 	C:\Windows\SYSTEM32\dhcpcsvc6.DLL
0x00007ffb1e0f0000 - 0x00007ffb1e10d000 	C:\Windows\SYSTEM32\dhcpcsvc.DLL

dbghelp: loaded successfully - version: 4.0.5 - missing functions: none
symbol engine: initialized successfully - sym options: 0x614 - pdb path: .;C:\Program Files\Java\jdk-17\bin;C:\Windows\SYSTEM32;C:\Windows\WinSxS\amd64_microsoft.windows.common-controls_6595b64144ccf1df_6.0.19041.4355_none_60b8b9eb71f62e16;C:\Program Files\Java\jdk-17\bin\server

VM Arguments:
jvm_args: -Dcom.sun.management.jmxremote -Dcom.sun.management.jmxremote.port=65442 -Dcom.sun.management.jmxremote.authenticate=false -Dcom.sun.management.jmxremote.ssl=false -Dspring.jmx.enabled=true -Djava.rmi.server.hostname=localhost -Dspring.application.admin.enabled=true -Dspring.boot.project.name=backend-new -XX:+ShowCodeDetailsInExceptionMessages 
java_command: com.roadmaker.RoadmakerApplication
java_class_path (initial): C:\Users\dk\Documents\00\roadmaker\backend-new\build\resources\main;C:\Users\dk\Documents\00\roadmaker\backend-new\build\classes\java\main;C:\Users\dk\.gradle\caches\modules-2\files-2.1\org.springframework\spring-webmvc\6.2.2\9b1aeb179ba9667bc78a4a5cec4ec8087db404d7\spring-webmvc-6.2.2.jar;C:\Users\dk\.gradle\caches\modules-2\files-2.1\com.fasterxml.jackson.datatype\jackson-datatype-jsr310\2.18.2\7b6ff96adf421f4c6edbd694e797dd8fe434510a\jackson-datatype-jsr310-2.18.2.jar;C:\Users\dk\.gradle\caches\modules-2\files-2.1\io.jsonwebtoken\jjwt-jackson\0.11.5\3b83a06809e98a69402d7333dcf67df6f6ea4579\jjwt-jackson-0.11.5.jar;C:\Users\dk\.gradle\caches\modules-2\files-2.1\org.springframework.security\spring-security-oauth2-jose\6.4.2\274482eaffe0f5e7d978be7cbf7dc1817037efa5\spring-security-oauth2-jose-6.4.2.jar;C:\Users\dk\.gradle\caches\modules-2\files-2.1\org.apache.tomcat.embed\tomcat-embed-core\10.1.34\f610f84be607fbc82e393cc220f0ad45f92afc91\tomcat-embed-core-10.1.34.jar;C:\Users\dk\.gradle\caches\modules-2\files-2.1\org.springframework.boot\spring-boot-starter-oauth2-client\3.4.2\b93bf35cf23dd6abb4a1ac6151d757aed9c3bcfc\spring-boot-starter-oauth2-client-3.4.2.jar;C:\Users\dk\.gradle\caches\modules-2\files-2.1\org.springframework.boot\spring-boot-autoconfigure\3.4.2\c50511dba751ffe7df320d27c6875feb2745654e\spring-boot-autoconfigure-3.4.2.jar;C:\Users\dk\.gradle\caches\modules-2\files-2.1\org.springframework\spring-beans\6.2.2\ec8ee520ff7b147de8ac04d330848d468253f84d\spring-beans-6.2.2.jar;C:\Users\dk\.gradle\caches\modules-2\files-2.1\com.fasterxml.jackson.core\jackson-core\2.18.2\fb64ccac5c27dca8819418eb4e443a9f496d9ee7\jackson-core-2.18.2.jar;C:\Users\dk\.gradle\caches\modules-2\files-2.1\org.slf4j\slf4j-api\2.0.16\172931663a09a1fa515567af5fbef00897d3c04\slf4j-api-2.0.16.jar;C:\Users\dk\.gradle\caches\modules-2\files-2.1\org.springframework.security\spring-security-config\6.4.2\5ed985329eb14b1c61045160c8dcbbcab179ddd3\spring-security-config
Launcher Type: SUN_STANDARD

[Global flags]
     intx CICompilerCount                          = 4                                         {product} {ergonomic}
     uint ConcGCThreads                            = 2                                         {product} {ergonomic}
     uint G1ConcRefinementThreads                  = 8                                         {product} {ergonomic}
   size_t G1HeapRegionSize                         = 4194304                                   {product} {ergonomic}
    uintx GCDrainStackTargetSize                   = 64                                        {product} {ergonomic}
   size_t InitialHeapSize                          = 402653184                                 {product} {ergonomic}
     bool ManagementServer                         = true                                      {product} {command line}
   size_t MarkStackSize                            = 4194304                                   {product} {ergonomic}
   size_t MaxHeapSize                              = 6400507904                                {product} {ergonomic}
   size_t MaxNewSize                               = 3837788160                                {product} {ergonomic}
   size_t MinHeapDeltaBytes                        = 4194304                                   {product} {ergonomic}
   size_t MinHeapSize                              = 8388608                                   {product} {ergonomic}
    uintx NonNMethodCodeHeapSize                   = 5839372                                {pd product} {ergonomic}
    uintx NonProfiledCodeHeapSize                  = 122909434                              {pd product} {ergonomic}
    uintx ProfiledCodeHeapSize                     = 122909434                              {pd product} {ergonomic}
    uintx ReservedCodeCacheSize                    = 251658240                              {pd product} {ergonomic}
     bool SegmentedCodeCache                       = true                                      {product} {ergonomic}
     bool ShowCodeDetailsInExceptionMessages       = true                                   {manageable} {command line}
   size_t SoftMaxHeapSize                          = 6400507904                             {manageable} {ergonomic}
     bool UseCompressedClassPointers               = true                           {product lp64_product} {ergonomic}
     bool UseCompressedOops                        = true                           {product lp64_product} {ergonomic}
     bool UseG1GC                                  = true                                      {product} {ergonomic}
     bool UseLargePagesIndividualAllocation        = false                                  {pd product} {ergonomic}

Logging:
Log output configuration:
 #0: stdout all=warning uptime,level,tags
 #1: stderr all=off uptime,level,tags

Environment Variables:
JAVA_HOME=C:\Program Files\Java\jdk-17
PATH=C:\oraclexe\app\oracle\product\11.2.0\server\bin;C:\Program Files\Common Files\Oracle\Java\javapath;C:\Windows\system32;C:\Windows;C:\Windows\System32\Wbem;C:\Windows\System32\WindowsPowerShell\v1.0\;C:\Windows\System32\OpenSSH\;C:\Program Files (x86)\Common Files\Adobe\AGL;C:\Program Files\Bandizip\;C:\Program Files\Git\cmd;C:\Program Files\nodejs\;";C:\Program Files\Java\jdk-17\bin";C:\gradle\gradle-8.12.1\bin;C:\Program Files\MySQL\MySQL Shell 8.0\bin\;C:\Users\dk\AppData\Local\Microsoft\WindowsApps;C:\Users\dk\AppData\Local\Programs\Microsoft VS Code\bin;C:\Users\dk\AppData\Roaming\npm
USERNAME=dk
LANG=en_US.UTF-8
OS=Windows_NT
PROCESSOR_IDENTIFIER=Intel64 Family 6 Model 142 Stepping 12, GenuineIntel



---------------  S Y S T E M  ---------------

OS:
 Windows 10 , 64 bit Build 19041 (10.0.19041.5438)
OS uptime: 11 days 13:20 hours
Hyper-V role detected

CPU: total 8 (initial active 8) (4 cores per cpu, 2 threads per core) family 6 model 142 stepping 12 microcode 0xc0, cx8, cmov, fxsr, ht, mmx, 3dnowpref, sse, sse2, sse3, ssse3, sse4.1, sse4.2, popcnt, lzcnt, tsc, tscinvbit, avx, avx2, aes, erms, clmul, bmi1, bmi2, adx, fma, vzeroupper, clflush, clflushopt, hv

Memory: 4k page, system-wide physical 24410M (6121M free)
TotalPageFile size 54144M (AvailPageFile size 5M)
current process WorkingSet (physical memory assigned to process): 139M, peak: 139M
current process commit charge ("private bytes"): 536M, peak: 536M

vm_info: Java HotSpot(TM) 64-Bit Server VM (17.0.12+8-LTS-286) for windows-amd64 JRE (17.0.12+8-LTS-286), built on Jun  5 2024 06:46:59 by "mach5one" with MS VC++ 17.6 (VS2022)

END.
