#
# There is insufficient memory for the Java Runtime Environment to continue.
# Native memory allocation (malloc) failed to allocate 2611680 bytes. Error detail: Chunk::new
# Possible reasons:
#   The system is out of physical RAM or swap space
#   This process is running with CompressedOops enabled, and the Java Heap may be blocking the growth of the native heap
# Possible solutions:
#   Reduce memory load on the system
#   Increase physical memory or swap space
#   Check if swap backing store is full
#   Decrease Java heap size (-Xmx/-Xms)
#   Decrease number of Java threads
#   Decrease Java thread stack sizes (-Xss)
#   Set larger code cache with -XX:ReservedCodeCacheSize=
#   JVM is running with Unscaled Compressed Oops mode in which the Java heap is
#     placed in the first 4GB address space. The Java Heap base address is the
#     maximum limit for the native heap growth. Please use -XX:HeapBaseMinAddress
#     to set the Java Heap base and to place the Java Heap above 4GB virtual address.
# This output file may be truncated or incomplete.
#
#  Out of Memory Error (arena.cpp:168), pid=24376, tid=17032
#
# JRE version: OpenJDK Runtime Environment Temurin-21.0.5+11 (21.0.5+11) (build 21.0.5+11-LTS)
# Java VM: OpenJDK 64-Bit Server VM Temurin-21.0.5+11 (21.0.5+11-LTS, mixed mode, sharing, tiered, compressed oops, compressed class ptrs, parallel gc, windows-amd64)
# No core dump will be written. Minidumps are not enabled by default on client versions of Windows
#

---------------  S U M M A R Y ------------

Command Line: --add-modules=ALL-SYSTEM --add-opens=java.base/java.util=ALL-UNNAMED --add-opens=java.base/java.lang=ALL-UNNAMED --add-opens=java.base/sun.nio.fs=ALL-UNNAMED -Declipse.application=org.eclipse.jdt.ls.core.id1 -Dosgi.bundles.defaultStartLevel=4 -Declipse.product=org.eclipse.jdt.ls.core.product -Djava.import.generatesMetadataFilesAtProjectRoot=false -DDetectVMInstallationsJob.disabled=true -Dfile.encoding=utf8 -XX:+UseParallelGC -XX:GCTimeRatio=4 -XX:AdaptiveSizePolicyWeight=90 -Dsun.zip.disableMemoryMapping=true -Xmx1G -Xms100m -Xlog:disable -javaagent:c:\Users\dk\.vscode\extensions\redhat.java-1.39.0-win32-x64\lombok\lombok-1.18.34.jar -XX:+HeapDumpOnOutOfMemoryError -XX:HeapDumpPath=c:\Users\dk\AppData\Roaming\Code\User\workspaceStorage\fd34dfacb829fd3c3a5173bd3568862a\redhat.java -Daether.dependencyCollector.impl=bf c:\Users\dk\.vscode\extensions\redhat.java-1.39.0-win32-x64\server\plugins\org.eclipse.equinox.launcher_1.6.900.v20240613-2009.jar -configuration c:\Users\dk\AppData\Roaming\Code\User\globalStorage\redhat.java\1.39.0\config_win -data c:\Users\dk\AppData\Roaming\Code\User\workspaceStorage\fd34dfacb829fd3c3a5173bd3568862a\redhat.java\jdt_ws --pipe=\\.\pipe\lsp-9f8799732e3ca24f0cf7549e68f5856a-sock

Host: Intel(R) Core(TM) i7-10510U CPU @ 1.80GHz, 8 cores, 23G,  Windows 10 , 64 bit Build 19041 (10.0.19041.5438)
Time: Wed Feb 26 19:56:30 2025  Windows 10 , 64 bit Build 19041 (10.0.19041.5438) elapsed time: 14.583496 seconds (0d 0h 0m 14s)

---------------  T H R E A D  ---------------

Current thread (0x00000155b1920d80):  JavaThread "C2 CompilerThread0" daemon [_thread_in_native, id=17032, stack(0x00000037fbf00000,0x00000037fc000000) (1024K)]


Current CompileTask:
C2:14583 8642       4       lombok.eclipse.handlers.EclipseHandlerUtil::setGeneratedBy (10 bytes)

Stack: [0x00000037fbf00000,0x00000037fc000000]
Native frames: (J=compiled Java code, j=interpreted, Vv=VM code, C=native code)
V  [jvm.dll+0x6cd4e9]
V  [jvm.dll+0x8a7941]
V  [jvm.dll+0x8a9e6e]
V  [jvm.dll+0x8aa543]
V  [jvm.dll+0x27f6d6]
V  [jvm.dll+0xc500d]
V  [jvm.dll+0xc5543]
V  [jvm.dll+0x3b660c]
V  [jvm.dll+0x1dfc6a]
V  [jvm.dll+0x247b22]
V  [jvm.dll+0x246faf]
V  [jvm.dll+0x1c75ce]
V  [jvm.dll+0x25682a]
V  [jvm.dll+0x254dca]
V  [jvm.dll+0x3f00d6]
V  [jvm.dll+0x8514fb]
V  [jvm.dll+0x6cbbed]
C  [ucrtbase.dll+0x21bb2]
C  [KERNEL32.DLL+0x17374]
C  [ntdll.dll+0x4cc91]


---------------  P R O C E S S  ---------------

Threads class SMR info:
_java_thread_list=0x00000155fe410640, length=48, elements={
0x000001559d3ff5b0, 0x00000155b190ce30, 0x00000155b1910f10, 0x00000155b1913fc0,
0x00000155b1915150, 0x00000155b1917800, 0x00000155b191c060, 0x00000155b1920d80,
0x00000155b1923b70, 0x00000155f44458d0, 0x00000155f46b6ef0, 0x00000155f4cd2300,
0x00000155f4e31400, 0x00000155f4ee9a10, 0x00000155f4eeac50, 0x00000155f9177570,
0x00000155f96c2ce0, 0x00000155f9242610, 0x00000155f9243330, 0x00000155f92439c0,
0x00000155f9244050, 0x00000155f9242ca0, 0x00000155f9b7ec70, 0x00000155faa2f7b0,
0x00000155f9240bd0, 0x00000155f92418f0, 0x00000155f9241260, 0x00000155f9241f80,
0x00000155fbffdbc0, 0x00000155fbffc180, 0x00000155fbffc810, 0x00000155fbff7fe0,
0x00000155fbffd530, 0x00000155fbff6c30, 0x00000155fbff7950, 0x00000155fbffcea0,
0x00000155fbff8670, 0x00000155fbffadd0, 0x00000155fbff8d00, 0x00000155fbff9390,
0x00000155fbffe250, 0x00000155fbffa740, 0x00000155fbff72c0, 0x00000155f4d950d0,
0x00000155f4d90210, 0x00000155f4d908a0, 0x00000155f4d93690, 0x00000155f4d90f30
}

Java Threads: ( => current thread )
  0x000001559d3ff5b0 JavaThread "main"                              [_thread_blocked, id=524, stack(0x00000037fb500000,0x00000037fb600000) (1024K)]
  0x00000155b190ce30 JavaThread "Reference Handler"          daemon [_thread_blocked, id=5116, stack(0x00000037fb900000,0x00000037fba00000) (1024K)]
  0x00000155b1910f10 JavaThread "Finalizer"                  daemon [_thread_blocked, id=21636, stack(0x00000037fba00000,0x00000037fbb00000) (1024K)]
  0x00000155b1913fc0 JavaThread "Signal Dispatcher"          daemon [_thread_blocked, id=27580, stack(0x00000037fbb00000,0x00000037fbc00000) (1024K)]
  0x00000155b1915150 JavaThread "Attach Listener"            daemon [_thread_blocked, id=30200, stack(0x00000037fbc00000,0x00000037fbd00000) (1024K)]
  0x00000155b1917800 JavaThread "Service Thread"             daemon [_thread_blocked, id=31272, stack(0x00000037fbd00000,0x00000037fbe00000) (1024K)]
  0x00000155b191c060 JavaThread "Monitor Deflation Thread"   daemon [_thread_blocked, id=7596, stack(0x00000037fbe00000,0x00000037fbf00000) (1024K)]
=>0x00000155b1920d80 JavaThread "C2 CompilerThread0"         daemon [_thread_in_native, id=17032, stack(0x00000037fbf00000,0x00000037fc000000) (1024K)]
  0x00000155b1923b70 JavaThread "C1 CompilerThread0"         daemon [_thread_blocked, id=19748, stack(0x00000037fc000000,0x00000037fc100000) (1024K)]
  0x00000155f44458d0 JavaThread "Common-Cleaner"             daemon [_thread_blocked, id=17732, stack(0x00000037fc100000,0x00000037fc200000) (1024K)]
  0x00000155f46b6ef0 JavaThread "Notification Thread"        daemon [_thread_blocked, id=824, stack(0x00000037fc300000,0x00000037fc400000) (1024K)]
  0x00000155f4cd2300 JavaThread "Active Thread: Equinox Container: 668b659d-1fc5-4da2-9180-a9e505f32f86"        [_thread_blocked, id=21828, stack(0x00000037fcb00000,0x00000037fcc00000) (1024K)]
  0x00000155f4e31400 JavaThread "Refresh Thread: Equinox Container: 668b659d-1fc5-4da2-9180-a9e505f32f86" daemon [_thread_blocked, id=31860, stack(0x00000037fcc00000,0x00000037fcd00000) (1024K)]
  0x00000155f4ee9a10 JavaThread "Framework Event Dispatcher: Equinox Container: 668b659d-1fc5-4da2-9180-a9e505f32f86" daemon [_thread_blocked, id=19856, stack(0x00000037fce00000,0x00000037fcf00000) (1024K)]
  0x00000155f4eeac50 JavaThread "Start Level: Equinox Container: 668b659d-1fc5-4da2-9180-a9e505f32f86" daemon [_thread_blocked, id=31216, stack(0x00000037fcf00000,0x00000037fd000000) (1024K)]
  0x00000155f9177570 JavaThread "Bundle File Closer"         daemon [_thread_blocked, id=29224, stack(0x00000037fd000000,0x00000037fd100000) (1024K)]
  0x00000155f96c2ce0 JavaThread "SCR Component Actor"        daemon [_thread_blocked, id=6560, stack(0x00000037fd100000,0x00000037fd200000) (1024K)]
  0x00000155f9242610 JavaThread "Worker-JM"                         [_thread_blocked, id=22784, stack(0x00000037fd300000,0x00000037fd400000) (1024K)]
  0x00000155f9243330 JavaThread "JNA Cleaner"                daemon [_thread_blocked, id=29060, stack(0x00000037fc200000,0x00000037fc300000) (1024K)]
  0x00000155f92439c0 JavaThread "Worker-0"                          [_thread_blocked, id=31296, stack(0x00000037fc400000,0x00000037fc500000) (1024K)]
  0x00000155f9244050 JavaThread "Worker-1"                          [_thread_blocked, id=28764, stack(0x00000037fd400000,0x00000037fd500000) (1024K)]
  0x00000155f9242ca0 JavaThread "Worker-2: Java indexing... "        [_thread_blocked, id=26944, stack(0x00000037fd500000,0x00000037fd600000) (1024K)]
  0x00000155f9b7ec70 JavaThread "C2 CompilerThread1"         daemon [_thread_blocked, id=12836, stack(0x00000037fd600000,0x00000037fd700000) (1024K)]
  0x00000155faa2f7b0 JavaThread "C2 CompilerThread2"         daemon [_thread_in_native, id=31844, stack(0x00000037fd700000,0x00000037fd800000) (1024K)]
  0x00000155f9240bd0 JavaThread "Java indexing"              daemon [_thread_blocked, id=31660, stack(0x00000037fd800000,0x00000037fd900000) (1024K)]
  0x00000155f92418f0 JavaThread "Worker-3"                          [_thread_blocked, id=16884, stack(0x00000037fd900000,0x00000037fda00000) (1024K)]
  0x00000155f9241260 JavaThread "Worker-4"                          [_thread_blocked, id=27752, stack(0x00000037fdc00000,0x00000037fdd00000) (1024K)]
  0x00000155f9241f80 JavaThread "Worker-5: Building"                [_thread_blocked, id=23652, stack(0x00000037fdd00000,0x00000037fde00000) (1024K)]
  0x00000155fbffdbc0 JavaThread "Thread-2"                   daemon [_thread_in_native, id=22232, stack(0x00000037fde00000,0x00000037fdf00000) (1024K)]
  0x00000155fbffc180 JavaThread "Thread-3"                   daemon [_thread_in_native, id=11608, stack(0x00000037fdf00000,0x00000037fe000000) (1024K)]
  0x00000155fbffc810 JavaThread "Thread-4"                   daemon [_thread_in_native, id=29632, stack(0x00000037fe000000,0x00000037fe100000) (1024K)]
  0x00000155fbff7fe0 JavaThread "Thread-5"                   daemon [_thread_in_native, id=26836, stack(0x00000037fe100000,0x00000037fe200000) (1024K)]
  0x00000155fbffd530 JavaThread "Thread-6"                   daemon [_thread_in_native, id=11892, stack(0x00000037fe200000,0x00000037fe300000) (1024K)]
  0x00000155fbff6c30 JavaThread "Thread-7"                   daemon [_thread_in_native, id=19020, stack(0x00000037fe300000,0x00000037fe400000) (1024K)]
  0x00000155fbff7950 JavaThread "Thread-8"                   daemon [_thread_in_native, id=32688, stack(0x00000037fe400000,0x00000037fe500000) (1024K)]
  0x00000155fbffcea0 JavaThread "Thread-9"                   daemon [_thread_in_native, id=25312, stack(0x00000037fe500000,0x00000037fe600000) (1024K)]
  0x00000155fbff8670 JavaThread "Thread-10"                  daemon [_thread_in_native, id=20904, stack(0x00000037fe600000,0x00000037fe700000) (1024K)]
  0x00000155fbffadd0 JavaThread "pool-2-thread-1"                   [_thread_blocked, id=25408, stack(0x00000037fe700000,0x00000037fe800000) (1024K)]
  0x00000155fbff8d00 JavaThread "WorkspaceEventsHandler"            [_thread_blocked, id=13420, stack(0x00000037fe800000,0x00000037fe900000) (1024K)]
  0x00000155fbff9390 JavaThread "pool-1-thread-1"                   [_thread_blocked, id=14628, stack(0x00000037fe900000,0x00000037fea00000) (1024K)]
  0x00000155fbffe250 JavaThread "Compiler Source File Reader" daemon [_thread_blocked, id=31736, stack(0x00000037fd200000,0x00000037fd300000) (1024K)]
  0x00000155fbffa740 JavaThread "Compiler Source File Reader" daemon [_thread_blocked, id=2272, stack(0x00000037fea00000,0x00000037feb00000) (1024K)]
  0x00000155fbff72c0 JavaThread "Compiler Source File Reader" daemon [_thread_blocked, id=29388, stack(0x00000037feb00000,0x00000037fec00000) (1024K)]
  0x00000155f4d950d0 JavaThread "Compiler Source File Reader" daemon [_thread_blocked, id=29808, stack(0x00000037fec00000,0x00000037fed00000) (1024K)]
  0x00000155f4d90210 JavaThread "Compiler Source File Reader" daemon [_thread_blocked, id=32412, stack(0x00000037fed00000,0x00000037fee00000) (1024K)]
  0x00000155f4d908a0 JavaThread "Compiler Source File Reader" daemon [_thread_blocked, id=14524, stack(0x00000037fee00000,0x00000037fef00000) (1024K)]
  0x00000155f4d93690 JavaThread "ForkJoinPool.commonPool-worker-1" daemon [_thread_blocked, id=28152, stack(0x00000037fef00000,0x00000037ff000000) (1024K)]
  0x00000155f4d90f30 JavaThread "Compiler Processing Task"   daemon [_thread_blocked, id=8980, stack(0x00000037ff000000,0x00000037ff100000) (1024K)]
Total: 48

Other Threads:
  0x00000155b18f18a0 VMThread "VM Thread"                           [id=29836, stack(0x00000037fb800000,0x00000037fb900000) (1024K)]
  0x00000155b17e1c40 WatcherThread "VM Periodic Task Thread"        [id=4340, stack(0x00000037fb700000,0x00000037fb800000) (1024K)]
  0x000001559d41d840 WorkerThread "GC Thread#0"                     [id=23456, stack(0x00000037fb600000,0x00000037fb700000) (1024K)]
  0x00000155f9009a50 WorkerThread "GC Thread#1"                     [id=8368, stack(0x00000037fc500000,0x00000037fc600000) (1024K)]
  0x00000155f9008830 WorkerThread "GC Thread#2"                     [id=17880, stack(0x00000037fc600000,0x00000037fc700000) (1024K)]
  0x00000155f9009310 WorkerThread "GC Thread#3"                     [id=1244, stack(0x00000037fc700000,0x00000037fc800000) (1024K)]
  0x00000155f90080f0 WorkerThread "GC Thread#4"                     [id=22296, stack(0x00000037fc800000,0x00000037fc900000) (1024K)]
  0x00000155f90096b0 WorkerThread "GC Thread#5"                     [id=5452, stack(0x00000037fc900000,0x00000037fca00000) (1024K)]
  0x00000155f9008490 WorkerThread "GC Thread#6"                     [id=21960, stack(0x00000037fca00000,0x00000037fcb00000) (1024K)]
  0x00000155f9008bd0 WorkerThread "GC Thread#7"                     [id=19672, stack(0x00000037fcd00000,0x00000037fce00000) (1024K)]
Total: 10

Threads with active compile tasks:
C2 CompilerThread0  14643 8642       4       lombok.eclipse.handlers.EclipseHandlerUtil::setGeneratedBy (10 bytes)
C1 CompilerThread0  14643 9618       2       org.eclipse.jdt.internal.compiler.lookup.MethodScope::recordInitializationStates (271 bytes)
C2 CompilerThread1  14644 9083       4       org.eclipse.jdt.internal.compiler.lookup.LookupEnvironment::getCachedType0 (112 bytes)
C2 CompilerThread2  14644 8672   !   4       lombok.core.FieldAugment$ReflectionFieldAugment::getAndSet (80 bytes)
Total: 4

VM state: at safepoint (normal execution)

VM Mutex/Monitor currently owned by a thread:  ([mutex/lock_event])
[0x00007ffb3cbad380] Threads_lock - owner thread: 0x00000155b18f18a0
[0x00007ffb3cbad480] Heap_lock - owner thread: 0x00000155f9240bd0

Heap address: 0x00000000c0000000, size: 1024 MB, Compressed Oops mode: 32-bit

CDS archive(s) mapped at: [0x00000155b2000000-0x00000155b2ba0000-0x00000155b2ba0000), size 12189696, SharedBaseAddress: 0x00000155b2000000, ArchiveRelocationMode: 1.
Compressed class space mapped at: 0x00000155b3000000-0x00000155f3000000, reserved size: 1073741824
Narrow klass base: 0x00000155b2000000, Narrow klass shift: 0, Narrow klass range: 0x100000000

GC Precious Log:
 CardTable entry size: 512
 CPUs: 8 total, 8 available
 Memory: 24410M
 Large Page Support: Disabled
 NUMA Support: Disabled
 Compressed Oops: Enabled (32-bit)
 Alignments: Space 512K, Generation 512K, Heap 2M
 Heap Min Capacity: 100M
 Heap Initial Capacity: 100M
 Heap Max Capacity: 1G
 Pre-touch: Disabled
 Parallel Workers: 8

Heap:
 PSYoungGen      total 4096K, used 3826K [0x00000000eab00000, 0x00000000eb000000, 0x0000000100000000)
  eden space 3072K, 100% used [0x00000000eab00000,0x00000000eae00000,0x00000000eae00000)
  from space 1024K, 73% used [0x00000000eaf00000,0x00000000eafbcb68,0x00000000eb000000)
  to   space 1024K, 81% used [0x00000000eae00000,0x00000000eaed1168,0x00000000eaf00000)
 ParOldGen       total 301056K, used 301050K [0x00000000c0000000, 0x00000000d2600000, 0x00000000eab00000)
  object space 301056K, 99% used [0x00000000c0000000,0x00000000d25fe9d0,0x00000000d2600000)
 Metaspace       used 57089K, committed 58368K, reserved 1114112K
  class space    used 5882K, committed 6400K, reserved 1048576K

Card table byte_map: [0x000001559cde0000,0x000001559cff0000] _byte_map_base: 0x000001559c7e0000

Marking Bits: (ParMarkBitMap*) 0x00007ffb3cbb2250
 Begin Bits: [0x00000155af760000, 0x00000155b0760000)
 End Bits:   [0x00000155b0760000, 0x00000155b1760000)

Polling page: 0x000001559cbd0000

Metaspace:

Usage:
  Non-class:     50.01 MB used.
      Class:      5.74 MB used.
       Both:     55.75 MB used.

Virtual space:
  Non-class space:       64.00 MB reserved,      50.75 MB ( 79%) committed,  1 nodes.
      Class space:        1.00 GB reserved,       6.25 MB ( <1%) committed,  1 nodes.
             Both:        1.06 GB reserved,      57.00 MB (  5%) committed. 

Chunk freelists:
   Non-Class:  12.49 MB
       Class:  9.69 MB
        Both:  22.18 MB

MaxMetaspaceSize: unlimited
CompressedClassSpaceSize: 1.00 GB
Initial GC threshold: 21.00 MB
Current GC threshold: 58.38 MB
CDS: on
 - commit_granule_bytes: 65536.
 - commit_granule_words: 8192.
 - virtual_space_node_default_size: 8388608.
 - enlarge_chunks_in_place: 1.
 - use_allocation_guard: 0.


Internal statistics:

num_allocs_failed_limit: 6.
num_arena_births: 950.
num_arena_deaths: 26.
num_vsnodes_births: 2.
num_vsnodes_deaths: 0.
num_space_committed: 912.
num_space_uncommitted: 0.
num_chunks_returned_to_freelist: 37.
num_chunks_taken_from_freelist: 3523.
num_chunk_merges: 10.
num_chunk_splits: 2207.
num_chunks_enlarged: 1325.
num_inconsistent_stats: 0.

CodeHeap 'non-profiled nmethods': size=120000Kb used=6185Kb max_used=6185Kb free=113814Kb
 bounds [0x00000155a8230000, 0x00000155a8840000, 0x00000155af760000]
CodeHeap 'profiled nmethods': size=120000Kb used=19844Kb max_used=19844Kb free=100155Kb
 bounds [0x00000155a0760000, 0x00000155a1ad0000, 0x00000155a7c90000]
CodeHeap 'non-nmethods': size=5760Kb used=1419Kb max_used=1492Kb free=4341Kb
 bounds [0x00000155a7c90000, 0x00000155a7f00000, 0x00000155a8230000]
 total_blobs=9699 nmethods=8972 adapters=632
 compilation: enabled
              stopped_count=0, restarted_count=0
 full_count=0

Compilation events (20 events):
Event: 14.575 Thread 0x00000155b1923b70 nmethod 9556 0x00000155a1a94090 code [0x00000155a1a94260, 0x00000155a1a94660]
Event: 14.575 Thread 0x00000155b1923b70 9533       2       org.eclipse.jdt.internal.compiler.codegen.OperandStack::size (8 bytes)
Event: 14.575 Thread 0x00000155b1923b70 nmethod 9533 0x00000155a1a94810 code [0x00000155a1a949c0, 0x00000155a1a94bb8]
Event: 14.575 Thread 0x00000155b1923b70 9546       2       org.eclipse.jdt.internal.compiler.codegen.TypeAnnotationCodeStream::invoke (84 bytes)
Event: 14.576 Thread 0x00000155b1923b70 nmethod 9546 0x00000155a1a94c90 code [0x00000155a1a94e60, 0x00000155a1a95108]
Event: 14.576 Thread 0x00000155b1923b70 9536       2       org.eclipse.jdt.internal.compiler.codegen.StackMapFrameCodeStream::addFramePosition (51 bytes)
Event: 14.576 Thread 0x00000155b1923b70 nmethod 9536 0x00000155a1a95290 code [0x00000155a1a95460, 0x00000155a1a95768]
Event: 14.576 Thread 0x00000155b1923b70 9553       1       org.eclipse.jdt.internal.compiler.lookup.Binding::isTaggedRepeatable (2 bytes)
Event: 14.576 Thread 0x00000155b1923b70 nmethod 9553 0x00000155a8836310 code [0x00000155a88364a0, 0x00000155a8836568]
Event: 14.576 Thread 0x00000155b1923b70 9554       1       org.eclipse.jdt.internal.compiler.lookup.ElementValuePair::getName (5 bytes)
Event: 14.576 Thread 0x00000155b1923b70 nmethod 9554 0x00000155a8836610 code [0x00000155a88367a0, 0x00000155a8836868]
Event: 14.576 Thread 0x00000155b1923b70 9555       1       org.eclipse.jdt.internal.compiler.lookup.ElementValuePair::setMethodBinding (6 bytes)
Event: 14.576 Thread 0x00000155b1923b70 nmethod 9555 0x00000155a8836910 code [0x00000155a8836aa0, 0x00000155a8836b80]
Event: 14.577 Thread 0x00000155b1923b70 9552       1       org.eclipse.jdt.internal.compiler.ast.ImportReference::getImportName (5 bytes)
Event: 14.577 Thread 0x00000155b1923b70 nmethod 9552 0x00000155a8836c10 code [0x00000155a8836da0, 0x00000155a8836e68]
Event: 14.577 Thread 0x00000155b1923b70 9557       2       org.eclipse.jdt.internal.compiler.ast.TypeDeclaration::declarationOf (56 bytes)
Event: 14.577 Thread 0x00000155b1923b70 nmethod 9557 0x00000155a1a95910 code [0x00000155a1a95ac0, 0x00000155a1a95ca8]
Event: 14.577 Thread 0x00000155b1923b70 9558       2       org.eclipse.jdt.internal.compiler.lookup.LocalVariableBinding::<init> (54 bytes)
Event: 14.578 Thread 0x00000155b1923b70 nmethod 9558 0x00000155a1a95e10 code [0x00000155a1a95fc0, 0x00000155a1a96148]
Event: 14.578 Thread 0x00000155b1923b70 9559       3       org.eclipse.jdt.internal.compiler.lookup.ReferenceBinding::isStatic (28 bytes)

GC Heap History (20 events):
Event: 14.396 GC heap after
{Heap after GC invocations=326 (full 2):
 PSYoungGen      total 4096K, used 873K [0x00000000eab00000, 0x00000000eb000000, 0x0000000100000000)
  eden space 3072K, 0% used [0x00000000eab00000,0x00000000eab00000,0x00000000eae00000)
  from space 1024K, 85% used [0x00000000eaf00000,0x00000000eafda7f0,0x00000000eb000000)
  to   space 1024K, 0% used [0x00000000eae00000,0x00000000eae00000,0x00000000eaf00000)
 ParOldGen       total 292352K, used 292313K [0x00000000c0000000, 0x00000000d1d80000, 0x00000000eab00000)
  object space 292352K, 99% used [0x00000000c0000000,0x00000000d1d767e8,0x00000000d1d80000)
 Metaspace       used 56675K, committed 57920K, reserved 1114112K
  class space    used 5874K, committed 6400K, reserved 1048576K
}
Event: 14.411 GC heap before
{Heap before GC invocations=327 (full 2):
 PSYoungGen      total 4096K, used 3945K [0x00000000eab00000, 0x00000000eb000000, 0x0000000100000000)
  eden space 3072K, 100% used [0x00000000eab00000,0x00000000eae00000,0x00000000eae00000)
  from space 1024K, 85% used [0x00000000eaf00000,0x00000000eafda7f0,0x00000000eb000000)
  to   space 1024K, 0% used [0x00000000eae00000,0x00000000eae00000,0x00000000eaf00000)
 ParOldGen       total 292352K, used 292313K [0x00000000c0000000, 0x00000000d1d80000, 0x00000000eab00000)
  object space 292352K, 99% used [0x00000000c0000000,0x00000000d1d767e8,0x00000000d1d80000)
 Metaspace       used 56710K, committed 57984K, reserved 1114112K
  class space    used 5874K, committed 6400K, reserved 1048576K
}
Event: 14.414 GC heap after
{Heap after GC invocations=327 (full 2):
 PSYoungGen      total 4096K, used 663K [0x00000000eab00000, 0x00000000eb000000, 0x0000000100000000)
  eden space 3072K, 0% used [0x00000000eab00000,0x00000000eab00000,0x00000000eae00000)
  from space 1024K, 64% used [0x00000000eae00000,0x00000000eaea5ef8,0x00000000eaf00000)
  to   space 1024K, 0% used [0x00000000eaf00000,0x00000000eaf00000,0x00000000eb000000)
 ParOldGen       total 293376K, used 293046K [0x00000000c0000000, 0x00000000d1e80000, 0x00000000eab00000)
  object space 293376K, 99% used [0x00000000c0000000,0x00000000d1e2d8b0,0x00000000d1e80000)
 Metaspace       used 56710K, committed 57984K, reserved 1114112K
  class space    used 5874K, committed 6400K, reserved 1048576K
}
Event: 14.431 GC heap before
{Heap before GC invocations=328 (full 2):
 PSYoungGen      total 4096K, used 3735K [0x00000000eab00000, 0x00000000eb000000, 0x0000000100000000)
  eden space 3072K, 100% used [0x00000000eab00000,0x00000000eae00000,0x00000000eae00000)
  from space 1024K, 64% used [0x00000000eae00000,0x00000000eaea5ef8,0x00000000eaf00000)
  to   space 1024K, 0% used [0x00000000eaf00000,0x00000000eaf00000,0x00000000eb000000)
 ParOldGen       total 293376K, used 293046K [0x00000000c0000000, 0x00000000d1e80000, 0x00000000eab00000)
  object space 293376K, 99% used [0x00000000c0000000,0x00000000d1e2d8b0,0x00000000d1e80000)
 Metaspace       used 56750K, committed 57984K, reserved 1114112K
  class space    used 5874K, committed 6400K, reserved 1048576K
}
Event: 14.433 GC heap after
{Heap after GC invocations=328 (full 2):
 PSYoungGen      total 4096K, used 935K [0x00000000eab00000, 0x00000000eb000000, 0x0000000100000000)
  eden space 3072K, 0% used [0x00000000eab00000,0x00000000eab00000,0x00000000eae00000)
  from space 1024K, 91% used [0x00000000eaf00000,0x00000000eafe9c08,0x00000000eb000000)
  to   space 1024K, 0% used [0x00000000eae00000,0x00000000eae00000,0x00000000eaf00000)
 ParOldGen       total 293888K, used 293596K [0x00000000c0000000, 0x00000000d1f00000, 0x00000000eab00000)
  object space 293888K, 99% used [0x00000000c0000000,0x00000000d1eb7050,0x00000000d1f00000)
 Metaspace       used 56750K, committed 57984K, reserved 1114112K
  class space    used 5874K, committed 6400K, reserved 1048576K
}
Event: 14.448 GC heap before
{Heap before GC invocations=329 (full 2):
 PSYoungGen      total 4096K, used 4007K [0x00000000eab00000, 0x00000000eb000000, 0x0000000100000000)
  eden space 3072K, 100% used [0x00000000eab00000,0x00000000eae00000,0x00000000eae00000)
  from space 1024K, 91% used [0x00000000eaf00000,0x00000000eafe9c08,0x00000000eb000000)
  to   space 1024K, 0% used [0x00000000eae00000,0x00000000eae00000,0x00000000eaf00000)
 ParOldGen       total 293888K, used 293596K [0x00000000c0000000, 0x00000000d1f00000, 0x00000000eab00000)
  object space 293888K, 99% used [0x00000000c0000000,0x00000000d1eb7050,0x00000000d1f00000)
 Metaspace       used 56779K, committed 58048K, reserved 1114112K
  class space    used 5875K, committed 6400K, reserved 1048576K
}
Event: 14.450 GC heap after
{Heap after GC invocations=329 (full 2):
 PSYoungGen      total 4096K, used 677K [0x00000000eab00000, 0x00000000eb000000, 0x0000000100000000)
  eden space 3072K, 0% used [0x00000000eab00000,0x00000000eab00000,0x00000000eae00000)
  from space 1024K, 66% used [0x00000000eae00000,0x00000000eaea94b0,0x00000000eaf00000)
  to   space 1024K, 0% used [0x00000000eaf00000,0x00000000eaf00000,0x00000000eb000000)
 ParOldGen       total 294400K, used 294356K [0x00000000c0000000, 0x00000000d1f80000, 0x00000000eab00000)
  object space 294400K, 99% used [0x00000000c0000000,0x00000000d1f751f8,0x00000000d1f80000)
 Metaspace       used 56779K, committed 58048K, reserved 1114112K
  class space    used 5875K, committed 6400K, reserved 1048576K
}
Event: 14.467 GC heap before
{Heap before GC invocations=330 (full 2):
 PSYoungGen      total 4096K, used 3749K [0x00000000eab00000, 0x00000000eb000000, 0x0000000100000000)
  eden space 3072K, 100% used [0x00000000eab00000,0x00000000eae00000,0x00000000eae00000)
  from space 1024K, 66% used [0x00000000eae00000,0x00000000eaea94b0,0x00000000eaf00000)
  to   space 1024K, 0% used [0x00000000eaf00000,0x00000000eaf00000,0x00000000eb000000)
 ParOldGen       total 294400K, used 294356K [0x00000000c0000000, 0x00000000d1f80000, 0x00000000eab00000)
  object space 294400K, 99% used [0x00000000c0000000,0x00000000d1f751f8,0x00000000d1f80000)
 Metaspace       used 56823K, committed 58112K, reserved 1114112K
  class space    used 5875K, committed 6400K, reserved 1048576K
}
Event: 14.469 GC heap after
{Heap after GC invocations=330 (full 2):
 PSYoungGen      total 4096K, used 821K [0x00000000eab00000, 0x00000000eb000000, 0x0000000100000000)
  eden space 3072K, 0% used [0x00000000eab00000,0x00000000eab00000,0x00000000eae00000)
  from space 1024K, 80% used [0x00000000eaf00000,0x00000000eafcd4a0,0x00000000eb000000)
  to   space 1024K, 0% used [0x00000000eae00000,0x00000000eae00000,0x00000000eaf00000)
 ParOldGen       total 295424K, used 294975K [0x00000000c0000000, 0x00000000d2080000, 0x00000000eab00000)
  object space 295424K, 99% used [0x00000000c0000000,0x00000000d200feb0,0x00000000d2080000)
 Metaspace       used 56823K, committed 58112K, reserved 1114112K
  class space    used 5875K, committed 6400K, reserved 1048576K
}
Event: 14.487 GC heap before
{Heap before GC invocations=331 (full 2):
 PSYoungGen      total 4096K, used 3893K [0x00000000eab00000, 0x00000000eb000000, 0x0000000100000000)
  eden space 3072K, 100% used [0x00000000eab00000,0x00000000eae00000,0x00000000eae00000)
  from space 1024K, 80% used [0x00000000eaf00000,0x00000000eafcd4a0,0x00000000eb000000)
  to   space 1024K, 0% used [0x00000000eae00000,0x00000000eae00000,0x00000000eaf00000)
 ParOldGen       total 295424K, used 294975K [0x00000000c0000000, 0x00000000d2080000, 0x00000000eab00000)
  object space 295424K, 99% used [0x00000000c0000000,0x00000000d200feb0,0x00000000d2080000)
 Metaspace       used 56898K, committed 58176K, reserved 1114112K
  class space    used 5877K, committed 6400K, reserved 1048576K
}
Event: 14.489 GC heap after
{Heap after GC invocations=331 (full 2):
 PSYoungGen      total 4096K, used 720K [0x00000000eab00000, 0x00000000eb000000, 0x0000000100000000)
  eden space 3072K, 0% used [0x00000000eab00000,0x00000000eab00000,0x00000000eae00000)
  from space 1024K, 70% used [0x00000000eae00000,0x00000000eaeb42f8,0x00000000eaf00000)
  to   space 1024K, 0% used [0x00000000eaf00000,0x00000000eaf00000,0x00000000eb000000)
 ParOldGen       total 295936K, used 295668K [0x00000000c0000000, 0x00000000d2100000, 0x00000000eab00000)
  object space 295936K, 99% used [0x00000000c0000000,0x00000000d20bd378,0x00000000d2100000)
 Metaspace       used 56898K, committed 58176K, reserved 1114112K
  class space    used 5877K, committed 6400K, reserved 1048576K
}
Event: 14.504 GC heap before
{Heap before GC invocations=332 (full 2):
 PSYoungGen      total 4096K, used 3792K [0x00000000eab00000, 0x00000000eb000000, 0x0000000100000000)
  eden space 3072K, 100% used [0x00000000eab00000,0x00000000eae00000,0x00000000eae00000)
  from space 1024K, 70% used [0x00000000eae00000,0x00000000eaeb42f8,0x00000000eaf00000)
  to   space 1024K, 0% used [0x00000000eaf00000,0x00000000eaf00000,0x00000000eb000000)
 ParOldGen       total 295936K, used 295668K [0x00000000c0000000, 0x00000000d2100000, 0x00000000eab00000)
  object space 295936K, 99% used [0x00000000c0000000,0x00000000d20bd378,0x00000000d2100000)
 Metaspace       used 56937K, committed 58176K, reserved 1114112K
  class space    used 5879K, committed 6400K, reserved 1048576K
}
Event: 14.506 GC heap after
{Heap after GC invocations=332 (full 2):
 PSYoungGen      total 4096K, used 768K [0x00000000eab00000, 0x00000000eb000000, 0x0000000100000000)
  eden space 3072K, 0% used [0x00000000eab00000,0x00000000eab00000,0x00000000eae00000)
  from space 1024K, 75% used [0x00000000eaf00000,0x00000000eafc0000,0x00000000eb000000)
  to   space 1024K, 0% used [0x00000000eae00000,0x00000000eae00000,0x00000000eaf00000)
 ParOldGen       total 296448K, used 296303K [0x00000000c0000000, 0x00000000d2180000, 0x00000000eab00000)
  object space 296448K, 99% used [0x00000000c0000000,0x00000000d215bee8,0x00000000d2180000)
 Metaspace       used 56937K, committed 58176K, reserved 1114112K
  class space    used 5879K, committed 6400K, reserved 1048576K
}
Event: 14.522 GC heap before
{Heap before GC invocations=333 (full 2):
 PSYoungGen      total 4096K, used 3840K [0x00000000eab00000, 0x00000000eb000000, 0x0000000100000000)
  eden space 3072K, 100% used [0x00000000eab00000,0x00000000eae00000,0x00000000eae00000)
  from space 1024K, 75% used [0x00000000eaf00000,0x00000000eafc0000,0x00000000eb000000)
  to   space 1024K, 0% used [0x00000000eae00000,0x00000000eae00000,0x00000000eaf00000)
 ParOldGen       total 296448K, used 296303K [0x00000000c0000000, 0x00000000d2180000, 0x00000000eab00000)
  object space 296448K, 99% used [0x00000000c0000000,0x00000000d215bee8,0x00000000d2180000)
 Metaspace       used 56978K, committed 58240K, reserved 1114112K
  class space    used 5879K, committed 6400K, reserved 1048576K
}
Event: 14.525 GC heap after
{Heap after GC invocations=333 (full 2):
 PSYoungGen      total 4096K, used 784K [0x00000000eab00000, 0x00000000eb000000, 0x0000000100000000)
  eden space 3072K, 0% used [0x00000000eab00000,0x00000000eab00000,0x00000000eae00000)
  from space 1024K, 76% used [0x00000000eae00000,0x00000000eaec4310,0x00000000eaf00000)
  to   space 1024K, 0% used [0x00000000eaf00000,0x00000000eaf00000,0x00000000eb000000)
 ParOldGen       total 297472K, used 296989K [0x00000000c0000000, 0x00000000d2280000, 0x00000000eab00000)
  object space 297472K, 99% used [0x00000000c0000000,0x00000000d22076b0,0x00000000d2280000)
 Metaspace       used 56978K, committed 58240K, reserved 1114112K
  class space    used 5879K, committed 6400K, reserved 1048576K
}
Event: 14.540 GC heap before
{Heap before GC invocations=334 (full 2):
 PSYoungGen      total 4096K, used 3856K [0x00000000eab00000, 0x00000000eb000000, 0x0000000100000000)
  eden space 3072K, 100% used [0x00000000eab00000,0x00000000eae00000,0x00000000eae00000)
  from space 1024K, 76% used [0x00000000eae00000,0x00000000eaec4310,0x00000000eaf00000)
  to   space 1024K, 0% used [0x00000000eaf00000,0x00000000eaf00000,0x00000000eb000000)
 ParOldGen       total 297472K, used 296989K [0x00000000c0000000, 0x00000000d2280000, 0x00000000eab00000)
  object space 297472K, 99% used [0x00000000c0000000,0x00000000d22076b0,0x00000000d2280000)
 Metaspace       used 56992K, committed 58240K, reserved 1114112K
  class space    used 5879K, committed 6400K, reserved 1048576K
}
Event: 14.543 GC heap after
{Heap after GC invocations=334 (full 2):
 PSYoungGen      total 4096K, used 772K [0x00000000eab00000, 0x00000000eb000000, 0x0000000100000000)
  eden space 3072K, 0% used [0x00000000eab00000,0x00000000eab00000,0x00000000eae00000)
  from space 1024K, 75% used [0x00000000eaf00000,0x00000000eafc11e0,0x00000000eb000000)
  to   space 1024K, 0% used [0x00000000eae00000,0x00000000eae00000,0x00000000eaf00000)
 ParOldGen       total 297984K, used 297658K [0x00000000c0000000, 0x00000000d2300000, 0x00000000eab00000)
  object space 297984K, 99% used [0x00000000c0000000,0x00000000d22ae8e0,0x00000000d2300000)
 Metaspace       used 56992K, committed 58240K, reserved 1114112K
  class space    used 5879K, committed 6400K, reserved 1048576K
}
Event: 14.561 GC heap before
{Heap before GC invocations=335 (full 2):
 PSYoungGen      total 4096K, used 3844K [0x00000000eab00000, 0x00000000eb000000, 0x0000000100000000)
  eden space 3072K, 100% used [0x00000000eab00000,0x00000000eae00000,0x00000000eae00000)
  from space 1024K, 75% used [0x00000000eaf00000,0x00000000eafc11e0,0x00000000eb000000)
  to   space 1024K, 0% used [0x00000000eae00000,0x00000000eae00000,0x00000000eaf00000)
 ParOldGen       total 297984K, used 297658K [0x00000000c0000000, 0x00000000d2300000, 0x00000000eab00000)
  object space 297984K, 99% used [0x00000000c0000000,0x00000000d22ae8e0,0x00000000d2300000)
 Metaspace       used 57002K, committed 58240K, reserved 1114112K
  class space    used 5880K, committed 6400K, reserved 1048576K
}
Event: 14.563 GC heap after
{Heap after GC invocations=335 (full 2):
 PSYoungGen      total 4096K, used 832K [0x00000000eab00000, 0x00000000eb000000, 0x0000000100000000)
  eden space 3072K, 0% used [0x00000000eab00000,0x00000000eab00000,0x00000000eae00000)
  from space 1024K, 81% used [0x00000000eae00000,0x00000000eaed0010,0x00000000eaf00000)
  to   space 1024K, 0% used [0x00000000eaf00000,0x00000000eaf00000,0x00000000eb000000)
 ParOldGen       total 298496K, used 298337K [0x00000000c0000000, 0x00000000d2380000, 0x00000000eab00000)
  object space 298496K, 99% used [0x00000000c0000000,0x00000000d23587c0,0x00000000d2380000)
 Metaspace       used 57002K, committed 58240K, reserved 1114112K
  class space    used 5880K, committed 6400K, reserved 1048576K
}
Event: 14.578 GC heap before
{Heap before GC invocations=336 (full 2):
 PSYoungGen      total 4096K, used 3904K [0x00000000eab00000, 0x00000000eb000000, 0x0000000100000000)
  eden space 3072K, 100% used [0x00000000eab00000,0x00000000eae00000,0x00000000eae00000)
  from space 1024K, 81% used [0x00000000eae00000,0x00000000eaed0010,0x00000000eaf00000)
  to   space 1024K, 0% used [0x00000000eaf00000,0x00000000eaf00000,0x00000000eb000000)
 ParOldGen       total 298496K, used 298337K [0x00000000c0000000, 0x00000000d2380000, 0x00000000eab00000)
  object space 298496K, 99% used [0x00000000c0000000,0x00000000d23587c0,0x00000000d2380000)
 Metaspace       used 57012K, committed 58240K, reserved 1114112K
  class space    used 5881K, committed 6400K, reserved 1048576K
}

Dll operation events (10 events):
Event: 0.011 Loaded shared library c:\Users\dk\.vscode\extensions\redhat.java-1.39.0-win32-x64\jre\21.0.5-win32-x86_64\bin\java.dll
Event: 0.035 Loaded shared library c:\Users\dk\.vscode\extensions\redhat.java-1.39.0-win32-x64\jre\21.0.5-win32-x86_64\bin\zip.dll
Event: 0.092 Loaded shared library C:\Users\dk\.vscode\extensions\redhat.java-1.39.0-win32-x64\jre\21.0.5-win32-x86_64\bin\instrument.dll
Event: 0.096 Loaded shared library C:\Users\dk\.vscode\extensions\redhat.java-1.39.0-win32-x64\jre\21.0.5-win32-x86_64\bin\net.dll
Event: 0.099 Loaded shared library C:\Users\dk\.vscode\extensions\redhat.java-1.39.0-win32-x64\jre\21.0.5-win32-x86_64\bin\nio.dll
Event: 0.102 Loaded shared library C:\Users\dk\.vscode\extensions\redhat.java-1.39.0-win32-x64\jre\21.0.5-win32-x86_64\bin\zip.dll
Event: 0.116 Loaded shared library C:\Users\dk\.vscode\extensions\redhat.java-1.39.0-win32-x64\jre\21.0.5-win32-x86_64\bin\jimage.dll
Event: 0.179 Loaded shared library c:\Users\dk\.vscode\extensions\redhat.java-1.39.0-win32-x64\jre\21.0.5-win32-x86_64\bin\verify.dll
Event: 1.169 Loaded shared library C:\Users\dk\AppData\Roaming\Code\User\globalStorage\redhat.java\1.39.0\config_win\org.eclipse.equinox.launcher\org.eclipse.equinox.launcher.win32.win32.x86_64_1.2.1100.v20240722-2106\eclipse_11904.dll
Event: 2.752 Loaded shared library C:\Users\dk\AppData\Local\Temp\jna-3207\jna4452655549737035290.dll

Deoptimization events (20 events):
Event: 14.332 Thread 0x00000155f9240bd0 DEOPT PACKING pc=0x00000155a189f22a sp=0x00000037fd8fe9e0
Event: 14.332 Thread 0x00000155f9240bd0 DEOPT UNPACKING pc=0x00000155a7ce4242 sp=0x00000037fd8fdf68 mode 0
Event: 14.343 Thread 0x00000155f9240bd0 DEOPT PACKING pc=0x00000155a189f22a sp=0x00000037fd8fe9e0
Event: 14.343 Thread 0x00000155f9240bd0 DEOPT UNPACKING pc=0x00000155a7ce4242 sp=0x00000037fd8fdf68 mode 0
Event: 14.356 Thread 0x00000155f9240bd0 DEOPT PACKING pc=0x00000155a189f7d6 sp=0x00000037fd8fe9e0
Event: 14.356 Thread 0x00000155f9240bd0 DEOPT UNPACKING pc=0x00000155a7ce4242 sp=0x00000037fd8fdf68 mode 0
Event: 14.363 Thread 0x00000155f4d90f30 Uncommon trap: trap_request=0xffffff45 fr.pc=0x00000155a85534e4 relative=0x00000000000002a4
Event: 14.363 Thread 0x00000155f4d90f30 Uncommon trap: reason=unstable_if action=reinterpret pc=0x00000155a85534e4 method=org.eclipse.jdt.internal.compiler.classfmt.ClassFileStruct.utf8At(II)[C @ 46 c2
Event: 14.363 Thread 0x00000155f4d90f30 DEOPT PACKING pc=0x00000155a85534e4 sp=0x00000037ff0fd2a0
Event: 14.364 Thread 0x00000155f4d90f30 DEOPT UNPACKING pc=0x00000155a7ce3aa2 sp=0x00000037ff0fd220 mode 2
Event: 14.388 Thread 0x00000155f9240bd0 DEOPT PACKING pc=0x00000155a189f22a sp=0x00000037fd8fe9e0
Event: 14.388 Thread 0x00000155f9240bd0 DEOPT UNPACKING pc=0x00000155a7ce4242 sp=0x00000037fd8fdf68 mode 0
Event: 14.400 Thread 0x00000155f9240bd0 DEOPT PACKING pc=0x00000155a189f7d6 sp=0x00000037fd8fe9e0
Event: 14.400 Thread 0x00000155f9240bd0 DEOPT UNPACKING pc=0x00000155a7ce4242 sp=0x00000037fd8fdf68 mode 0
Event: 14.435 Thread 0x00000155f4d90f30 DEOPT PACKING pc=0x00000155a196e656 sp=0x00000037ff0fd620
Event: 14.435 Thread 0x00000155f4d90f30 DEOPT UNPACKING pc=0x00000155a7ce4242 sp=0x00000037ff0fcab0 mode 0
Event: 14.536 Thread 0x00000155f9240bd0 Uncommon trap: trap_request=0xffffff45 fr.pc=0x00000155a877045c relative=0x0000000000007d1c
Event: 14.536 Thread 0x00000155f9240bd0 Uncommon trap: reason=unstable_if action=reinterpret pc=0x00000155a877045c method=org.eclipse.jdt.internal.core.search.indexing.BinaryIndexer.indexDocument()V @ 315 c2
Event: 14.536 Thread 0x00000155f9240bd0 DEOPT PACKING pc=0x00000155a877045c sp=0x00000037fd8feba0
Event: 14.536 Thread 0x00000155f9240bd0 DEOPT UNPACKING pc=0x00000155a7ce3aa2 sp=0x00000037fd8feb00 mode 2

Classes loaded (20 events):
Event: 13.613 Loading class java/util/Hashtable$ValueCollection
Event: 13.614 Loading class java/util/Hashtable$ValueCollection done
Event: 13.632 Loading class java/util/stream/ReferencePipeline$4
Event: 13.632 Loading class java/util/stream/IntPipeline$StatelessOp
Event: 13.632 Loading class java/util/stream/IntPipeline
Event: 13.633 Loading class java/util/stream/IntStream
Event: 13.634 Loading class java/util/stream/IntStream done
Event: 13.634 Loading class java/util/stream/IntPipeline done
Event: 13.634 Loading class java/util/stream/IntPipeline$StatelessOp done
Event: 13.634 Loading class java/util/stream/ReferencePipeline$4 done
Event: 13.635 Loading class java/util/stream/Nodes$IntFixedNodeBuilder
Event: 13.635 Loading class java/util/stream/Node$Builder$OfInt
Event: 13.635 Loading class java/util/stream/Sink$OfInt
Event: 13.636 Loading class java/util/stream/Sink$OfInt done
Event: 13.636 Loading class java/util/stream/Node$Builder$OfInt done
Event: 13.636 Loading class java/util/stream/Nodes$IntArrayNode
Event: 13.636 Loading class java/util/stream/Nodes$IntArrayNode done
Event: 13.636 Loading class java/util/stream/Nodes$IntFixedNodeBuilder done
Event: 13.636 Loading class java/util/stream/ReferencePipeline$4$1
Event: 13.636 Loading class java/util/stream/ReferencePipeline$4$1 done

Classes unloaded (13 events):
Event: 3.399 Thread 0x00000155b18f18a0 Unloading class 0x00000155b319b000 'java/lang/invoke/LambdaForm$MH+0x00000155b319b000'
Event: 3.399 Thread 0x00000155b18f18a0 Unloading class 0x00000155b319ac00 'java/lang/invoke/LambdaForm$MH+0x00000155b319ac00'
Event: 3.399 Thread 0x00000155b18f18a0 Unloading class 0x00000155b319a800 'java/lang/invoke/LambdaForm$MH+0x00000155b319a800'
Event: 3.399 Thread 0x00000155b18f18a0 Unloading class 0x00000155b319a400 'java/lang/invoke/LambdaForm$MH+0x00000155b319a400'
Event: 3.399 Thread 0x00000155b18f18a0 Unloading class 0x00000155b319a000 'java/lang/invoke/LambdaForm$BMH+0x00000155b319a000'
Event: 3.399 Thread 0x00000155b18f18a0 Unloading class 0x00000155b3199c00 'java/lang/invoke/LambdaForm$DMH+0x00000155b3199c00'
Event: 3.399 Thread 0x00000155b18f18a0 Unloading class 0x00000155b3198c00 'java/lang/invoke/LambdaForm$DMH+0x00000155b3198c00'
Event: 4.920 Thread 0x00000155b18f18a0 Unloading class 0x00000155b32dec00 'java/lang/invoke/LambdaForm$MH+0x00000155b32dec00'
Event: 4.920 Thread 0x00000155b18f18a0 Unloading class 0x00000155b32de000 'java/lang/invoke/LambdaForm$MH+0x00000155b32de000'
Event: 4.920 Thread 0x00000155b18f18a0 Unloading class 0x00000155b32dd800 'java/lang/invoke/LambdaForm$MH+0x00000155b32dd800'
Event: 4.920 Thread 0x00000155b18f18a0 Unloading class 0x00000155b32dd000 'java/lang/invoke/LambdaForm$MH+0x00000155b32dd000'
Event: 4.920 Thread 0x00000155b18f18a0 Unloading class 0x00000155b32dcc00 'java/lang/invoke/LambdaForm$DMH+0x00000155b32dcc00'
Event: 4.920 Thread 0x00000155b18f18a0 Unloading class 0x00000155b32dc000 'java/lang/invoke/LambdaForm$MH+0x00000155b32dc000'

Classes redefined (0 events):
No events

Internal exceptions (20 events):
Event: 7.403 Thread 0x00000155f9241f80 Exception <a 'sun/nio/fs/WindowsException'{0x00000000ebc39ce8}> (0x00000000ebc39ce8) 
thrown [s\src\hotspot\share\prims\jni.cpp, line 520]
Event: 7.403 Thread 0x00000155f9241f80 Exception <a 'sun/nio/fs/WindowsException'{0x00000000ebc3a5c8}> (0x00000000ebc3a5c8) 
thrown [s\src\hotspot\share\prims\jni.cpp, line 520]
Event: 7.413 Thread 0x00000155fbff9390 Exception <a 'java/lang/IncompatibleClassChangeError'{0x00000000eab9d180}: Found class java.lang.Object, but interface was expected> (0x00000000eab9d180) 
thrown [s\src\hotspot\share\interpreter\linkResolver.cpp, line 840]
Event: 7.472 Thread 0x00000155f9241f80 Exception <a 'java/io/FileNotFoundException'{0x00000000eb674a80}> (0x00000000eb674a80) 
thrown [s\src\hotspot\share\prims\jni.cpp, line 520]
Event: 7.472 Thread 0x00000155f9241f80 Exception <a 'java/io/FileNotFoundException'{0x00000000eb675fe0}> (0x00000000eb675fe0) 
thrown [s\src\hotspot\share\prims\jni.cpp, line 520]
Event: 7.473 Thread 0x00000155f9241f80 Exception <a 'java/io/FileNotFoundException'{0x00000000eb677880}> (0x00000000eb677880) 
thrown [s\src\hotspot\share\prims\jni.cpp, line 520]
Event: 7.474 Thread 0x00000155f9241f80 Exception <a 'java/io/FileNotFoundException'{0x00000000eb6b17f0}> (0x00000000eb6b17f0) 
thrown [s\src\hotspot\share\prims\jni.cpp, line 520]
Event: 7.474 Thread 0x00000155f9241f80 Exception <a 'java/io/FileNotFoundException'{0x00000000eb6b2a58}> (0x00000000eb6b2a58) 
thrown [s\src\hotspot\share\prims\jni.cpp, line 520]
Event: 10.078 Thread 0x00000155f9241f80 Exception <a 'java/lang/NoSuchMethodError'{0x00000000eab69550}: 'int java.lang.invoke.DirectMethodHandle$Holder.invokeInterface(java.lang.Object, java.lang.Object)'> (0x00000000eab69550) 
thrown [s\src\hotspot\share\interpreter\linkResolver.cpp, line 773]
Event: 10.079 Thread 0x00000155f9241f80 Exception <a 'java/lang/IncompatibleClassChangeError'{0x00000000eab6c820}: Found class java.lang.Object, but interface was expected> (0x00000000eab6c820) 
thrown [s\src\hotspot\share\interpreter\linkResolver.cpp, line 840]
Event: 10.832 Thread 0x00000155f9240bd0 Implicit null exception at 0x00000155a86e2e20 to 0x00000155a86e82a0
Event: 12.653 Thread 0x00000155f9241f80 Exception <a 'java/lang/NoSuchMethodError'{0x00000000eab40158}: 'java.lang.Object java.lang.invoke.DirectMethodHandle$Holder.invokeStatic(java.lang.Object, java.lang.Object, int, int)'> (0x00000000eab40158) 
thrown [s\src\hotspot\share\interpreter\linkResolver.cpp, line 773]
Event: 12.654 Thread 0x00000155f9241f80 Exception <a 'java/lang/NoSuchMethodError'{0x00000000eab61528}: 'java.lang.Object java.lang.invoke.DirectMethodHandle$Holder.invokeSpecial(java.lang.Object, java.lang.Object, java.lang.Object, int, int)'> (0x00000000eab61528) 
thrown [s\src\hotspot\share\interpreter\linkResolver.cpp, line 773]
Event: 13.014 Thread 0x00000155f9241f80 Exception <a 'java/lang/NoSuchMethodError'{0x00000000eada9a68}: 'int java.lang.invoke.DirectMethodHandle$Holder.invokeSpecialIFC(java.lang.Object, java.lang.Object, java.lang.Object)'> (0x00000000eada9a68) 
thrown [s\src\hotspot\share\interpreter\linkResolver.cpp, line 773]
Event: 13.537 Thread 0x00000155f4d90f30 Implicit null exception at 0x00000155a873d9f4 to 0x00000155a8741b30
Event: 13.538 Thread 0x00000155f4d90f30 Implicit null exception at 0x00000155a8753d28 to 0x00000155a8756188
Event: 13.543 Thread 0x00000155f4d90f30 Implicit null exception at 0x00000155a874f574 to 0x00000155a8750c10
Event: 13.578 Thread 0x00000155f4d90f30 Exception <a 'java/lang/NoSuchMethodError'{0x00000000eac1cc30}: 'void java.lang.invoke.DirectMethodHandle$Holder.invokeStatic(java.lang.Object, int, java.lang.Object)'> (0x00000000eac1cc30) 
thrown [s\src\hotspot\share\interpreter\linkResolver.cpp, line 773]
Event: 13.869 Thread 0x00000155f4d90f30 Implicit null exception at 0x00000155a87ce0a5 to 0x00000155a87ce440
Event: 13.967 Thread 0x00000155f4d90f30 Implicit null exception at 0x00000155a85615cc to 0x00000155a8561617

ZGC Phase Switch (0 events):
No events

VM Operations (20 events):
Event: 14.397 Executing VM operation: ParallelGCFailedAllocation (Allocation Failure) done
Event: 14.411 Executing VM operation: ParallelGCFailedAllocation (Allocation Failure)
Event: 14.414 Executing VM operation: ParallelGCFailedAllocation (Allocation Failure) done
Event: 14.431 Executing VM operation: ParallelGCFailedAllocation (Allocation Failure)
Event: 14.433 Executing VM operation: ParallelGCFailedAllocation (Allocation Failure) done
Event: 14.448 Executing VM operation: ParallelGCFailedAllocation (Allocation Failure)
Event: 14.450 Executing VM operation: ParallelGCFailedAllocation (Allocation Failure) done
Event: 14.467 Executing VM operation: ParallelGCFailedAllocation (Allocation Failure)
Event: 14.469 Executing VM operation: ParallelGCFailedAllocation (Allocation Failure) done
Event: 14.487 Executing VM operation: ParallelGCFailedAllocation (Allocation Failure)
Event: 14.489 Executing VM operation: ParallelGCFailedAllocation (Allocation Failure) done
Event: 14.504 Executing VM operation: ParallelGCFailedAllocation (Allocation Failure)
Event: 14.506 Executing VM operation: ParallelGCFailedAllocation (Allocation Failure) done
Event: 14.522 Executing VM operation: ParallelGCFailedAllocation (Allocation Failure)
Event: 14.525 Executing VM operation: ParallelGCFailedAllocation (Allocation Failure) done
Event: 14.540 Executing VM operation: ParallelGCFailedAllocation (Allocation Failure)
Event: 14.543 Executing VM operation: ParallelGCFailedAllocation (Allocation Failure) done
Event: 14.561 Executing VM operation: ParallelGCFailedAllocation (Allocation Failure)
Event: 14.563 Executing VM operation: ParallelGCFailedAllocation (Allocation Failure) done
Event: 14.578 Executing VM operation: ParallelGCFailedAllocation (Allocation Failure)

Memory protections (0 events):
No events

Nmethod flushes (20 events):
Event: 4.932 Thread 0x00000155b18f18a0 flushing  nmethod 0x00000155a0df0410
Event: 4.932 Thread 0x00000155b18f18a0 flushing  nmethod 0x00000155a0df1610
Event: 4.932 Thread 0x00000155b18f18a0 flushing  nmethod 0x00000155a0df1e10
Event: 4.932 Thread 0x00000155b18f18a0 flushing  nmethod 0x00000155a0df3b10
Event: 4.932 Thread 0x00000155b18f18a0 flushing  nmethod 0x00000155a0df4690
Event: 4.932 Thread 0x00000155b18f18a0 flushing  nmethod 0x00000155a0df5410
Event: 4.932 Thread 0x00000155b18f18a0 flushing  nmethod 0x00000155a0df6110
Event: 4.932 Thread 0x00000155b18f18a0 flushing  nmethod 0x00000155a0df6510
Event: 4.932 Thread 0x00000155b18f18a0 flushing  nmethod 0x00000155a0df7090
Event: 4.932 Thread 0x00000155b18f18a0 flushing  nmethod 0x00000155a0df7d10
Event: 4.932 Thread 0x00000155b18f18a0 flushing  nmethod 0x00000155a0e41e90
Event: 4.932 Thread 0x00000155b18f18a0 flushing  nmethod 0x00000155a0e4a390
Event: 4.932 Thread 0x00000155b18f18a0 flushing  nmethod 0x00000155a0e4a890
Event: 4.932 Thread 0x00000155b18f18a0 flushing  nmethod 0x00000155a0e4ac10
Event: 4.932 Thread 0x00000155b18f18a0 flushing  nmethod 0x00000155a0e73f90
Event: 4.932 Thread 0x00000155b18f18a0 flushing  nmethod 0x00000155a0e77490
Event: 4.932 Thread 0x00000155b18f18a0 flushing  nmethod 0x00000155a0ea2310
Event: 4.932 Thread 0x00000155b18f18a0 flushing  nmethod 0x00000155a0eb9090
Event: 4.932 Thread 0x00000155b18f18a0 flushing  nmethod 0x00000155a0eb9a90
Event: 4.932 Thread 0x00000155b18f18a0 flushing  nmethod 0x00000155a0eda110

Events (20 events):
Event: 4.812 Thread 0x000001559d3ff5b0 Thread added: 0x00000155fbffc180
Event: 4.812 Thread 0x000001559d3ff5b0 Thread added: 0x00000155fbffc810
Event: 4.812 Thread 0x000001559d3ff5b0 Thread added: 0x00000155fbff7fe0
Event: 4.813 Thread 0x000001559d3ff5b0 Thread added: 0x00000155fbffd530
Event: 4.813 Thread 0x000001559d3ff5b0 Thread added: 0x00000155fbff6c30
Event: 4.813 Thread 0x000001559d3ff5b0 Thread added: 0x00000155fbff7950
Event: 4.813 Thread 0x000001559d3ff5b0 Thread added: 0x00000155fbffcea0
Event: 4.813 Thread 0x000001559d3ff5b0 Thread added: 0x00000155fbff8670
Event: 4.860 Thread 0x000001559d3ff5b0 Thread added: 0x00000155fbffadd0
Event: 5.129 Thread 0x000001559d3ff5b0 Thread added: 0x00000155fbff8d00
Event: 5.129 Thread 0x000001559d3ff5b0 Thread added: 0x00000155fbff9390
Event: 8.345 Thread 0x00000155f94018c0 Thread exited: 0x00000155f94018c0
Event: 10.434 Thread 0x00000155f9241f80 Thread added: 0x00000155fbffe250
Event: 10.434 Thread 0x00000155f9241f80 Thread added: 0x00000155fbffa740
Event: 10.434 Thread 0x00000155f9241f80 Thread added: 0x00000155fbff72c0
Event: 10.434 Thread 0x00000155fbffa740 Thread added: 0x00000155f4d950d0
Event: 10.435 Thread 0x00000155fbffe250 Thread added: 0x00000155f4d90210
Event: 10.435 Thread 0x00000155f4d950d0 Thread added: 0x00000155f4d908a0
Event: 13.091 Thread 0x00000155f9241f80 Thread added: 0x00000155f4d93690
Event: 13.441 Thread 0x00000155f9241f80 Thread added: 0x00000155f4d90f30


Dynamic libraries:
0x00007ff60f340000 - 0x00007ff60f34e000 	c:\Users\dk\.vscode\extensions\redhat.java-1.39.0-win32-x64\jre\21.0.5-win32-x86_64\bin\java.exe
0x00007ffba9190000 - 0x00007ffba9388000 	C:\Windows\SYSTEM32\ntdll.dll
0x00007ffba71b0000 - 0x00007ffba7272000 	C:\Windows\System32\KERNEL32.DLL
0x00007ffba69a0000 - 0x00007ffba6c9f000 	C:\Windows\System32\KERNELBASE.dll
0x00007ffba6ee0000 - 0x00007ffba6fe0000 	C:\Windows\System32\ucrtbase.dll
0x00007ffb9c690000 - 0x00007ffb9c6ae000 	c:\Users\dk\.vscode\extensions\redhat.java-1.39.0-win32-x64\jre\21.0.5-win32-x86_64\bin\VCRUNTIME140.dll
0x00007ffba0360000 - 0x00007ffba0378000 	c:\Users\dk\.vscode\extensions\redhat.java-1.39.0-win32-x64\jre\21.0.5-win32-x86_64\bin\jli.dll
0x00007ffba8c40000 - 0x00007ffba8ddd000 	C:\Windows\System32\USER32.dll
0x00007ffba6d70000 - 0x00007ffba6d92000 	C:\Windows\System32\win32u.dll
0x00007ffba8b30000 - 0x00007ffba8b5b000 	C:\Windows\System32\GDI32.dll
0x00007ffba6830000 - 0x00007ffba694a000 	C:\Windows\System32\gdi32full.dll
0x00007ffb927d0000 - 0x00007ffb92a6a000 	C:\Windows\WinSxS\amd64_microsoft.windows.common-controls_6595b64144ccf1df_6.0.19041.4355_none_60b8b9eb71f62e16\COMCTL32.dll
0x00007ffba6cd0000 - 0x00007ffba6d6d000 	C:\Windows\System32\msvcp_win.dll
0x00007ffba8a30000 - 0x00007ffba8ace000 	C:\Windows\System32\msvcrt.dll
0x00007ffba8f10000 - 0x00007ffba8f3f000 	C:\Windows\System32\IMM32.DLL
0x00007ffb9f6a0000 - 0x00007ffb9f6ac000 	c:\Users\dk\.vscode\extensions\redhat.java-1.39.0-win32-x64\jre\21.0.5-win32-x86_64\bin\vcruntime140_1.dll
0x00007ffb91360000 - 0x00007ffb913ed000 	c:\Users\dk\.vscode\extensions\redhat.java-1.39.0-win32-x64\jre\21.0.5-win32-x86_64\bin\msvcp140.dll
0x00007ffb3bf00000 - 0x00007ffb3cc8f000 	c:\Users\dk\.vscode\extensions\redhat.java-1.39.0-win32-x64\jre\21.0.5-win32-x86_64\bin\server\jvm.dll
0x00007ffba8de0000 - 0x00007ffba8e8f000 	C:\Windows\System32\ADVAPI32.dll
0x00007ffba88b0000 - 0x00007ffba894f000 	C:\Windows\System32\sechost.dll
0x00007ffba86c0000 - 0x00007ffba87e3000 	C:\Windows\System32\RPCRT4.dll
0x00007ffba6ca0000 - 0x00007ffba6cc7000 	C:\Windows\System32\bcrypt.dll
0x00007ffba7ef0000 - 0x00007ffba7f5b000 	C:\Windows\System32\WS2_32.dll
0x00007ffba5d20000 - 0x00007ffba5d6b000 	C:\Windows\SYSTEM32\POWRPROF.dll
0x00007ffba0410000 - 0x00007ffba041a000 	C:\Windows\SYSTEM32\VERSION.dll
0x00007ffb8cbe0000 - 0x00007ffb8cc07000 	C:\Windows\SYSTEM32\WINMM.dll
0x00007ffba5bf0000 - 0x00007ffba5c02000 	C:\Windows\SYSTEM32\UMPDC.dll
0x00007ffba5280000 - 0x00007ffba5292000 	C:\Windows\SYSTEM32\kernel.appcore.dll
0x00007ffb91950000 - 0x00007ffb9195a000 	c:\Users\dk\.vscode\extensions\redhat.java-1.39.0-win32-x64\jre\21.0.5-win32-x86_64\bin\jimage.dll
0x00007ffba44f0000 - 0x00007ffba46d4000 	C:\Windows\SYSTEM32\DBGHELP.DLL
0x00007ffba3b20000 - 0x00007ffba3b54000 	C:\Windows\SYSTEM32\dbgcore.DLL
0x00007ffba6e50000 - 0x00007ffba6ed2000 	C:\Windows\System32\bcryptPrimitives.dll
0x00007ffb91940000 - 0x00007ffb9194f000 	c:\Users\dk\.vscode\extensions\redhat.java-1.39.0-win32-x64\jre\21.0.5-win32-x86_64\bin\instrument.dll
0x00007ffb8fcd0000 - 0x00007ffb8fcef000 	c:\Users\dk\.vscode\extensions\redhat.java-1.39.0-win32-x64\jre\21.0.5-win32-x86_64\bin\java.dll
0x00007ffba7420000 - 0x00007ffba7b8d000 	C:\Windows\System32\SHELL32.dll
0x00007ffba4810000 - 0x00007ffba4fb4000 	C:\Windows\SYSTEM32\windows.storage.dll
0x00007ffba7b90000 - 0x00007ffba7ee5000 	C:\Windows\System32\combase.dll
0x00007ffba6180000 - 0x00007ffba61af000 	C:\Windows\SYSTEM32\Wldp.dll
0x00007ffba8b70000 - 0x00007ffba8c3d000 	C:\Windows\System32\OLEAUT32.dll
0x00007ffba7370000 - 0x00007ffba741d000 	C:\Windows\System32\SHCORE.dll
0x00007ffba8f40000 - 0x00007ffba8f95000 	C:\Windows\System32\shlwapi.dll
0x00007ffba6760000 - 0x00007ffba6784000 	C:\Windows\SYSTEM32\profapi.dll
0x00007ffb8fcb0000 - 0x00007ffb8fcc8000 	c:\Users\dk\.vscode\extensions\redhat.java-1.39.0-win32-x64\jre\21.0.5-win32-x86_64\bin\zip.dll
0x00007ffb915b0000 - 0x00007ffb915c0000 	C:\Users\dk\.vscode\extensions\redhat.java-1.39.0-win32-x64\jre\21.0.5-win32-x86_64\bin\net.dll
0x00007ffba3980000 - 0x00007ffba3a8a000 	C:\Windows\SYSTEM32\WINHTTP.dll
0x00007ffba5f60000 - 0x00007ffba5fcc000 	C:\Windows\system32\mswsock.dll
0x00007ffb92b00000 - 0x00007ffb92b16000 	C:\Users\dk\.vscode\extensions\redhat.java-1.39.0-win32-x64\jre\21.0.5-win32-x86_64\bin\nio.dll
0x00007ffb91ea0000 - 0x00007ffb91eb0000 	c:\Users\dk\.vscode\extensions\redhat.java-1.39.0-win32-x64\jre\21.0.5-win32-x86_64\bin\verify.dll
0x00007ffb8fc60000 - 0x00007ffb8fca5000 	C:\Users\dk\AppData\Roaming\Code\User\globalStorage\redhat.java\1.39.0\config_win\org.eclipse.equinox.launcher\org.eclipse.equinox.launcher.win32.win32.x86_64_1.2.1100.v20240722-2106\eclipse_11904.dll
0x00007ffba8590000 - 0x00007ffba86bb000 	C:\Windows\System32\ole32.dll
0x00007ffba61c0000 - 0x00007ffba61d8000 	C:\Windows\SYSTEM32\CRYPTSP.dll
0x00007ffba5830000 - 0x00007ffba5864000 	C:\Windows\system32\rsaenh.dll
0x00007ffba6720000 - 0x00007ffba674e000 	C:\Windows\SYSTEM32\USERENV.dll
0x00007ffba60f0000 - 0x00007ffba60fc000 	C:\Windows\SYSTEM32\CRYPTBASE.dll
0x00007ffba5c10000 - 0x00007ffba5c4b000 	C:\Windows\SYSTEM32\IPHLPAPI.DLL
0x00007ffba88a0000 - 0x00007ffba88a8000 	C:\Windows\System32\NSI.dll
0x00007ffb89bf0000 - 0x00007ffb89c39000 	C:\Users\dk\AppData\Local\Temp\jna-3207\jna4452655549737035290.dll
0x00007ffba8b60000 - 0x00007ffba8b68000 	C:\Windows\System32\PSAPI.DLL
0x00007ffb9d840000 - 0x00007ffb9d857000 	C:\Windows\SYSTEM32\dhcpcsvc6.DLL
0x00007ffba02c0000 - 0x00007ffba02dd000 	C:\Windows\SYSTEM32\dhcpcsvc.DLL

dbghelp: loaded successfully - version: 4.0.5 - missing functions: none
symbol engine: initialized successfully - sym options: 0x614 - pdb path: .;c:\Users\dk\.vscode\extensions\redhat.java-1.39.0-win32-x64\jre\21.0.5-win32-x86_64\bin;C:\Windows\SYSTEM32;C:\Windows\WinSxS\amd64_microsoft.windows.common-controls_6595b64144ccf1df_6.0.19041.4355_none_60b8b9eb71f62e16;c:\Users\dk\.vscode\extensions\redhat.java-1.39.0-win32-x64\jre\21.0.5-win32-x86_64\bin\server;C:\Users\dk\AppData\Roaming\Code\User\globalStorage\redhat.java\1.39.0\config_win\org.eclipse.equinox.launcher\org.eclipse.equinox.launcher.win32.win32.x86_64_1.2.1100.v20240722-2106;C:\Users\dk\AppData\Local\Temp\jna-3207

VM Arguments:
jvm_args: --add-modules=ALL-SYSTEM --add-opens=java.base/java.util=ALL-UNNAMED --add-opens=java.base/java.lang=ALL-UNNAMED --add-opens=java.base/sun.nio.fs=ALL-UNNAMED -Declipse.application=org.eclipse.jdt.ls.core.id1 -Dosgi.bundles.defaultStartLevel=4 -Declipse.product=org.eclipse.jdt.ls.core.product -Djava.import.generatesMetadataFilesAtProjectRoot=false -DDetectVMInstallationsJob.disabled=true -Dfile.encoding=utf8 -XX:+UseParallelGC -XX:GCTimeRatio=4 -XX:AdaptiveSizePolicyWeight=90 -Dsun.zip.disableMemoryMapping=true -Xmx1G -Xms100m -Xlog:disable -javaagent:c:\Users\dk\.vscode\extensions\redhat.java-1.39.0-win32-x64\lombok\lombok-1.18.34.jar -XX:+HeapDumpOnOutOfMemoryError -XX:HeapDumpPath=c:\Users\dk\AppData\Roaming\Code\User\workspaceStorage\fd34dfacb829fd3c3a5173bd3568862a\redhat.java -Daether.dependencyCollector.impl=bf 
java_command: c:\Users\dk\.vscode\extensions\redhat.java-1.39.0-win32-x64\server\plugins\org.eclipse.equinox.launcher_1.6.900.v20240613-2009.jar -configuration c:\Users\dk\AppData\Roaming\Code\User\globalStorage\redhat.java\1.39.0\config_win -data c:\Users\dk\AppData\Roaming\Code\User\workspaceStorage\fd34dfacb829fd3c3a5173bd3568862a\redhat.java\jdt_ws --pipe=\\.\pipe\lsp-9f8799732e3ca24f0cf7549e68f5856a-sock
java_class_path (initial): c:\Users\dk\.vscode\extensions\redhat.java-1.39.0-win32-x64\server\plugins\org.eclipse.equinox.launcher_1.6.900.v20240613-2009.jar
Launcher Type: SUN_STANDARD

[Global flags]
    uintx AdaptiveSizePolicyWeight                 = 90                                        {product} {command line}
     intx CICompilerCount                          = 4                                         {product} {ergonomic}
    uintx GCTimeRatio                              = 4                                         {product} {command line}
     bool HeapDumpOnOutOfMemoryError               = true                                   {manageable} {command line}
    ccstr HeapDumpPath                             = c:\Users\dk\AppData\Roaming\Code\User\workspaceStorage\fd34dfacb829fd3c3a5173bd3568862a\redhat.java         {manageable} {command line}
   size_t InitialHeapSize                          = 104857600                                 {product} {command line}
   size_t MaxHeapSize                              = 1073741824                                {product} {command line}
   size_t MaxNewSize                               = 357564416                                 {product} {ergonomic}
   size_t MinHeapDeltaBytes                        = 524288                                    {product} {ergonomic}
   size_t MinHeapSize                              = 104857600                                 {product} {command line}
   size_t NewSize                                  = 34603008                                  {product} {ergonomic}
    uintx NonNMethodCodeHeapSize                   = 5839372                                {pd product} {ergonomic}
    uintx NonProfiledCodeHeapSize                  = 122909434                              {pd product} {ergonomic}
   size_t OldSize                                  = 70254592                                  {product} {ergonomic}
    uintx ProfiledCodeHeapSize                     = 122909434                              {pd product} {ergonomic}
    uintx ReservedCodeCacheSize                    = 251658240                              {pd product} {ergonomic}
     bool SegmentedCodeCache                       = true                                      {product} {ergonomic}
   size_t SoftMaxHeapSize                          = 1073741824                             {manageable} {ergonomic}
     bool UseCompressedOops                        = true                           {product lp64_product} {ergonomic}
     bool UseLargePagesIndividualAllocation        = false                                  {pd product} {ergonomic}
     bool UseParallelGC                            = true                                      {product} {command line}

Logging:
Log output configuration:
 #0: stdout all=off uptime,level,tags foldmultilines=false
 #1: stderr all=off uptime,level,tags foldmultilines=false

Environment Variables:
JAVA_HOME=C:\Program Files\Java\jdk-17
PATH=C:\oraclexe\app\oracle\product\11.2.0\server\bin;C:\Program Files\Common Files\Oracle\Java\javapath;C:\Windows\system32;C:\Windows;C:\Windows\System32\Wbem;C:\Windows\System32\WindowsPowerShell\v1.0\;C:\Windows\System32\OpenSSH\;C:\Program Files (x86)\Common Files\Adobe\AGL;C:\Program Files\Bandizip\;C:\Program Files\Git\cmd;C:\Program Files\nodejs\;";C:\Program Files\Java\jdk-17\bin";C:\gradle\gradle-8.12.1\bin;C:\Program Files\MySQL\MySQL Shell 8.0\bin\;C:\Users\dk\AppData\Local\Microsoft\WindowsApps;C:\Users\dk\AppData\Local\Programs\Microsoft VS Code\bin;C:\Users\dk\AppData\Roaming\npm
USERNAME=dk
OS=Windows_NT
PROCESSOR_IDENTIFIER=Intel64 Family 6 Model 142 Stepping 12, GenuineIntel
TMP=C:\Users\dk\AppData\Local\Temp
TEMP=C:\Users\dk\AppData\Local\Temp




Periodic native trim disabled

---------------  S Y S T E M  ---------------

OS:
 Windows 10 , 64 bit Build 19041 (10.0.19041.5438)
OS uptime: 2 days 2:55 hours
Hyper-V role detected

CPU: total 8 (initial active 8) (4 cores per cpu, 2 threads per core) family 6 model 142 stepping 12 microcode 0xc0, cx8, cmov, fxsr, ht, mmx, 3dnowpref, sse, sse2, sse3, ssse3, sse4.1, sse4.2, popcnt, lzcnt, tsc, tscinvbit, avx, avx2, aes, erms, clmul, bmi1, bmi2, adx, fma, vzeroupper, clflush, clflushopt, hv, rdtscp, f16c
Processor Information for all 8 processors :
  Max Mhz: 2304, Current Mhz: 1803, Mhz Limit: 1797

Memory: 4k page, system-wide physical 24410M (7117M free)
TotalPageFile size 54144M (AvailPageFile size 7M)
current process WorkingSet (physical memory assigned to process): 706M, peak: 713M
current process commit charge ("private bytes"): 661M, peak: 1053M

vm_info: OpenJDK 64-Bit Server VM (21.0.5+11-LTS) for windows-amd64 JRE (21.0.5+11-LTS), built on 2024-10-15T00:00:00Z by "admin" with MS VC++ 17.7 (VS2022)

END.
