#
# There is insufficient memory for the Java Runtime Environment to continue.
# Native memory allocation (malloc) failed to allocate 1263520 bytes for Chunk::new
# Possible reasons:
#   The system is out of physical RAM or swap space
#   The process is running with CompressedOops enabled, and the Java Heap may be blocking the growth of the native heap
# Possible solutions:
#   Reduce memory load on the system
#   Increase physical memory or swap space
#   Check if swap backing store is full
#   Decrease Java heap size (-Xmx/-Xms)
#   Decrease number of Java threads
#   Decrease Java thread stack sizes (-Xss)
#   Set larger code cache with -XX:ReservedCodeCacheSize=
#   JVM is running with Zero Based Compressed Oops mode in which the Java heap is
#     placed in the first 32GB address space. The Java Heap base address is the
#     maximum limit for the native heap growth. Please use -XX:HeapBaseMinAddress
#     to set the Java Heap base and to place the Java Heap above 32GB virtual address.
# This output file may be truncated or incomplete.
#
#  Out of Memory Error (arena.cpp:189), pid=19308, tid=19416
#
# JRE version: Java(TM) SE Runtime Environment (17.0.12+8) (build 17.0.12+8-LTS-286)
# Java VM: Java HotSpot(TM) 64-Bit Server VM (17.0.12+8-LTS-286, mixed mode, sharing, tiered, compressed oops, compressed class ptrs, g1 gc, windows-amd64)
# No core dump will be written. Minidumps are not enabled by default on client versions of Windows
#

---------------  S U M M A R Y ------------

Command Line: -Dcom.sun.management.jmxremote -Dcom.sun.management.jmxremote.port=50168 -Dcom.sun.management.jmxremote.authenticate=false -Dcom.sun.management.jmxremote.ssl=false -Dspring.jmx.enabled=true -Djava.rmi.server.hostname=localhost -Dspring.application.admin.enabled=true -Dspring.boot.project.name=backend-new -XX:+ShowCodeDetailsInExceptionMessages com.roadmaker.RoadmakerApplication

Host: Intel(R) Core(TM) i7-10510U CPU @ 1.80GHz, 8 cores, 23G,  Windows 10 , 64 bit Build 19041 (10.0.19041.5438)
Time: Wed Feb 26 16:02:28 2025  Windows 10 , 64 bit Build 19041 (10.0.19041.5438) elapsed time: 3.291377 seconds (0d 0h 0m 3s)

---------------  T H R E A D  ---------------

Current thread (0x000001d3f45f1660):  JavaThread "C2 CompilerThread2" daemon [_thread_in_native, id=19416, stack(0x0000000102900000,0x0000000102a00000)]


Current CompileTask:
C2:   3291 2174       4       jdk.internal.org.objectweb.asm.Frame::execute (2305 bytes)

Stack: [0x0000000102900000,0x0000000102a00000]
Native frames: (J=compiled Java code, j=interpreted, Vv=VM code, C=native code)
V  [jvm.dll+0x67a04a]
V  [jvm.dll+0x7da4ed]
V  [jvm.dll+0x7dbe33]
V  [jvm.dll+0x7dc4a3]
V  [jvm.dll+0x24508f]
V  [jvm.dll+0xab773]
V  [jvm.dll+0xabd3c]
V  [jvm.dll+0x361bee]
V  [jvm.dll+0x1ba64a]
V  [jvm.dll+0x216997]
V  [jvm.dll+0x215c6f]
V  [jvm.dll+0x1a2960]
V  [jvm.dll+0x22610b]
V  [jvm.dll+0x2242ab]
V  [jvm.dll+0x79075c]
V  [jvm.dll+0x78abea]
V  [jvm.dll+0x678f35]
C  [ucrtbase.dll+0x21bb2]
C  [KERNEL32.DLL+0x17374]
C  [ntdll.dll+0x4cc91]


---------------  P R O C E S S  ---------------

Threads class SMR info:
_java_thread_list=0x000001d3f47299f0, length=20, elements={
0x000001d3c767cd20, 0x000001d3eef2f7d0, 0x000001d3eef30360, 0x000001d3eef477a0,
0x000001d3eef49480, 0x000001d3eef49d50, 0x000001d3eef4a620, 0x000001d3eef4b220,
0x000001d3eef4bb30, 0x000001d3eef50c40, 0x000001d3eef1a9c0, 0x000001d3f3140b00,
0x000001d3f37d2650, 0x000001d3f3642390, 0x000001d3f366d500, 0x000001d3f3875c20,
0x000001d3f3aadef0, 0x000001d3f402e880, 0x000001d3f3b5fc30, 0x000001d3f45f1660
}

Java Threads: ( => current thread )
  0x000001d3c767cd20 JavaThread "main" [_thread_blocked, id=29592, stack(0x0000000100600000,0x0000000100700000)]
  0x000001d3eef2f7d0 JavaThread "Reference Handler" daemon [_thread_blocked, id=31988, stack(0x0000000100d00000,0x0000000100e00000)]
  0x000001d3eef30360 JavaThread "Finalizer" daemon [_thread_blocked, id=20796, stack(0x0000000100e00000,0x0000000100f00000)]
  0x000001d3eef477a0 JavaThread "Signal Dispatcher" daemon [_thread_blocked, id=4484, stack(0x0000000100f00000,0x0000000101000000)]
  0x000001d3eef49480 JavaThread "Attach Listener" daemon [_thread_blocked, id=28520, stack(0x0000000101000000,0x0000000101100000)]
  0x000001d3eef49d50 JavaThread "Service Thread" daemon [_thread_blocked, id=4652, stack(0x0000000101100000,0x0000000101200000)]
  0x000001d3eef4a620 JavaThread "Monitor Deflation Thread" daemon [_thread_blocked, id=23056, stack(0x0000000101200000,0x0000000101300000)]
  0x000001d3eef4b220 JavaThread "C2 CompilerThread0" daemon [_thread_in_native, id=29948, stack(0x0000000101300000,0x0000000101400000)]
  0x000001d3eef4bb30 JavaThread "C1 CompilerThread0" daemon [_thread_blocked, id=29672, stack(0x0000000101400000,0x0000000101500000)]
  0x000001d3eef50c40 JavaThread "Sweeper thread" daemon [_thread_blocked, id=31876, stack(0x0000000101500000,0x0000000101600000)]
  0x000001d3eef1a9c0 JavaThread "Common-Cleaner" daemon [_thread_blocked, id=19400, stack(0x0000000101600000,0x0000000101700000)]
  0x000001d3f3140b00 JavaThread "Notification Thread" daemon [_thread_blocked, id=18348, stack(0x0000000101700000,0x0000000101800000)]
  0x000001d3f37d2650 JavaThread "RMI TCP Accept-0" daemon [_thread_in_native, id=19856, stack(0x0000000101800000,0x0000000101900000)]
  0x000001d3f3642390 JavaThread "RMI TCP Accept-50168" daemon [_thread_in_native, id=4544, stack(0x0000000101900000,0x0000000101a00000)]
  0x000001d3f366d500 JavaThread "RMI TCP Accept-0" daemon [_thread_in_native, id=19572, stack(0x0000000101a00000,0x0000000101b00000)]
  0x000001d3f3875c20 JavaThread "C2 CompilerThread1" daemon [_thread_blocked, id=32360, stack(0x0000000101c00000,0x0000000101d00000)]
  0x000001d3f3aadef0 JavaThread "Thread-0" [_thread_blocked, id=27788, stack(0x0000000102600000,0x0000000102700000)]
  0x000001d3f402e880 JavaThread "restartedMain" [_thread_in_native, id=27604, stack(0x0000000102700000,0x0000000102800000)]
  0x000001d3f3b5fc30 JavaThread "background-preinit" [_thread_in_Java, id=876, stack(0x0000000102800000,0x0000000102900000)]
=>0x000001d3f45f1660 JavaThread "C2 CompilerThread2" daemon [_thread_in_native, id=19416, stack(0x0000000102900000,0x0000000102a00000)]

Other Threads:
  0x000001d3eef290b0 VMThread "VM Thread" [stack: 0x0000000100c00000,0x0000000100d00000] [id=32636]
  0x000001d3c7725ae0 WatcherThread [stack: 0x0000000101b00000,0x0000000101c00000] [id=30660]
  0x000001d3c770e690 GCTaskThread "GC Thread#0" [stack: 0x0000000100700000,0x0000000100800000] [id=23976]
  0x000001d3f39c9b30 GCTaskThread "GC Thread#1" [stack: 0x0000000101d00000,0x0000000101e00000] [id=14464]
  0x000001d3f366d140 GCTaskThread "GC Thread#2" [stack: 0x0000000101e00000,0x0000000101f00000] [id=19152]
  0x000001d3f3950600 GCTaskThread "GC Thread#3" [stack: 0x0000000101f00000,0x0000000102000000] [id=29560]
  0x000001d3f39508c0 GCTaskThread "GC Thread#4" [stack: 0x0000000102000000,0x0000000102100000] [id=5828]
  0x000001d3f3950b80 GCTaskThread "GC Thread#5" [stack: 0x0000000102100000,0x0000000102200000] [id=23420]
  0x000001d3f3950e40 GCTaskThread "GC Thread#6" [stack: 0x0000000102200000,0x0000000102300000] [id=25128]
  0x000001d3f3951100 GCTaskThread "GC Thread#7" [stack: 0x0000000102300000,0x0000000102400000] [id=21292]
  0x000001d3c771b2b0 ConcurrentGCThread "G1 Main Marker" [stack: 0x0000000100800000,0x0000000100900000] [id=20716]
  0x000001d3c771bad0 ConcurrentGCThread "G1 Conc#0" [stack: 0x0000000100900000,0x0000000100a00000] [id=30732]
  0x000001d3c773e660 ConcurrentGCThread "G1 Refine#0" [stack: 0x0000000100a00000,0x0000000100b00000] [id=12020]
  0x000001d3f3b4a080 ConcurrentGCThread "G1 Refine#1" [stack: 0x0000000102400000,0x0000000102500000] [id=24100]
  0x000001d3f402c0b0 ConcurrentGCThread "G1 Refine#2" [stack: 0x0000000102500000,0x0000000102600000] [id=2724]
  0x000001d3eede7150 ConcurrentGCThread "G1 Service" [stack: 0x0000000100b00000,0x0000000100c00000] [id=27308]

Threads with active compile tasks:
C2 CompilerThread0     3339 2431       4       java.lang.invoke.MethodType::makeImpl (109 bytes)
C2 CompilerThread1     3339 2451       4       java.util.StringTokenizer::skipDelimiters (116 bytes)
C2 CompilerThread2     3339 2174       4       jdk.internal.org.objectweb.asm.Frame::execute (2305 bytes)

VM state: not at safepoint (normal execution)

VM Mutex/Monitor currently owned by a thread: None

Heap address: 0x0000000682800000, size: 6104 MB, Compressed Oops mode: Zero based, Oop shift amount: 3

CDS archive(s) mapped at: [0x000001d380000000-0x000001d380bd0000-0x000001d380bd0000), size 12386304, SharedBaseAddress: 0x000001d380000000, ArchiveRelocationMode: 1.
Compressed class space mapped at: 0x000001d381000000-0x000001d3c1000000, reserved size: 1073741824
Narrow klass base: 0x000001d380000000, Narrow klass shift: 0, Narrow klass range: 0x100000000

GC Precious Log:
 CPUs: 8 total, 8 available
 Memory: 24410M
 Large Page Support: Disabled
 NUMA Support: Disabled
 Compressed Oops: Enabled (Zero based)
 Heap Region Size: 4M
 Heap Min Capacity: 8M
 Heap Initial Capacity: 384M
 Heap Max Capacity: 6104M
 Pre-touch: Disabled
 Parallel Workers: 8
 Concurrent Workers: 2
 Concurrent Refinement Workers: 8
 Periodic GC: Disabled

Heap:
 garbage-first heap   total 393216K, used 9403K [0x0000000682800000, 0x0000000800000000)
  region size 4096K, 2 young (8192K), 1 survivors (4096K)
 Metaspace       used 19639K, committed 19904K, reserved 1114112K
  class space    used 2472K, committed 2624K, reserved 1048576K

Heap Regions: E=young(eden), S=young(survivor), O=old, HS=humongous(starts), HC=humongous(continues), CS=collection set, F=free, OA=open archive, CA=closed archive, TAMS=top-at-mark-start (previous, next)
|   0|0x0000000682800000, 0x0000000682c00000, 0x0000000682c00000|100%| O|  |TAMS 0x0000000682800000, 0x0000000682800000| Untracked 
|   1|0x0000000682c00000, 0x0000000682dfea00, 0x0000000683000000| 49%| O|  |TAMS 0x0000000682c00000, 0x0000000682c00000| Untracked 
|   2|0x0000000683000000, 0x0000000683000000, 0x0000000683400000|  0%| F|  |TAMS 0x0000000683000000, 0x0000000683000000| Untracked 
|   3|0x0000000683400000, 0x0000000683400000, 0x0000000683800000|  0%| F|  |TAMS 0x0000000683400000, 0x0000000683400000| Untracked 
|   4|0x0000000683800000, 0x0000000683800000, 0x0000000683c00000|  0%| F|  |TAMS 0x0000000683800000, 0x0000000683800000| Untracked 
|   5|0x0000000683c00000, 0x0000000683c00000, 0x0000000684000000|  0%| F|  |TAMS 0x0000000683c00000, 0x0000000683c00000| Untracked 
|   6|0x0000000684000000, 0x0000000684000000, 0x0000000684400000|  0%| F|  |TAMS 0x0000000684000000, 0x0000000684000000| Untracked 
|   7|0x0000000684400000, 0x0000000684400000, 0x0000000684800000|  0%| F|  |TAMS 0x0000000684400000, 0x0000000684400000| Untracked 
|   8|0x0000000684800000, 0x0000000684800000, 0x0000000684c00000|  0%| F|  |TAMS 0x0000000684800000, 0x0000000684800000| Untracked 
|   9|0x0000000684c00000, 0x0000000684c00000, 0x0000000685000000|  0%| F|  |TAMS 0x0000000684c00000, 0x0000000684c00000| Untracked 
|  10|0x0000000685000000, 0x0000000685000000, 0x0000000685400000|  0%| F|  |TAMS 0x0000000685000000, 0x0000000685000000| Untracked 
|  11|0x0000000685400000, 0x0000000685400000, 0x0000000685800000|  0%| F|  |TAMS 0x0000000685400000, 0x0000000685400000| Untracked 
|  12|0x0000000685800000, 0x0000000685800000, 0x0000000685c00000|  0%| F|  |TAMS 0x0000000685800000, 0x0000000685800000| Untracked 
|  13|0x0000000685c00000, 0x0000000685c00000, 0x0000000686000000|  0%| F|  |TAMS 0x0000000685c00000, 0x0000000685c00000| Untracked 
|  14|0x0000000686000000, 0x0000000686000000, 0x0000000686400000|  0%| F|  |TAMS 0x0000000686000000, 0x0000000686000000| Untracked 
|  15|0x0000000686400000, 0x0000000686400000, 0x0000000686800000|  0%| F|  |TAMS 0x0000000686400000, 0x0000000686400000| Untracked 
|  16|0x0000000686800000, 0x0000000686800000, 0x0000000686c00000|  0%| F|  |TAMS 0x0000000686800000, 0x0000000686800000| Untracked 
|  17|0x0000000686c00000, 0x0000000686c00000, 0x0000000687000000|  0%| F|  |TAMS 0x0000000686c00000, 0x0000000686c00000| Untracked 
|  18|0x0000000687000000, 0x0000000687000000, 0x0000000687400000|  0%| F|  |TAMS 0x0000000687000000, 0x0000000687000000| Untracked 
|  19|0x0000000687400000, 0x0000000687400000, 0x0000000687800000|  0%| F|  |TAMS 0x0000000687400000, 0x0000000687400000| Untracked 
|  20|0x0000000687800000, 0x0000000687800000, 0x0000000687c00000|  0%| F|  |TAMS 0x0000000687800000, 0x0000000687800000| Untracked 
|  21|0x0000000687c00000, 0x0000000687c00000, 0x0000000688000000|  0%| F|  |TAMS 0x0000000687c00000, 0x0000000687c00000| Untracked 
|  22|0x0000000688000000, 0x0000000688000000, 0x0000000688400000|  0%| F|  |TAMS 0x0000000688000000, 0x0000000688000000| Untracked 
|  23|0x0000000688400000, 0x0000000688400000, 0x0000000688800000|  0%| F|  |TAMS 0x0000000688400000, 0x0000000688400000| Untracked 
|  24|0x0000000688800000, 0x0000000688800000, 0x0000000688c00000|  0%| F|  |TAMS 0x0000000688800000, 0x0000000688800000| Untracked 
|  25|0x0000000688c00000, 0x0000000688c00000, 0x0000000689000000|  0%| F|  |TAMS 0x0000000688c00000, 0x0000000688c00000| Untracked 
|  26|0x0000000689000000, 0x0000000689000000, 0x0000000689400000|  0%| F|  |TAMS 0x0000000689000000, 0x0000000689000000| Untracked 
|  27|0x0000000689400000, 0x0000000689400000, 0x0000000689800000|  0%| F|  |TAMS 0x0000000689400000, 0x0000000689400000| Untracked 
|  28|0x0000000689800000, 0x0000000689800000, 0x0000000689c00000|  0%| F|  |TAMS 0x0000000689800000, 0x0000000689800000| Untracked 
|  29|0x0000000689c00000, 0x0000000689c00000, 0x000000068a000000|  0%| F|  |TAMS 0x0000000689c00000, 0x0000000689c00000| Untracked 
|  30|0x000000068a000000, 0x000000068a000000, 0x000000068a400000|  0%| F|  |TAMS 0x000000068a000000, 0x000000068a000000| Untracked 
|  31|0x000000068a400000, 0x000000068a400000, 0x000000068a800000|  0%| F|  |TAMS 0x000000068a400000, 0x000000068a400000| Untracked 
|  32|0x000000068a800000, 0x000000068a800000, 0x000000068ac00000|  0%| F|  |TAMS 0x000000068a800000, 0x000000068a800000| Untracked 
|  33|0x000000068ac00000, 0x000000068ac00000, 0x000000068b000000|  0%| F|  |TAMS 0x000000068ac00000, 0x000000068ac00000| Untracked 
|  34|0x000000068b000000, 0x000000068b000000, 0x000000068b400000|  0%| F|  |TAMS 0x000000068b000000, 0x000000068b000000| Untracked 
|  35|0x000000068b400000, 0x000000068b400000, 0x000000068b800000|  0%| F|  |TAMS 0x000000068b400000, 0x000000068b400000| Untracked 
|  36|0x000000068b800000, 0x000000068b800000, 0x000000068bc00000|  0%| F|  |TAMS 0x000000068b800000, 0x000000068b800000| Untracked 
|  37|0x000000068bc00000, 0x000000068bc00000, 0x000000068c000000|  0%| F|  |TAMS 0x000000068bc00000, 0x000000068bc00000| Untracked 
|  38|0x000000068c000000, 0x000000068c000000, 0x000000068c400000|  0%| F|  |TAMS 0x000000068c000000, 0x000000068c000000| Untracked 
|  39|0x000000068c400000, 0x000000068c400000, 0x000000068c800000|  0%| F|  |TAMS 0x000000068c400000, 0x000000068c400000| Untracked 
|  40|0x000000068c800000, 0x000000068c800000, 0x000000068cc00000|  0%| F|  |TAMS 0x000000068c800000, 0x000000068c800000| Untracked 
|  41|0x000000068cc00000, 0x000000068cc00000, 0x000000068d000000|  0%| F|  |TAMS 0x000000068cc00000, 0x000000068cc00000| Untracked 
|  42|0x000000068d000000, 0x000000068d000000, 0x000000068d400000|  0%| F|  |TAMS 0x000000068d000000, 0x000000068d000000| Untracked 
|  43|0x000000068d400000, 0x000000068d400000, 0x000000068d800000|  0%| F|  |TAMS 0x000000068d400000, 0x000000068d400000| Untracked 
|  44|0x000000068d800000, 0x000000068d800000, 0x000000068dc00000|  0%| F|  |TAMS 0x000000068d800000, 0x000000068d800000| Untracked 
|  45|0x000000068dc00000, 0x000000068dc00000, 0x000000068e000000|  0%| F|  |TAMS 0x000000068dc00000, 0x000000068dc00000| Untracked 
|  46|0x000000068e000000, 0x000000068e000000, 0x000000068e400000|  0%| F|  |TAMS 0x000000068e000000, 0x000000068e000000| Untracked 
|  47|0x000000068e400000, 0x000000068e400000, 0x000000068e800000|  0%| F|  |TAMS 0x000000068e400000, 0x000000068e400000| Untracked 
|  48|0x000000068e800000, 0x000000068e800000, 0x000000068ec00000|  0%| F|  |TAMS 0x000000068e800000, 0x000000068e800000| Untracked 
|  49|0x000000068ec00000, 0x000000068ec00000, 0x000000068f000000|  0%| F|  |TAMS 0x000000068ec00000, 0x000000068ec00000| Untracked 
|  50|0x000000068f000000, 0x000000068f000000, 0x000000068f400000|  0%| F|  |TAMS 0x000000068f000000, 0x000000068f000000| Untracked 
|  51|0x000000068f400000, 0x000000068f400000, 0x000000068f800000|  0%| F|  |TAMS 0x000000068f400000, 0x000000068f400000| Untracked 
|  52|0x000000068f800000, 0x000000068f800000, 0x000000068fc00000|  0%| F|  |TAMS 0x000000068f800000, 0x000000068f800000| Untracked 
|  53|0x000000068fc00000, 0x000000068fc00000, 0x0000000690000000|  0%| F|  |TAMS 0x000000068fc00000, 0x000000068fc00000| Untracked 
|  54|0x0000000690000000, 0x0000000690000000, 0x0000000690400000|  0%| F|  |TAMS 0x0000000690000000, 0x0000000690000000| Untracked 
|  55|0x0000000690400000, 0x0000000690400000, 0x0000000690800000|  0%| F|  |TAMS 0x0000000690400000, 0x0000000690400000| Untracked 
|  56|0x0000000690800000, 0x0000000690800000, 0x0000000690c00000|  0%| F|  |TAMS 0x0000000690800000, 0x0000000690800000| Untracked 
|  57|0x0000000690c00000, 0x0000000690c00000, 0x0000000691000000|  0%| F|  |TAMS 0x0000000690c00000, 0x0000000690c00000| Untracked 
|  58|0x0000000691000000, 0x0000000691000000, 0x0000000691400000|  0%| F|  |TAMS 0x0000000691000000, 0x0000000691000000| Untracked 
|  59|0x0000000691400000, 0x0000000691400000, 0x0000000691800000|  0%| F|  |TAMS 0x0000000691400000, 0x0000000691400000| Untracked 
|  60|0x0000000691800000, 0x0000000691800000, 0x0000000691c00000|  0%| F|  |TAMS 0x0000000691800000, 0x0000000691800000| Untracked 
|  61|0x0000000691c00000, 0x0000000691c00000, 0x0000000692000000|  0%| F|  |TAMS 0x0000000691c00000, 0x0000000691c00000| Untracked 
|  62|0x0000000692000000, 0x0000000692000000, 0x0000000692400000|  0%| F|  |TAMS 0x0000000692000000, 0x0000000692000000| Untracked 
|  63|0x0000000692400000, 0x0000000692400000, 0x0000000692800000|  0%| F|  |TAMS 0x0000000692400000, 0x0000000692400000| Untracked 
|  64|0x0000000692800000, 0x0000000692800000, 0x0000000692c00000|  0%| F|  |TAMS 0x0000000692800000, 0x0000000692800000| Untracked 
|  65|0x0000000692c00000, 0x0000000692c00000, 0x0000000693000000|  0%| F|  |TAMS 0x0000000692c00000, 0x0000000692c00000| Untracked 
|  66|0x0000000693000000, 0x0000000693000000, 0x0000000693400000|  0%| F|  |TAMS 0x0000000693000000, 0x0000000693000000| Untracked 
|  67|0x0000000693400000, 0x0000000693400000, 0x0000000693800000|  0%| F|  |TAMS 0x0000000693400000, 0x0000000693400000| Untracked 
|  68|0x0000000693800000, 0x0000000693800000, 0x0000000693c00000|  0%| F|  |TAMS 0x0000000693800000, 0x0000000693800000| Untracked 
|  69|0x0000000693c00000, 0x0000000693c00000, 0x0000000694000000|  0%| F|  |TAMS 0x0000000693c00000, 0x0000000693c00000| Untracked 
|  70|0x0000000694000000, 0x0000000694000000, 0x0000000694400000|  0%| F|  |TAMS 0x0000000694000000, 0x0000000694000000| Untracked 
|  71|0x0000000694400000, 0x0000000694400000, 0x0000000694800000|  0%| F|  |TAMS 0x0000000694400000, 0x0000000694400000| Untracked 
|  72|0x0000000694800000, 0x0000000694800000, 0x0000000694c00000|  0%| F|  |TAMS 0x0000000694800000, 0x0000000694800000| Untracked 
|  73|0x0000000694c00000, 0x0000000694c00000, 0x0000000695000000|  0%| F|  |TAMS 0x0000000694c00000, 0x0000000694c00000| Untracked 
|  74|0x0000000695000000, 0x0000000695000000, 0x0000000695400000|  0%| F|  |TAMS 0x0000000695000000, 0x0000000695000000| Untracked 
|  75|0x0000000695400000, 0x0000000695400000, 0x0000000695800000|  0%| F|  |TAMS 0x0000000695400000, 0x0000000695400000| Untracked 
|  76|0x0000000695800000, 0x0000000695800000, 0x0000000695c00000|  0%| F|  |TAMS 0x0000000695800000, 0x0000000695800000| Untracked 
|  77|0x0000000695c00000, 0x0000000695c00000, 0x0000000696000000|  0%| F|  |TAMS 0x0000000695c00000, 0x0000000695c00000| Untracked 
|  78|0x0000000696000000, 0x0000000696000000, 0x0000000696400000|  0%| F|  |TAMS 0x0000000696000000, 0x0000000696000000| Untracked 
|  79|0x0000000696400000, 0x0000000696400000, 0x0000000696800000|  0%| F|  |TAMS 0x0000000696400000, 0x0000000696400000| Untracked 
|  80|0x0000000696800000, 0x0000000696800000, 0x0000000696c00000|  0%| F|  |TAMS 0x0000000696800000, 0x0000000696800000| Untracked 
|  81|0x0000000696c00000, 0x0000000696c00000, 0x0000000697000000|  0%| F|  |TAMS 0x0000000696c00000, 0x0000000696c00000| Untracked 
|  82|0x0000000697000000, 0x0000000697000000, 0x0000000697400000|  0%| F|  |TAMS 0x0000000697000000, 0x0000000697000000| Untracked 
|  83|0x0000000697400000, 0x0000000697400000, 0x0000000697800000|  0%| F|  |TAMS 0x0000000697400000, 0x0000000697400000| Untracked 
|  84|0x0000000697800000, 0x0000000697b303e8, 0x0000000697c00000| 79%| S|CS|TAMS 0x0000000697800000, 0x0000000697800000| Complete 
|  85|0x0000000697c00000, 0x0000000697c00000, 0x0000000698000000|  0%| F|  |TAMS 0x0000000697c00000, 0x0000000697c00000| Untracked 
|  86|0x0000000698000000, 0x0000000698000000, 0x0000000698400000|  0%| F|  |TAMS 0x0000000698000000, 0x0000000698000000| Untracked 
|  87|0x0000000698400000, 0x0000000698400000, 0x0000000698800000|  0%| F|  |TAMS 0x0000000698400000, 0x0000000698400000| Untracked 
|  88|0x0000000698800000, 0x0000000698800000, 0x0000000698c00000|  0%| F|  |TAMS 0x0000000698800000, 0x0000000698800000| Untracked 
|  89|0x0000000698c00000, 0x0000000698c00000, 0x0000000699000000|  0%| F|  |TAMS 0x0000000698c00000, 0x0000000698c00000| Untracked 
|  90|0x0000000699000000, 0x0000000699000000, 0x0000000699400000|  0%| F|  |TAMS 0x0000000699000000, 0x0000000699000000| Untracked 
|  91|0x0000000699400000, 0x0000000699400000, 0x0000000699800000|  0%| F|  |TAMS 0x0000000699400000, 0x0000000699400000| Untracked 
|  92|0x0000000699800000, 0x0000000699800000, 0x0000000699c00000|  0%| F|  |TAMS 0x0000000699800000, 0x0000000699800000| Untracked 
|  93|0x0000000699c00000, 0x0000000699c00000, 0x000000069a000000|  0%| F|  |TAMS 0x0000000699c00000, 0x0000000699c00000| Untracked 
|  94|0x000000069a000000, 0x000000069a000000, 0x000000069a400000|  0%| F|  |TAMS 0x000000069a000000, 0x000000069a000000| Untracked 
|  95|0x000000069a400000, 0x000000069a800000, 0x000000069a800000|100%| E|  |TAMS 0x000000069a400000, 0x000000069a400000| Complete 

Card table byte_map: [0x000001d3dee50000,0x000001d3dfa40000] _byte_map_base: 0x000001d3dba3c000

Marking Bits (Prev, Next): (CMBitMap*) 0x000001d3c770eac0, (CMBitMap*) 0x000001d3c770eb00
 Prev Bits: [0x000001d3e0630000, 0x000001d3e6590000)
 Next Bits: [0x000001d3e6590000, 0x000001d3ec4f0000)

Polling page: 0x000001d3c6e40000

Metaspace:

Usage:
  Non-class:     16.91 MB used.
      Class:      2.42 MB used.
       Both:     19.34 MB used.

Virtual space:
  Non-class space:       64.00 MB reserved,      17.06 MB ( 27%) committed,  1 nodes.
      Class space:        1.00 GB reserved,       2.56 MB ( <1%) committed,  1 nodes.
             Both:        1.06 GB reserved,      19.62 MB (  2%) committed. 

Chunk freelists:
   Non-Class:  14.66 MB
       Class:  13.39 MB
        Both:  28.05 MB

MaxMetaspaceSize: unlimited
CompressedClassSpaceSize: 1.00 GB
Initial GC threshold: 21.00 MB
Current GC threshold: 21.00 MB
CDS: on
MetaspaceReclaimPolicy: balanced
 - commit_granule_bytes: 65536.
 - commit_granule_words: 8192.
 - virtual_space_node_default_size: 8388608.
 - enlarge_chunks_in_place: 1.
 - new_chunks_are_fully_committed: 0.
 - uncommit_free_chunks: 1.
 - use_allocation_guard: 0.
 - handle_deallocations: 1.


Internal statistics:

num_allocs_failed_limit: 0.
num_arena_births: 310.
num_arena_deaths: 0.
num_vsnodes_births: 2.
num_vsnodes_deaths: 0.
num_space_committed: 314.
num_space_uncommitted: 0.
num_chunks_returned_to_freelist: 0.
num_chunks_taken_from_freelist: 878.
num_chunk_merges: 0.
num_chunk_splits: 603.
num_chunks_enlarged: 457.
num_inconsistent_stats: 0.

CodeHeap 'non-profiled nmethods': size=120000Kb used=947Kb max_used=947Kb free=119052Kb
 bounds [0x000001d3d6a00000, 0x000001d3d6c70000, 0x000001d3ddf30000]
CodeHeap 'profiled nmethods': size=120000Kb used=4717Kb max_used=4717Kb free=115282Kb
 bounds [0x000001d3cef30000, 0x000001d3cf3d0000, 0x000001d3d6460000]
CodeHeap 'non-nmethods': size=5760Kb used=1218Kb max_used=1260Kb free=4541Kb
 bounds [0x000001d3d6460000, 0x000001d3d66d0000, 0x000001d3d6a00000]
 total_blobs=2982 nmethods=2462 adapters=432
 compilation: enabled
              stopped_count=0, restarted_count=0
 full_count=0

Compilation events (20 events):
Event: 3.267 Thread 0x000001d3eef4bb30 nmethod 2414 0x000001d3cf3b4b10 code [0x000001d3cf3b4dc0, 0x000001d3cf3b5c28]
Event: 3.267 Thread 0x000001d3eef4bb30 2415       3       org.springframework.util.AntPathMatcher::matchStrings (11 bytes)
Event: 3.267 Thread 0x000001d3f3875c20 2420       4       java.util.ArrayList::add (25 bytes)
Event: 3.267 Thread 0x000001d3eef4bb30 nmethod 2415 0x000001d3cf3b6210 code [0x000001d3cf3b63c0, 0x000001d3cf3b6578]
Event: 3.267 Thread 0x000001d3eef4bb30 2416       3       org.springframework.util.AntPathMatcher::getStringMatcher (102 bytes)
Event: 3.268 Thread 0x000001d3eef4bb30 nmethod 2416 0x000001d3cf3b6690 code [0x000001d3cf3b68c0, 0x000001d3cf3b7338]
Event: 3.268 Thread 0x000001d3eef4bb30 2417       3       org.springframework.util.AntPathMatcher$AntPathStringMatcher::matchStrings (178 bytes)
Event: 3.270 Thread 0x000001d3eef4bb30 nmethod 2417 0x000001d3cf3b7610 code [0x000001d3cf3b78e0, 0x000001d3cf3b8608]
Event: 3.270 Thread 0x000001d3eef4bb30 2422       3       sun.nio.fs.NativeBuffers::releaseNativeBuffer (97 bytes)
Event: 3.271 Thread 0x000001d3eef4bb30 nmethod 2422 0x000001d3cf3b8b90 code [0x000001d3cf3b8e80, 0x000001d3cf3ba1d8]
Event: 3.271 Thread 0x000001d3eef4bb30 2421       3       sun.nio.fs.NativeBuffer::release (5 bytes)
Event: 3.271 Thread 0x000001d3eef4bb30 nmethod 2421 0x000001d3cf3ba710 code [0x000001d3cf3ba8a0, 0x000001d3cf3ba9c8]
Event: 3.271 Thread 0x000001d3eef4bb30 2418       3       java.util.ArrayDeque::<init> (35 bytes)
Event: 3.271 Thread 0x000001d3eef4bb30 nmethod 2418 0x000001d3cf3baa90 code [0x000001d3cf3bac40, 0x000001d3cf3bafb8]
Event: 3.278 Thread 0x000001d3eef4bb30 2423       3       org.springframework.util.StringUtils::cleanPath (346 bytes)
Event: 3.280 Thread 0x000001d3f3875c20 nmethod 2420 0x000001d3d6ae5490 code [0x000001d3d6ae5640, 0x000001d3d6ae5e28]
Event: 3.285 Thread 0x000001d3eef4bb30 nmethod 2423 0x000001d3cf3bb090 code [0x000001d3cf3bb800, 0x000001d3cf3bfc08]
Event: 3.285 Thread 0x000001d3eef4bb30 2427       3       java.lang.Character::isLowSurrogate (18 bytes)
Event: 3.286 Thread 0x000001d3eef4bb30 nmethod 2427 0x000001d3cf3c1290 code [0x000001d3cf3c1420, 0x000001d3cf3c15b8]
Event: 3.286 Thread 0x000001d3eef4bb30 2426       3       java.lang.Character::codePointBefore (48 bytes)

GC Heap History (6 events):
Event: 1.802 GC heap before
{Heap before GC invocations=0 (full 0):
 garbage-first heap   total 393216K, used 20480K [0x0000000682800000, 0x0000000800000000)
  region size 4096K, 5 young (20480K), 0 survivors (0K)
 Metaspace       used 7435K, committed 7616K, reserved 1114112K
  class space    used 835K, committed 896K, reserved 1048576K
}
Event: 1.808 GC heap after
{Heap after GC invocations=1 (full 0):
 garbage-first heap   total 393216K, used 5919K [0x0000000682800000, 0x0000000800000000)
  region size 4096K, 1 young (4096K), 1 survivors (4096K)
 Metaspace       used 7435K, committed 7616K, reserved 1114112K
  class space    used 835K, committed 896K, reserved 1048576K
}
Event: 2.248 GC heap before
{Heap before GC invocations=1 (full 0):
 garbage-first heap   total 393216K, used 14111K [0x0000000682800000, 0x0000000800000000)
  region size 4096K, 4 young (16384K), 1 survivors (4096K)
 Metaspace       used 9996K, committed 10176K, reserved 1114112K
  class space    used 1176K, committed 1280K, reserved 1048576K
}
Event: 2.252 GC heap after
{Heap after GC invocations=2 (full 0):
 garbage-first heap   total 393216K, used 7038K [0x0000000682800000, 0x0000000800000000)
  region size 4096K, 1 young (4096K), 1 survivors (4096K)
 Metaspace       used 9996K, committed 10176K, reserved 1114112K
  class space    used 1176K, committed 1280K, reserved 1048576K
}
Event: 3.251 GC heap before
{Heap before GC invocations=2 (full 0):
 garbage-first heap   total 393216K, used 43902K [0x0000000682800000, 0x0000000800000000)
  region size 4096K, 11 young (45056K), 1 survivors (4096K)
 Metaspace       used 19016K, committed 19392K, reserved 1114112K
  class space    used 2386K, committed 2560K, reserved 1048576K
}
Event: 3.256 GC heap after
{Heap after GC invocations=3 (full 0):
 garbage-first heap   total 393216K, used 9403K [0x0000000682800000, 0x0000000800000000)
  region size 4096K, 1 young (4096K), 1 survivors (4096K)
 Metaspace       used 19016K, committed 19392K, reserved 1114112K
  class space    used 2386K, committed 2560K, reserved 1048576K
}

Deoptimization events (20 events):
Event: 3.025 Thread 0x000001d3f402e880 Uncommon trap: trap_request=0xffffff45 fr.pc=0x000001d3d6a733b4 relative=0x0000000000000314
Event: 3.025 Thread 0x000001d3f402e880 Uncommon trap: reason=unstable_if action=reinterpret pc=0x000001d3d6a733b4 method=jdk.internal.org.objectweb.asm.SymbolTable.put(Ljdk/internal/org/objectweb/asm/SymbolTable$Entry;)Ljdk/internal/org/objectweb/asm/SymbolTable$Entry; @ 13 c2
Event: 3.025 Thread 0x000001d3f402e880 DEOPT PACKING pc=0x000001d3d6a733b4 sp=0x00000001027fcdc0
Event: 3.025 Thread 0x000001d3f402e880 DEOPT UNPACKING pc=0x000001d3d64b23a3 sp=0x00000001027fcd40 mode 2
Event: 3.234 Thread 0x000001d3f402e880 Uncommon trap: trap_request=0xffffff45 fr.pc=0x000001d3d6a5d01c relative=0x000000000000081c
Event: 3.234 Thread 0x000001d3f402e880 Uncommon trap: reason=unstable_if action=reinterpret pc=0x000001d3d6a5d01c method=java.util.zip.ZipCoder.hash(Ljava/lang/String;)I @ 23 c2
Event: 3.234 Thread 0x000001d3f402e880 DEOPT PACKING pc=0x000001d3d6a5d01c sp=0x00000001027fd950
Event: 3.234 Thread 0x000001d3f402e880 DEOPT UNPACKING pc=0x000001d3d64b23a3 sp=0x00000001027fd7f8 mode 2
Event: 3.234 Thread 0x000001d3f402e880 Uncommon trap: trap_request=0xffffff45 fr.pc=0x000001d3d6a5b9dc relative=0x00000000000005fc
Event: 3.234 Thread 0x000001d3f402e880 Uncommon trap: reason=unstable_if action=reinterpret pc=0x000001d3d6a5b9dc method=java.util.zip.ZipCoder.hash(Ljava/lang/String;)I @ 23 c2
Event: 3.234 Thread 0x000001d3f402e880 DEOPT PACKING pc=0x000001d3d6a5b9dc sp=0x00000001027fd8c0
Event: 3.234 Thread 0x000001d3f402e880 DEOPT UNPACKING pc=0x000001d3d64b23a3 sp=0x00000001027fd7e8 mode 2
Event: 3.234 Thread 0x000001d3f402e880 Uncommon trap: trap_request=0xffffff45 fr.pc=0x000001d3d6a5a5fc relative=0x000000000000025c
Event: 3.234 Thread 0x000001d3f402e880 Uncommon trap: reason=unstable_if action=reinterpret pc=0x000001d3d6a5a5fc method=java.util.zip.ZipCoder.hash(Ljava/lang/String;)I @ 23 c2
Event: 3.234 Thread 0x000001d3f402e880 DEOPT PACKING pc=0x000001d3d6a5a5fc sp=0x00000001027fd850
Event: 3.234 Thread 0x000001d3f402e880 DEOPT UNPACKING pc=0x000001d3d64b23a3 sp=0x00000001027fd7e8 mode 2
Event: 3.245 Thread 0x000001d3f402e880 Uncommon trap: trap_request=0xffffff45 fr.pc=0x000001d3d6ace5e0 relative=0x00000000000004e0
Event: 3.245 Thread 0x000001d3f402e880 Uncommon trap: reason=unstable_if action=reinterpret pc=0x000001d3d6ace5e0 method=java.util.StringTokenizer.scanToken(I)I @ 42 c2
Event: 3.245 Thread 0x000001d3f402e880 DEOPT PACKING pc=0x000001d3d6ace5e0 sp=0x00000001027fd530
Event: 3.245 Thread 0x000001d3f402e880 DEOPT UNPACKING pc=0x000001d3d64b23a3 sp=0x00000001027fd4d0 mode 2

Classes unloaded (0 events):
No events

Classes redefined (0 events):
No events

Internal exceptions (20 events):
Event: 2.514 Thread 0x000001d3f402e880 Exception <a 'java/lang/NoSuchMethodError'{0x000000069a2e2648}: 'java.lang.Object java.lang.invoke.DirectMethodHandle$Holder.invokeSpecial(java.lang.Object, java.lang.Object, java.lang.Object, int, java.lang.Object)'> (0x000000069a2e2648) 
thrown [s\open\src\hotspot\share\interpreter\linkResolver.cpp, line 759]
Event: 2.515 Thread 0x000001d3f402e880 Exception <a 'java/lang/NoSuchMethodError'{0x000000069a2eaca8}: 'java.lang.Object java.lang.invoke.DirectMethodHandle$Holder.newInvokeSpecial(java.lang.Object, java.lang.Object, java.lang.Object, int, java.lang.Object)'> (0x000000069a2eaca8) 
thrown [s\open\src\hotspot\share\interpreter\linkResolver.cpp, line 759]
Event: 2.516 Thread 0x000001d3f402e880 Exception <a 'java/lang/NoSuchMethodError'{0x000000069a2f28b8}: 'java.lang.Object java.lang.invoke.Invokers$Holder.linkToTargetMethod(java.lang.Object, java.lang.Object, int, java.lang.Object, java.lang.Object)'> (0x000000069a2f28b8) 
thrown [s\open\src\hotspot\share\interpreter\linkResolver.cpp, line 759]
Event: 2.518 Thread 0x000001d3f402e880 Exception <a 'java/lang/NoSuchMethodError'{0x000000069a302440}: 'java.lang.Object java.lang.invoke.DirectMethodHandle$Holder.newInvokeSpecial(java.lang.Object, int, java.lang.Object)'> (0x000000069a302440) 
thrown [s\open\src\hotspot\share\interpreter\linkResolver.cpp, line 759]
Event: 2.518 Thread 0x000001d3f402e880 Exception <a 'java/lang/NoSuchMethodError'{0x000000069a306410}: 'int java.lang.invoke.DirectMethodHandle$Holder.invokeSpecialIFC(java.lang.Object, java.lang.Object, java.lang.Object, java.lang.Object)'> (0x000000069a306410) 
thrown [s\open\src\hotspot\share\interpreter\linkResolver.cpp, line 759]
Event: 2.551 Thread 0x000001d3f402e880 Exception <a 'java/lang/NoSuchMethodError'{0x000000069a3e2e88}: 'void java.lang.invoke.DirectMethodHandle$Holder.invokeInterface(java.lang.Object, java.lang.Object, java.lang.Object)'> (0x000000069a3e2e88) 
thrown [s\open\src\hotspot\share\interpreter\linkResolver.cpp, line 759]
Event: 2.589 Thread 0x000001d3f402e880 Exception <a 'java/lang/NoSuchMethodError'{0x0000000699ca33a0}: 'java.lang.Object java.lang.invoke.DirectMethodHandle$Holder.invokeVirtual(java.lang.Object, java.lang.Object, java.lang.Object)'> (0x0000000699ca33a0) 
thrown [s\open\src\hotspot\share\interpreter\linkResolver.cpp, line 759]
Event: 2.623 Thread 0x000001d3f402e880 Exception <a 'java/lang/NoSuchMethodError'{0x0000000699d9f4c8}: 'void java.lang.invoke.DirectMethodHandle$Holder.invokeStatic(java.lang.Object, java.lang.Object, int)'> (0x0000000699d9f4c8) 
thrown [s\open\src\hotspot\share\interpreter\linkResolver.cpp, line 759]
Event: 2.629 Thread 0x000001d3f402e880 Exception <a 'java/lang/NoSuchMethodError'{0x0000000699db2550}: 'void java.lang.invoke.DirectMethodHandle$Holder.invokeStaticInit(java.lang.Object, java.lang.Object, java.lang.Object)'> (0x0000000699db2550) 
thrown [s\open\src\hotspot\share\interpreter\linkResolver.cpp, line 759]
Event: 2.659 Thread 0x000001d3f402e880 Exception <a 'java/lang/NoSuchMethodError'{0x0000000699e451b0}: 'void java.lang.invoke.DirectMethodHandle$Holder.invokeVirtual(java.lang.Object, java.lang.Object, java.lang.Object, java.lang.Object)'> (0x0000000699e451b0) 
thrown [s\open\src\hotspot\share\interpreter\linkResolver.cpp, line 759]
Event: 2.687 Thread 0x000001d3f402e880 Exception <a 'java/lang/NoSuchMethodError'{0x0000000699f010f0}: 'java.lang.Object java.lang.invoke.DirectMethodHandle$Holder.invokeSpecial(java.lang.Object, java.lang.Object, long, java.lang.Object, java.lang.Object, java.lang.Object, java.lang.Object, java.lang.Object, java.lang.Object)'> (0x0000000699f010f0) 
thrown [s\open\src\hotspot\share\interpreter\linkResolver.cpp, line 759]
Event: 2.687 Thread 0x000001d3f402e880 Exception <a 'java/lang/NoSuchMethodError'{0x0000000699f05970}: 'java.lang.Object java.lang.invoke.DelegatingMethodHandle$Holder.reinvoke_L(java.lang.Object, long, java.lang.Object, java.lang.Object, java.lang.Object, java.lang.Object, java.lang.Object, java.lang.Object)'> (0x0000000699f05970) 
thrown [s\open\src\hotspot\share\interpreter\linkResolver.cpp, line 759]
Event: 2.763 Thread 0x000001d3f402e880 Exception <a 'java/lang/NoSuchMethodError'{0x0000000699503c90}: 'void java.lang.invoke.DirectMethodHandle$Holder.invokeSpecial(java.lang.Object, java.lang.Object, java.lang.Object)'> (0x0000000699503c90) 
thrown [s\open\src\hotspot\share\interpreter\linkResolver.cpp, line 759]
Event: 2.773 Thread 0x000001d3f3b5fc30 Exception <a 'java/lang/NoClassDefFoundError'{0x000000069958b9b0}: jakarta/validation/Validation> (0x000000069958b9b0) 
thrown [s\open\src\hotspot\share\classfile\systemDictionary.cpp, line 245]
Event: 2.776 Thread 0x000001d3f402e880 Exception <a 'java/lang/NoSuchMethodError'{0x0000000699553390}: 'java.lang.Object java.lang.invoke.DirectMethodHandle$Holder.invokeStatic(java.lang.Object, java.lang.Object, int)'> (0x0000000699553390) 
thrown [s\open\src\hotspot\share\interpreter\linkResolver.cpp, line 759]
Event: 2.778 Thread 0x000001d3f402e880 Exception <a 'java/lang/NoSuchMethodError'{0x000000069955eda8}: 'void java.lang.invoke.DelegatingMethodHandle$Holder.delegate(java.lang.Object, java.lang.Object, int, java.lang.Object)'> (0x000000069955eda8) 
thrown [s\open\src\hotspot\share\interpreter\linkResolver.cpp, line 759]
Event: 2.797 Thread 0x000001d3f402e880 Exception <a 'java/lang/IncompatibleClassChangeError'{0x00000006996cb9a8}: Found class java.lang.Object, but interface was expected> (0x00000006996cb9a8) 
thrown [s\open\src\hotspot\share\interpreter\linkResolver.cpp, line 826]
Event: 3.237 Thread 0x000001d3f402e880 Exception <a 'sun/nio/fs/WindowsException'{0x0000000697f42b98}> (0x0000000697f42b98) 
thrown [s\open\src\hotspot\share\prims\jni.cpp, line 516]
Event: 3.238 Thread 0x000001d3f402e880 Exception <a 'java/lang/NoSuchMethodError'{0x0000000697f44210}: 'int java.lang.invoke.DirectMethodHandle$Holder.invokeSpecial(java.lang.Object, java.lang.Object, java.lang.Object, java.lang.Object, java.lang.Object)'> (0x0000000697f44210) 
thrown [s\open\src\hotspot\share\interpreter\linkResolver.cpp, line 759]
Event: 3.241 Thread 0x000001d3f402e880 Exception <a 'java/lang/NoSuchMethodError'{0x0000000697f4ce50}: 'void java.lang.invoke.DirectMethodHandle$Holder.invokeVirtual(java.lang.Object, java.lang.Object)'> (0x0000000697f4ce50) 
thrown [s\open\src\hotspot\share\interpreter\linkResolver.cpp, line 759]

VM Operations (20 events):
Event: 1.459 Executing VM operation: HandshakeAllThreads
Event: 1.459 Executing VM operation: HandshakeAllThreads done
Event: 1.802 Executing VM operation: G1CollectForAllocation
Event: 1.808 Executing VM operation: G1CollectForAllocation done
Event: 2.037 Executing VM operation: HandshakeAllThreads
Event: 2.037 Executing VM operation: HandshakeAllThreads done
Event: 2.248 Executing VM operation: G1CollectForAllocation
Event: 2.252 Executing VM operation: G1CollectForAllocation done
Event: 2.415 Executing VM operation: HandshakeAllThreads
Event: 2.415 Executing VM operation: HandshakeAllThreads done
Event: 2.759 Executing VM operation: HandshakeAllThreads
Event: 2.759 Executing VM operation: HandshakeAllThreads done
Event: 2.759 Executing VM operation: HandshakeAllThreads
Event: 2.759 Executing VM operation: HandshakeAllThreads done
Event: 2.766 Executing VM operation: ICBufferFull
Event: 2.766 Executing VM operation: ICBufferFull done
Event: 3.205 Executing VM operation: HandshakeAllThreads
Event: 3.205 Executing VM operation: HandshakeAllThreads done
Event: 3.251 Executing VM operation: G1CollectForAllocation
Event: 3.256 Executing VM operation: G1CollectForAllocation done

Events (20 events):
Event: 3.236 loading class java/nio/file/AccessMode
Event: 3.237 loading class java/nio/file/AccessMode done
Event: 3.239 loading class java/nio/file/FileVisitOption
Event: 3.239 loading class java/nio/file/FileVisitOption done
Event: 3.239 loading class java/nio/file/FileTreeIterator
Event: 3.239 loading class java/nio/file/FileTreeIterator done
Event: 3.239 loading class java/nio/file/FileTreeWalker
Event: 3.240 loading class java/nio/file/FileTreeWalker done
Event: 3.240 loading class java/nio/file/FileTreeWalker$1
Event: 3.240 loading class java/nio/file/FileTreeWalker$1 done
Event: 3.240 loading class java/nio/file/FileTreeWalker$DirectoryNode
Event: 3.240 loading class java/nio/file/FileTreeWalker$DirectoryNode done
Event: 3.240 loading class java/nio/file/FileTreeWalker$Event
Event: 3.241 loading class java/nio/file/FileTreeWalker$Event done
Event: 3.241 loading class java/nio/file/FileTreeWalker$EventType
Event: 3.241 loading class java/nio/file/FileTreeWalker$EventType done
Event: 3.246 loading class java/util/regex/Pattern$LazyLoop
Event: 3.246 loading class java/util/regex/Pattern$LazyLoop done
Event: 3.284 loading class java/lang/reflect/MalformedParametersException
Event: 3.284 loading class java/lang/reflect/MalformedParametersException done


Dynamic libraries:
0x00007ff72c8a0000 - 0x00007ff72c8b0000 	C:\Program Files\Java\jdk-17\bin\java.exe
0x00007ffba9190000 - 0x00007ffba9388000 	C:\Windows\SYSTEM32\ntdll.dll
0x00007ffba71b0000 - 0x00007ffba7272000 	C:\Windows\System32\KERNEL32.DLL
0x00007ffba69a0000 - 0x00007ffba6c9f000 	C:\Windows\System32\KERNELBASE.dll
0x00007ffba6ee0000 - 0x00007ffba6fe0000 	C:\Windows\System32\ucrtbase.dll
0x00007ffb90860000 - 0x00007ffb9087b000 	C:\Program Files\Java\jdk-17\bin\VCRUNTIME140.dll
0x00007ffb90840000 - 0x00007ffb90859000 	C:\Program Files\Java\jdk-17\bin\jli.dll
0x00007ffba8de0000 - 0x00007ffba8e8f000 	C:\Windows\System32\ADVAPI32.dll
0x00007ffba8a30000 - 0x00007ffba8ace000 	C:\Windows\System32\msvcrt.dll
0x00007ffba88b0000 - 0x00007ffba894f000 	C:\Windows\System32\sechost.dll
0x00007ffba86c0000 - 0x00007ffba87e3000 	C:\Windows\System32\RPCRT4.dll
0x00007ffba6ca0000 - 0x00007ffba6cc7000 	C:\Windows\System32\bcrypt.dll
0x00007ffba8c40000 - 0x00007ffba8ddd000 	C:\Windows\System32\USER32.dll
0x00007ffba6d70000 - 0x00007ffba6d92000 	C:\Windows\System32\win32u.dll
0x00007ffba8b30000 - 0x00007ffba8b5b000 	C:\Windows\System32\GDI32.dll
0x00007ffb927d0000 - 0x00007ffb92a6a000 	C:\Windows\WinSxS\amd64_microsoft.windows.common-controls_6595b64144ccf1df_6.0.19041.4355_none_60b8b9eb71f62e16\COMCTL32.dll
0x00007ffba6830000 - 0x00007ffba694a000 	C:\Windows\System32\gdi32full.dll
0x00007ffba6cd0000 - 0x00007ffba6d6d000 	C:\Windows\System32\msvcp_win.dll
0x00007ffba0410000 - 0x00007ffba041a000 	C:\Windows\SYSTEM32\VERSION.dll
0x00007ffba8f10000 - 0x00007ffba8f3f000 	C:\Windows\System32\IMM32.DLL
0x00007ffb9f960000 - 0x00007ffb9f96c000 	C:\Program Files\Java\jdk-17\bin\vcruntime140_1.dll
0x00007ffb77500000 - 0x00007ffb7758e000 	C:\Program Files\Java\jdk-17\bin\msvcp140.dll
0x00007ffb16330000 - 0x00007ffb16f10000 	C:\Program Files\Java\jdk-17\bin\server\jvm.dll
0x00007ffba8b60000 - 0x00007ffba8b68000 	C:\Windows\System32\PSAPI.DLL
0x00007ffb8ee20000 - 0x00007ffb8ee29000 	C:\Windows\SYSTEM32\WSOCK32.dll
0x00007ffba7ef0000 - 0x00007ffba7f5b000 	C:\Windows\System32\WS2_32.dll
0x00007ffb8cbe0000 - 0x00007ffb8cc07000 	C:\Windows\SYSTEM32\WINMM.dll
0x00007ffba5280000 - 0x00007ffba5292000 	C:\Windows\SYSTEM32\kernel.appcore.dll
0x00007ffb9f940000 - 0x00007ffb9f94a000 	C:\Program Files\Java\jdk-17\bin\jimage.dll
0x00007ffba44f0000 - 0x00007ffba46d4000 	C:\Windows\SYSTEM32\DBGHELP.DLL
0x00007ffba3b20000 - 0x00007ffba3b54000 	C:\Windows\SYSTEM32\dbgcore.DLL
0x00007ffba6e50000 - 0x00007ffba6ed2000 	C:\Windows\System32\bcryptPrimitives.dll
0x00007ffb89a90000 - 0x00007ffb89ab5000 	C:\Program Files\Java\jdk-17\bin\java.dll
0x00007ffb6cb30000 - 0x00007ffb6cc07000 	C:\Program Files\Java\jdk-17\bin\jsvml.dll
0x00007ffba7420000 - 0x00007ffba7b8d000 	C:\Windows\System32\SHELL32.dll
0x00007ffba4810000 - 0x00007ffba4fb4000 	C:\Windows\SYSTEM32\windows.storage.dll
0x00007ffba7b90000 - 0x00007ffba7ee5000 	C:\Windows\System32\combase.dll
0x00007ffba6180000 - 0x00007ffba61af000 	C:\Windows\SYSTEM32\Wldp.dll
0x00007ffba8b70000 - 0x00007ffba8c3d000 	C:\Windows\System32\OLEAUT32.dll
0x00007ffba7370000 - 0x00007ffba741d000 	C:\Windows\System32\SHCORE.dll
0x00007ffba8f40000 - 0x00007ffba8f95000 	C:\Windows\System32\shlwapi.dll
0x00007ffba6760000 - 0x00007ffba6784000 	C:\Windows\SYSTEM32\profapi.dll
0x00007ffb89980000 - 0x00007ffb89999000 	C:\Program Files\Java\jdk-17\bin\net.dll
0x00007ffba3980000 - 0x00007ffba3a8a000 	C:\Windows\SYSTEM32\WINHTTP.dll
0x00007ffba5f60000 - 0x00007ffba5fcc000 	C:\Windows\system32\mswsock.dll
0x00007ffb7eb70000 - 0x00007ffb7eb86000 	C:\Program Files\Java\jdk-17\bin\nio.dll
0x00007ffb8a230000 - 0x00007ffb8a248000 	C:\Program Files\Java\jdk-17\bin\zip.dll
0x00007ffb91010000 - 0x00007ffb9101a000 	C:\Program Files\Java\jdk-17\bin\management.dll
0x00007ffb8fc30000 - 0x00007ffb8fc3b000 	C:\Program Files\Java\jdk-17\bin\management_ext.dll
0x00007ffb87af0000 - 0x00007ffb87b07000 	C:\Windows\system32\napinsp.dll
0x00007ffb87ad0000 - 0x00007ffb87aeb000 	C:\Windows\system32\pnrpnsp.dll
0x00007ffba1db0000 - 0x00007ffba1dc5000 	C:\Windows\system32\wshbth.dll
0x00007ffba0930000 - 0x00007ffba094d000 	C:\Windows\system32\NLAapi.dll
0x00007ffba5c10000 - 0x00007ffba5c4b000 	C:\Windows\SYSTEM32\IPHLPAPI.DLL
0x00007ffba5c50000 - 0x00007ffba5d1a000 	C:\Windows\SYSTEM32\DNSAPI.dll
0x00007ffba88a0000 - 0x00007ffba88a8000 	C:\Windows\System32\NSI.dll
0x00007ffb87ab0000 - 0x00007ffb87ac2000 	C:\Windows\System32\winrnr.dll
0x00007ffb93330000 - 0x00007ffb9333a000 	C:\Windows\System32\rasadhlp.dll
0x00007ffb99c40000 - 0x00007ffb99cc0000 	C:\Windows\System32\fwpuclnt.dll
0x00007ffba61c0000 - 0x00007ffba61d8000 	C:\Windows\SYSTEM32\CRYPTSP.dll
0x00007ffba5830000 - 0x00007ffba5864000 	C:\Windows\system32\rsaenh.dll
0x00007ffba6720000 - 0x00007ffba674e000 	C:\Windows\SYSTEM32\USERENV.dll
0x00007ffba60f0000 - 0x00007ffba60fc000 	C:\Windows\SYSTEM32\CRYPTBASE.dll
0x00007ffb9d840000 - 0x00007ffb9d857000 	C:\Windows\SYSTEM32\dhcpcsvc6.DLL
0x00007ffba02c0000 - 0x00007ffba02dd000 	C:\Windows\SYSTEM32\dhcpcsvc.DLL

dbghelp: loaded successfully - version: 4.0.5 - missing functions: none
symbol engine: initialized successfully - sym options: 0x614 - pdb path: .;C:\Program Files\Java\jdk-17\bin;C:\Windows\SYSTEM32;C:\Windows\WinSxS\amd64_microsoft.windows.common-controls_6595b64144ccf1df_6.0.19041.4355_none_60b8b9eb71f62e16;C:\Program Files\Java\jdk-17\bin\server

VM Arguments:
jvm_args: -Dcom.sun.management.jmxremote -Dcom.sun.management.jmxremote.port=50168 -Dcom.sun.management.jmxremote.authenticate=false -Dcom.sun.management.jmxremote.ssl=false -Dspring.jmx.enabled=true -Djava.rmi.server.hostname=localhost -Dspring.application.admin.enabled=true -Dspring.boot.project.name=backend-new -XX:+ShowCodeDetailsInExceptionMessages 
java_command: com.roadmaker.RoadmakerApplication
java_class_path (initial): C:\Users\dk\Documents\00\roadmaker\backend-new\build\resources\main;C:\Users\dk\Documents\00\roadmaker\backend-new\build\classes\java\main;C:\Users\dk\.gradle\caches\modules-2\files-2.1\org.springframework\spring-webmvc\6.2.2\9b1aeb179ba9667bc78a4a5cec4ec8087db404d7\spring-webmvc-6.2.2.jar;C:\Users\dk\.gradle\caches\modules-2\files-2.1\com.fasterxml.jackson.datatype\jackson-datatype-jsr310\2.18.2\7b6ff96adf421f4c6edbd694e797dd8fe434510a\jackson-datatype-jsr310-2.18.2.jar;C:\Users\dk\.gradle\caches\modules-2\files-2.1\io.jsonwebtoken\jjwt-jackson\0.11.5\3b83a06809e98a69402d7333dcf67df6f6ea4579\jjwt-jackson-0.11.5.jar;C:\Users\dk\.gradle\caches\modules-2\files-2.1\org.springframework.security\spring-security-oauth2-jose\6.4.2\274482eaffe0f5e7d978be7cbf7dc1817037efa5\spring-security-oauth2-jose-6.4.2.jar;C:\Users\dk\.gradle\caches\modules-2\files-2.1\org.apache.tomcat.embed\tomcat-embed-core\10.1.34\f610f84be607fbc82e393cc220f0ad45f92afc91\tomcat-embed-core-10.1.34.jar;C:\Users\dk\.gradle\caches\modules-2\files-2.1\org.springframework.boot\spring-boot-starter-oauth2-client\3.4.2\b93bf35cf23dd6abb4a1ac6151d757aed9c3bcfc\spring-boot-starter-oauth2-client-3.4.2.jar;C:\Users\dk\.gradle\caches\modules-2\files-2.1\org.springframework.boot\spring-boot-autoconfigure\3.4.2\c50511dba751ffe7df320d27c6875feb2745654e\spring-boot-autoconfigure-3.4.2.jar;C:\Users\dk\.gradle\caches\modules-2\files-2.1\org.springframework\spring-beans\6.2.2\ec8ee520ff7b147de8ac04d330848d468253f84d\spring-beans-6.2.2.jar;C:\Users\dk\.gradle\caches\modules-2\files-2.1\com.fasterxml.jackson.core\jackson-core\2.18.2\fb64ccac5c27dca8819418eb4e443a9f496d9ee7\jackson-core-2.18.2.jar;C:\Users\dk\.gradle\caches\modules-2\files-2.1\org.slf4j\slf4j-api\2.0.16\172931663a09a1fa515567af5fbef00897d3c04\slf4j-api-2.0.16.jar;C:\Users\dk\.gradle\caches\modules-2\files-2.1\org.springframework.security\spring-security-config\6.4.2\5ed985329eb14b1c61045160c8dcbbcab179ddd3\spring-security-config
Launcher Type: SUN_STANDARD

[Global flags]
     intx CICompilerCount                          = 4                                         {product} {ergonomic}
     uint ConcGCThreads                            = 2                                         {product} {ergonomic}
     uint G1ConcRefinementThreads                  = 8                                         {product} {ergonomic}
   size_t G1HeapRegionSize                         = 4194304                                   {product} {ergonomic}
    uintx GCDrainStackTargetSize                   = 64                                        {product} {ergonomic}
   size_t InitialHeapSize                          = 402653184                                 {product} {ergonomic}
     bool ManagementServer                         = true                                      {product} {command line}
   size_t MarkStackSize                            = 4194304                                   {product} {ergonomic}
   size_t MaxHeapSize                              = 6400507904                                {product} {ergonomic}
   size_t MaxNewSize                               = 3837788160                                {product} {ergonomic}
   size_t MinHeapDeltaBytes                        = 4194304                                   {product} {ergonomic}
   size_t MinHeapSize                              = 8388608                                   {product} {ergonomic}
    uintx NonNMethodCodeHeapSize                   = 5839372                                {pd product} {ergonomic}
    uintx NonProfiledCodeHeapSize                  = 122909434                              {pd product} {ergonomic}
    uintx ProfiledCodeHeapSize                     = 122909434                              {pd product} {ergonomic}
    uintx ReservedCodeCacheSize                    = 251658240                              {pd product} {ergonomic}
     bool SegmentedCodeCache                       = true                                      {product} {ergonomic}
     bool ShowCodeDetailsInExceptionMessages       = true                                   {manageable} {command line}
   size_t SoftMaxHeapSize                          = 6400507904                             {manageable} {ergonomic}
     bool UseCompressedClassPointers               = true                           {product lp64_product} {ergonomic}
     bool UseCompressedOops                        = true                           {product lp64_product} {ergonomic}
     bool UseG1GC                                  = true                                      {product} {ergonomic}
     bool UseLargePagesIndividualAllocation        = false                                  {pd product} {ergonomic}

Logging:
Log output configuration:
 #0: stdout all=warning uptime,level,tags
 #1: stderr all=off uptime,level,tags

Environment Variables:
JAVA_HOME=C:\Program Files\Java\jdk-17
PATH=C:\oraclexe\app\oracle\product\11.2.0\server\bin;C:\Program Files\Common Files\Oracle\Java\javapath;C:\Windows\system32;C:\Windows;C:\Windows\System32\Wbem;C:\Windows\System32\WindowsPowerShell\v1.0\;C:\Windows\System32\OpenSSH\;C:\Program Files (x86)\Common Files\Adobe\AGL;C:\Program Files\Bandizip\;C:\Program Files\Git\cmd;C:\Program Files\nodejs\;";C:\Program Files\Java\jdk-17\bin";C:\gradle\gradle-8.12.1\bin;C:\Program Files\MySQL\MySQL Shell 8.0\bin\;C:\Users\dk\AppData\Local\Microsoft\WindowsApps;C:\Users\dk\AppData\Local\Programs\Microsoft VS Code\bin;C:\Users\dk\AppData\Roaming\npm
USERNAME=dk
LANG=en_US.UTF-8
OS=Windows_NT
PROCESSOR_IDENTIFIER=Intel64 Family 6 Model 142 Stepping 12, GenuineIntel



---------------  S Y S T E M  ---------------

OS:
 Windows 10 , 64 bit Build 19041 (10.0.19041.5438)
OS uptime: 1 days 23:01 hours
Hyper-V role detected

CPU: total 8 (initial active 8) (4 cores per cpu, 2 threads per core) family 6 model 142 stepping 12 microcode 0xc0, cx8, cmov, fxsr, ht, mmx, 3dnowpref, sse, sse2, sse3, ssse3, sse4.1, sse4.2, popcnt, lzcnt, tsc, tscinvbit, avx, avx2, aes, erms, clmul, bmi1, bmi2, adx, fma, vzeroupper, clflush, clflushopt, hv

Memory: 4k page, system-wide physical 24410M (5877M free)
TotalPageFile size 54144M (AvailPageFile size 58M)
current process WorkingSet (physical memory assigned to process): 146M, peak: 146M
current process commit charge ("private bytes"): 531M, peak: 531M

vm_info: Java HotSpot(TM) 64-Bit Server VM (17.0.12+8-LTS-286) for windows-amd64 JRE (17.0.12+8-LTS-286), built on Jun  5 2024 06:46:59 by "mach5one" with MS VC++ 17.6 (VS2022)

END.
