#
# There is insufficient memory for the Java Runtime Environment to continue.
# Native memory allocation (malloc) failed to allocate 663888 bytes. Error detail: Chunk::new
# Possible reasons:
#   The system is out of physical RAM or swap space
#   This process is running with CompressedOops enabled, and the Java Heap may be blocking the growth of the native heap
# Possible solutions:
#   Reduce memory load on the system
#   Increase physical memory or swap space
#   Check if swap backing store is full
#   Decrease Java heap size (-Xmx/-Xms)
#   Decrease number of Java threads
#   Decrease Java thread stack sizes (-Xss)
#   Set larger code cache with -XX:ReservedCodeCacheSize=
#   JVM is running with Unscaled Compressed Oops mode in which the Java heap is
#     placed in the first 4GB address space. The Java Heap base address is the
#     maximum limit for the native heap growth. Please use -XX:HeapBaseMinAddress
#     to set the Java Heap base and to place the Java Heap above 4GB virtual address.
# This output file may be truncated or incomplete.
#
#  Out of Memory Error (arena.cpp:168), pid=21100, tid=10816
#
# JRE version: OpenJDK Runtime Environment Temurin-21.0.5+11 (21.0.5+11) (build 21.0.5+11-LTS)
# Java VM: OpenJDK 64-Bit Server VM Temurin-21.0.5+11 (21.0.5+11-LTS, mixed mode, sharing, tiered, compressed oops, compressed class ptrs, parallel gc, windows-amd64)
# No core dump will be written. Minidumps are not enabled by default on client versions of Windows
#

---------------  S U M M A R Y ------------

Command Line: --add-modules=ALL-SYSTEM --add-opens=java.base/java.util=ALL-UNNAMED --add-opens=java.base/java.lang=ALL-UNNAMED --add-opens=java.base/sun.nio.fs=ALL-UNNAMED -Declipse.application=org.eclipse.jdt.ls.core.id1 -Dosgi.bundles.defaultStartLevel=4 -Declipse.product=org.eclipse.jdt.ls.core.product -Djava.import.generatesMetadataFilesAtProjectRoot=false -DDetectVMInstallationsJob.disabled=true -Dfile.encoding=utf8 -XX:+UseParallelGC -XX:GCTimeRatio=4 -XX:AdaptiveSizePolicyWeight=90 -Dsun.zip.disableMemoryMapping=true -Xmx1G -Xms100m -Xlog:disable -javaagent:c:\Users\dk\.vscode\extensions\redhat.java-1.39.0-win32-x64\lombok\lombok-1.18.34.jar -XX:+HeapDumpOnOutOfMemoryError -XX:HeapDumpPath=c:\Users\dk\AppData\Roaming\Code\User\workspaceStorage\fd34dfacb829fd3c3a5173bd3568862a\redhat.java -Daether.dependencyCollector.impl=bf c:\Users\dk\.vscode\extensions\redhat.java-1.39.0-win32-x64\server\plugins\org.eclipse.equinox.launcher_1.6.900.v20240613-2009.jar -configuration c:\Users\dk\AppData\Roaming\Code\User\globalStorage\redhat.java\1.39.0\config_win -data c:\Users\dk\AppData\Roaming\Code\User\workspaceStorage\fd34dfacb829fd3c3a5173bd3568862a\redhat.java\jdt_ws --pipe=\\.\pipe\lsp-fbd4e05eb0cfbad9d2f5d0d8c7d27ccc-sock

Host: Intel(R) Core(TM) i7-10510U CPU @ 1.80GHz, 8 cores, 23G,  Windows 10 , 64 bit Build 19041 (10.0.19041.5438)
Time: Wed Feb 26 19:59:38 2025  Windows 10 , 64 bit Build 19041 (10.0.19041.5438) elapsed time: 29.346167 seconds (0d 0h 0m 29s)

---------------  T H R E A D  ---------------

Current thread (0x00000227e4123c00):  JavaThread "C2 CompilerThread0" daemon [_thread_in_native, id=10816, stack(0x00000091c8a00000,0x00000091c8b00000) (1024K)]


Current CompileTask:
C2:29346 10385       4       org.lombokweb.asm.SymbolTable::<init> (536 bytes)

Stack: [0x00000091c8a00000,0x00000091c8b00000]
Native frames: (J=compiled Java code, j=interpreted, Vv=VM code, C=native code)
V  [jvm.dll+0x6cd4e9]
V  [jvm.dll+0x8a7941]
V  [jvm.dll+0x8a9e6e]
V  [jvm.dll+0x8aa543]
V  [jvm.dll+0x27f6d6]
V  [jvm.dll+0xc500d]
V  [jvm.dll+0xc5543]
V  [jvm.dll+0x3b660c]
V  [jvm.dll+0x1dffe9]
V  [jvm.dll+0x247b22]
V  [jvm.dll+0x246faf]
V  [jvm.dll+0x1c75ce]
V  [jvm.dll+0x25682a]
V  [jvm.dll+0x254dca]
V  [jvm.dll+0x3f00d6]
V  [jvm.dll+0x8514fb]
V  [jvm.dll+0x6cbbed]
C  [ucrtbase.dll+0x21bb2]
C  [KERNEL32.DLL+0x17374]
C  [ntdll.dll+0x4cc91]


---------------  P R O C E S S  ---------------

Threads class SMR info:
_java_thread_list=0x00000227f81defe0, length=47, elements={
0x00000227cdcb0050, 0x00000227e410e2f0, 0x00000227e4112a70, 0x00000227e4114980,
0x00000227e4115f20, 0x00000227e4119e40, 0x00000227e41226e0, 0x00000227e4123c00,
0x00000227e41269f0, 0x00000227e5c42d60, 0x00000227e5e8b0f0, 0x00000227ea95d7b0,
0x00000227ea8772c0, 0x00000227ea7ef470, 0x00000227ea7f1ff0, 0x00000227eb0659f0,
0x00000227eaa45ce0, 0x00000227eaf37b70, 0x00000227eaf35aa0, 0x00000227eaf36e50,
0x00000227eaf38200, 0x00000227eaf374e0, 0x00000227eaf34d80, 0x00000227eaf35410,
0x00000227eaf36130, 0x00000227eaf367c0, 0x00000227eb326430, 0x00000227eb325710,
0x00000227eb323cd0, 0x00000227eb323640, 0x00000227eb327e70, 0x00000227eb3249f0,
0x00000227eb327150, 0x00000227eb324360, 0x00000227eb326ac0, 0x00000227eb3277e0,
0x00000227eb325080, 0x00000227eb325da0, 0x00000227eb329220, 0x00000227eb322290,
0x00000227eb322920, 0x00000227ecad6700, 0x00000227ecad94f0, 0x00000227ecad7420,
0x00000227ecad6d90, 0x00000227ecad8140, 0x00000227ede6d8a0
}

Java Threads: ( => current thread )
  0x00000227cdcb0050 JavaThread "<un-named>"                
[error occurred during error reporting (printing all threads), id 0xc0000005, EXCEPTION_ACCESS_VIOLATION (0xc0000005) at pc=0x00007ffb3c2e85cd]
VM state: at safepoint (normal execution)

VM Mutex/Monitor currently owned by a thread:  ([mutex/lock_event])
[0x00007ffb3cbad380] Threads_lock - owner thread: 0x00000227cdd6f8f0
[0x00007ffb3cbad480] Heap_lock - owner thread: 0x00000227eb325da0

Heap address: 0x00000000c0000000, size: 1024 MB, Compressed Oops mode: 32-bit

CDS archive(s) mapped at: [0x0000022780000000-0x0000022780ba0000-0x0000022780ba0000), size 12189696, SharedBaseAddress: 0x0000022780000000, ArchiveRelocationMode: 1.
Compressed class space mapped at: 0x0000022781000000-0x00000227c1000000, reserved size: 1073741824
Narrow klass base: 0x0000022780000000, Narrow klass shift: 0, Narrow klass range: 0x100000000

GC Precious Log:
 CardTable entry size: 512
 CPUs: 8 total, 8 available
 Memory: 24410M
 Large Page Support: Disabled
 NUMA Support: Disabled
 Compressed Oops: Enabled (32-bit)
 Alignments: Space 512K, Generation 512K, Heap 2M
 Heap Min Capacity: 100M
 Heap Initial Capacity: 100M
 Heap Max Capacity: 1G
 Pre-touch: Disabled
 Parallel Workers: 8

Heap:
 PSYoungGen      total 3584K, used 3584K [0x00000000eab00000, 0x00000000eaf80000, 0x0000000100000000)
  eden space 2560K, 100% used [0x00000000eab00000,0x00000000ead80000,0x00000000ead80000)
  from space 1024K, 100% used [0x00000000eae00000,0x00000000eaf00000,0x00000000eaf00000)
  to   space 512K, 100% used [0x00000000eaf00000,0x00000000eaf80000,0x00000000eaf80000)
 ParOldGen       total 621568K, used 621172K [0x00000000c0000000, 0x00000000e5f00000, 0x00000000eab00000)
  object space 621568K, 99% used [0x00000000c0000000,0x00000000e5e9d320,0x00000000e5f00000)
 Metaspace       used 58252K, committed 59456K, reserved 1114112K
  class space    used 5944K, committed 6464K, reserved 1048576K

Card table byte_map: [0x00000227e19d0000,0x00000227e1be0000] _byte_map_base: 0x00000227e13d0000

Marking Bits: (ParMarkBitMap*) 0x00007ffb3cbb2250
 Begin Bits: [0x00000227e1d40000, 0x00000227e2d40000)
 End Bits:   [0x00000227e2d40000, 0x00000227e3d40000)

Polling page: 0x00000227cdd80000

Metaspace:

Usage:
  Non-class:     51.08 MB used.
      Class:      5.81 MB used.
       Both:     56.89 MB used.

Virtual space:
  Non-class space:       64.00 MB reserved,      51.75 MB ( 81%) committed,  1 nodes.
      Class space:        1.00 GB reserved,       6.31 MB ( <1%) committed,  1 nodes.
             Both:        1.06 GB reserved,      58.06 MB (  5%) committed. 

Chunk freelists:
   Non-Class:  12.08 MB
       Class:  9.57 MB
        Both:  21.65 MB

MaxMetaspaceSize: unlimited
CompressedClassSpaceSize: 1.00 GB
Initial GC threshold: 21.00 MB
Current GC threshold: 58.38 MB
CDS: on
 - commit_granule_bytes: 65536.
 - commit_granule_words: 8192.
 - virtual_space_node_default_size: 8388608.
 - enlarge_chunks_in_place: 1.
 - use_allocation_guard: 0.


Internal statistics:

num_allocs_failed_limit: 6.
num_arena_births: 954.
num_arena_deaths: 20.
num_vsnodes_births: 2.
num_vsnodes_deaths: 0.
num_space_committed: 929.
num_space_uncommitted: 0.
num_chunks_returned_to_freelist: 27.
num_chunks_taken_from_freelist: 3557.
num_chunk_merges: 10.
num_chunk_splits: 2226.
num_chunks_enlarged: 1380.
num_inconsistent_stats: 0.

CodeHeap 'non-profiled nmethods': size=120000Kb used=8235Kb max_used=8421Kb free=111764Kb
 bounds [0x00000227da2c0000, 0x00000227dab00000, 0x00000227e17f0000]
CodeHeap 'profiled nmethods': size=120000Kb used=22060Kb max_used=22850Kb free=97940Kb
 bounds [0x00000227d27f0000, 0x00000227d3e50000, 0x00000227d9d20000]
CodeHeap 'non-nmethods': size=5760Kb used=1418Kb max_used=1591Kb free=4341Kb
 bounds [0x00000227d9d20000, 0x00000227d9f90000, 0x00000227da2c0000]
 total_blobs=10361 nmethods=9633 adapters=633
 compilation: enabled
              stopped_count=0, restarted_count=0
 full_count=0

Compilation events (20 events):
Event: 29.277 Thread 0x00000227ede6d8a0 nmethod 10397 0x00000227daaf6b10 code [0x00000227daaf6ce0, 0x00000227daaf6f18]
Event: 29.277 Thread 0x00000227ede6d8a0 10387   !   4       java.util.regex.Pattern::matcher (44 bytes)
Event: 29.284 Thread 0x00000227e41269f0 10402       3       org.eclipse.jdt.internal.core.index.DiskIndex::readStreamDocumentArray (267 bytes)
Event: 29.285 Thread 0x00000227e41269f0 nmethod 10402 0x00000227d3e3d010 code [0x00000227d3e3d240, 0x00000227d3e3dc38]
Event: 29.285 Thread 0x00000227e41269f0 10401       3       org.eclipse.jdt.internal.core.index.DiskIndex::readStreamInt (117 bytes)
Event: 29.285 Thread 0x00000227e41269f0 nmethod 10401 0x00000227d3e3e010 code [0x00000227d3e3e1c0, 0x00000227d3e3e418]
Event: 29.288 Thread 0x00000227e41269f0 10404       3       org.eclipse.jdt.internal.core.index.DiskIndex::readStreamBuffer (76 bytes)
Event: 29.288 Thread 0x00000227e41269f0 nmethod 10404 0x00000227d3e3e590 code [0x00000227d3e3e780, 0x00000227d3e3ec10]
Event: 29.291 Thread 0x00000227ede6d8a0 nmethod 10387 0x00000227daaf7190 code [0x00000227daaf7360, 0x00000227daaf7af0]
Event: 29.291 Thread 0x00000227ede6d8a0 10400       4       org.eclipse.jdt.internal.core.index.DiskIndex::readStreamChars (529 bytes)
Event: 29.305 Thread 0x00000227ede6d8a0 nmethod 10400 0x00000227daaf7d90 code [0x00000227daaf7f60, 0x00000227daaf85b8]
Event: 29.305 Thread 0x00000227ede6d8a0 10403       4       org.eclipse.jdt.internal.core.index.DiskIndex::readStreamDocumentArray (267 bytes)
Event: 29.314 Thread 0x00000227ede6d8a0 nmethod 10403 0x00000227daaf8910 code [0x00000227daaf8ac0, 0x00000227daaf8fd8]
Event: 29.314 Thread 0x00000227ede6d8a0 10405       4       org.eclipse.jdt.internal.core.index.DiskIndex::readStreamInt (117 bytes)
Event: 29.315 Thread 0x00000227ede6d8a0 nmethod 10405 0x00000227daaf9210 code [0x00000227daaf93a0, 0x00000227daaf9510]
Event: 29.315 Thread 0x00000227ede6d8a0 10378       4       org.eclipse.core.runtime.Path::<init> (9 bytes)
Event: 29.320 Thread 0x00000227e41269f0 10406       3       org.eclipse.jdt.internal.core.index.DiskIndex::addQueryResult (173 bytes)
Event: 29.321 Thread 0x00000227e41269f0 nmethod 10406 0x00000227d3e3ed90 code [0x00000227d3e3f060, 0x00000227d3e3fca0]
Event: 29.321 Thread 0x00000227e41269f0 10407       3       org.eclipse.jdt.internal.core.index.EntryResult::<init> (26 bytes)
Event: 29.321 Thread 0x00000227e41269f0 nmethod 10407 0x00000227d3e40290 code [0x00000227d3e40440, 0x00000227d3e407e8]

GC Heap History (20 events):
Event: 29.121 GC heap after
{Heap after GC invocations=1106 (full 2):
 PSYoungGen      total 3072K, used 416K [0x00000000eab00000, 0x00000000eaf00000, 0x0000000100000000)
  eden space 2560K, 0% used [0x00000000eab00000,0x00000000eab00000,0x00000000ead80000)
  from space 512K, 81% used [0x00000000eae80000,0x00000000eaee8000,0x00000000eaf00000)
  to   space 512K, 0% used [0x00000000eae00000,0x00000000eae00000,0x00000000eae80000)
 ParOldGen       total 611328K, used 611202K [0x00000000c0000000, 0x00000000e5500000, 0x00000000eab00000)
  object space 611328K, 99% used [0x00000000c0000000,0x00000000e54e0930,0x00000000e5500000)
 Metaspace       used 58157K, committed 59392K, reserved 1114112K
  class space    used 5931K, committed 6464K, reserved 1048576K
}
Event: 29.130 GC heap before
{Heap before GC invocations=1107 (full 2):
 PSYoungGen      total 3072K, used 2976K [0x00000000eab00000, 0x00000000eaf00000, 0x0000000100000000)
  eden space 2560K, 100% used [0x00000000eab00000,0x00000000ead80000,0x00000000ead80000)
  from space 512K, 81% used [0x00000000eae80000,0x00000000eaee8000,0x00000000eaf00000)
  to   space 512K, 0% used [0x00000000eae00000,0x00000000eae00000,0x00000000eae80000)
 ParOldGen       total 611328K, used 611202K [0x00000000c0000000, 0x00000000e5500000, 0x00000000eab00000)
  object space 611328K, 99% used [0x00000000c0000000,0x00000000e54e0930,0x00000000e5500000)
 Metaspace       used 58157K, committed 59392K, reserved 1114112K
  class space    used 5931K, committed 6464K, reserved 1048576K
}
Event: 29.132 GC heap after
{Heap after GC invocations=1107 (full 2):
 PSYoungGen      total 3072K, used 448K [0x00000000eab00000, 0x00000000eaf00000, 0x0000000100000000)
  eden space 2560K, 0% used [0x00000000eab00000,0x00000000eab00000,0x00000000ead80000)
  from space 512K, 87% used [0x00000000eae00000,0x00000000eae70000,0x00000000eae80000)
  to   space 512K, 0% used [0x00000000eae80000,0x00000000eae80000,0x00000000eaf00000)
 ParOldGen       total 611840K, used 611538K [0x00000000c0000000, 0x00000000e5580000, 0x00000000eab00000)
  object space 611840K, 99% used [0x00000000c0000000,0x00000000e5534930,0x00000000e5580000)
 Metaspace       used 58157K, committed 59392K, reserved 1114112K
  class space    used 5931K, committed 6464K, reserved 1048576K
}
Event: 29.139 GC heap before
{Heap before GC invocations=1108 (full 2):
 PSYoungGen      total 3072K, used 3008K [0x00000000eab00000, 0x00000000eaf00000, 0x0000000100000000)
  eden space 2560K, 100% used [0x00000000eab00000,0x00000000ead80000,0x00000000ead80000)
  from space 512K, 87% used [0x00000000eae00000,0x00000000eae70000,0x00000000eae80000)
  to   space 512K, 0% used [0x00000000eae80000,0x00000000eae80000,0x00000000eaf00000)
 ParOldGen       total 611840K, used 611538K [0x00000000c0000000, 0x00000000e5580000, 0x00000000eab00000)
  object space 611840K, 99% used [0x00000000c0000000,0x00000000e5534930,0x00000000e5580000)
 Metaspace       used 58157K, committed 59392K, reserved 1114112K
  class space    used 5931K, committed 6464K, reserved 1048576K
}
Event: 29.140 GC heap after
{Heap after GC invocations=1108 (full 2):
 PSYoungGen      total 3072K, used 384K [0x00000000eab00000, 0x00000000eaf00000, 0x0000000100000000)
  eden space 2560K, 0% used [0x00000000eab00000,0x00000000eab00000,0x00000000ead80000)
  from space 512K, 75% used [0x00000000eae80000,0x00000000eaee0000,0x00000000eaf00000)
  to   space 512K, 0% used [0x00000000eae00000,0x00000000eae00000,0x00000000eae80000)
 ParOldGen       total 612352K, used 611866K [0x00000000c0000000, 0x00000000e5600000, 0x00000000eab00000)
  object space 612352K, 99% used [0x00000000c0000000,0x00000000e5586930,0x00000000e5600000)
 Metaspace       used 58157K, committed 59392K, reserved 1114112K
  class space    used 5931K, committed 6464K, reserved 1048576K
}
Event: 29.153 GC heap before
{Heap before GC invocations=1109 (full 2):
 PSYoungGen      total 3072K, used 2944K [0x00000000eab00000, 0x00000000eaf00000, 0x0000000100000000)
  eden space 2560K, 100% used [0x00000000eab00000,0x00000000ead80000,0x00000000ead80000)
  from space 512K, 75% used [0x00000000eae80000,0x00000000eaee0000,0x00000000eaf00000)
  to   space 512K, 0% used [0x00000000eae00000,0x00000000eae00000,0x00000000eae80000)
 ParOldGen       total 612352K, used 611866K [0x00000000c0000000, 0x00000000e5600000, 0x00000000eab00000)
  object space 612352K, 99% used [0x00000000c0000000,0x00000000e5586930,0x00000000e5600000)
 Metaspace       used 58157K, committed 59392K, reserved 1114112K
  class space    used 5931K, committed 6464K, reserved 1048576K
}
Event: 29.154 GC heap after
{Heap after GC invocations=1109 (full 2):
 PSYoungGen      total 3072K, used 490K [0x00000000eab00000, 0x00000000eb080000, 0x0000000100000000)
  eden space 2560K, 0% used [0x00000000eab00000,0x00000000eab00000,0x00000000ead80000)
  from space 512K, 95% used [0x00000000eae00000,0x00000000eae7a800,0x00000000eae80000)
  to   space 1536K, 0% used [0x00000000eaf00000,0x00000000eaf00000,0x00000000eb080000)
 ParOldGen       total 612864K, used 612415K [0x00000000c0000000, 0x00000000e5680000, 0x00000000eab00000)
  object space 612864K, 99% used [0x00000000c0000000,0x00000000e560ff30,0x00000000e5680000)
 Metaspace       used 58157K, committed 59392K, reserved 1114112K
  class space    used 5931K, committed 6464K, reserved 1048576K
}
Event: 29.252 GC heap before
{Heap before GC invocations=1110 (full 2):
 PSYoungGen      total 3072K, used 3050K [0x00000000eab00000, 0x00000000eb080000, 0x0000000100000000)
  eden space 2560K, 100% used [0x00000000eab00000,0x00000000ead80000,0x00000000ead80000)
  from space 512K, 95% used [0x00000000eae00000,0x00000000eae7a800,0x00000000eae80000)
  to   space 1536K, 0% used [0x00000000eaf00000,0x00000000eaf00000,0x00000000eb080000)
 ParOldGen       total 612864K, used 612415K [0x00000000c0000000, 0x00000000e5680000, 0x00000000eab00000)
  object space 612864K, 99% used [0x00000000c0000000,0x00000000e560ff30,0x00000000e5680000)
 Metaspace       used 58241K, committed 59456K, reserved 1114112K
  class space    used 5944K, committed 6464K, reserved 1048576K
}
Event: 29.254 GC heap after
{Heap after GC invocations=1110 (full 2):
 PSYoungGen      total 3584K, used 656K [0x00000000eab00000, 0x00000000eb000000, 0x0000000100000000)
  eden space 2560K, 0% used [0x00000000eab00000,0x00000000eab00000,0x00000000ead80000)
  from space 1024K, 64% used [0x00000000eaf00000,0x00000000eafa41d8,0x00000000eb000000)
  to   space 1024K, 0% used [0x00000000eae00000,0x00000000eae00000,0x00000000eaf00000)
 ParOldGen       total 612864K, used 612615K [0x00000000c0000000, 0x00000000e5680000, 0x00000000eab00000)
  object space 612864K, 99% used [0x00000000c0000000,0x00000000e5641f30,0x00000000e5680000)
 Metaspace       used 58241K, committed 59456K, reserved 1114112K
  class space    used 5944K, committed 6464K, reserved 1048576K
}
Event: 29.263 GC heap before
{Heap before GC invocations=1111 (full 2):
 PSYoungGen      total 3584K, used 3216K [0x00000000eab00000, 0x00000000eb000000, 0x0000000100000000)
  eden space 2560K, 100% used [0x00000000eab00000,0x00000000ead80000,0x00000000ead80000)
  from space 1024K, 64% used [0x00000000eaf00000,0x00000000eafa41d8,0x00000000eb000000)
  to   space 1024K, 0% used [0x00000000eae00000,0x00000000eae00000,0x00000000eaf00000)
 ParOldGen       total 612864K, used 612615K [0x00000000c0000000, 0x00000000e5680000, 0x00000000eab00000)
  object space 612864K, 99% used [0x00000000c0000000,0x00000000e5641f30,0x00000000e5680000)
 Metaspace       used 58241K, committed 59456K, reserved 1114112K
  class space    used 5944K, committed 6464K, reserved 1048576K
}
Event: 29.265 GC heap after
{Heap after GC invocations=1111 (full 2):
 PSYoungGen      total 3584K, used 992K [0x00000000eab00000, 0x00000000eb080000, 0x0000000100000000)
  eden space 2560K, 0% used [0x00000000eab00000,0x00000000eab00000,0x00000000ead80000)
  from space 1024K, 96% used [0x00000000eae00000,0x00000000eaef8000,0x00000000eaf00000)
  to   space 1536K, 0% used [0x00000000eaf00000,0x00000000eaf00000,0x00000000eb080000)
 ParOldGen       total 613376K, used 613152K [0x00000000c0000000, 0x00000000e5700000, 0x00000000eab00000)
  object space 613376K, 99% used [0x00000000c0000000,0x00000000e56c82c0,0x00000000e5700000)
 Metaspace       used 58241K, committed 59456K, reserved 1114112K
  class space    used 5944K, committed 6464K, reserved 1048576K
}
Event: 29.271 GC heap before
{Heap before GC invocations=1112 (full 2):
 PSYoungGen      total 3584K, used 3552K [0x00000000eab00000, 0x00000000eb080000, 0x0000000100000000)
  eden space 2560K, 100% used [0x00000000eab00000,0x00000000ead80000,0x00000000ead80000)
  from space 1024K, 96% used [0x00000000eae00000,0x00000000eaef8000,0x00000000eaf00000)
  to   space 1536K, 0% used [0x00000000eaf00000,0x00000000eaf00000,0x00000000eb080000)
 ParOldGen       total 613376K, used 613152K [0x00000000c0000000, 0x00000000e5700000, 0x00000000eab00000)
  object space 613376K, 99% used [0x00000000c0000000,0x00000000e56c82c0,0x00000000e5700000)
 Metaspace       used 58243K, committed 59456K, reserved 1114112K
  class space    used 5944K, committed 6464K, reserved 1048576K
}
Event: 29.273 GC heap after
{Heap after GC invocations=1112 (full 2):
 PSYoungGen      total 3584K, used 960K [0x00000000eab00000, 0x00000000eb000000, 0x0000000100000000)
  eden space 2560K, 0% used [0x00000000eab00000,0x00000000eab00000,0x00000000ead80000)
  from space 1024K, 93% used [0x00000000eaf00000,0x00000000eaff0000,0x00000000eb000000)
  to   space 1024K, 0% used [0x00000000eae00000,0x00000000eae00000,0x00000000eaf00000)
 ParOldGen       total 614400K, used 614000K [0x00000000c0000000, 0x00000000e5800000, 0x00000000eab00000)
  object space 614400K, 99% used [0x00000000c0000000,0x00000000e579c2c0,0x00000000e5800000)
 Metaspace       used 58243K, committed 59456K, reserved 1114112K
  class space    used 5944K, committed 6464K, reserved 1048576K
}
Event: 29.279 GC heap before
{Heap before GC invocations=1113 (full 2):
 PSYoungGen      total 3584K, used 3520K [0x00000000eab00000, 0x00000000eb000000, 0x0000000100000000)
  eden space 2560K, 100% used [0x00000000eab00000,0x00000000ead80000,0x00000000ead80000)
  from space 1024K, 93% used [0x00000000eaf00000,0x00000000eaff0000,0x00000000eb000000)
  to   space 1024K, 0% used [0x00000000eae00000,0x00000000eae00000,0x00000000eaf00000)
 ParOldGen       total 614400K, used 614000K [0x00000000c0000000, 0x00000000e5800000, 0x00000000eab00000)
  object space 614400K, 99% used [0x00000000c0000000,0x00000000e579c2c0,0x00000000e5800000)
 Metaspace       used 58243K, committed 59456K, reserved 1114112K
  class space    used 5944K, committed 6464K, reserved 1048576K
}
Event: 29.281 GC heap after
{Heap after GC invocations=1113 (full 2):
 PSYoungGen      total 3584K, used 928K [0x00000000eab00000, 0x00000000eaf80000, 0x0000000100000000)
  eden space 2560K, 0% used [0x00000000eab00000,0x00000000eab00000,0x00000000ead80000)
  from space 1024K, 90% used [0x00000000eae00000,0x00000000eaee8000,0x00000000eaf00000)
  to   space 512K, 0% used [0x00000000eaf00000,0x00000000eaf00000,0x00000000eaf80000)
 ParOldGen       total 614912K, used 614864K [0x00000000c0000000, 0x00000000e5880000, 0x00000000eab00000)
  object space 614912K, 99% used [0x00000000c0000000,0x00000000e58742c0,0x00000000e5880000)
 Metaspace       used 58243K, committed 59456K, reserved 1114112K
  class space    used 5944K, committed 6464K, reserved 1048576K
}
Event: 29.292 GC heap before
{Heap before GC invocations=1114 (full 2):
 PSYoungGen      total 3584K, used 3488K [0x00000000eab00000, 0x00000000eaf80000, 0x0000000100000000)
  eden space 2560K, 100% used [0x00000000eab00000,0x00000000ead80000,0x00000000ead80000)
  from space 1024K, 90% used [0x00000000eae00000,0x00000000eaee8000,0x00000000eaf00000)
  to   space 512K, 0% used [0x00000000eaf00000,0x00000000eaf00000,0x00000000eaf80000)
 ParOldGen       total 614912K, used 614864K [0x00000000c0000000, 0x00000000e5880000, 0x00000000eab00000)
  object space 614912K, 99% used [0x00000000c0000000,0x00000000e58742c0,0x00000000e5880000)
 Metaspace       used 58246K, committed 59456K, reserved 1114112K
  class space    used 5944K, committed 6464K, reserved 1048576K
}
Event: 29.295 GC heap after
{Heap after GC invocations=1114 (full 2):
 PSYoungGen      total 3072K, used 482K [0x00000000eab00000, 0x00000000eaf80000, 0x0000000100000000)
  eden space 2560K, 0% used [0x00000000eab00000,0x00000000eab00000,0x00000000ead80000)
  from space 512K, 94% used [0x00000000eaf00000,0x00000000eaf78b48,0x00000000eaf80000)
  to   space 1024K, 0% used [0x00000000eae00000,0x00000000eae00000,0x00000000eaf00000)
 ParOldGen       total 617472K, used 617266K [0x00000000c0000000, 0x00000000e5b00000, 0x00000000eab00000)
  object space 617472K, 99% used [0x00000000c0000000,0x00000000e5acca10,0x00000000e5b00000)
 Metaspace       used 58246K, committed 59456K, reserved 1114112K
  class space    used 5944K, committed 6464K, reserved 1048576K
}
Event: 29.308 GC heap before
{Heap before GC invocations=1115 (full 2):
 PSYoungGen      total 3072K, used 3042K [0x00000000eab00000, 0x00000000eaf80000, 0x0000000100000000)
  eden space 2560K, 100% used [0x00000000eab00000,0x00000000ead80000,0x00000000ead80000)
  from space 512K, 94% used [0x00000000eaf00000,0x00000000eaf78b48,0x00000000eaf80000)
  to   space 1024K, 0% used [0x00000000eae00000,0x00000000eae00000,0x00000000eaf00000)
 ParOldGen       total 617472K, used 617266K [0x00000000c0000000, 0x00000000e5b00000, 0x00000000eab00000)
  object space 617472K, 99% used [0x00000000c0000000,0x00000000e5acca10,0x00000000e5b00000)
 Metaspace       used 58246K, committed 59456K, reserved 1114112K
  class space    used 5944K, committed 6464K, reserved 1048576K
}
Event: 29.313 GC heap after
{Heap after GC invocations=1115 (full 2):
 PSYoungGen      total 3584K, used 1024K [0x00000000eab00000, 0x00000000eaf80000, 0x0000000100000000)
  eden space 2560K, 0% used [0x00000000eab00000,0x00000000eab00000,0x00000000ead80000)
  from space 1024K, 100% used [0x00000000eae00000,0x00000000eaf00000,0x00000000eaf00000)
  to   space 512K, 0% used [0x00000000eaf00000,0x00000000eaf00000,0x00000000eaf80000)
 ParOldGen       total 619520K, used 619309K [0x00000000c0000000, 0x00000000e5d00000, 0x00000000eab00000)
  object space 619520K, 99% used [0x00000000c0000000,0x00000000e5ccb558,0x00000000e5d00000)
 Metaspace       used 58246K, committed 59456K, reserved 1114112K
  class space    used 5944K, committed 6464K, reserved 1048576K
}
Event: 29.321 GC heap before
{Heap before GC invocations=1116 (full 2):
 PSYoungGen      total 3584K, used 3584K [0x00000000eab00000, 0x00000000eaf80000, 0x0000000100000000)
  eden space 2560K, 100% used [0x00000000eab00000,0x00000000ead80000,0x00000000ead80000)
  from space 1024K, 100% used [0x00000000eae00000,0x00000000eaf00000,0x00000000eaf00000)
  to   space 512K, 0% used [0x00000000eaf00000,0x00000000eaf00000,0x00000000eaf80000)
 ParOldGen       total 619520K, used 619309K [0x00000000c0000000, 0x00000000e5d00000, 0x00000000eab00000)
  object space 619520K, 99% used [0x00000000c0000000,0x00000000e5ccb558,0x00000000e5d00000)
 Metaspace       used 58252K, committed 59456K, reserved 1114112K
  class space    used 5944K, committed 6464K, reserved 1048576K
}

Dll operation events (10 events):
Event: 0.014 Loaded shared library c:\Users\dk\.vscode\extensions\redhat.java-1.39.0-win32-x64\jre\21.0.5-win32-x86_64\bin\java.dll
Event: 0.047 Loaded shared library c:\Users\dk\.vscode\extensions\redhat.java-1.39.0-win32-x64\jre\21.0.5-win32-x86_64\bin\zip.dll
Event: 0.148 Loaded shared library C:\Users\dk\.vscode\extensions\redhat.java-1.39.0-win32-x64\jre\21.0.5-win32-x86_64\bin\instrument.dll
Event: 0.155 Loaded shared library C:\Users\dk\.vscode\extensions\redhat.java-1.39.0-win32-x64\jre\21.0.5-win32-x86_64\bin\net.dll
Event: 0.159 Loaded shared library C:\Users\dk\.vscode\extensions\redhat.java-1.39.0-win32-x64\jre\21.0.5-win32-x86_64\bin\nio.dll
Event: 0.163 Loaded shared library C:\Users\dk\.vscode\extensions\redhat.java-1.39.0-win32-x64\jre\21.0.5-win32-x86_64\bin\zip.dll
Event: 0.182 Loaded shared library C:\Users\dk\.vscode\extensions\redhat.java-1.39.0-win32-x64\jre\21.0.5-win32-x86_64\bin\jimage.dll
Event: 0.246 Loaded shared library c:\Users\dk\.vscode\extensions\redhat.java-1.39.0-win32-x64\jre\21.0.5-win32-x86_64\bin\verify.dll
Event: 1.206 Loaded shared library C:\Users\dk\AppData\Roaming\Code\User\globalStorage\redhat.java\1.39.0\config_win\org.eclipse.equinox.launcher\org.eclipse.equinox.launcher.win32.win32.x86_64_1.2.1100.v20240722-2106\eclipse_11904.dll
Event: 2.698 Loaded shared library C:\Users\dk\AppData\Local\Temp\jna-3207\jna10429618382490665188.dll

Deoptimization events (20 events):
Event: 27.535 Thread 0x00000227eaf374e0 Uncommon trap: trap_request=0xffffff45 fr.pc=0x00000227daacbcd0 relative=0x00000000000018d0
Event: 27.535 Thread 0x00000227eaf374e0 Uncommon trap: reason=unstable_if action=reinterpret pc=0x00000227daacbcd0 method=org.eclipse.jdt.internal.compiler.classfmt.FieldInfo.createField([B[IIJ)Lorg/eclipse/jdt/internal/compiler/classfmt/FieldInfo; @ 259 c2
Event: 27.535 Thread 0x00000227eaf374e0 DEOPT PACKING pc=0x00000227daacbcd0 sp=0x00000091c8ffebc0
Event: 27.535 Thread 0x00000227eaf374e0 DEOPT UNPACKING pc=0x00000227d9d73aa2 sp=0x00000091c8ffeb48 mode 2
Event: 27.953 Thread 0x00000227eaf374e0 DEOPT PACKING pc=0x00000227d3da6252 sp=0x00000091c8ffec40
Event: 27.953 Thread 0x00000227eaf374e0 DEOPT UNPACKING pc=0x00000227d9d74242 sp=0x00000091c8ffe248 mode 0
Event: 28.080 Thread 0x00000227eaf374e0 Uncommon trap: trap_request=0xffffff45 fr.pc=0x00000227daaaa2a8 relative=0x0000000000001a28
Event: 28.080 Thread 0x00000227eaf374e0 Uncommon trap: reason=unstable_if action=reinterpret pc=0x00000227daaaa2a8 method=org.eclipse.jdt.internal.core.index.DiskIndex.writeStreamInt(Ljava/io/FileOutputStream;I)V @ 9 c2
Event: 28.080 Thread 0x00000227eaf374e0 DEOPT PACKING pc=0x00000227daaaa2a8 sp=0x00000091c8ffebf0
Event: 28.080 Thread 0x00000227eaf374e0 DEOPT UNPACKING pc=0x00000227d9d73aa2 sp=0x00000091c8ffebb0 mode 2
Event: 28.560 Thread 0x00000227eaf374e0 Uncommon trap: trap_request=0xffffff45 fr.pc=0x00000227da3c6958 relative=0x0000000000001158
Event: 28.560 Thread 0x00000227eaf374e0 Uncommon trap: reason=unstable_if action=reinterpret pc=0x00000227da3c6958 method=java.lang.String.<init>(Ljava/nio/charset/Charset;[BII)V @ 113 c2
Event: 28.560 Thread 0x00000227eaf374e0 DEOPT PACKING pc=0x00000227da3c6958 sp=0x00000091c8ffea10
Event: 28.560 Thread 0x00000227eaf374e0 DEOPT UNPACKING pc=0x00000227d9d73aa2 sp=0x00000091c8ffe9d0 mode 2
Event: 29.235 Thread 0x00000227eaf374e0 DEOPT PACKING pc=0x00000227d2ff1d50 sp=0x00000091c8ffc780
Event: 29.235 Thread 0x00000227eaf374e0 DEOPT UNPACKING pc=0x00000227d9d74242 sp=0x00000091c8ffbd28 mode 0
Event: 29.275 Thread 0x00000227eaf374e0 Uncommon trap: trap_request=0xffffff45 fr.pc=0x00000227daaf5444 relative=0x0000000000000664
Event: 29.275 Thread 0x00000227eaf374e0 Uncommon trap: reason=unstable_if action=reinterpret pc=0x00000227daaf5444 method=org.eclipse.jdt.internal.core.index.DiskIndex.readStreamChars(Ljava/io/InputStream;)[C @ 14 c2
Event: 29.275 Thread 0x00000227eaf374e0 DEOPT PACKING pc=0x00000227daaf5444 sp=0x00000091c8ffe9e0
Event: 29.275 Thread 0x00000227eaf374e0 DEOPT UNPACKING pc=0x00000227d9d73aa2 sp=0x00000091c8ffe940 mode 2

Classes loaded (20 events):
Event: 14.039 Loading class java/util/stream/ReferencePipeline$4$1
Event: 14.039 Loading class java/util/stream/ReferencePipeline$4$1 done
Event: 15.771 Loading class java/util/TreeMap$ValueSpliterator
Event: 15.772 Loading class java/util/TreeMap$TreeMapSpliterator
Event: 15.772 Loading class java/util/TreeMap$TreeMapSpliterator done
Event: 15.772 Loading class java/util/TreeMap$ValueSpliterator done
Event: 15.807 Loading class java/util/concurrent/CompletionException
Event: 15.807 Loading class java/util/concurrent/CompletionException done
Event: 15.820 Loading class java/nio/file/FileTreeWalker$1
Event: 15.821 Loading class java/nio/file/FileTreeWalker$1 done
Event: 15.822 Loading class sun/nio/fs/Globs
Event: 15.822 Loading class sun/nio/fs/Globs done
Event: 15.822 Loading class java/util/regex/Pattern$SliceU
Event: 15.823 Loading class java/util/regex/Pattern$SliceU done
Event: 15.823 Loading class sun/nio/fs/WindowsFileSystem$2
Event: 15.823 Loading class java/nio/file/PathMatcher
Event: 15.823 Loading class java/nio/file/PathMatcher done
Event: 15.823 Loading class sun/nio/fs/WindowsFileSystem$2 done
Event: 18.987 Loading class sun/nio/fs/WindowsFileCopy
Event: 18.987 Loading class sun/nio/fs/WindowsFileCopy done

Classes unloaded (10 events):
Event: 3.204 Thread 0x00000227cdd6f8f0 Unloading class 0x000002278119b000 'java/lang/invoke/LambdaForm$MH+0x000002278119b000'
Event: 3.204 Thread 0x00000227cdd6f8f0 Unloading class 0x000002278119ac00 'java/lang/invoke/LambdaForm$MH+0x000002278119ac00'
Event: 3.204 Thread 0x00000227cdd6f8f0 Unloading class 0x000002278119a800 'java/lang/invoke/LambdaForm$MH+0x000002278119a800'
Event: 3.204 Thread 0x00000227cdd6f8f0 Unloading class 0x000002278119a400 'java/lang/invoke/LambdaForm$MH+0x000002278119a400'
Event: 3.204 Thread 0x00000227cdd6f8f0 Unloading class 0x000002278119a000 'java/lang/invoke/LambdaForm$BMH+0x000002278119a000'
Event: 3.204 Thread 0x00000227cdd6f8f0 Unloading class 0x0000022781199c00 'java/lang/invoke/LambdaForm$DMH+0x0000022781199c00'
Event: 3.204 Thread 0x00000227cdd6f8f0 Unloading class 0x0000022781198c00 'java/lang/invoke/LambdaForm$DMH+0x0000022781198c00'
Event: 4.411 Thread 0x00000227cdd6f8f0 Unloading class 0x0000022781359c00 'java/lang/invoke/LambdaForm$DMH+0x0000022781359c00'
Event: 4.411 Thread 0x00000227cdd6f8f0 Unloading class 0x0000022781358000 'java/lang/invoke/LambdaForm$MH+0x0000022781358000'
Event: 4.411 Thread 0x00000227cdd6f8f0 Unloading class 0x000002278134a000 'java/lang/invoke/LambdaForm$MH+0x000002278134a000'

Classes redefined (0 events):
No events

Internal exceptions (20 events):
Event: 26.987 Thread 0x00000227eaf374e0 Exception <a 'sun/nio/fs/WindowsException'{0x00000000eac77268}> (0x00000000eac77268) 
thrown [s\src\hotspot\share\prims\jni.cpp, line 520]
Event: 27.032 Thread 0x00000227eaf374e0 Exception <a 'sun/nio/fs/WindowsException'{0x00000000eab1e790}> (0x00000000eab1e790) 
thrown [s\src\hotspot\share\prims\jni.cpp, line 520]
Event: 27.080 Thread 0x00000227eaf374e0 Exception <a 'sun/nio/fs/WindowsException'{0x00000000eab49d40}> (0x00000000eab49d40) 
thrown [s\src\hotspot\share\prims\jni.cpp, line 520]
Event: 27.154 Thread 0x00000227eaf374e0 Exception <a 'sun/nio/fs/WindowsException'{0x00000000ead0e680}> (0x00000000ead0e680) 
thrown [s\src\hotspot\share\prims\jni.cpp, line 520]
Event: 27.170 Thread 0x00000227eaf374e0 Exception <a 'sun/nio/fs/WindowsException'{0x00000000ead24e18}> (0x00000000ead24e18) 
thrown [s\src\hotspot\share\prims\jni.cpp, line 520]
Event: 28.098 Thread 0x00000227eaf374e0 Exception <a 'sun/nio/fs/WindowsException'{0x00000000eaba87e8}> (0x00000000eaba87e8) 
thrown [s\src\hotspot\share\prims\jni.cpp, line 520]
Event: 28.136 Thread 0x00000227eaf374e0 Exception <a 'sun/nio/fs/WindowsException'{0x00000000eac042f8}> (0x00000000eac042f8) 
thrown [s\src\hotspot\share\prims\jni.cpp, line 520]
Event: 28.214 Thread 0x00000227eaf374e0 Exception <a 'sun/nio/fs/WindowsException'{0x00000000ead7ea10}> (0x00000000ead7ea10) 
thrown [s\src\hotspot\share\prims\jni.cpp, line 520]
Event: 28.268 Thread 0x00000227eaf374e0 Exception <a 'sun/nio/fs/WindowsException'{0x00000000eac33b40}> (0x00000000eac33b40) 
thrown [s\src\hotspot\share\prims\jni.cpp, line 520]
Event: 28.299 Thread 0x00000227eaf374e0 Exception <a 'sun/nio/fs/WindowsException'{0x00000000eac9f9c0}> (0x00000000eac9f9c0) 
thrown [s\src\hotspot\share\prims\jni.cpp, line 520]
Event: 28.339 Thread 0x00000227eaf374e0 Exception <a 'sun/nio/fs/WindowsException'{0x00000000eac2c888}> (0x00000000eac2c888) 
thrown [s\src\hotspot\share\prims\jni.cpp, line 520]
Event: 28.355 Thread 0x00000227eaf34d80 Exception <a 'sun/nio/fs/WindowsException'{0x00000000ead15da8}> (0x00000000ead15da8) 
thrown [s\src\hotspot\share\prims\jni.cpp, line 520]
Event: 28.643 Thread 0x00000227eaf374e0 Exception <a 'sun/nio/fs/WindowsException'{0x00000000eab91238}> (0x00000000eab91238) 
thrown [s\src\hotspot\share\prims\jni.cpp, line 520]
Event: 28.788 Thread 0x00000227eaf374e0 Exception <a 'sun/nio/fs/WindowsException'{0x00000000eabdb5d8}> (0x00000000eabdb5d8) 
thrown [s\src\hotspot\share\prims\jni.cpp, line 520]
Event: 28.820 Thread 0x00000227eaf374e0 Exception <a 'sun/nio/fs/WindowsException'{0x00000000eac7d848}> (0x00000000eac7d848) 
thrown [s\src\hotspot\share\prims\jni.cpp, line 520]
Event: 28.878 Thread 0x00000227eaf374e0 Exception <a 'sun/nio/fs/WindowsException'{0x00000000eabb8e98}> (0x00000000eabb8e98) 
thrown [s\src\hotspot\share\prims\jni.cpp, line 520]
Event: 28.914 Thread 0x00000227eaf374e0 Exception <a 'sun/nio/fs/WindowsException'{0x00000000ead7c650}> (0x00000000ead7c650) 
thrown [s\src\hotspot\share\prims\jni.cpp, line 520]
Event: 28.983 Thread 0x00000227eaf374e0 Exception <a 'sun/nio/fs/WindowsException'{0x00000000ead110e0}> (0x00000000ead110e0) 
thrown [s\src\hotspot\share\prims\jni.cpp, line 520]
Event: 29.000 Thread 0x00000227eaf374e0 Exception <a 'sun/nio/fs/WindowsException'{0x00000000ead277d0}> (0x00000000ead277d0) 
thrown [s\src\hotspot\share\prims\jni.cpp, line 520]
Event: 29.205 Thread 0x00000227eaf374e0 Exception <a 'sun/nio/fs/WindowsException'{0x00000000eabe5088}> (0x00000000eabe5088) 
thrown [s\src\hotspot\share\prims\jni.cpp, line 520]

ZGC Phase Switch (0 events):
No events

VM Operations (20 events):
Event: 29.132 Executing VM operation: ParallelGCFailedAllocation (Allocation Failure) done
Event: 29.139 Executing VM operation: ParallelGCFailedAllocation (Allocation Failure)
Event: 29.140 Executing VM operation: ParallelGCFailedAllocation (Allocation Failure) done
Event: 29.153 Executing VM operation: ParallelGCFailedAllocation (Allocation Failure)
Event: 29.154 Executing VM operation: ParallelGCFailedAllocation (Allocation Failure) done
Event: 29.231 Executing VM operation: HandshakeAllThreads (Deoptimize)
Event: 29.231 Executing VM operation: HandshakeAllThreads (Deoptimize) done
Event: 29.252 Executing VM operation: ParallelGCFailedAllocation (Allocation Failure)
Event: 29.254 Executing VM operation: ParallelGCFailedAllocation (Allocation Failure) done
Event: 29.263 Executing VM operation: ParallelGCFailedAllocation (Allocation Failure)
Event: 29.265 Executing VM operation: ParallelGCFailedAllocation (Allocation Failure) done
Event: 29.271 Executing VM operation: ParallelGCFailedAllocation (Allocation Failure)
Event: 29.273 Executing VM operation: ParallelGCFailedAllocation (Allocation Failure) done
Event: 29.279 Executing VM operation: ParallelGCFailedAllocation (Allocation Failure)
Event: 29.281 Executing VM operation: ParallelGCFailedAllocation (Allocation Failure) done
Event: 29.292 Executing VM operation: ParallelGCFailedAllocation (Allocation Failure)
Event: 29.295 Executing VM operation: ParallelGCFailedAllocation (Allocation Failure) done
Event: 29.308 Executing VM operation: ParallelGCFailedAllocation (Allocation Failure)
Event: 29.313 Executing VM operation: ParallelGCFailedAllocation (Allocation Failure) done
Event: 29.321 Executing VM operation: ParallelGCFailedAllocation (Allocation Failure)

Memory protections (0 events):
No events

Nmethod flushes (20 events):
Event: 4.422 Thread 0x00000227cdd6f8f0 flushing  nmethod 0x00000227d2e74690
Event: 4.422 Thread 0x00000227cdd6f8f0 flushing  nmethod 0x00000227d2e75890
Event: 4.422 Thread 0x00000227cdd6f8f0 flushing  nmethod 0x00000227d2e76090
Event: 4.422 Thread 0x00000227cdd6f8f0 flushing  nmethod 0x00000227d2e76810
Event: 4.422 Thread 0x00000227cdd6f8f0 flushing  nmethod 0x00000227d2e77d90
Event: 4.422 Thread 0x00000227cdd6f8f0 flushing  nmethod 0x00000227d2e78910
Event: 4.422 Thread 0x00000227cdd6f8f0 flushing  nmethod 0x00000227d2e79690
Event: 4.422 Thread 0x00000227cdd6f8f0 flushing  nmethod 0x00000227d2e7a390
Event: 4.422 Thread 0x00000227cdd6f8f0 flushing  nmethod 0x00000227d2e7a790
Event: 4.422 Thread 0x00000227cdd6f8f0 flushing  nmethod 0x00000227d2e7af10
Event: 4.422 Thread 0x00000227cdd6f8f0 flushing  nmethod 0x00000227d2e7bb90
Event: 4.422 Thread 0x00000227cdd6f8f0 flushing  nmethod 0x00000227d2e7d210
Event: 4.422 Thread 0x00000227cdd6f8f0 flushing  nmethod 0x00000227d2e88910
Event: 4.422 Thread 0x00000227cdd6f8f0 flushing  nmethod 0x00000227d2e9fa90
Event: 4.422 Thread 0x00000227cdd6f8f0 flushing  nmethod 0x00000227d2ea5210
Event: 4.422 Thread 0x00000227cdd6f8f0 flushing  nmethod 0x00000227d2eab810
Event: 4.422 Thread 0x00000227cdd6f8f0 flushing  nmethod 0x00000227d2f29290
Event: 4.422 Thread 0x00000227cdd6f8f0 flushing  nmethod 0x00000227d2f40510
Event: 4.422 Thread 0x00000227cdd6f8f0 flushing  nmethod 0x00000227d2f40f10
Event: 4.422 Thread 0x00000227cdd6f8f0 flushing  nmethod 0x00000227d2f60110

Events (20 events):
Event: 4.229 Thread 0x00000227cdcb0050 Thread added: 0x00000227eb326ac0
Event: 4.272 Thread 0x00000227cdcb0050 Thread added: 0x00000227eb3277e0
Event: 4.495 Thread 0x00000227cdcb0050 Thread added: 0x00000227eb325080
Event: 4.496 Thread 0x00000227cdcb0050 Thread added: 0x00000227eb325da0
Event: 8.175 Thread 0x00000227eadf5a90 Thread exited: 0x00000227eadf5a90
Event: 10.843 Thread 0x00000227eaf36130 Thread added: 0x00000227eb329220
Event: 10.843 Thread 0x00000227eaf36130 Thread added: 0x00000227eb322290
Event: 10.844 Thread 0x00000227eaf36130 Thread added: 0x00000227eb322920
Event: 10.844 Thread 0x00000227eaf36130 Thread added: 0x00000227ecad6700
Event: 10.844 Thread 0x00000227eb322920 Thread added: 0x00000227ecad94f0
Event: 10.844 Thread 0x00000227eb329220 Thread added: 0x00000227ecad7420
Event: 13.482 Thread 0x00000227eaf36130 Thread added: 0x00000227ecad6d90
Event: 13.820 Thread 0x00000227eaf36130 Thread added: 0x00000227ecad8140
Event: 18.214 Thread 0x00000227eb2bd730 Thread exited: 0x00000227eb2bd730
Event: 18.214 Thread 0x00000227e5f4e650 Thread exited: 0x00000227e5f4e650
Event: 19.189 Thread 0x00000227e41269f0 Thread added: 0x00000227ecb33a80
Event: 19.189 Thread 0x00000227e41269f0 Thread added: 0x00000227ed03edc0
Event: 21.011 Thread 0x00000227ed03edc0 Thread exited: 0x00000227ed03edc0
Event: 21.498 Thread 0x00000227ecb33a80 Thread exited: 0x00000227ecb33a80
Event: 29.251 Thread 0x00000227e41269f0 Thread added: 0x00000227ede6d8a0


Dynamic libraries:
0x00007ff60f340000 - 0x00007ff60f34e000 	c:\Users\dk\.vscode\extensions\redhat.java-1.39.0-win32-x64\jre\21.0.5-win32-x86_64\bin\java.exe
0x00007ffba9190000 - 0x00007ffba9388000 	C:\Windows\SYSTEM32\ntdll.dll
0x00007ffba71b0000 - 0x00007ffba7272000 	C:\Windows\System32\KERNEL32.DLL
0x00007ffba69a0000 - 0x00007ffba6c9f000 	C:\Windows\System32\KERNELBASE.dll
0x00007ffba6ee0000 - 0x00007ffba6fe0000 	C:\Windows\System32\ucrtbase.dll
0x00007ffb9c690000 - 0x00007ffb9c6ae000 	c:\Users\dk\.vscode\extensions\redhat.java-1.39.0-win32-x64\jre\21.0.5-win32-x86_64\bin\VCRUNTIME140.dll
0x00007ffba0360000 - 0x00007ffba0378000 	c:\Users\dk\.vscode\extensions\redhat.java-1.39.0-win32-x64\jre\21.0.5-win32-x86_64\bin\jli.dll
0x00007ffba8c40000 - 0x00007ffba8ddd000 	C:\Windows\System32\USER32.dll
0x00007ffba6d70000 - 0x00007ffba6d92000 	C:\Windows\System32\win32u.dll
0x00007ffba8b30000 - 0x00007ffba8b5b000 	C:\Windows\System32\GDI32.dll
0x00007ffba6830000 - 0x00007ffba694a000 	C:\Windows\System32\gdi32full.dll
0x00007ffb927d0000 - 0x00007ffb92a6a000 	C:\Windows\WinSxS\amd64_microsoft.windows.common-controls_6595b64144ccf1df_6.0.19041.4355_none_60b8b9eb71f62e16\COMCTL32.dll
0x00007ffba6cd0000 - 0x00007ffba6d6d000 	C:\Windows\System32\msvcp_win.dll
0x00007ffba8a30000 - 0x00007ffba8ace000 	C:\Windows\System32\msvcrt.dll
0x00007ffba8f10000 - 0x00007ffba8f3f000 	C:\Windows\System32\IMM32.DLL
0x00007ffb9f6a0000 - 0x00007ffb9f6ac000 	c:\Users\dk\.vscode\extensions\redhat.java-1.39.0-win32-x64\jre\21.0.5-win32-x86_64\bin\vcruntime140_1.dll
0x00007ffb91360000 - 0x00007ffb913ed000 	c:\Users\dk\.vscode\extensions\redhat.java-1.39.0-win32-x64\jre\21.0.5-win32-x86_64\bin\msvcp140.dll
0x00007ffb3bf00000 - 0x00007ffb3cc8f000 	c:\Users\dk\.vscode\extensions\redhat.java-1.39.0-win32-x64\jre\21.0.5-win32-x86_64\bin\server\jvm.dll
0x00007ffba8de0000 - 0x00007ffba8e8f000 	C:\Windows\System32\ADVAPI32.dll
0x00007ffba88b0000 - 0x00007ffba894f000 	C:\Windows\System32\sechost.dll
0x00007ffba86c0000 - 0x00007ffba87e3000 	C:\Windows\System32\RPCRT4.dll
0x00007ffba6ca0000 - 0x00007ffba6cc7000 	C:\Windows\System32\bcrypt.dll
0x00007ffba7ef0000 - 0x00007ffba7f5b000 	C:\Windows\System32\WS2_32.dll
0x00007ffba5d20000 - 0x00007ffba5d6b000 	C:\Windows\SYSTEM32\POWRPROF.dll
0x00007ffb8cbe0000 - 0x00007ffb8cc07000 	C:\Windows\SYSTEM32\WINMM.dll
0x00007ffba0410000 - 0x00007ffba041a000 	C:\Windows\SYSTEM32\VERSION.dll
0x00007ffba5bf0000 - 0x00007ffba5c02000 	C:\Windows\SYSTEM32\UMPDC.dll
0x00007ffba5280000 - 0x00007ffba5292000 	C:\Windows\SYSTEM32\kernel.appcore.dll
0x00007ffb91950000 - 0x00007ffb9195a000 	c:\Users\dk\.vscode\extensions\redhat.java-1.39.0-win32-x64\jre\21.0.5-win32-x86_64\bin\jimage.dll
0x00007ffba44f0000 - 0x00007ffba46d4000 	C:\Windows\SYSTEM32\DBGHELP.DLL
0x00007ffba3b20000 - 0x00007ffba3b54000 	C:\Windows\SYSTEM32\dbgcore.DLL
0x00007ffba6e50000 - 0x00007ffba6ed2000 	C:\Windows\System32\bcryptPrimitives.dll
0x00007ffb91940000 - 0x00007ffb9194f000 	c:\Users\dk\.vscode\extensions\redhat.java-1.39.0-win32-x64\jre\21.0.5-win32-x86_64\bin\instrument.dll
0x00007ffb8fcd0000 - 0x00007ffb8fcef000 	c:\Users\dk\.vscode\extensions\redhat.java-1.39.0-win32-x64\jre\21.0.5-win32-x86_64\bin\java.dll
0x00007ffba7420000 - 0x00007ffba7b8d000 	C:\Windows\System32\SHELL32.dll
0x00007ffba4810000 - 0x00007ffba4fb4000 	C:\Windows\SYSTEM32\windows.storage.dll
0x00007ffba7b90000 - 0x00007ffba7ee5000 	C:\Windows\System32\combase.dll
0x00007ffba6180000 - 0x00007ffba61af000 	C:\Windows\SYSTEM32\Wldp.dll
0x00007ffba8b70000 - 0x00007ffba8c3d000 	C:\Windows\System32\OLEAUT32.dll
0x00007ffba7370000 - 0x00007ffba741d000 	C:\Windows\System32\SHCORE.dll
0x00007ffba8f40000 - 0x00007ffba8f95000 	C:\Windows\System32\shlwapi.dll
0x00007ffba6760000 - 0x00007ffba6784000 	C:\Windows\SYSTEM32\profapi.dll
0x00007ffb8fcb0000 - 0x00007ffb8fcc8000 	c:\Users\dk\.vscode\extensions\redhat.java-1.39.0-win32-x64\jre\21.0.5-win32-x86_64\bin\zip.dll
0x00007ffb915b0000 - 0x00007ffb915c0000 	C:\Users\dk\.vscode\extensions\redhat.java-1.39.0-win32-x64\jre\21.0.5-win32-x86_64\bin\net.dll
0x00007ffba3980000 - 0x00007ffba3a8a000 	C:\Windows\SYSTEM32\WINHTTP.dll
0x00007ffba5f60000 - 0x00007ffba5fcc000 	C:\Windows\system32\mswsock.dll
0x00007ffb92b00000 - 0x00007ffb92b16000 	C:\Users\dk\.vscode\extensions\redhat.java-1.39.0-win32-x64\jre\21.0.5-win32-x86_64\bin\nio.dll
0x00007ffb91ea0000 - 0x00007ffb91eb0000 	c:\Users\dk\.vscode\extensions\redhat.java-1.39.0-win32-x64\jre\21.0.5-win32-x86_64\bin\verify.dll
0x00007ffb8fc60000 - 0x00007ffb8fca5000 	C:\Users\dk\AppData\Roaming\Code\User\globalStorage\redhat.java\1.39.0\config_win\org.eclipse.equinox.launcher\org.eclipse.equinox.launcher.win32.win32.x86_64_1.2.1100.v20240722-2106\eclipse_11904.dll
0x00007ffba8590000 - 0x00007ffba86bb000 	C:\Windows\System32\ole32.dll
0x00007ffba61c0000 - 0x00007ffba61d8000 	C:\Windows\SYSTEM32\CRYPTSP.dll
0x00007ffba5830000 - 0x00007ffba5864000 	C:\Windows\system32\rsaenh.dll
0x00007ffba6720000 - 0x00007ffba674e000 	C:\Windows\SYSTEM32\USERENV.dll
0x00007ffba60f0000 - 0x00007ffba60fc000 	C:\Windows\SYSTEM32\CRYPTBASE.dll
0x00007ffba5c10000 - 0x00007ffba5c4b000 	C:\Windows\SYSTEM32\IPHLPAPI.DLL
0x00007ffba88a0000 - 0x00007ffba88a8000 	C:\Windows\System32\NSI.dll
0x00007ffb7a280000 - 0x00007ffb7a2c9000 	C:\Users\dk\AppData\Local\Temp\jna-3207\jna10429618382490665188.dll
0x00007ffba8b60000 - 0x00007ffba8b68000 	C:\Windows\System32\PSAPI.DLL
0x00007ffb9d840000 - 0x00007ffb9d857000 	C:\Windows\SYSTEM32\dhcpcsvc6.DLL
0x00007ffba02c0000 - 0x00007ffba02dd000 	C:\Windows\SYSTEM32\dhcpcsvc.DLL

dbghelp: loaded successfully - version: 4.0.5 - missing functions: none
symbol engine: initialized successfully - sym options: 0x614 - pdb path: .;c:\Users\dk\.vscode\extensions\redhat.java-1.39.0-win32-x64\jre\21.0.5-win32-x86_64\bin;C:\Windows\SYSTEM32;C:\Windows\WinSxS\amd64_microsoft.windows.common-controls_6595b64144ccf1df_6.0.19041.4355_none_60b8b9eb71f62e16;c:\Users\dk\.vscode\extensions\redhat.java-1.39.0-win32-x64\jre\21.0.5-win32-x86_64\bin\server;C:\Users\dk\AppData\Roaming\Code\User\globalStorage\redhat.java\1.39.0\config_win\org.eclipse.equinox.launcher\org.eclipse.equinox.launcher.win32.win32.x86_64_1.2.1100.v20240722-2106;C:\Users\dk\AppData\Local\Temp\jna-3207

VM Arguments:
jvm_args: --add-modules=ALL-SYSTEM --add-opens=java.base/java.util=ALL-UNNAMED --add-opens=java.base/java.lang=ALL-UNNAMED --add-opens=java.base/sun.nio.fs=ALL-UNNAMED -Declipse.application=org.eclipse.jdt.ls.core.id1 -Dosgi.bundles.defaultStartLevel=4 -Declipse.product=org.eclipse.jdt.ls.core.product -Djava.import.generatesMetadataFilesAtProjectRoot=false -DDetectVMInstallationsJob.disabled=true -Dfile.encoding=utf8 -XX:+UseParallelGC -XX:GCTimeRatio=4 -XX:AdaptiveSizePolicyWeight=90 -Dsun.zip.disableMemoryMapping=true -Xmx1G -Xms100m -Xlog:disable -javaagent:c:\Users\dk\.vscode\extensions\redhat.java-1.39.0-win32-x64\lombok\lombok-1.18.34.jar -XX:+HeapDumpOnOutOfMemoryError -XX:HeapDumpPath=c:\Users\dk\AppData\Roaming\Code\User\workspaceStorage\fd34dfacb829fd3c3a5173bd3568862a\redhat.java -Daether.dependencyCollector.impl=bf 
java_command: c:\Users\dk\.vscode\extensions\redhat.java-1.39.0-win32-x64\server\plugins\org.eclipse.equinox.launcher_1.6.900.v20240613-2009.jar -configuration c:\Users\dk\AppData\Roaming\Code\User\globalStorage\redhat.java\1.39.0\config_win -data c:\Users\dk\AppData\Roaming\Code\User\workspaceStorage\fd34dfacb829fd3c3a5173bd3568862a\redhat.java\jdt_ws --pipe=\\.\pipe\lsp-fbd4e05eb0cfbad9d2f5d0d8c7d27ccc-sock
java_class_path (initial): c:\Users\dk\.vscode\extensions\redhat.java-1.39.0-win32-x64\server\plugins\org.eclipse.equinox.launcher_1.6.900.v20240613-2009.jar
Launcher Type: SUN_STANDARD

[Global flags]
    uintx AdaptiveSizePolicyWeight                 = 90                                        {product} {command line}
     intx CICompilerCount                          = 4                                         {product} {ergonomic}
    uintx GCTimeRatio                              = 4                                         {product} {command line}
     bool HeapDumpOnOutOfMemoryError               = true                                   {manageable} {command line}
    ccstr HeapDumpPath                             = c:\Users\dk\AppData\Roaming\Code\User\workspaceStorage\fd34dfacb829fd3c3a5173bd3568862a\redhat.java         {manageable} {command line}
   size_t InitialHeapSize                          = 104857600                                 {product} {command line}
   size_t MaxHeapSize                              = 1073741824                                {product} {command line}
   size_t MaxNewSize                               = 357564416                                 {product} {ergonomic}
   size_t MinHeapDeltaBytes                        = 524288                                    {product} {ergonomic}
   size_t MinHeapSize                              = 104857600                                 {product} {command line}
   size_t NewSize                                  = 34603008                                  {product} {ergonomic}
    uintx NonNMethodCodeHeapSize                   = 5839372                                {pd product} {ergonomic}
    uintx NonProfiledCodeHeapSize                  = 122909434                              {pd product} {ergonomic}
   size_t OldSize                                  = 70254592                                  {product} {ergonomic}
    uintx ProfiledCodeHeapSize                     = 122909434                              {pd product} {ergonomic}
    uintx ReservedCodeCacheSize                    = 251658240                              {pd product} {ergonomic}
     bool SegmentedCodeCache                       = true                                      {product} {ergonomic}
   size_t SoftMaxHeapSize                          = 1073741824                             {manageable} {ergonomic}
     bool UseCompressedOops                        = true                           {product lp64_product} {ergonomic}
     bool UseLargePagesIndividualAllocation        = false                                  {pd product} {ergonomic}
     bool UseParallelGC                            = true                                      {product} {command line}

Logging:
Log output configuration:
 #0: stdout all=off uptime,level,tags foldmultilines=false
 #1: stderr all=off uptime,level,tags foldmultilines=false

Environment Variables:
JAVA_HOME=C:\Program Files\Java\jdk-17
PATH=C:\oraclexe\app\oracle\product\11.2.0\server\bin;C:\Program Files\Common Files\Oracle\Java\javapath;C:\Windows\system32;C:\Windows;C:\Windows\System32\Wbem;C:\Windows\System32\WindowsPowerShell\v1.0\;C:\Windows\System32\OpenSSH\;C:\Program Files (x86)\Common Files\Adobe\AGL;C:\Program Files\Bandizip\;C:\Program Files\Git\cmd;C:\Program Files\nodejs\;";C:\Program Files\Java\jdk-17\bin";C:\gradle\gradle-8.12.1\bin;C:\Program Files\MySQL\MySQL Shell 8.0\bin\;C:\Users\dk\AppData\Local\Microsoft\WindowsApps;C:\Users\dk\AppData\Local\Programs\Microsoft VS Code\bin;C:\Users\dk\AppData\Roaming\npm
USERNAME=dk
OS=Windows_NT
PROCESSOR_IDENTIFIER=Intel64 Family 6 Model 142 Stepping 12, GenuineIntel
TMP=C:\Users\dk\AppData\Local\Temp
TEMP=C:\Users\dk\AppData\Local\Temp




Periodic native trim disabled

---------------  S Y S T E M  ---------------

OS:
 Windows 10 , 64 bit Build 19041 (10.0.19041.5438)
OS uptime: 2 days 2:59 hours
Hyper-V role detected

CPU: total 8 (initial active 8) (4 cores per cpu, 2 threads per core) family 6 model 142 stepping 12 microcode 0xc0, cx8, cmov, fxsr, ht, mmx, 3dnowpref, sse, sse2, sse3, ssse3, sse4.1, sse4.2, popcnt, lzcnt, tsc, tscinvbit, avx, avx2, aes, erms, clmul, bmi1, bmi2, adx, fma, vzeroupper, clflush, clflushopt, hv, rdtscp, f16c
Processor Information for all 8 processors :
  Max Mhz: 2304, Current Mhz: 1803, Mhz Limit: 1797

Memory: 4k page, system-wide physical 24410M (7181M free)
TotalPageFile size 54144M (AvailPageFile size 4M)
current process WorkingSet (physical memory assigned to process): 939M, peak: 939M
current process commit charge ("private bytes"): 855M, peak: 931M

vm_info: OpenJDK 64-Bit Server VM (21.0.5+11-LTS) for windows-amd64 JRE (21.0.5+11-LTS), built on 2024-10-15T00:00:00Z by "admin" with MS VC++ 17.7 (VS2022)

END.
