#
# There is insufficient memory for the Java Runtime Environment to continue.
# Native memory allocation (mmap) failed to map 532676608 bytes for G1 virtual space
# Possible reasons:
#   The system is out of physical RAM or swap space
#   The process is running with CompressedOops enabled, and the Java Heap may be blocking the growth of the native heap
# Possible solutions:
#   Reduce memory load on the system
#   Increase physical memory or swap space
#   Check if swap backing store is full
#   Decrease Java heap size (-Xmx/-Xms)
#   Decrease number of Java threads
#   Decrease Java thread stack sizes (-Xss)
#   Set larger code cache with -XX:ReservedCodeCacheSize=
#   JVM is running with Zero Based Compressed Oops mode in which the Java heap is
#     placed in the first 32GB address space. The Java Heap base address is the
#     maximum limit for the native heap growth. Please use -XX:HeapBaseMinAddress
#     to set the Java Heap base and to place the Java Heap above 32GB virtual address.
# This output file may be truncated or incomplete.
#
#  Out of Memory Error (os_windows.cpp:3469), pid=26140, tid=10184
#
# JRE version:  (17.0+35) (build )
# Java VM: OpenJDK 64-Bit Server VM (17+35-2724, mixed mode, sharing, tiered, compressed oops, compressed class ptrs, g1 gc, windows-amd64)
# No core dump will be written. Minidumps are not enabled by default on client versions of Windows
#

---------------  S U M M A R Y ------------

Command Line: -agentlib:jdwp=transport=dt_socket,server=n,suspend=y,address=localhost:57425 -XX:+ShowCodeDetailsInExceptionMessages com.roadmaker.RoadmakerApplication

Host: 13th Gen Intel(R) Core(TM) i7-13700, 24 cores, 31G,  Windows 10 , 64 bit Build 26100 (10.0.26100.3037)
Time: Thu Feb 27 12:11:03 2025  Windows 10 , 64 bit Build 26100 (10.0.26100.3037) elapsed time: 0.097889 seconds (0d 0h 0m 0s)

---------------  T H R E A D  ---------------

Current thread (0x000001d4d0ae5aa0):  JavaThread "Unknown thread" [_thread_in_vm, id=10184, stack(0x000000c674f00000,0x000000c675000000)]

Stack: [0x000000c674f00000,0x000000c675000000]
Native frames: (J=compiled Java code, j=interpreted, Vv=VM code, C=native code)
V  [jvm.dll+0x66f8ea]
V  [jvm.dll+0x7ce224]
V  [jvm.dll+0x7cf9ce]
V  [jvm.dll+0x7d0033]
V  [jvm.dll+0x242bb5]
V  [jvm.dll+0x66c909]
V  [jvm.dll+0x6613d2]
V  [jvm.dll+0x30082b]
V  [jvm.dll+0x307db6]
V  [jvm.dll+0x357a0e]
V  [jvm.dll+0x357c3f]
V  [jvm.dll+0x2d7ae8]
V  [jvm.dll+0x2d8a54]
V  [jvm.dll+0x7a00a1]
V  [jvm.dll+0x365781]
V  [jvm.dll+0x77f59c]
V  [jvm.dll+0x3e805f]
V  [jvm.dll+0x3e9b01]
C  [jli.dll+0x527b]
C  [ucrtbase.dll+0x37b0]
C  [KERNEL32.DLL+0x2e8d7]
C  [ntdll.dll+0xbbf2c]


---------------  P R O C E S S  ---------------

Threads class SMR info:
_java_thread_list=0x00007ffc95887818, length=0, elements={
}

Java Threads: ( => current thread )

Other Threads:
  0x000001d4d0b68a80 GCTaskThread "GC Thread#0" [stack: 0x000000c675000000,0x000000c675100000] [id=26436]
  0x000001d4d0b0b040 ConcurrentGCThread "G1 Main Marker" [stack: 0x000000c675100000,0x000000c675200000] [id=10140]
  0x000001d4d0b7b9b0 ConcurrentGCThread "G1 Conc#0" [stack: 0x000000c675200000,0x000000c675300000] [id=19172]

[error occurred during error reporting (printing all threads), id 0xc0000005, EXCEPTION_ACCESS_VIOLATION (0xc0000005) at pc=0x00007ffc950d84c7]

VM state: not at safepoint (not fully initialized)

VM Mutex/Monitor currently owned by a thread:  ([mutex/lock_event])
[0x000001d4d0ae2bf0] Heap_lock - owner thread: 0x000001d4d0ae5aa0

Heap address: 0x0000000605c00000, size: 8100 MB, Compressed Oops mode: Zero based, Oop shift amount: 3

CDS archive(s) mapped at: [0x0000000000000000-0x0000000000000000-0x0000000000000000), size 0, SharedBaseAddress: 0x0000000800000000, ArchiveRelocationMode: 0.
Narrow klass base: 0x0000000000000000, Narrow klass shift: 0, Narrow klass range: 0x0

GC Precious Log:
<Empty>

Heap:
 garbage-first heap   total 0K, used 0K [0x0000000605c00000, 0x0000000800000000)
  region size 4096K, 0 young (0K), 0 survivors (0K)

[error occurred during error reporting (printing heap information), id 0xc0000005, EXCEPTION_ACCESS_VIOLATION (0xc0000005) at pc=0x00007ffc954b8c59]

GC Heap History (0 events):
No events

Deoptimization events (0 events):
No events

Classes unloaded (0 events):
No events

Classes redefined (0 events):
No events

Internal exceptions (0 events):
No events

VM Operations (0 events):
No events

Events (1 events):
Event: 0.012 Loaded shared library C:\openjdk-17\jdk-17\bin\java.dll


Dynamic libraries:
0x00007ff7042b0000 - 0x00007ff7042be000 	C:\openjdk-17\jdk-17\bin\java.exe
0x00007ffd69440000 - 0x00007ffd696a3000 	C:\WINDOWS\SYSTEM32\ntdll.dll
0x00007ffd67ff0000 - 0x00007ffd680b7000 	C:\WINDOWS\System32\KERNEL32.DLL
0x00007ffd66910000 - 0x00007ffd66cd7000 	C:\WINDOWS\System32\KERNELBASE.dll
0x00007ffd66ce0000 - 0x00007ffd66e2c000 	C:\WINDOWS\System32\ucrtbase.dll
0x00007ffd3da70000 - 0x00007ffd3da8a000 	C:\openjdk-17\jdk-17\bin\VCRUNTIME140.dll
0x00007ffd3d4c0000 - 0x00007ffd3d4d8000 	C:\openjdk-17\jdk-17\bin\jli.dll
0x00007ffd675e0000 - 0x00007ffd677a9000 	C:\WINDOWS\System32\USER32.dll
0x00007ffd67070000 - 0x00007ffd67097000 	C:\WINDOWS\System32\win32u.dll
0x00007ffd67d00000 - 0x00007ffd67d2a000 	C:\WINDOWS\System32\GDI32.dll
0x00007ffd470d0000 - 0x00007ffd47360000 	C:\WINDOWS\WinSxS\amd64_microsoft.windows.common-controls_6595b64144ccf1df_6.0.26100.3037_none_3e09262ce333c378\COMCTL32.dll
0x00007ffd667e0000 - 0x00007ffd6690b000 	C:\WINDOWS\System32\gdi32full.dll
0x00007ffd670a0000 - 0x00007ffd67143000 	C:\WINDOWS\System32\msvcp_win.dll
0x00007ffd68550000 - 0x00007ffd685f9000 	C:\WINDOWS\System32\msvcrt.dll
0x00007ffd67f50000 - 0x00007ffd67f7f000 	C:\WINDOWS\System32\IMM32.DLL
0x00007ffd627d0000 - 0x00007ffd627dc000 	C:\openjdk-17\jdk-17\bin\vcruntime140_1.dll
0x00007ffd0c460000 - 0x00007ffd0c4ed000 	C:\openjdk-17\jdk-17\bin\msvcp140.dll
0x00007ffc94df0000 - 0x00007ffc959ae000 	C:\openjdk-17\jdk-17\bin\server\jvm.dll
0x00007ffd67e90000 - 0x00007ffd67f44000 	C:\WINDOWS\System32\ADVAPI32.dll
0x00007ffd67530000 - 0x00007ffd675d6000 	C:\WINDOWS\System32\sechost.dll
0x00007ffd67410000 - 0x00007ffd67526000 	C:\WINDOWS\System32\RPCRT4.dll
0x00007ffd686f0000 - 0x00007ffd686f8000 	C:\WINDOWS\System32\PSAPI.DLL
0x00007ffd4ceb0000 - 0x00007ffd4ceba000 	C:\WINDOWS\SYSTEM32\WSOCK32.dll
0x00007ffd5c3e0000 - 0x00007ffd5c416000 	C:\WINDOWS\SYSTEM32\WINMM.dll
0x00007ffd51250000 - 0x00007ffd5125b000 	C:\WINDOWS\SYSTEM32\VERSION.dll
0x00007ffd68700000 - 0x00007ffd68774000 	C:\WINDOWS\System32\WS2_32.dll
0x00007ffd65640000 - 0x00007ffd6565a000 	C:\WINDOWS\SYSTEM32\kernel.appcore.dll
0x00007ffd62750000 - 0x00007ffd6275a000 	C:\openjdk-17\jdk-17\bin\jimage.dll
0x00007ffd640a0000 - 0x00007ffd642e1000 	C:\WINDOWS\SYSTEM32\DBGHELP.DLL
0x00007ffd68ff0000 - 0x00007ffd6936e000 	C:\WINDOWS\System32\combase.dll
0x00007ffd68610000 - 0x00007ffd686e6000 	C:\WINDOWS\System32\OLEAUT32.dll
0x00007ffd4bad0000 - 0x00007ffd4bb09000 	C:\WINDOWS\SYSTEM32\dbgcore.DLL
0x00007ffd671e0000 - 0x00007ffd67279000 	C:\WINDOWS\System32\bcryptPrimitives.dll
0x00007ffd3d9b0000 - 0x00007ffd3d9eb000 	C:\openjdk-17\jdk-17\bin\jdwp.dll
0x00007ffd3d490000 - 0x00007ffd3d4b5000 	C:\openjdk-17\jdk-17\bin\java.dll

dbghelp: loaded successfully - version: 4.0.5 - missing functions: none
symbol engine: initialized successfully - sym options: 0x614 - pdb path: .;C:\openjdk-17\jdk-17\bin;C:\WINDOWS\SYSTEM32;C:\WINDOWS\WinSxS\amd64_microsoft.windows.common-controls_6595b64144ccf1df_6.0.26100.3037_none_3e09262ce333c378;C:\openjdk-17\jdk-17\bin\server

VM Arguments:
jvm_args: -agentlib:jdwp=transport=dt_socket,server=n,suspend=y,address=localhost:57425 -XX:+ShowCodeDetailsInExceptionMessages 
java_command: com.roadmaker.RoadmakerApplication
java_class_path (initial): D:\roadmaker_backend\build\resources\main;D:\roadmaker_backend\build\classes\java\main;C:\Users\ict-21\.gradle\caches\modules-2\files-2.1\org.apache.logging.log4j\log4j-to-slf4j\2.24.3\da1143e2a2531ee1c2d90baa98eb50a28a39d5a7\log4j-to-slf4j-2.24.3.jar;C:\Users\ict-21\.gradle\caches\modules-2\files-2.1\org.apache.tomcat.embed\tomcat-embed-core\10.1.34\f610f84be607fbc82e393cc220f0ad45f92afc91\tomcat-embed-core-10.1.34.jar;C:\Users\ict-21\.gradle\caches\modules-2\files-2.1\org.springframework.boot\spring-boot-devtools\3.4.2\726c2343705fba19b13ee2bd98997e386408260f\spring-boot-devtools-3.4.2.jar;C:\Users\ict-21\.gradle\caches\modules-2\files-2.1\org.springframework.boot\spring-boot-starter-jdbc\3.4.2\a3698cab03ba6daaaa38c16df1b36c862e9e3e4b\spring-boot-starter-jdbc-3.4.2.jar;C:\Users\ict-21\.gradle\caches\modules-2\files-2.1\org.springframework.security\spring-security-config\6.4.2\5ed985329eb14b1c61045160c8dcbbcab179ddd3\spring-security-config-6.4.2.jar;C:\Users\ict-21\.gradle\caches\modules-2\files-2.1\org.slf4j\jul-to-slf4j\2.0.16\6d57da3e961daac65bcca0dd3def6cd11e48a24a\jul-to-slf4j-2.0.16.jar;C:\Users\ict-21\.gradle\caches\modules-2\files-2.1\net.minidev\json-smart\2.5.1\4c11d2808d009132dfbbf947ebf37de6bf266c8e\json-smart-2.5.1.jar;C:\Users\ict-21\.gradle\caches\modules-2\files-2.1\org.springframework.boot\spring-boot-starter-security\3.4.2\b3102ed745b5e71f61bb5174c6a12275f0154dbb\spring-boot-starter-security-3.4.2.jar;C:\Users\ict-21\.gradle\caches\modules-2\files-2.1\org.springframework\spring-tx\6.2.2\91a2e378d0e457b9c500f2b30aaf8a7a422ba522\spring-tx-6.2.2.jar;C:\Users\ict-21\.gradle\caches\modules-2\files-2.1\com.fasterxml.jackson.module\jackson-module-parameter-names\2.18.2\72960cb3277347a748911d100c3302d60e8a616a\jackson-module-parameter-names-2.18.2.jar;C:\Users\ict-21\.gradle\caches\modules-2\files-2.1\io.jsonwebtoken\jjwt-api\0.11.5\f742940045619d06383e7df37b21ac422b476cf1\jjwt-api-0.11.5.jar;C:\Users\ict-21\.gradle\caches\mod
Launcher Type: SUN_STANDARD

[Global flags]
     intx CICompilerCount                          = 12                                        {product} {ergonomic}
     uint ConcGCThreads                            = 5                                         {product} {ergonomic}
     uint G1ConcRefinementThreads                  = 18                                        {product} {ergonomic}
   size_t G1HeapRegionSize                         = 4194304                                   {product} {ergonomic}
    uintx GCDrainStackTargetSize                   = 64                                        {product} {ergonomic}
   size_t InitialHeapSize                          = 532676608                                 {product} {ergonomic}
   size_t MarkStackSize                            = 4194304                                   {product} {ergonomic}
   size_t MaxHeapSize                              = 8493465600                                {product} {ergonomic}
   size_t MinHeapDeltaBytes                        = 4194304                                   {product} {ergonomic}
   size_t MinHeapSize                              = 8388608                                   {product} {ergonomic}
    uintx NonNMethodCodeHeapSize                   = 7602480                                {pd product} {ergonomic}
    uintx NonProfiledCodeHeapSize                  = 122027880                              {pd product} {ergonomic}
    uintx ProfiledCodeHeapSize                     = 122027880                              {pd product} {ergonomic}
    uintx ReservedCodeCacheSize                    = 251658240                              {pd product} {ergonomic}
     bool SegmentedCodeCache                       = true                                      {product} {ergonomic}
     bool ShowCodeDetailsInExceptionMessages       = true                                   {manageable} {command line}
   size_t SoftMaxHeapSize                          = 8493465600                             {manageable} {ergonomic}
     bool UseCompressedClassPointers               = true                           {product lp64_product} {ergonomic}
     bool UseCompressedOops                        = true                           {product lp64_product} {ergonomic}
     bool UseG1GC                                  = true                                      {product} {ergonomic}
     bool UseLargePagesIndividualAllocation        = false                                  {pd product} {ergonomic}

Logging:
Log output configuration:
 #0: stdout all=warning uptime,level,tags
 #1: stderr all=off uptime,level,tags

Environment Variables:
JAVA_HOME=C:\openjdk-17\jdk-17
PATH=C:\openjdk-17\jdk-17\bin;C:\Program Files (x86)\VMware\VMware Player\bin\;C:\oraclexe\app\oracle\product\11.2.0\server\bin;C:\WINDOWS\system32;C:\WINDOWS;C:\WINDOWS\System32\Wbem;C:\WINDOWS\System32\WindowsPowerShell\v1.0\;C:\WINDOWS\System32\OpenSSH\;C:\Program Files\MySQL\MySQL Server 8.0\bin;C:\Program Files\PuTTY\;C:\HashiCorp\Vagrant\bin;C:\Program Files\nodejs\;C:\Program Files\Git\cmd;C:\Users\ict-21\AppData\Local\Microsoft\WindowsApps;;C:\Program Files\JetBrains\PyCharm Community Edition 2024.3.1\bin;;C:\Users\ict-21\AppData\Roaming\npm;C:\Users\ict-21\AppData\Local\Programs\Microsoft VS Code\bin
USERNAME=ict-21
LANG=en_US.UTF-8
OS=Windows_NT
PROCESSOR_IDENTIFIER=Intel64 Family 6 Model 183 Stepping 1, GenuineIntel



---------------  S Y S T E M  ---------------

OS:
 Windows 10 , 64 bit Build 26100 (10.0.26100.3037)
OS uptime: 7 days 0:08 hours
Hyper-V role detected

CPU: total 24 (initial active 24) (12 cores per cpu, 2 threads per core) family 6 model 183 stepping 1 microcode 0x129, cx8, cmov, fxsr, ht, mmx, 3dnowpref, sse, sse2, sse3, ssse3, sse4.1, sse4.2, popcnt, lzcnt, tsc, tscinvbit, avx, avx2, aes, erms, clmul, bmi1, bmi2, adx, sha, fma, vzeroupper, clflush, clflushopt, clwb, hv

Memory: 4k page, system-wide physical 32396M (10598M free)
TotalPageFile size 93160M (AvailPageFile size 508M)
current process WorkingSet (physical memory assigned to process): 13M, peak: 13M
current process commit charge ("private bytes"): 81M, peak: 589M

vm_info: OpenJDK 64-Bit Server VM (17+35-2724) for windows-amd64 JRE (17+35-2724), built on Aug  5 2021 23:26:02 by "mach5one" with MS VC++ 16.8 (VS2019)

END.
