#
# There is insufficient memory for the Java Runtime Environment to continue.
# Native memory allocation (malloc) failed to allocate 79056 bytes for Chunk::new
# Possible reasons:
#   The system is out of physical RAM or swap space
#   The process is running with CompressedOops enabled, and the Java Heap may be blocking the growth of the native heap
# Possible solutions:
#   Reduce memory load on the system
#   Increase physical memory or swap space
#   Check if swap backing store is full
#   Decrease Java heap size (-Xmx/-Xms)
#   Decrease number of Java threads
#   Decrease Java thread stack sizes (-Xss)
#   Set larger code cache with -XX:ReservedCodeCacheSize=
#   JVM is running with Zero Based Compressed Oops mode in which the Java heap is
#     placed in the first 32GB address space. The Java Heap base address is the
#     maximum limit for the native heap growth. Please use -XX:HeapBaseMinAddress
#     to set the Java Heap base and to place the Java Heap above 32GB virtual address.
# This output file may be truncated or incomplete.
#
#  Out of Memory Error (arena.cpp:189), pid=876, tid=9604
#
# JRE version: Java(TM) SE Runtime Environment (17.0.12+8) (build 17.0.12+8-LTS-286)
# Java VM: Java HotSpot(TM) 64-Bit Server VM (17.0.12+8-LTS-286, mixed mode, sharing, tiered, compressed oops, compressed class ptrs, g1 gc, windows-amd64)
# No core dump will be written. Minidumps are not enabled by default on client versions of Windows
#

---------------  S U M M A R Y ------------

Command Line: -Dcom.sun.management.jmxremote -Dcom.sun.management.jmxremote.port=61561 -Dcom.sun.management.jmxremote.authenticate=false -Dcom.sun.management.jmxremote.ssl=false -Dspring.jmx.enabled=true -Djava.rmi.server.hostname=localhost -Dspring.application.admin.enabled=true -Dspring.boot.project.name=backend-new -XX:+ShowCodeDetailsInExceptionMessages com.roadmaker.RoadmakerApplication

Host: Intel(R) Core(TM) i7-10510U CPU @ 1.80GHz, 8 cores, 23G,  Windows 10 , 64 bit Build 19041 (10.0.19041.5438)
Time: Wed Feb 26 16:52:15 2025  Windows 10 , 64 bit Build 19041 (10.0.19041.5438) elapsed time: 1.921326 seconds (0d 0h 0m 1s)

---------------  T H R E A D  ---------------

Current thread (0x000001c05e920cd0):  JavaThread "C2 CompilerThread0" daemon [_thread_in_native, id=9604, stack(0x0000009f39f00000,0x0000009f3a000000)]


Current CompileTask:
C2:   1921 1004       4       java.lang.StringLatin1::indexOf (121 bytes)

Stack: [0x0000009f39f00000,0x0000009f3a000000]
Native frames: (J=compiled Java code, j=interpreted, Vv=VM code, C=native code)
V  [jvm.dll+0x67a04a]
V  [jvm.dll+0x7da4ed]
V  [jvm.dll+0x7dbe33]
V  [jvm.dll+0x7dc4a3]
V  [jvm.dll+0x24508f]
V  [jvm.dll+0xab773]
V  [jvm.dll+0xabd3c]
V  [jvm.dll+0x361b9f]
V  [jvm.dll+0x32c431]
V  [jvm.dll+0x32b8ca]
V  [jvm.dll+0x21683f]
V  [jvm.dll+0x215c6f]
V  [jvm.dll+0x1a2960]
V  [jvm.dll+0x22610b]
V  [jvm.dll+0x2242ab]
V  [jvm.dll+0x79075c]
V  [jvm.dll+0x78abea]
V  [jvm.dll+0x678f35]
C  [ucrtbase.dll+0x21bb2]
C  [KERNEL32.DLL+0x17374]
C  [ntdll.dll+0x4cc91]


---------------  P R O C E S S  ---------------

Threads class SMR info:
_java_thread_list=0x000001c0a430a1e0, length=16, elements={
0x000001c0350b90c0, 0x000001c05e8fd100, 0x000001c05e8fe720, 0x000001c05e91b0d0,
0x000001c05e91ebb0, 0x000001c05e91f570, 0x000001c05e91ff30, 0x000001c05e920cd0,
0x000001c05e9326e0, 0x000001c05e9378a0, 0x000001c05eaca960, 0x000001c05eb58d80,
0x000001c0a42f71b0, 0x000001c0a433f140, 0x000001c0a4359920, 0x000001c0a43798b0
}

Java Threads: ( => current thread )
  0x000001c0350b90c0 JavaThread "main" [_thread_in_Java, id=6268, stack(0x0000009f39200000,0x0000009f39300000)]
  0x000001c05e8fd100 JavaThread "Reference Handler" daemon [_thread_blocked, id=17304, stack(0x0000009f39900000,0x0000009f39a00000)]
  0x000001c05e8fe720 JavaThread "Finalizer" daemon [_thread_blocked, id=30504, stack(0x0000009f39a00000,0x0000009f39b00000)]
  0x000001c05e91b0d0 JavaThread "Signal Dispatcher" daemon [_thread_blocked, id=32392, stack(0x0000009f39b00000,0x0000009f39c00000)]
  0x000001c05e91ebb0 JavaThread "Attach Listener" daemon [_thread_blocked, id=19232, stack(0x0000009f39c00000,0x0000009f39d00000)]
  0x000001c05e91f570 JavaThread "Service Thread" daemon [_thread_blocked, id=28700, stack(0x0000009f39d00000,0x0000009f39e00000)]
  0x000001c05e91ff30 JavaThread "Monitor Deflation Thread" daemon [_thread_blocked, id=2640, stack(0x0000009f39e00000,0x0000009f39f00000)]
=>0x000001c05e920cd0 JavaThread "C2 CompilerThread0" daemon [_thread_in_native, id=9604, stack(0x0000009f39f00000,0x0000009f3a000000)]
  0x000001c05e9326e0 JavaThread "C1 CompilerThread0" daemon [_thread_in_native, id=30160, stack(0x0000009f3a000000,0x0000009f3a100000)]
  0x000001c05e9378a0 JavaThread "Sweeper thread" daemon [_thread_blocked, id=15196, stack(0x0000009f3a100000,0x0000009f3a200000)]
  0x000001c05eaca960 JavaThread "Common-Cleaner" daemon [_thread_blocked, id=5484, stack(0x0000009f3a200000,0x0000009f3a300000)]
  0x000001c05eb58d80 JavaThread "Notification Thread" daemon [_thread_blocked, id=25608, stack(0x0000009f3a300000,0x0000009f3a400000)]
  0x000001c0a42f71b0 JavaThread "RMI TCP Accept-0" daemon [_thread_in_native, id=16488, stack(0x0000009f3a500000,0x0000009f3a600000)]
  0x000001c0a433f140 JavaThread "RMI TCP Accept-61561" daemon [_thread_in_native, id=8308, stack(0x0000009f3a600000,0x0000009f3a700000)]
  0x000001c0a4359920 JavaThread "RMI TCP Accept-0" daemon [_thread_in_native, id=29968, stack(0x0000009f3a700000,0x0000009f3a800000)]
  0x000001c0a43798b0 JavaThread "C2 CompilerThread1" daemon [_thread_blocked, id=3052, stack(0x0000009f3a400000,0x0000009f3a500000)]

Other Threads:
  0x000001c05e8f7d50 VMThread "VM Thread" [stack: 0x0000009f39800000,0x0000009f39900000] [id=24000]
  0x000001c03516c4c0 WatcherThread [stack: 0x0000009f3a800000,0x0000009f3a900000] [id=25352]
  0x000001c03514c0f0 GCTaskThread "GC Thread#0" [stack: 0x0000009f39300000,0x0000009f39400000] [id=20640]
  0x000001c035158f00 ConcurrentGCThread "G1 Main Marker" [stack: 0x0000009f39400000,0x0000009f39500000] [id=31712]
  0x000001c035159910 ConcurrentGCThread "G1 Conc#0" [stack: 0x0000009f39500000,0x0000009f39600000] [id=6692]
  0x000001c03517e370 ConcurrentGCThread "G1 Refine#0" [stack: 0x0000009f39600000,0x0000009f39700000] [id=9176]
  0x000001c05e7b0d20 ConcurrentGCThread "G1 Service" [stack: 0x0000009f39700000,0x0000009f39800000] [id=30048]

Threads with active compile tasks:
C2 CompilerThread0     1973 1004       4       java.lang.StringLatin1::indexOf (121 bytes)
C1 CompilerThread0     1973 1006       3       java.net.URLStreamHandler::parseURL (1201 bytes)

VM state: not at safepoint (normal execution)

VM Mutex/Monitor currently owned by a thread: None

Heap address: 0x0000000682800000, size: 6104 MB, Compressed Oops mode: Zero based, Oop shift amount: 3

CDS archive(s) mapped at: [0x000001c05f000000-0x000001c05fbd0000-0x000001c05fbd0000), size 12386304, SharedBaseAddress: 0x000001c05f000000, ArchiveRelocationMode: 1.
Compressed class space mapped at: 0x000001c060000000-0x000001c0a0000000, reserved size: 1073741824
Narrow klass base: 0x000001c05f000000, Narrow klass shift: 0, Narrow klass range: 0x100000000

GC Precious Log:
 CPUs: 8 total, 8 available
 Memory: 24410M
 Large Page Support: Disabled
 NUMA Support: Disabled
 Compressed Oops: Enabled (Zero based)
 Heap Region Size: 4M
 Heap Min Capacity: 8M
 Heap Initial Capacity: 384M
 Heap Max Capacity: 6104M
 Pre-touch: Disabled
 Parallel Workers: 8
 Concurrent Workers: 2
 Concurrent Refinement Workers: 8
 Periodic GC: Disabled

Heap:
 garbage-first heap   total 393216K, used 12288K [0x0000000682800000, 0x0000000800000000)
  region size 4096K, 4 young (16384K), 0 survivors (0K)
 Metaspace       used 5720K, committed 5952K, reserved 1114112K
  class space    used 612K, committed 704K, reserved 1048576K

Heap Regions: E=young(eden), S=young(survivor), O=old, HS=humongous(starts), HC=humongous(continues), CS=collection set, F=free, OA=open archive, CA=closed archive, TAMS=top-at-mark-start (previous, next)
|   0|0x0000000682800000, 0x0000000682800000, 0x0000000682c00000|  0%| F|  |TAMS 0x0000000682800000, 0x0000000682800000| Untracked 
|   1|0x0000000682c00000, 0x0000000682c00000, 0x0000000683000000|  0%| F|  |TAMS 0x0000000682c00000, 0x0000000682c00000| Untracked 
|   2|0x0000000683000000, 0x0000000683000000, 0x0000000683400000|  0%| F|  |TAMS 0x0000000683000000, 0x0000000683000000| Untracked 
|   3|0x0000000683400000, 0x0000000683400000, 0x0000000683800000|  0%| F|  |TAMS 0x0000000683400000, 0x0000000683400000| Untracked 
|   4|0x0000000683800000, 0x0000000683800000, 0x0000000683c00000|  0%| F|  |TAMS 0x0000000683800000, 0x0000000683800000| Untracked 
|   5|0x0000000683c00000, 0x0000000683c00000, 0x0000000684000000|  0%| F|  |TAMS 0x0000000683c00000, 0x0000000683c00000| Untracked 
|   6|0x0000000684000000, 0x0000000684000000, 0x0000000684400000|  0%| F|  |TAMS 0x0000000684000000, 0x0000000684000000| Untracked 
|   7|0x0000000684400000, 0x0000000684400000, 0x0000000684800000|  0%| F|  |TAMS 0x0000000684400000, 0x0000000684400000| Untracked 
|   8|0x0000000684800000, 0x0000000684800000, 0x0000000684c00000|  0%| F|  |TAMS 0x0000000684800000, 0x0000000684800000| Untracked 
|   9|0x0000000684c00000, 0x0000000684c00000, 0x0000000685000000|  0%| F|  |TAMS 0x0000000684c00000, 0x0000000684c00000| Untracked 
|  10|0x0000000685000000, 0x0000000685000000, 0x0000000685400000|  0%| F|  |TAMS 0x0000000685000000, 0x0000000685000000| Untracked 
|  11|0x0000000685400000, 0x0000000685400000, 0x0000000685800000|  0%| F|  |TAMS 0x0000000685400000, 0x0000000685400000| Untracked 
|  12|0x0000000685800000, 0x0000000685800000, 0x0000000685c00000|  0%| F|  |TAMS 0x0000000685800000, 0x0000000685800000| Untracked 
|  13|0x0000000685c00000, 0x0000000685c00000, 0x0000000686000000|  0%| F|  |TAMS 0x0000000685c00000, 0x0000000685c00000| Untracked 
|  14|0x0000000686000000, 0x0000000686000000, 0x0000000686400000|  0%| F|  |TAMS 0x0000000686000000, 0x0000000686000000| Untracked 
|  15|0x0000000686400000, 0x0000000686400000, 0x0000000686800000|  0%| F|  |TAMS 0x0000000686400000, 0x0000000686400000| Untracked 
|  16|0x0000000686800000, 0x0000000686800000, 0x0000000686c00000|  0%| F|  |TAMS 0x0000000686800000, 0x0000000686800000| Untracked 
|  17|0x0000000686c00000, 0x0000000686c00000, 0x0000000687000000|  0%| F|  |TAMS 0x0000000686c00000, 0x0000000686c00000| Untracked 
|  18|0x0000000687000000, 0x0000000687000000, 0x0000000687400000|  0%| F|  |TAMS 0x0000000687000000, 0x0000000687000000| Untracked 
|  19|0x0000000687400000, 0x0000000687400000, 0x0000000687800000|  0%| F|  |TAMS 0x0000000687400000, 0x0000000687400000| Untracked 
|  20|0x0000000687800000, 0x0000000687800000, 0x0000000687c00000|  0%| F|  |TAMS 0x0000000687800000, 0x0000000687800000| Untracked 
|  21|0x0000000687c00000, 0x0000000687c00000, 0x0000000688000000|  0%| F|  |TAMS 0x0000000687c00000, 0x0000000687c00000| Untracked 
|  22|0x0000000688000000, 0x0000000688000000, 0x0000000688400000|  0%| F|  |TAMS 0x0000000688000000, 0x0000000688000000| Untracked 
|  23|0x0000000688400000, 0x0000000688400000, 0x0000000688800000|  0%| F|  |TAMS 0x0000000688400000, 0x0000000688400000| Untracked 
|  24|0x0000000688800000, 0x0000000688800000, 0x0000000688c00000|  0%| F|  |TAMS 0x0000000688800000, 0x0000000688800000| Untracked 
|  25|0x0000000688c00000, 0x0000000688c00000, 0x0000000689000000|  0%| F|  |TAMS 0x0000000688c00000, 0x0000000688c00000| Untracked 
|  26|0x0000000689000000, 0x0000000689000000, 0x0000000689400000|  0%| F|  |TAMS 0x0000000689000000, 0x0000000689000000| Untracked 
|  27|0x0000000689400000, 0x0000000689400000, 0x0000000689800000|  0%| F|  |TAMS 0x0000000689400000, 0x0000000689400000| Untracked 
|  28|0x0000000689800000, 0x0000000689800000, 0x0000000689c00000|  0%| F|  |TAMS 0x0000000689800000, 0x0000000689800000| Untracked 
|  29|0x0000000689c00000, 0x0000000689c00000, 0x000000068a000000|  0%| F|  |TAMS 0x0000000689c00000, 0x0000000689c00000| Untracked 
|  30|0x000000068a000000, 0x000000068a000000, 0x000000068a400000|  0%| F|  |TAMS 0x000000068a000000, 0x000000068a000000| Untracked 
|  31|0x000000068a400000, 0x000000068a400000, 0x000000068a800000|  0%| F|  |TAMS 0x000000068a400000, 0x000000068a400000| Untracked 
|  32|0x000000068a800000, 0x000000068a800000, 0x000000068ac00000|  0%| F|  |TAMS 0x000000068a800000, 0x000000068a800000| Untracked 
|  33|0x000000068ac00000, 0x000000068ac00000, 0x000000068b000000|  0%| F|  |TAMS 0x000000068ac00000, 0x000000068ac00000| Untracked 
|  34|0x000000068b000000, 0x000000068b000000, 0x000000068b400000|  0%| F|  |TAMS 0x000000068b000000, 0x000000068b000000| Untracked 
|  35|0x000000068b400000, 0x000000068b400000, 0x000000068b800000|  0%| F|  |TAMS 0x000000068b400000, 0x000000068b400000| Untracked 
|  36|0x000000068b800000, 0x000000068b800000, 0x000000068bc00000|  0%| F|  |TAMS 0x000000068b800000, 0x000000068b800000| Untracked 
|  37|0x000000068bc00000, 0x000000068bc00000, 0x000000068c000000|  0%| F|  |TAMS 0x000000068bc00000, 0x000000068bc00000| Untracked 
|  38|0x000000068c000000, 0x000000068c000000, 0x000000068c400000|  0%| F|  |TAMS 0x000000068c000000, 0x000000068c000000| Untracked 
|  39|0x000000068c400000, 0x000000068c400000, 0x000000068c800000|  0%| F|  |TAMS 0x000000068c400000, 0x000000068c400000| Untracked 
|  40|0x000000068c800000, 0x000000068c800000, 0x000000068cc00000|  0%| F|  |TAMS 0x000000068c800000, 0x000000068c800000| Untracked 
|  41|0x000000068cc00000, 0x000000068cc00000, 0x000000068d000000|  0%| F|  |TAMS 0x000000068cc00000, 0x000000068cc00000| Untracked 
|  42|0x000000068d000000, 0x000000068d000000, 0x000000068d400000|  0%| F|  |TAMS 0x000000068d000000, 0x000000068d000000| Untracked 
|  43|0x000000068d400000, 0x000000068d400000, 0x000000068d800000|  0%| F|  |TAMS 0x000000068d400000, 0x000000068d400000| Untracked 
|  44|0x000000068d800000, 0x000000068d800000, 0x000000068dc00000|  0%| F|  |TAMS 0x000000068d800000, 0x000000068d800000| Untracked 
|  45|0x000000068dc00000, 0x000000068dc00000, 0x000000068e000000|  0%| F|  |TAMS 0x000000068dc00000, 0x000000068dc00000| Untracked 
|  46|0x000000068e000000, 0x000000068e000000, 0x000000068e400000|  0%| F|  |TAMS 0x000000068e000000, 0x000000068e000000| Untracked 
|  47|0x000000068e400000, 0x000000068e400000, 0x000000068e800000|  0%| F|  |TAMS 0x000000068e400000, 0x000000068e400000| Untracked 
|  48|0x000000068e800000, 0x000000068e800000, 0x000000068ec00000|  0%| F|  |TAMS 0x000000068e800000, 0x000000068e800000| Untracked 
|  49|0x000000068ec00000, 0x000000068ec00000, 0x000000068f000000|  0%| F|  |TAMS 0x000000068ec00000, 0x000000068ec00000| Untracked 
|  50|0x000000068f000000, 0x000000068f000000, 0x000000068f400000|  0%| F|  |TAMS 0x000000068f000000, 0x000000068f000000| Untracked 
|  51|0x000000068f400000, 0x000000068f400000, 0x000000068f800000|  0%| F|  |TAMS 0x000000068f400000, 0x000000068f400000| Untracked 
|  52|0x000000068f800000, 0x000000068f800000, 0x000000068fc00000|  0%| F|  |TAMS 0x000000068f800000, 0x000000068f800000| Untracked 
|  53|0x000000068fc00000, 0x000000068fc00000, 0x0000000690000000|  0%| F|  |TAMS 0x000000068fc00000, 0x000000068fc00000| Untracked 
|  54|0x0000000690000000, 0x0000000690000000, 0x0000000690400000|  0%| F|  |TAMS 0x0000000690000000, 0x0000000690000000| Untracked 
|  55|0x0000000690400000, 0x0000000690400000, 0x0000000690800000|  0%| F|  |TAMS 0x0000000690400000, 0x0000000690400000| Untracked 
|  56|0x0000000690800000, 0x0000000690800000, 0x0000000690c00000|  0%| F|  |TAMS 0x0000000690800000, 0x0000000690800000| Untracked 
|  57|0x0000000690c00000, 0x0000000690c00000, 0x0000000691000000|  0%| F|  |TAMS 0x0000000690c00000, 0x0000000690c00000| Untracked 
|  58|0x0000000691000000, 0x0000000691000000, 0x0000000691400000|  0%| F|  |TAMS 0x0000000691000000, 0x0000000691000000| Untracked 
|  59|0x0000000691400000, 0x0000000691400000, 0x0000000691800000|  0%| F|  |TAMS 0x0000000691400000, 0x0000000691400000| Untracked 
|  60|0x0000000691800000, 0x0000000691800000, 0x0000000691c00000|  0%| F|  |TAMS 0x0000000691800000, 0x0000000691800000| Untracked 
|  61|0x0000000691c00000, 0x0000000691c00000, 0x0000000692000000|  0%| F|  |TAMS 0x0000000691c00000, 0x0000000691c00000| Untracked 
|  62|0x0000000692000000, 0x0000000692000000, 0x0000000692400000|  0%| F|  |TAMS 0x0000000692000000, 0x0000000692000000| Untracked 
|  63|0x0000000692400000, 0x0000000692400000, 0x0000000692800000|  0%| F|  |TAMS 0x0000000692400000, 0x0000000692400000| Untracked 
|  64|0x0000000692800000, 0x0000000692800000, 0x0000000692c00000|  0%| F|  |TAMS 0x0000000692800000, 0x0000000692800000| Untracked 
|  65|0x0000000692c00000, 0x0000000692c00000, 0x0000000693000000|  0%| F|  |TAMS 0x0000000692c00000, 0x0000000692c00000| Untracked 
|  66|0x0000000693000000, 0x0000000693000000, 0x0000000693400000|  0%| F|  |TAMS 0x0000000693000000, 0x0000000693000000| Untracked 
|  67|0x0000000693400000, 0x0000000693400000, 0x0000000693800000|  0%| F|  |TAMS 0x0000000693400000, 0x0000000693400000| Untracked 
|  68|0x0000000693800000, 0x0000000693800000, 0x0000000693c00000|  0%| F|  |TAMS 0x0000000693800000, 0x0000000693800000| Untracked 
|  69|0x0000000693c00000, 0x0000000693c00000, 0x0000000694000000|  0%| F|  |TAMS 0x0000000693c00000, 0x0000000693c00000| Untracked 
|  70|0x0000000694000000, 0x0000000694000000, 0x0000000694400000|  0%| F|  |TAMS 0x0000000694000000, 0x0000000694000000| Untracked 
|  71|0x0000000694400000, 0x0000000694400000, 0x0000000694800000|  0%| F|  |TAMS 0x0000000694400000, 0x0000000694400000| Untracked 
|  72|0x0000000694800000, 0x0000000694800000, 0x0000000694c00000|  0%| F|  |TAMS 0x0000000694800000, 0x0000000694800000| Untracked 
|  73|0x0000000694c00000, 0x0000000694c00000, 0x0000000695000000|  0%| F|  |TAMS 0x0000000694c00000, 0x0000000694c00000| Untracked 
|  74|0x0000000695000000, 0x0000000695000000, 0x0000000695400000|  0%| F|  |TAMS 0x0000000695000000, 0x0000000695000000| Untracked 
|  75|0x0000000695400000, 0x0000000695400000, 0x0000000695800000|  0%| F|  |TAMS 0x0000000695400000, 0x0000000695400000| Untracked 
|  76|0x0000000695800000, 0x0000000695800000, 0x0000000695c00000|  0%| F|  |TAMS 0x0000000695800000, 0x0000000695800000| Untracked 
|  77|0x0000000695c00000, 0x0000000695c00000, 0x0000000696000000|  0%| F|  |TAMS 0x0000000695c00000, 0x0000000695c00000| Untracked 
|  78|0x0000000696000000, 0x0000000696000000, 0x0000000696400000|  0%| F|  |TAMS 0x0000000696000000, 0x0000000696000000| Untracked 
|  79|0x0000000696400000, 0x0000000696400000, 0x0000000696800000|  0%| F|  |TAMS 0x0000000696400000, 0x0000000696400000| Untracked 
|  80|0x0000000696800000, 0x0000000696800000, 0x0000000696c00000|  0%| F|  |TAMS 0x0000000696800000, 0x0000000696800000| Untracked 
|  81|0x0000000696c00000, 0x0000000696c00000, 0x0000000697000000|  0%| F|  |TAMS 0x0000000696c00000, 0x0000000696c00000| Untracked 
|  82|0x0000000697000000, 0x0000000697000000, 0x0000000697400000|  0%| F|  |TAMS 0x0000000697000000, 0x0000000697000000| Untracked 
|  83|0x0000000697400000, 0x0000000697400000, 0x0000000697800000|  0%| F|  |TAMS 0x0000000697400000, 0x0000000697400000| Untracked 
|  84|0x0000000697800000, 0x0000000697800000, 0x0000000697c00000|  0%| F|  |TAMS 0x0000000697800000, 0x0000000697800000| Untracked 
|  85|0x0000000697c00000, 0x0000000697c00000, 0x0000000698000000|  0%| F|  |TAMS 0x0000000697c00000, 0x0000000697c00000| Untracked 
|  86|0x0000000698000000, 0x0000000698000000, 0x0000000698400000|  0%| F|  |TAMS 0x0000000698000000, 0x0000000698000000| Untracked 
|  87|0x0000000698400000, 0x0000000698400000, 0x0000000698800000|  0%| F|  |TAMS 0x0000000698400000, 0x0000000698400000| Untracked 
|  88|0x0000000698800000, 0x0000000698800000, 0x0000000698c00000|  0%| F|  |TAMS 0x0000000698800000, 0x0000000698800000| Untracked 
|  89|0x0000000698c00000, 0x0000000698c00000, 0x0000000699000000|  0%| F|  |TAMS 0x0000000698c00000, 0x0000000698c00000| Untracked 
|  90|0x0000000699000000, 0x0000000699000000, 0x0000000699400000|  0%| F|  |TAMS 0x0000000699000000, 0x0000000699000000| Untracked 
|  91|0x0000000699400000, 0x0000000699400000, 0x0000000699800000|  0%| F|  |TAMS 0x0000000699400000, 0x0000000699400000| Untracked 
|  92|0x0000000699800000, 0x0000000699a69110, 0x0000000699c00000| 60%| E|  |TAMS 0x0000000699800000, 0x0000000699800000| Complete 
|  93|0x0000000699c00000, 0x000000069a000000, 0x000000069a000000|100%| E|CS|TAMS 0x0000000699c00000, 0x0000000699c00000| Complete 
|  94|0x000000069a000000, 0x000000069a400000, 0x000000069a400000|100%| E|CS|TAMS 0x000000069a000000, 0x000000069a000000| Complete 
|  95|0x000000069a400000, 0x000000069a800000, 0x000000069a800000|100%| E|CS|TAMS 0x000000069a400000, 0x000000069a400000| Complete 

Card table byte_map: [0x000001c04e7a0000,0x000001c04f390000] _byte_map_base: 0x000001c04b38c000

Marking Bits (Prev, Next): (CMBitMap*) 0x000001c03514c710, (CMBitMap*) 0x000001c03514c750
 Prev Bits: [0x000001c04ff80000, 0x000001c055ee0000)
 Next Bits: [0x000001c055ee0000, 0x000001c05be40000)

Polling page: 0x000001c035180000

Metaspace:

Usage:
  Non-class:      5.16 MB used.
      Class:    631.45 KB used.
       Both:      5.78 MB used.

Virtual space:
  Non-class space:       64.00 MB reserved,       5.31 MB (  8%) committed,  1 nodes.
      Class space:        1.00 GB reserved,     768.00 KB ( <1%) committed,  1 nodes.
             Both:        1.06 GB reserved,       6.06 MB ( <1%) committed. 

Chunk freelists:
   Non-Class:  10.36 MB
       Class:  15.17 MB
        Both:  25.53 MB

MaxMetaspaceSize: unlimited
CompressedClassSpaceSize: 1.00 GB
Initial GC threshold: 21.00 MB
Current GC threshold: 21.00 MB
CDS: on
MetaspaceReclaimPolicy: balanced
 - commit_granule_bytes: 65536.
 - commit_granule_words: 8192.
 - virtual_space_node_default_size: 8388608.
 - enlarge_chunks_in_place: 1.
 - new_chunks_are_fully_committed: 0.
 - uncommit_free_chunks: 1.
 - use_allocation_guard: 0.
 - handle_deallocations: 1.


Internal statistics:

num_allocs_failed_limit: 0.
num_arena_births: 96.
num_arena_deaths: 0.
num_vsnodes_births: 2.
num_vsnodes_deaths: 0.
num_space_committed: 97.
num_space_uncommitted: 0.
num_chunks_returned_to_freelist: 0.
num_chunks_taken_from_freelist: 142.
num_chunk_merges: 0.
num_chunk_splits: 96.
num_chunks_enlarged: 57.
num_inconsistent_stats: 0.

CodeHeap 'non-profiled nmethods': size=120000Kb used=308Kb max_used=308Kb free=119691Kb
 bounds [0x000001c045c10000, 0x000001c045e80000, 0x000001c04d140000]
CodeHeap 'profiled nmethods': size=120000Kb used=1705Kb max_used=1705Kb free=118294Kb
 bounds [0x000001c03e140000, 0x000001c03e3b0000, 0x000001c045670000]
CodeHeap 'non-nmethods': size=5760Kb used=1157Kb max_used=1179Kb free=4602Kb
 bounds [0x000001c045670000, 0x000001c0458e0000, 0x000001c045c10000]
 total_blobs=1456 nmethods=1006 adapters=363
 compilation: enabled
              stopped_count=0, restarted_count=0
 full_count=0

Compilation events (20 events):
Event: 1.838 Thread 0x000001c05e920cd0 nmethod 990% 0x000001c045c59a90 code [0x000001c045c59c20, 0x000001c045c59fb8]
Event: 1.838 Thread 0x000001c05e920cd0  998 %     4       java.util.jar.Manifest$FastInputStream::readLine @ 86 (296 bytes)
Event: 1.841 Thread 0x000001c05e9326e0 nmethod 999 0x000001c03e2e1390 code [0x000001c03e2e18a0, 0x000001c03e2e4468]
Event: 1.841 Thread 0x000001c05e9326e0  997       3       sun.net.util.IPAddressUtil::scan (92 bytes)
Event: 1.843 Thread 0x000001c05e9326e0 nmethod 997 0x000001c03e2e5090 code [0x000001c03e2e5300, 0x000001c03e2e5e38]
Event: 1.843 Thread 0x000001c05e9326e0  993       3       java.net.URL::<init> (8 bytes)
Event: 1.843 Thread 0x000001c05e9326e0 nmethod 993 0x000001c03e2e6390 code [0x000001c03e2e6540, 0x000001c03e2e6688]
Event: 1.843 Thread 0x000001c05e9326e0  995       3       java.net.URLStreamHandler::setURL (73 bytes)
Event: 1.845 Thread 0x000001c05e9326e0 nmethod 995 0x000001c03e2e6710 code [0x000001c03e2e69e0, 0x000001c03e2e7878]
Event: 1.845 Thread 0x000001c05e9326e0  996       3       java.io.WinNTFileSystem::prefixLength (91 bytes)
Event: 1.847 Thread 0x000001c05e9326e0 nmethod 996 0x000001c03e2e7d90 code [0x000001c03e2e80a0, 0x000001c03e2e9438]
Event: 1.847 Thread 0x000001c05e9326e0 1003       3       java.util.WeakHashMap$Entry::<init> (24 bytes)
Event: 1.848 Thread 0x000001c05e9326e0 nmethod 1003 0x000001c03e2e9b10 code [0x000001c03e2e9cc0, 0x000001c03e2ea0d8]
Event: 1.848 Thread 0x000001c05e9326e0 1002       1       java.nio.HeapByteBuffer::isDirect (2 bytes)
Event: 1.848 Thread 0x000001c05e9326e0 nmethod 1002 0x000001c045c5a290 code [0x000001c045c5a420, 0x000001c045c5a4f8]
Event: 1.848 Thread 0x000001c05e9326e0 1005       3       sun.net.www.protocol.file.Handler::parseURL (18 bytes)
Event: 1.849 Thread 0x000001c05e9326e0 nmethod 1005 0x000001c03e2ea210 code [0x000001c03e2ea3c0, 0x000001c03e2ea578]
Event: 1.849 Thread 0x000001c05e9326e0 1006       3       java.net.URLStreamHandler::parseURL (1201 bytes)
Event: 1.860 Thread 0x000001c05e920cd0 nmethod 998% 0x000001c045c5a590 code [0x000001c045c5a740, 0x000001c045c5afd8]
Event: 1.861 Thread 0x000001c05e920cd0 1004       4       java.lang.StringLatin1::indexOf (121 bytes)

GC Heap History (0 events):
No events

Deoptimization events (20 events):
Event: 0.605 Thread 0x000001c0350b90c0 Uncommon trap: trap_request=0xffffff45 fr.pc=0x000001c045c1e7a8 relative=0x0000000000000948
Event: 0.605 Thread 0x000001c0350b90c0 Uncommon trap: reason=unstable_if action=reinterpret pc=0x000001c045c1e7a8 method=java.util.HashMap.putVal(ILjava/lang/Object;Ljava/lang/Object;ZZ)Ljava/lang/Object; @ 181 c2
Event: 0.605 Thread 0x000001c0350b90c0 DEOPT PACKING pc=0x000001c045c1e7a8 sp=0x0000009f392fd270
Event: 0.605 Thread 0x000001c0350b90c0 DEOPT UNPACKING pc=0x000001c0456c23a3 sp=0x0000009f392fd210 mode 2
Event: 1.268 Thread 0x000001c0350b90c0 DEOPT PACKING pc=0x000001c03e17da56 sp=0x0000009f392fd170
Event: 1.268 Thread 0x000001c0350b90c0 DEOPT UNPACKING pc=0x000001c0456c2b43 sp=0x0000009f392fc610 mode 0
Event: 1.551 Thread 0x000001c0350b90c0 Uncommon trap: trap_request=0xffffff6e fr.pc=0x000001c045c50188 relative=0x0000000000000188
Event: 1.551 Thread 0x000001c0350b90c0 Uncommon trap: reason=loop_limit_check action=maybe_recompile pc=0x000001c045c50188 method=java.lang.StringLatin1.lastIndexOf([BII)I @ 19 c2
Event: 1.551 Thread 0x000001c0350b90c0 DEOPT PACKING pc=0x000001c045c50188 sp=0x0000009f392fdce0
Event: 1.551 Thread 0x000001c0350b90c0 DEOPT UNPACKING pc=0x000001c0456c23a3 sp=0x0000009f392fdc60 mode 2
Event: 1.612 Thread 0x000001c0350b90c0 Uncommon trap: trap_request=0xffffff45 fr.pc=0x000001c045c411c8 relative=0x0000000000000048
Event: 1.612 Thread 0x000001c0350b90c0 Uncommon trap: reason=unstable_if action=reinterpret pc=0x000001c045c411c8 method=java.lang.CharacterData.of(I)Ljava/lang/CharacterData; @ 4 c2
Event: 1.612 Thread 0x000001c0350b90c0 DEOPT PACKING pc=0x000001c045c411c8 sp=0x0000009f392fe3b0
Event: 1.612 Thread 0x000001c0350b90c0 DEOPT UNPACKING pc=0x000001c0456c23a3 sp=0x0000009f392fe350 mode 2
Event: 1.833 Thread 0x000001c0350b90c0 DEOPT PACKING pc=0x000001c03e18878c sp=0x0000009f392fcc80
Event: 1.833 Thread 0x000001c0350b90c0 DEOPT UNPACKING pc=0x000001c0456c2b43 sp=0x0000009f392fc130 mode 0
Event: 1.847 Thread 0x000001c0350b90c0 DEOPT PACKING pc=0x000001c03e213665 sp=0x0000009f392f9c90
Event: 1.847 Thread 0x000001c0350b90c0 DEOPT UNPACKING pc=0x000001c0456c2b43 sp=0x0000009f392f90e0 mode 0
Event: 1.863 Thread 0x000001c0350b90c0 DEOPT PACKING pc=0x000001c03e213665 sp=0x0000009f392fddc0
Event: 1.863 Thread 0x000001c0350b90c0 DEOPT UNPACKING pc=0x000001c0456c2b43 sp=0x0000009f392fd210 mode 0

Classes unloaded (0 events):
No events

Classes redefined (0 events):
No events

Internal exceptions (11 events):
Event: 0.664 Thread 0x000001c0350b90c0 Exception <a 'java/lang/NoSuchMethodError'{0x000000069a20cc50}: 'java.lang.Object java.lang.invoke.DirectMethodHandle$Holder.invokeStaticInit(java.lang.Object)'> (0x000000069a20cc50) 
thrown [s\open\src\hotspot\share\interpreter\linkResolver.cpp, line 759]
Event: 0.709 Thread 0x000001c0350b90c0 Exception <a 'java/lang/NoSuchMethodError'{0x000000069a228780}: 'int java.lang.invoke.DirectMethodHandle$Holder.invokeInterface(java.lang.Object, java.lang.Object)'> (0x000000069a228780) 
thrown [s\open\src\hotspot\share\interpreter\linkResolver.cpp, line 759]
Event: 0.713 Thread 0x000001c0350b90c0 Exception <a 'java/lang/IncompatibleClassChangeError'{0x000000069a22bd80}: Found class java.lang.Object, but interface was expected> (0x000000069a22bd80) 
thrown [s\open\src\hotspot\share\interpreter\linkResolver.cpp, line 826]
Event: 0.717 Thread 0x000001c0350b90c0 Exception <a 'java/lang/NoSuchMethodError'{0x000000069a2319c0}: 'void java.lang.invoke.DirectMethodHandle$Holder.invokeStatic(java.lang.Object, java.lang.Object)'> (0x000000069a2319c0) 
thrown [s\open\src\hotspot\share\interpreter\linkResolver.cpp, line 759]
Event: 0.858 Thread 0x000001c0350b90c0 Exception <a 'java/lang/NoSuchMethodError'{0x000000069a2fea58}: 'int java.lang.invoke.DirectMethodHandle$Holder.invokeSpecial(java.lang.Object, java.lang.Object, java.lang.Object)'> (0x000000069a2fea58) 
thrown [s\open\src\hotspot\share\interpreter\linkResolver.cpp, line 759]
Event: 1.039 Thread 0x000001c0350b90c0 Exception <a 'java/lang/NoSuchMethodError'{0x0000000699c00c20}: 'void java.lang.invoke.DirectMethodHandle$Holder.invokeStatic(java.lang.Object, java.lang.Object, java.lang.Object)'> (0x0000000699c00c20) 
thrown [s\open\src\hotspot\share\interpreter\linkResolver.cpp, line 759]
Event: 1.107 Thread 0x000001c0350b90c0 Exception <a 'java/lang/NoSuchMethodError'{0x0000000699c45050}: 'int java.lang.invoke.DirectMethodHandle$Holder.invokeSpecialIFC(java.lang.Object, java.lang.Object, java.lang.Object)'> (0x0000000699c45050) 
thrown [s\open\src\hotspot\share\interpreter\linkResolver.cpp, line 759]
Event: 1.228 Thread 0x000001c0350b90c0 Exception <a 'java/lang/NoSuchMethodError'{0x0000000699cbc700}: 'java.lang.Object java.lang.invoke.DirectMethodHandle$Holder.invokeStaticInit(java.lang.Object, int, int, int, int)'> (0x0000000699cbc700) 
thrown [s\open\src\hotspot\share\interpreter\linkResolver.cpp, line 759]
Event: 1.506 Thread 0x000001c0350b90c0 Exception <a 'java/lang/NoSuchMethodError'{0x0000000699ddf520}: 'java.lang.Object java.lang.invoke.DirectMethodHandle$Holder.invokeStaticInit(java.lang.Object, java.lang.Object, int, int, int, int)'> (0x0000000699ddf520) 
thrown [s\open\src\hotspot\share\interpreter\linkResolver.cpp, line 759]
Event: 1.538 Thread 0x000001c0350b90c0 Exception <a 'java/lang/ClassNotFoundException'{0x0000000699dfac98}: javax/management/remote/rmi/RMIServerImpl_Skel> (0x0000000699dfac98) 
thrown [s\open\src\hotspot\share\classfile\systemDictionary.cpp, line 256]
Event: 1.618 Thread 0x000001c0350b90c0 Exception <a 'java/lang/ClassNotFoundException'{0x0000000699f628a0}: jdk/internal/agent/resources/spi/agentProvider> (0x0000000699f628a0) 
thrown [s\open\src\hotspot\share\classfile\systemDictionary.cpp, line 256]

VM Operations (13 events):
Event: 0.396 Executing VM operation: HandshakeAllThreads
Event: 0.396 Executing VM operation: HandshakeAllThreads done
Event: 1.062 Executing VM operation: HandshakeAllThreads
Event: 1.062 Executing VM operation: HandshakeAllThreads done
Event: 1.062 Executing VM operation: Cleanup
Event: 1.062 Executing VM operation: Cleanup done
Event: 1.187 Executing VM operation: HandshakeAllThreads
Event: 1.187 Executing VM operation: HandshakeAllThreads done
Event: 1.612 Executing VM operation: HandshakeAllThreads
Event: 1.612 Executing VM operation: HandshakeAllThreads done
Event: 1.857 Executing VM operation: HandshakeAllThreads
Event: 1.857 Executing VM operation: HandshakeAllThreads done
Event: 1.867 Executing VM operation: HandshakeAllThreads

Events (20 events):
Event: 1.854 loading class java/lang/InheritableThreadLocal done
Event: 1.861 Thread 0x000001c0a43798b0 Thread added: 0x000001c0a43798b0
Event: 1.864 loading class sun/net/www/protocol/jar/JarURLConnection
Event: 1.864 loading class java/net/JarURLConnection
Event: 1.864 loading class java/net/URLConnection
Event: 1.865 loading class java/net/URLConnection done
Event: 1.865 loading class java/net/JarURLConnection done
Event: 1.865 loading class sun/net/www/protocol/jar/JarURLConnection done
Event: 1.865 loading class sun/net/www/protocol/jar/JarFileFactory
Event: 1.865 loading class sun/net/www/protocol/jar/URLJarFile$URLJarFileCloseController
Event: 1.865 loading class sun/net/www/protocol/jar/URLJarFile$URLJarFileCloseController done
Event: 1.865 loading class sun/net/www/protocol/jar/JarFileFactory done
Event: 1.866 loading class sun/net/www/protocol/file/FileURLConnection
Event: 1.866 loading class sun/net/www/URLConnection
Event: 1.866 loading class sun/net/www/URLConnection done
Event: 1.866 loading class sun/net/www/protocol/file/FileURLConnection done
Event: 1.866 loading class sun/net/www/MessageHeader
Event: 1.867 loading class sun/net/www/MessageHeader done
Event: 1.867 loading class sun/net/www/protocol/jar/URLJarFile
Event: 1.867 loading class sun/net/www/protocol/jar/URLJarFile done


Dynamic libraries:
0x00007ff72c8a0000 - 0x00007ff72c8b0000 	C:\Program Files\Java\jdk-17\bin\java.exe
0x00007ffba9190000 - 0x00007ffba9388000 	C:\Windows\SYSTEM32\ntdll.dll
0x00007ffba71b0000 - 0x00007ffba7272000 	C:\Windows\System32\KERNEL32.DLL
0x00007ffba69a0000 - 0x00007ffba6c9f000 	C:\Windows\System32\KERNELBASE.dll
0x00007ffba6ee0000 - 0x00007ffba6fe0000 	C:\Windows\System32\ucrtbase.dll
0x00007ffb8a230000 - 0x00007ffb8a249000 	C:\Program Files\Java\jdk-17\bin\jli.dll
0x00007ffba8de0000 - 0x00007ffba8e8f000 	C:\Windows\System32\ADVAPI32.dll
0x00007ffba8a30000 - 0x00007ffba8ace000 	C:\Windows\System32\msvcrt.dll
0x00007ffba88b0000 - 0x00007ffba894f000 	C:\Windows\System32\sechost.dll
0x00007ffba86c0000 - 0x00007ffba87e3000 	C:\Windows\System32\RPCRT4.dll
0x00007ffba6ca0000 - 0x00007ffba6cc7000 	C:\Windows\System32\bcrypt.dll
0x00007ffba8c40000 - 0x00007ffba8ddd000 	C:\Windows\System32\USER32.dll
0x00007ffb912b0000 - 0x00007ffb912cb000 	C:\Program Files\Java\jdk-17\bin\VCRUNTIME140.dll
0x00007ffba6d70000 - 0x00007ffba6d92000 	C:\Windows\System32\win32u.dll
0x00007ffba8b30000 - 0x00007ffba8b5b000 	C:\Windows\System32\GDI32.dll
0x00007ffba6830000 - 0x00007ffba694a000 	C:\Windows\System32\gdi32full.dll
0x00007ffba6cd0000 - 0x00007ffba6d6d000 	C:\Windows\System32\msvcp_win.dll
0x00007ffb927d0000 - 0x00007ffb92a6a000 	C:\Windows\WinSxS\amd64_microsoft.windows.common-controls_6595b64144ccf1df_6.0.19041.4355_none_60b8b9eb71f62e16\COMCTL32.dll
0x00007ffba0410000 - 0x00007ffba041a000 	C:\Windows\SYSTEM32\VERSION.dll
0x00007ffba8f10000 - 0x00007ffba8f3f000 	C:\Windows\System32\IMM32.DLL
0x00007ffb91f40000 - 0x00007ffb91f4c000 	C:\Program Files\Java\jdk-17\bin\vcruntime140_1.dll
0x00007ffb7a170000 - 0x00007ffb7a1fe000 	C:\Program Files\Java\jdk-17\bin\msvcp140.dll
0x00007ffb38740000 - 0x00007ffb39320000 	C:\Program Files\Java\jdk-17\bin\server\jvm.dll
0x00007ffba8b60000 - 0x00007ffba8b68000 	C:\Windows\System32\PSAPI.DLL
0x00007ffb8ee20000 - 0x00007ffb8ee29000 	C:\Windows\SYSTEM32\WSOCK32.dll
0x00007ffba7ef0000 - 0x00007ffba7f5b000 	C:\Windows\System32\WS2_32.dll
0x00007ffb8cbe0000 - 0x00007ffb8cc07000 	C:\Windows\SYSTEM32\WINMM.dll
0x00007ffba5280000 - 0x00007ffba5292000 	C:\Windows\SYSTEM32\kernel.appcore.dll
0x00007ffb91980000 - 0x00007ffb9198a000 	C:\Program Files\Java\jdk-17\bin\jimage.dll
0x00007ffba44f0000 - 0x00007ffba46d4000 	C:\Windows\SYSTEM32\DBGHELP.DLL
0x00007ffba3b20000 - 0x00007ffba3b54000 	C:\Windows\SYSTEM32\dbgcore.DLL
0x00007ffba6e50000 - 0x00007ffba6ed2000 	C:\Windows\System32\bcryptPrimitives.dll
0x00007ffb89b70000 - 0x00007ffb89b95000 	C:\Program Files\Java\jdk-17\bin\java.dll
0x00007ffb72210000 - 0x00007ffb722e7000 	C:\Program Files\Java\jdk-17\bin\jsvml.dll
0x00007ffba7420000 - 0x00007ffba7b8d000 	C:\Windows\System32\SHELL32.dll
0x00007ffba4810000 - 0x00007ffba4fb4000 	C:\Windows\SYSTEM32\windows.storage.dll
0x00007ffba7b90000 - 0x00007ffba7ee5000 	C:\Windows\System32\combase.dll
0x00007ffba6180000 - 0x00007ffba61af000 	C:\Windows\SYSTEM32\Wldp.dll
0x00007ffba8b70000 - 0x00007ffba8c3d000 	C:\Windows\System32\OLEAUT32.dll
0x00007ffba7370000 - 0x00007ffba741d000 	C:\Windows\System32\SHCORE.dll
0x00007ffba8f40000 - 0x00007ffba8f95000 	C:\Windows\System32\shlwapi.dll
0x00007ffba6760000 - 0x00007ffba6784000 	C:\Windows\SYSTEM32\profapi.dll
0x00007ffb7eb70000 - 0x00007ffb7eb89000 	C:\Program Files\Java\jdk-17\bin\net.dll
0x00007ffba3980000 - 0x00007ffba3a8a000 	C:\Windows\SYSTEM32\WINHTTP.dll
0x00007ffba5f60000 - 0x00007ffba5fcc000 	C:\Windows\system32\mswsock.dll
0x00007ffb7b510000 - 0x00007ffb7b526000 	C:\Program Files\Java\jdk-17\bin\nio.dll
0x00007ffb89980000 - 0x00007ffb89998000 	C:\Program Files\Java\jdk-17\bin\zip.dll
0x00007ffb91010000 - 0x00007ffb9101a000 	C:\Program Files\Java\jdk-17\bin\management.dll
0x00007ffb90840000 - 0x00007ffb9084b000 	C:\Program Files\Java\jdk-17\bin\management_ext.dll
0x00007ffb87af0000 - 0x00007ffb87b07000 	C:\Windows\system32\napinsp.dll
0x00007ffb87ad0000 - 0x00007ffb87aeb000 	C:\Windows\system32\pnrpnsp.dll
0x00007ffba1db0000 - 0x00007ffba1dc5000 	C:\Windows\system32\wshbth.dll
0x00007ffba0930000 - 0x00007ffba094d000 	C:\Windows\system32\NLAapi.dll
0x00007ffba5c10000 - 0x00007ffba5c4b000 	C:\Windows\SYSTEM32\IPHLPAPI.DLL
0x00007ffba5c50000 - 0x00007ffba5d1a000 	C:\Windows\SYSTEM32\DNSAPI.dll
0x00007ffba88a0000 - 0x00007ffba88a8000 	C:\Windows\System32\NSI.dll
0x00007ffb87ab0000 - 0x00007ffb87ac2000 	C:\Windows\System32\winrnr.dll
0x00007ffb93330000 - 0x00007ffb9333a000 	C:\Windows\System32\rasadhlp.dll
0x00007ffb99c40000 - 0x00007ffb99cc0000 	C:\Windows\System32\fwpuclnt.dll
0x00007ffba61c0000 - 0x00007ffba61d8000 	C:\Windows\SYSTEM32\CRYPTSP.dll
0x00007ffba5830000 - 0x00007ffba5864000 	C:\Windows\system32\rsaenh.dll
0x00007ffba6720000 - 0x00007ffba674e000 	C:\Windows\SYSTEM32\USERENV.dll
0x00007ffba60f0000 - 0x00007ffba60fc000 	C:\Windows\SYSTEM32\CRYPTBASE.dll
0x00007ffb9d840000 - 0x00007ffb9d857000 	C:\Windows\SYSTEM32\dhcpcsvc6.DLL
0x00007ffba02c0000 - 0x00007ffba02dd000 	C:\Windows\SYSTEM32\dhcpcsvc.DLL

dbghelp: loaded successfully - version: 4.0.5 - missing functions: none
symbol engine: initialized successfully - sym options: 0x614 - pdb path: .;C:\Program Files\Java\jdk-17\bin;C:\Windows\SYSTEM32;C:\Windows\WinSxS\amd64_microsoft.windows.common-controls_6595b64144ccf1df_6.0.19041.4355_none_60b8b9eb71f62e16;C:\Program Files\Java\jdk-17\bin\server

VM Arguments:
jvm_args: -Dcom.sun.management.jmxremote -Dcom.sun.management.jmxremote.port=61561 -Dcom.sun.management.jmxremote.authenticate=false -Dcom.sun.management.jmxremote.ssl=false -Dspring.jmx.enabled=true -Djava.rmi.server.hostname=localhost -Dspring.application.admin.enabled=true -Dspring.boot.project.name=backend-new -XX:+ShowCodeDetailsInExceptionMessages 
java_command: com.roadmaker.RoadmakerApplication
java_class_path (initial): C:\Users\dk\Documents\00\roadmaker\backend-new\build\resources\main;C:\Users\dk\Documents\00\roadmaker\backend-new\build\classes\java\main;C:\Users\dk\.gradle\caches\modules-2\files-2.1\org.springframework\spring-webmvc\6.2.2\9b1aeb179ba9667bc78a4a5cec4ec8087db404d7\spring-webmvc-6.2.2.jar;C:\Users\dk\.gradle\caches\modules-2\files-2.1\com.fasterxml.jackson.datatype\jackson-datatype-jsr310\2.18.2\7b6ff96adf421f4c6edbd694e797dd8fe434510a\jackson-datatype-jsr310-2.18.2.jar;C:\Users\dk\.gradle\caches\modules-2\files-2.1\io.jsonwebtoken\jjwt-jackson\0.11.5\3b83a06809e98a69402d7333dcf67df6f6ea4579\jjwt-jackson-0.11.5.jar;C:\Users\dk\.gradle\caches\modules-2\files-2.1\org.springframework.security\spring-security-oauth2-jose\6.4.2\274482eaffe0f5e7d978be7cbf7dc1817037efa5\spring-security-oauth2-jose-6.4.2.jar;C:\Users\dk\.gradle\caches\modules-2\files-2.1\org.apache.tomcat.embed\tomcat-embed-core\10.1.34\f610f84be607fbc82e393cc220f0ad45f92afc91\tomcat-embed-core-10.1.34.jar;C:\Users\dk\.gradle\caches\modules-2\files-2.1\org.springframework.boot\spring-boot-starter-oauth2-client\3.4.2\b93bf35cf23dd6abb4a1ac6151d757aed9c3bcfc\spring-boot-starter-oauth2-client-3.4.2.jar;C:\Users\dk\.gradle\caches\modules-2\files-2.1\org.springframework.boot\spring-boot-autoconfigure\3.4.2\c50511dba751ffe7df320d27c6875feb2745654e\spring-boot-autoconfigure-3.4.2.jar;C:\Users\dk\.gradle\caches\modules-2\files-2.1\org.springframework\spring-beans\6.2.2\ec8ee520ff7b147de8ac04d330848d468253f84d\spring-beans-6.2.2.jar;C:\Users\dk\.gradle\caches\modules-2\files-2.1\com.fasterxml.jackson.core\jackson-core\2.18.2\fb64ccac5c27dca8819418eb4e443a9f496d9ee7\jackson-core-2.18.2.jar;C:\Users\dk\.gradle\caches\modules-2\files-2.1\org.slf4j\slf4j-api\2.0.16\172931663a09a1fa515567af5fbef00897d3c04\slf4j-api-2.0.16.jar;C:\Users\dk\.gradle\caches\modules-2\files-2.1\org.springframework.security\spring-security-config\6.4.2\5ed985329eb14b1c61045160c8dcbbcab179ddd3\spring-security-config
Launcher Type: SUN_STANDARD

[Global flags]
     intx CICompilerCount                          = 4                                         {product} {ergonomic}
     uint ConcGCThreads                            = 2                                         {product} {ergonomic}
     uint G1ConcRefinementThreads                  = 8                                         {product} {ergonomic}
   size_t G1HeapRegionSize                         = 4194304                                   {product} {ergonomic}
    uintx GCDrainStackTargetSize                   = 64                                        {product} {ergonomic}
   size_t InitialHeapSize                          = 402653184                                 {product} {ergonomic}
     bool ManagementServer                         = true                                      {product} {command line}
   size_t MarkStackSize                            = 4194304                                   {product} {ergonomic}
   size_t MaxHeapSize                              = 6400507904                                {product} {ergonomic}
   size_t MaxNewSize                               = 3837788160                                {product} {ergonomic}
   size_t MinHeapDeltaBytes                        = 4194304                                   {product} {ergonomic}
   size_t MinHeapSize                              = 8388608                                   {product} {ergonomic}
    uintx NonNMethodCodeHeapSize                   = 5839372                                {pd product} {ergonomic}
    uintx NonProfiledCodeHeapSize                  = 122909434                              {pd product} {ergonomic}
    uintx ProfiledCodeHeapSize                     = 122909434                              {pd product} {ergonomic}
    uintx ReservedCodeCacheSize                    = 251658240                              {pd product} {ergonomic}
     bool SegmentedCodeCache                       = true                                      {product} {ergonomic}
     bool ShowCodeDetailsInExceptionMessages       = true                                   {manageable} {command line}
   size_t SoftMaxHeapSize                          = 6400507904                             {manageable} {ergonomic}
     bool UseCompressedClassPointers               = true                           {product lp64_product} {ergonomic}
     bool UseCompressedOops                        = true                           {product lp64_product} {ergonomic}
     bool UseG1GC                                  = true                                      {product} {ergonomic}
     bool UseLargePagesIndividualAllocation        = false                                  {pd product} {ergonomic}

Logging:
Log output configuration:
 #0: stdout all=warning uptime,level,tags
 #1: stderr all=off uptime,level,tags

Environment Variables:
JAVA_HOME=C:\Program Files\Java\jdk-17
PATH=C:\oraclexe\app\oracle\product\11.2.0\server\bin;C:\Program Files\Common Files\Oracle\Java\javapath;C:\Windows\system32;C:\Windows;C:\Windows\System32\Wbem;C:\Windows\System32\WindowsPowerShell\v1.0\;C:\Windows\System32\OpenSSH\;C:\Program Files (x86)\Common Files\Adobe\AGL;C:\Program Files\Bandizip\;C:\Program Files\Git\cmd;C:\Program Files\nodejs\;";C:\Program Files\Java\jdk-17\bin";C:\gradle\gradle-8.12.1\bin;C:\Program Files\MySQL\MySQL Shell 8.0\bin\;C:\Users\dk\AppData\Local\Microsoft\WindowsApps;C:\Users\dk\AppData\Local\Programs\Microsoft VS Code\bin;C:\Users\dk\AppData\Roaming\npm
USERNAME=dk
LANG=en_US.UTF-8
OS=Windows_NT
PROCESSOR_IDENTIFIER=Intel64 Family 6 Model 142 Stepping 12, GenuineIntel



---------------  S Y S T E M  ---------------

OS:
 Windows 10 , 64 bit Build 19041 (10.0.19041.5438)
OS uptime: 1 days 23:51 hours
Hyper-V role detected

CPU: total 8 (initial active 8) (4 cores per cpu, 2 threads per core) family 6 model 142 stepping 12 microcode 0xc0, cx8, cmov, fxsr, ht, mmx, 3dnowpref, sse, sse2, sse3, ssse3, sse4.1, sse4.2, popcnt, lzcnt, tsc, tscinvbit, avx, avx2, aes, erms, clmul, bmi1, bmi2, adx, fma, vzeroupper, clflush, clflushopt, hv

Memory: 4k page, system-wide physical 24410M (6841M free)
TotalPageFile size 54144M (AvailPageFile size 4M)
current process WorkingSet (physical memory assigned to process): 68M, peak: 68M
current process commit charge ("private bytes"): 493M, peak: 493M

vm_info: Java HotSpot(TM) 64-Bit Server VM (17.0.12+8-LTS-286) for windows-amd64 JRE (17.0.12+8-LTS-286), built on Jun  5 2024 06:46:59 by "mach5one" with MS VC++ 17.6 (VS2022)

END.
