#
# There is insufficient memory for the Java Runtime Environment to continue.
# Native memory allocation (malloc) failed to allocate 1896592 bytes. Error detail: Chunk::new
# Possible reasons:
#   The system is out of physical RAM or swap space
#   This process is running with CompressedOops enabled, and the Java Heap may be blocking the growth of the native heap
# Possible solutions:
#   Reduce memory load on the system
#   Increase physical memory or swap space
#   Check if swap backing store is full
#   Decrease Java heap size (-Xmx/-Xms)
#   Decrease number of Java threads
#   Decrease Java thread stack sizes (-Xss)
#   Set larger code cache with -XX:ReservedCodeCacheSize=
#   JVM is running with Unscaled Compressed Oops mode in which the Java heap is
#     placed in the first 4GB address space. The Java Heap base address is the
#     maximum limit for the native heap growth. Please use -XX:HeapBaseMinAddress
#     to set the Java Heap base and to place the Java Heap above 4GB virtual address.
# This output file may be truncated or incomplete.
#
#  Out of Memory Error (arena.cpp:168), pid=12356, tid=32400
#
# JRE version: OpenJDK Runtime Environment Temurin-21.0.5+11 (21.0.5+11) (build 21.0.5+11-LTS)
# Java VM: OpenJDK 64-Bit Server VM Temurin-21.0.5+11 (21.0.5+11-LTS, mixed mode, sharing, tiered, compressed oops, compressed class ptrs, parallel gc, windows-amd64)
# No core dump will be written. Minidumps are not enabled by default on client versions of Windows
#

---------------  S U M M A R Y ------------

Command Line: --add-modules=ALL-SYSTEM --add-opens=java.base/java.util=ALL-UNNAMED --add-opens=java.base/java.lang=ALL-UNNAMED --add-opens=java.base/sun.nio.fs=ALL-UNNAMED -Declipse.application=org.eclipse.jdt.ls.core.id1 -Dosgi.bundles.defaultStartLevel=4 -Declipse.product=org.eclipse.jdt.ls.core.product -Djava.import.generatesMetadataFilesAtProjectRoot=false -DDetectVMInstallationsJob.disabled=true -Dfile.encoding=utf8 -XX:+UseParallelGC -XX:GCTimeRatio=4 -XX:AdaptiveSizePolicyWeight=90 -Dsun.zip.disableMemoryMapping=true -Xmx1G -Xms100m -Xlog:disable -javaagent:c:\Users\dk\.vscode\extensions\redhat.java-1.39.0-win32-x64\lombok\lombok-1.18.34.jar -XX:+HeapDumpOnOutOfMemoryError -XX:HeapDumpPath=c:\Users\dk\AppData\Roaming\Code\User\workspaceStorage\fd34dfacb829fd3c3a5173bd3568862a\redhat.java -Daether.dependencyCollector.impl=bf c:\Users\dk\.vscode\extensions\redhat.java-1.39.0-win32-x64\server\plugins\org.eclipse.equinox.launcher_1.6.900.v20240613-2009.jar -configuration c:\Users\dk\AppData\Roaming\Code\User\globalStorage\redhat.java\1.39.0\config_win -data c:\Users\dk\AppData\Roaming\Code\User\workspaceStorage\fd34dfacb829fd3c3a5173bd3568862a\redhat.java\jdt_ws --pipe=\\.\pipe\lsp-3cb40adc54cf3ea23078205c48eaeddb-sock

Host: Intel(R) Core(TM) i7-10510U CPU @ 1.80GHz, 8 cores, 23G,  Windows 10 , 64 bit Build 19041 (10.0.19041.5438)
Time: Wed Feb 26 19:56:49 2025  Windows 10 , 64 bit Build 19041 (10.0.19041.5438) elapsed time: 17.807355 seconds (0d 0h 0m 17s)

---------------  T H R E A D  ---------------

Current thread (0x000002259c55e0f0):  JavaThread "C2 CompilerThread2" daemon [_thread_in_native, id=32400, stack(0x000000a553000000,0x000000a553100000) (1024K)]


Current CompileTask:
C2:17807 9778       4       lombok.eclipse.EclipseAST::drill (80 bytes)

Stack: [0x000000a553000000,0x000000a553100000]
Native frames: (J=compiled Java code, j=interpreted, Vv=VM code, C=native code)
V  [jvm.dll+0x6cd4e9]
V  [jvm.dll+0x8a7941]
V  [jvm.dll+0x8a9e6e]
V  [jvm.dll+0x8aa543]
V  [jvm.dll+0x27f6d6]
V  [jvm.dll+0xc500d]
V  [jvm.dll+0xc5543]
V  [jvm.dll+0x3b660c]
V  [jvm.dll+0x382835]
V  [jvm.dll+0x381c9a]
V  [jvm.dll+0x2479d0]
V  [jvm.dll+0x246faf]
V  [jvm.dll+0x1c75ce]
V  [jvm.dll+0x25682a]
V  [jvm.dll+0x254dca]
V  [jvm.dll+0x3f00d6]
V  [jvm.dll+0x8514fb]
V  [jvm.dll+0x6cbbed]
C  [ucrtbase.dll+0x21bb2]
C  [KERNEL32.DLL+0x17374]
C  [ntdll.dll+0x4cc91]


---------------  P R O C E S S  ---------------

Threads class SMR info:
_java_thread_list=0x000002259b24f6d0, length=48, elements={
0x000002254005d020, 0x00000225545704e0, 0x0000022554574d60, 0x0000022554576660,
0x00000225545777f0, 0x0000022554579fa0, 0x000002255457d7f0, 0x00000225545884a0,
0x0000022554589d40, 0x000002259b09be20, 0x000002259b302d50, 0x000002259b8175f0,
0x000002259baccf70, 0x000002259be55720, 0x000002259be8ed90, 0x000002259c211440,
0x000002259c4fd870, 0x000002259ba6d2d0, 0x000002259ba6ab70, 0x000002259ba6c5b0,
0x000002259ba6cc40, 0x000002259c5569d0, 0x000002259c55e0f0, 0x000002259ba69e50,
0x000002259ba6b890, 0x000002259ba6a4e0, 0x000002259ba6bf20, 0x000002259ba6b200,
0x000002259da7d680, 0x000002259da7dd10, 0x000002259da7bc40, 0x000002259da7a890,
0x000002259da7af20, 0x000002259da7e3a0, 0x000002259da7ea30, 0x000002259da7c2d0,
0x000002259da78e50, 0x000002259da7fde0, 0x000002259da7f0c0, 0x000002259da7b5b0,
0x000002259da79b70, 0x000002259da7a200, 0x000002259f7bfc80, 0x000002259f7bdbb0,
0x000002259f7bc800, 0x000002259f7bd520, 0x000002259f7c1d50, 0x000002259f7be240
}

Java Threads: ( => current thread )
  0x000002254005d020 JavaThread "main"                              [_thread_blocked, id=14436, stack(0x000000a550f00000,0x000000a551000000) (1024K)]
  0x00000225545704e0 JavaThread "Reference Handler"          daemon [_thread_blocked, id=9996, stack(0x000000a551300000,0x000000a551400000) (1024K)]
  0x0000022554574d60 JavaThread "Finalizer"                  daemon [_thread_blocked, id=14676, stack(0x000000a551400000,0x000000a551500000) (1024K)]
  0x0000022554576660 JavaThread "Signal Dispatcher"          daemon [_thread_blocked, id=17844, stack(0x000000a551500000,0x000000a551600000) (1024K)]
  0x00000225545777f0 JavaThread "Attach Listener"            daemon [_thread_blocked, id=32712, stack(0x000000a551600000,0x000000a551700000) (1024K)]
  0x0000022554579fa0 JavaThread "Service Thread"             daemon [_thread_blocked, id=30876, stack(0x000000a551700000,0x000000a551800000) (1024K)]
  0x000002255457d7f0 JavaThread "Monitor Deflation Thread"   daemon [_thread_blocked, id=21892, stack(0x000000a551800000,0x000000a551900000) (1024K)]
  0x00000225545884a0 JavaThread "C2 CompilerThread0"         daemon [_thread_in_native, id=26332, stack(0x000000a551900000,0x000000a551a00000) (1024K)]
  0x0000022554589d40 JavaThread "C1 CompilerThread0"         daemon [_thread_blocked, id=7100, stack(0x000000a551a00000,0x000000a551b00000) (1024K)]
  0x000002259b09be20 JavaThread "Common-Cleaner"             daemon [_thread_blocked, id=12920, stack(0x000000a551b00000,0x000000a551c00000) (1024K)]
  0x000002259b302d50 JavaThread "Notification Thread"        daemon [_thread_blocked, id=31692, stack(0x000000a551d00000,0x000000a551e00000) (1024K)]
  0x000002259b8175f0 JavaThread "Active Thread: Equinox Container: 01b53cb8-5158-47cc-88d0-9ae7405c88aa"        [_thread_blocked, id=30184, stack(0x000000a552500000,0x000000a552600000) (1024K)]
  0x000002259baccf70 JavaThread "Refresh Thread: Equinox Container: 01b53cb8-5158-47cc-88d0-9ae7405c88aa" daemon [_thread_blocked, id=22384, stack(0x000000a551e00000,0x000000a551f00000) (1024K)]
  0x000002259be55720 JavaThread "Framework Event Dispatcher: Equinox Container: 01b53cb8-5158-47cc-88d0-9ae7405c88aa" daemon [_thread_blocked, id=31144, stack(0x000000a552700000,0x000000a552800000) (1024K)]
  0x000002259be8ed90 JavaThread "Start Level: Equinox Container: 01b53cb8-5158-47cc-88d0-9ae7405c88aa" daemon [_thread_blocked, id=3288, stack(0x000000a552800000,0x000000a552900000) (1024K)]
  0x000002259c211440 JavaThread "Bundle File Closer"         daemon [_thread_blocked, id=32252, stack(0x000000a552a00000,0x000000a552b00000) (1024K)]
  0x000002259c4fd870 JavaThread "SCR Component Actor"        daemon [_thread_blocked, id=6452, stack(0x000000a552b00000,0x000000a552c00000) (1024K)]
  0x000002259ba6d2d0 JavaThread "Worker-JM"                         [_thread_blocked, id=28680, stack(0x000000a552c00000,0x000000a552d00000) (1024K)]
  0x000002259ba6ab70 JavaThread "JNA Cleaner"                daemon [_thread_blocked, id=5956, stack(0x000000a552900000,0x000000a552a00000) (1024K)]
  0x000002259ba6c5b0 JavaThread "Worker-0: Java indexing... "        [_thread_blocked, id=25500, stack(0x000000a552d00000,0x000000a552e00000) (1024K)]
  0x000002259ba6cc40 JavaThread "Worker-1"                          [_thread_blocked, id=1620, stack(0x000000a552e00000,0x000000a552f00000) (1024K)]
  0x000002259c5569d0 JavaThread "C2 CompilerThread1"         daemon [_thread_in_native, id=25576, stack(0x000000a552f00000,0x000000a553000000) (1024K)]
=>0x000002259c55e0f0 JavaThread "C2 CompilerThread2"         daemon [_thread_in_native, id=32400, stack(0x000000a553000000,0x000000a553100000) (1024K)]
  0x000002259ba69e50 JavaThread "Java indexing"              daemon [_thread_blocked, id=25808, stack(0x000000a553100000,0x000000a553200000) (1024K)]
  0x000002259ba6b890 JavaThread "Worker-2: Building"                [_thread_blocked, id=17916, stack(0x000000a553200000,0x000000a553300000) (1024K)]
  0x000002259ba6a4e0 JavaThread "Worker-3"                          [_thread_blocked, id=27468, stack(0x000000a553500000,0x000000a553600000) (1024K)]
  0x000002259ba6bf20 JavaThread "Worker-4"                          [_thread_blocked, id=26292, stack(0x000000a553600000,0x000000a553700000) (1024K)]
  0x000002259ba6b200 JavaThread "Worker-5"                          [_thread_blocked, id=22696, stack(0x000000a553700000,0x000000a553800000) (1024K)]
  0x000002259da7d680 JavaThread "Thread-2"                   daemon [_thread_in_native, id=22192, stack(0x000000a553800000,0x000000a553900000) (1024K)]
  0x000002259da7dd10 JavaThread "Thread-3"                   daemon [_thread_in_native, id=29180, stack(0x000000a553900000,0x000000a553a00000) (1024K)]
  0x000002259da7bc40 JavaThread "Thread-4"                   daemon [_thread_in_native, id=30032, stack(0x000000a553a00000,0x000000a553b00000) (1024K)]
  0x000002259da7a890 JavaThread "Thread-5"                   daemon [_thread_in_native, id=31952, stack(0x000000a553b00000,0x000000a553c00000) (1024K)]
  0x000002259da7af20 JavaThread "Thread-6"                   daemon [_thread_in_native, id=684, stack(0x000000a553c00000,0x000000a553d00000) (1024K)]
  0x000002259da7e3a0 JavaThread "Thread-7"                   daemon [_thread_in_native, id=8888, stack(0x000000a553d00000,0x000000a553e00000) (1024K)]
  0x000002259da7ea30 JavaThread "Thread-8"                   daemon [_thread_in_native, id=3356, stack(0x000000a553e00000,0x000000a553f00000) (1024K)]
  0x000002259da7c2d0 JavaThread "Thread-9"                   daemon [_thread_in_native, id=31924, stack(0x000000a553f00000,0x000000a554000000) (1024K)]
  0x000002259da78e50 JavaThread "Thread-10"                  daemon [_thread_in_native, id=27700, stack(0x000000a554000000,0x000000a554100000) (1024K)]
  0x000002259da7fde0 JavaThread "pool-2-thread-1"                   [_thread_blocked, id=25928, stack(0x000000a554100000,0x000000a554200000) (1024K)]
  0x000002259da7f0c0 JavaThread "WorkspaceEventsHandler"            [_thread_blocked, id=19128, stack(0x000000a554200000,0x000000a554300000) (1024K)]
  0x000002259da7b5b0 JavaThread "pool-1-thread-1"                   [_thread_blocked, id=26228, stack(0x000000a554300000,0x000000a554400000) (1024K)]
  0x000002259da79b70 JavaThread "Compiler Source File Reader" daemon [_thread_blocked, id=24496, stack(0x000000a551c00000,0x000000a551d00000) (1024K)]
  0x000002259da7a200 JavaThread "Compiler Source File Reader" daemon [_thread_blocked, id=28224, stack(0x000000a554400000,0x000000a554500000) (1024K)]
  0x000002259f7bfc80 JavaThread "Compiler Source File Reader" daemon [_thread_blocked, id=30560, stack(0x000000a554500000,0x000000a554600000) (1024K)]
  0x000002259f7bdbb0 JavaThread "Compiler Source File Reader" daemon [_thread_blocked, id=2948, stack(0x000000a554600000,0x000000a554700000) (1024K)]
  0x000002259f7bc800 JavaThread "Compiler Source File Reader" daemon [_thread_blocked, id=32112, stack(0x000000a554700000,0x000000a554800000) (1024K)]
  0x000002259f7bd520 JavaThread "Compiler Source File Reader" daemon [_thread_blocked, id=23612, stack(0x000000a554800000,0x000000a554900000) (1024K)]
  0x000002259f7c1d50 JavaThread "ForkJoinPool.commonPool-worker-1" daemon [_thread_blocked, id=32092, stack(0x000000a554900000,0x000000a554a00000) (1024K)]
  0x000002259f7be240 JavaThread "Compiler Processing Task"   daemon [_thread_blocked, id=17888, stack(0x000000a554a00000,0x000000a554b00000) (1024K)]
Total: 48

Other Threads:
  0x0000022554552ec0 VMThread "VM Thread"                           [id=16304, stack(0x000000a551200000,0x000000a551300000) (1024K)]
  0x0000022554441c40 WatcherThread "VM Periodic Task Thread"        [id=1616, stack(0x000000a551100000,0x000000a551200000) (1024K)]
  0x000002254007cea0 WorkerThread "GC Thread#0"                     [id=30836, stack(0x000000a551000000,0x000000a551100000) (1024K)]
  0x000002259bbc0b80 WorkerThread "GC Thread#1"                     [id=11764, stack(0x000000a551f00000,0x000000a552000000) (1024K)]
  0x000002259b302280 WorkerThread "GC Thread#2"                     [id=9608, stack(0x000000a552000000,0x000000a552100000) (1024K)]
  0x000002259b302620 WorkerThread "GC Thread#3"                     [id=23632, stack(0x000000a552100000,0x000000a552200000) (1024K)]
  0x000002259b618b00 WorkerThread "GC Thread#4"                     [id=17132, stack(0x000000a552200000,0x000000a552300000) (1024K)]
  0x000002259b618ea0 WorkerThread "GC Thread#5"                     [id=25728, stack(0x000000a552300000,0x000000a552400000) (1024K)]
  0x000002259b619240 WorkerThread "GC Thread#6"                     [id=11416, stack(0x000000a552400000,0x000000a552500000) (1024K)]
  0x000002259b3a45b0 WorkerThread "GC Thread#7"                     [id=30016, stack(0x000000a552600000,0x000000a552700000) (1024K)]
Total: 10

Threads with active compile tasks:
C2 CompilerThread0  17890 9780   !   4       lombok.core.AST::buildWithField0 (121 bytes)
C1 CompilerThread0  17890 10024       3       org.eclipse.jdt.internal.compiler.lookup.ModuleBinding::recordExportRestrictions (110 bytes)
C2 CompilerThread1  17890 9779       4       lombok.core.AST::buildWithField (21 bytes)
C2 CompilerThread2  17890 9778       4       lombok.eclipse.EclipseAST::drill (80 bytes)
Total: 4

VM state: at safepoint (normal execution)

VM Mutex/Monitor currently owned by a thread:  ([mutex/lock_event])
[0x00007ffb3cbad380] Threads_lock - owner thread: 0x0000022554552ec0
[0x00007ffb3cbad480] Heap_lock - owner thread: 0x000002259ba6b890

Heap address: 0x00000000c0000000, size: 1024 MB, Compressed Oops mode: 32-bit

CDS archive(s) mapped at: [0x0000022555000000-0x0000022555ba0000-0x0000022555ba0000), size 12189696, SharedBaseAddress: 0x0000022555000000, ArchiveRelocationMode: 1.
Compressed class space mapped at: 0x0000022556000000-0x0000022596000000, reserved size: 1073741824
Narrow klass base: 0x0000022555000000, Narrow klass shift: 0, Narrow klass range: 0x100000000

GC Precious Log:
 CardTable entry size: 512
 CPUs: 8 total, 8 available
 Memory: 24410M
 Large Page Support: Disabled
 NUMA Support: Disabled
 Compressed Oops: Enabled (32-bit)
 Alignments: Space 512K, Generation 512K, Heap 2M
 Heap Min Capacity: 100M
 Heap Initial Capacity: 100M
 Heap Max Capacity: 1G
 Pre-touch: Disabled
 Parallel Workers: 8

Heap:
 PSYoungGen      total 5632K, used 5628K [0x00000000eab00000, 0x00000000eb680000, 0x0000000100000000)
  eden space 4608K, 100% used [0x00000000eab00000,0x00000000eaf80000,0x00000000eaf80000)
  from space 1024K, 99% used [0x00000000eb280000,0x00000000eb37f168,0x00000000eb380000)
  to   space 3072K, 40% used [0x00000000eaf80000,0x00000000eb0b7250,0x00000000eb280000)
 ParOldGen       total 274432K, used 273991K [0x00000000c0000000, 0x00000000d0c00000, 0x00000000eab00000)
  object space 274432K, 99% used [0x00000000c0000000,0x00000000d0b91d88,0x00000000d0c00000)
 Metaspace       used 57522K, committed 58816K, reserved 1114112K
  class space    used 5881K, committed 6400K, reserved 1048576K

Card table byte_map: [0x000002253fa10000,0x000002253fc20000] _byte_map_base: 0x000002253f410000

Marking Bits: (ParMarkBitMap*) 0x00007ffb3cbb2250
 Begin Bits: [0x00000225523c0000, 0x00000225533c0000)
 End Bits:   [0x00000225533c0000, 0x00000225543c0000)

Polling page: 0x000002253de70000

Metaspace:

Usage:
  Non-class:     50.43 MB used.
      Class:      5.74 MB used.
       Both:     56.17 MB used.

Virtual space:
  Non-class space:       64.00 MB reserved,      51.19 MB ( 80%) committed,  1 nodes.
      Class space:        1.00 GB reserved,       6.25 MB ( <1%) committed,  1 nodes.
             Both:        1.06 GB reserved,      57.44 MB (  5%) committed. 

Chunk freelists:
   Non-Class:  12.61 MB
       Class:  9.65 MB
        Both:  22.26 MB

MaxMetaspaceSize: unlimited
CompressedClassSpaceSize: 1.00 GB
Initial GC threshold: 21.00 MB
Current GC threshold: 58.38 MB
CDS: on
 - commit_granule_bytes: 65536.
 - commit_granule_words: 8192.
 - virtual_space_node_default_size: 8388608.
 - enlarge_chunks_in_place: 1.
 - use_allocation_guard: 0.


Internal statistics:

num_allocs_failed_limit: 6.
num_arena_births: 940.
num_arena_deaths: 14.
num_vsnodes_births: 2.
num_vsnodes_deaths: 0.
num_space_committed: 919.
num_space_uncommitted: 0.
num_chunks_returned_to_freelist: 20.
num_chunks_taken_from_freelist: 3528.
num_chunk_merges: 10.
num_chunk_splits: 2212.
num_chunks_enlarged: 1328.
num_inconsistent_stats: 0.

CodeHeap 'non-profiled nmethods': size=120000Kb used=6942Kb max_used=6942Kb free=113058Kb
 bounds [0x000002254ae90000, 0x000002254b560000, 0x00000225523c0000]
CodeHeap 'profiled nmethods': size=120000Kb used=21538Kb max_used=21538Kb free=98461Kb
 bounds [0x00000225433c0000, 0x00000225448d0000, 0x000002254a8f0000]
CodeHeap 'non-nmethods': size=5760Kb used=1417Kb max_used=1557Kb free=4342Kb
 bounds [0x000002254a8f0000, 0x000002254ab60000, 0x000002254ae90000]
 total_blobs=10143 nmethods=9416 adapters=632
 compilation: enabled
              stopped_count=0, restarted_count=0
 full_count=0

Compilation events (20 events):
Event: 17.775 Thread 0x0000022554589d40 nmethod 10008 0x00000225448b9590 code [0x00000225448b9720, 0x00000225448b9850]
Event: 17.777 Thread 0x0000022554589d40 10009       3       java.util.concurrent.locks.AbstractQueuedSynchronizer$Node::clearStatus (12 bytes)
Event: 17.777 Thread 0x0000022554589d40 nmethod 10009 0x00000225448b9910 code [0x00000225448b9ac0, 0x00000225448b9c78]
Event: 17.777 Thread 0x0000022554589d40 10010       3       jdk.internal.misc.Unsafe::putIntOpaque (9 bytes)
Event: 17.777 Thread 0x0000022554589d40 nmethod 10010 0x00000225448b9d10 code [0x00000225448b9ea0, 0x00000225448b9fb8]
Event: 17.778 Thread 0x0000022554589d40 10011       1       org.eclipse.jdt.internal.compiler.lookup.ClassScope::referenceType (5 bytes)
Event: 17.778 Thread 0x0000022554589d40 nmethod 10011 0x000002254b557210 code [0x000002254b5573a0, 0x000002254b557468]
Event: 17.780 Thread 0x0000022554589d40 10012       3       org.eclipse.jdt.internal.compiler.parser.Parser::checkBit24 (33 bytes)
Event: 17.781 Thread 0x0000022554589d40 nmethod 10012 0x00000225448ba090 code [0x00000225448ba2e0, 0x00000225448baa30]
Event: 17.782 Thread 0x0000022554589d40 10013       3       org.eclipse.jdt.internal.compiler.problem.ProblemReporter::getIrritant (2802 bytes)
Event: 17.784 Thread 0x0000022554589d40 nmethod 10013 0x00000225448bad10 code [0x00000225448bb260, 0x00000225448be730]
Event: 17.784 Thread 0x0000022554589d40 10015       3       org.eclipse.jdt.internal.compiler.lookup.BlockScope::checkUnclosedCloseables (591 bytes)
Event: 17.791 Thread 0x0000022554589d40 nmethod 10015 0x00000225448be810 code [0x00000225448bed80, 0x00000225448c22c0]
Event: 17.792 Thread 0x0000022554589d40 10016       3       java.lang.invoke.DirectMethodHandle$Holder::putReference (29 bytes)
Event: 17.792 Thread 0x0000022554589d40 nmethod 10016 0x00000225448c3390 code [0x00000225448c3560, 0x00000225448c3b90]
Event: 17.792 Thread 0x0000022554589d40 10014       3       org.eclipse.jdt.internal.compiler.lookup.MethodBinding::isUsed (15 bytes)
Event: 17.792 Thread 0x0000022554589d40 nmethod 10014 0x00000225448c3d90 code [0x00000225448c3f40, 0x00000225448c40b8]
Event: 17.798 Thread 0x0000022554589d40 10017       3       org.eclipse.jdt.internal.core.ClasspathEntry::getExtraAttribute (58 bytes)
Event: 17.799 Thread 0x0000022554589d40 nmethod 10017 0x00000225448c4190 code [0x00000225448c4360, 0x00000225448c4700]
Event: 17.800 Thread 0x0000022554589d40 10018       3       org.eclipse.jdt.internal.core.JavaProject::getPatchedModules (192 bytes)

GC Heap History (20 events):
Event: 17.386 GC heap before
{Heap before GC invocations=165 (full 2):
 PSYoungGen      total 7168K, used 6957K [0x00000000eab00000, 0x00000000eb380000, 0x0000000100000000)
  eden space 5632K, 100% used [0x00000000eab00000,0x00000000eb080000,0x00000000eb080000)
  from space 1536K, 86% used [0x00000000eb200000,0x00000000eb34b7a8,0x00000000eb380000)
  to   space 1536K, 0% used [0x00000000eb080000,0x00000000eb080000,0x00000000eb200000)
 ParOldGen       total 261120K, used 260806K [0x00000000c0000000, 0x00000000cff00000, 0x00000000eab00000)
  object space 261120K, 99% used [0x00000000c0000000,0x00000000cfeb1be0,0x00000000cff00000)
 Metaspace       used 57100K, committed 58304K, reserved 1114112K
  class space    used 5877K, committed 6400K, reserved 1048576K
}
Event: 17.388 GC heap after
{Heap after GC invocations=165 (full 2):
 PSYoungGen      total 7168K, used 1340K [0x00000000eab00000, 0x00000000eb380000, 0x0000000100000000)
  eden space 5632K, 0% used [0x00000000eab00000,0x00000000eab00000,0x00000000eb080000)
  from space 1536K, 87% used [0x00000000eb080000,0x00000000eb1cf1d8,0x00000000eb200000)
  to   space 1536K, 0% used [0x00000000eb200000,0x00000000eb200000,0x00000000eb380000)
 ParOldGen       total 262144K, used 261997K [0x00000000c0000000, 0x00000000d0000000, 0x00000000eab00000)
  object space 262144K, 99% used [0x00000000c0000000,0x00000000cffdb4f8,0x00000000d0000000)
 Metaspace       used 57100K, committed 58304K, reserved 1114112K
  class space    used 5877K, committed 6400K, reserved 1048576K
}
Event: 17.426 GC heap before
{Heap before GC invocations=166 (full 2):
 PSYoungGen      total 7168K, used 6972K [0x00000000eab00000, 0x00000000eb380000, 0x0000000100000000)
  eden space 5632K, 100% used [0x00000000eab00000,0x00000000eb080000,0x00000000eb080000)
  from space 1536K, 87% used [0x00000000eb080000,0x00000000eb1cf1d8,0x00000000eb200000)
  to   space 1536K, 0% used [0x00000000eb200000,0x00000000eb200000,0x00000000eb380000)
 ParOldGen       total 262144K, used 261997K [0x00000000c0000000, 0x00000000d0000000, 0x00000000eab00000)
  object space 262144K, 99% used [0x00000000c0000000,0x00000000cffdb4f8,0x00000000d0000000)
 Metaspace       used 57141K, committed 58368K, reserved 1114112K
  class space    used 5877K, committed 6400K, reserved 1048576K
}
Event: 17.429 GC heap after
{Heap after GC invocations=166 (full 2):
 PSYoungGen      total 7168K, used 1273K [0x00000000eab00000, 0x00000000eb380000, 0x0000000100000000)
  eden space 5632K, 0% used [0x00000000eab00000,0x00000000eab00000,0x00000000eb080000)
  from space 1536K, 82% used [0x00000000eb200000,0x00000000eb33e598,0x00000000eb380000)
  to   space 1536K, 0% used [0x00000000eb080000,0x00000000eb080000,0x00000000eb200000)
 ParOldGen       total 263168K, used 263141K [0x00000000c0000000, 0x00000000d0100000, 0x00000000eab00000)
  object space 263168K, 99% used [0x00000000c0000000,0x00000000d00f9778,0x00000000d0100000)
 Metaspace       used 57141K, committed 58368K, reserved 1114112K
  class space    used 5877K, committed 6400K, reserved 1048576K
}
Event: 17.463 GC heap before
{Heap before GC invocations=167 (full 2):
 PSYoungGen      total 7168K, used 6905K [0x00000000eab00000, 0x00000000eb380000, 0x0000000100000000)
  eden space 5632K, 100% used [0x00000000eab00000,0x00000000eb080000,0x00000000eb080000)
  from space 1536K, 82% used [0x00000000eb200000,0x00000000eb33e598,0x00000000eb380000)
  to   space 1536K, 0% used [0x00000000eb080000,0x00000000eb080000,0x00000000eb200000)
 ParOldGen       total 263168K, used 263141K [0x00000000c0000000, 0x00000000d0100000, 0x00000000eab00000)
  object space 263168K, 99% used [0x00000000c0000000,0x00000000d00f9778,0x00000000d0100000)
 Metaspace       used 57182K, committed 58432K, reserved 1114112K
  class space    used 5879K, committed 6400K, reserved 1048576K
}
Event: 17.466 GC heap after
{Heap after GC invocations=167 (full 2):
 PSYoungGen      total 7168K, used 1335K [0x00000000eab00000, 0x00000000eb380000, 0x0000000100000000)
  eden space 5632K, 0% used [0x00000000eab00000,0x00000000eab00000,0x00000000eb080000)
  from space 1536K, 86% used [0x00000000eb080000,0x00000000eb1cdc70,0x00000000eb200000)
  to   space 1536K, 0% used [0x00000000eb200000,0x00000000eb200000,0x00000000eb380000)
 ParOldGen       total 264704K, used 264286K [0x00000000c0000000, 0x00000000d0280000, 0x00000000eab00000)
  object space 264704K, 99% used [0x00000000c0000000,0x00000000d0217a70,0x00000000d0280000)
 Metaspace       used 57182K, committed 58432K, reserved 1114112K
  class space    used 5879K, committed 6400K, reserved 1048576K
}
Event: 17.506 GC heap before
{Heap before GC invocations=168 (full 2):
 PSYoungGen      total 7168K, used 6967K [0x00000000eab00000, 0x00000000eb380000, 0x0000000100000000)
  eden space 5632K, 100% used [0x00000000eab00000,0x00000000eb080000,0x00000000eb080000)
  from space 1536K, 86% used [0x00000000eb080000,0x00000000eb1cdc70,0x00000000eb200000)
  to   space 1536K, 0% used [0x00000000eb200000,0x00000000eb200000,0x00000000eb380000)
 ParOldGen       total 264704K, used 264286K [0x00000000c0000000, 0x00000000d0280000, 0x00000000eab00000)
  object space 264704K, 99% used [0x00000000c0000000,0x00000000d0217a70,0x00000000d0280000)
 Metaspace       used 57262K, committed 58496K, reserved 1114112K
  class space    used 5880K, committed 6400K, reserved 1048576K
}
Event: 17.509 GC heap after
{Heap after GC invocations=168 (full 2):
 PSYoungGen      total 7168K, used 1202K [0x00000000eab00000, 0x00000000eb380000, 0x0000000100000000)
  eden space 5632K, 0% used [0x00000000eab00000,0x00000000eab00000,0x00000000eb080000)
  from space 1536K, 78% used [0x00000000eb200000,0x00000000eb32c928,0x00000000eb380000)
  to   space 1536K, 0% used [0x00000000eb080000,0x00000000eb080000,0x00000000eb200000)
 ParOldGen       total 265728K, used 265466K [0x00000000c0000000, 0x00000000d0380000, 0x00000000eab00000)
  object space 265728K, 99% used [0x00000000c0000000,0x00000000d033e9e8,0x00000000d0380000)
 Metaspace       used 57262K, committed 58496K, reserved 1114112K
  class space    used 5880K, committed 6400K, reserved 1048576K
}
Event: 17.550 GC heap before
{Heap before GC invocations=169 (full 2):
 PSYoungGen      total 7168K, used 6834K [0x00000000eab00000, 0x00000000eb380000, 0x0000000100000000)
  eden space 5632K, 100% used [0x00000000eab00000,0x00000000eb080000,0x00000000eb080000)
  from space 1536K, 78% used [0x00000000eb200000,0x00000000eb32c928,0x00000000eb380000)
  to   space 1536K, 0% used [0x00000000eb080000,0x00000000eb080000,0x00000000eb200000)
 ParOldGen       total 265728K, used 265466K [0x00000000c0000000, 0x00000000d0380000, 0x00000000eab00000)
  object space 265728K, 99% used [0x00000000c0000000,0x00000000d033e9e8,0x00000000d0380000)
 Metaspace       used 57311K, committed 58560K, reserved 1114112K
  class space    used 5880K, committed 6400K, reserved 1048576K
}
Event: 17.552 GC heap after
{Heap after GC invocations=169 (full 2):
 PSYoungGen      total 7168K, used 1506K [0x00000000eab00000, 0x00000000eb680000, 0x0000000100000000)
  eden space 5632K, 0% used [0x00000000eab00000,0x00000000eab00000,0x00000000eb080000)
  from space 1536K, 98% used [0x00000000eb080000,0x00000000eb1f8bc0,0x00000000eb200000)
  to   space 3072K, 0% used [0x00000000eb380000,0x00000000eb380000,0x00000000eb680000)
 ParOldGen       total 266752K, used 266594K [0x00000000c0000000, 0x00000000d0480000, 0x00000000eab00000)
  object space 266752K, 99% used [0x00000000c0000000,0x00000000d0458a30,0x00000000d0480000)
 Metaspace       used 57311K, committed 58560K, reserved 1114112K
  class space    used 5880K, committed 6400K, reserved 1048576K
}
Event: 17.589 GC heap before
{Heap before GC invocations=170 (full 2):
 PSYoungGen      total 7168K, used 7138K [0x00000000eab00000, 0x00000000eb680000, 0x0000000100000000)
  eden space 5632K, 100% used [0x00000000eab00000,0x00000000eb080000,0x00000000eb080000)
  from space 1536K, 98% used [0x00000000eb080000,0x00000000eb1f8bc0,0x00000000eb200000)
  to   space 3072K, 0% used [0x00000000eb380000,0x00000000eb380000,0x00000000eb680000)
 ParOldGen       total 266752K, used 266594K [0x00000000c0000000, 0x00000000d0480000, 0x00000000eab00000)
  object space 266752K, 99% used [0x00000000c0000000,0x00000000d0458a30,0x00000000d0480000)
 Metaspace       used 57340K, committed 58560K, reserved 1114112K
  class space    used 5880K, committed 6400K, reserved 1048576K
}
Event: 17.592 GC heap after
{Heap after GC invocations=170 (full 2):
 PSYoungGen      total 7168K, used 1225K [0x00000000eab00000, 0x00000000eb500000, 0x0000000100000000)
  eden space 5632K, 0% used [0x00000000eab00000,0x00000000eab00000,0x00000000eb080000)
  from space 1536K, 79% used [0x00000000eb380000,0x00000000eb4b2710,0x00000000eb500000)
  to   space 2048K, 0% used [0x00000000eb100000,0x00000000eb100000,0x00000000eb300000)
 ParOldGen       total 268288K, used 267917K [0x00000000c0000000, 0x00000000d0600000, 0x00000000eab00000)
  object space 268288K, 99% used [0x00000000c0000000,0x00000000d05a3670,0x00000000d0600000)
 Metaspace       used 57340K, committed 58560K, reserved 1114112K
  class space    used 5880K, committed 6400K, reserved 1048576K
}
Event: 17.633 GC heap before
{Heap before GC invocations=171 (full 2):
 PSYoungGen      total 7168K, used 6857K [0x00000000eab00000, 0x00000000eb500000, 0x0000000100000000)
  eden space 5632K, 100% used [0x00000000eab00000,0x00000000eb080000,0x00000000eb080000)
  from space 1536K, 79% used [0x00000000eb380000,0x00000000eb4b2710,0x00000000eb500000)
  to   space 2048K, 0% used [0x00000000eb100000,0x00000000eb100000,0x00000000eb300000)
 ParOldGen       total 268288K, used 267917K [0x00000000c0000000, 0x00000000d0600000, 0x00000000eab00000)
  object space 268288K, 99% used [0x00000000c0000000,0x00000000d05a3670,0x00000000d0600000)
 Metaspace       used 57373K, committed 58624K, reserved 1114112K
  class space    used 5881K, committed 6400K, reserved 1048576K
}
Event: 17.637 GC heap after
{Heap after GC invocations=171 (full 2):
 PSYoungGen      total 7168K, used 1444K [0x00000000eab00000, 0x00000000eb400000, 0x0000000100000000)
  eden space 5632K, 0% used [0x00000000eab00000,0x00000000eab00000,0x00000000eb080000)
  from space 1536K, 94% used [0x00000000eb100000,0x00000000eb269098,0x00000000eb280000)
  to   space 1536K, 0% used [0x00000000eb280000,0x00000000eb280000,0x00000000eb400000)
 ParOldGen       total 269312K, used 269001K [0x00000000c0000000, 0x00000000d0700000, 0x00000000eab00000)
  object space 269312K, 99% used [0x00000000c0000000,0x00000000d06b26f8,0x00000000d0700000)
 Metaspace       used 57373K, committed 58624K, reserved 1114112K
  class space    used 5881K, committed 6400K, reserved 1048576K
}
Event: 17.674 GC heap before
{Heap before GC invocations=172 (full 2):
 PSYoungGen      total 7168K, used 7076K [0x00000000eab00000, 0x00000000eb400000, 0x0000000100000000)
  eden space 5632K, 100% used [0x00000000eab00000,0x00000000eb080000,0x00000000eb080000)
  from space 1536K, 94% used [0x00000000eb100000,0x00000000eb269098,0x00000000eb280000)
  to   space 1536K, 0% used [0x00000000eb280000,0x00000000eb280000,0x00000000eb400000)
 ParOldGen       total 269312K, used 269001K [0x00000000c0000000, 0x00000000d0700000, 0x00000000eab00000)
  object space 269312K, 99% used [0x00000000c0000000,0x00000000d06b26f8,0x00000000d0700000)
 Metaspace       used 57427K, committed 58688K, reserved 1114112K
  class space    used 5881K, committed 6400K, reserved 1048576K
}
Event: 17.678 GC heap after
{Heap after GC invocations=172 (full 2):
 PSYoungGen      total 7168K, used 1484K [0x00000000eab00000, 0x00000000eb400000, 0x0000000100000000)
  eden space 5632K, 0% used [0x00000000eab00000,0x00000000eab00000,0x00000000eb080000)
  from space 1536K, 96% used [0x00000000eb280000,0x00000000eb3f31e0,0x00000000eb400000)
  to   space 1536K, 0% used [0x00000000eb100000,0x00000000eb100000,0x00000000eb280000)
 ParOldGen       total 270848K, used 270342K [0x00000000c0000000, 0x00000000d0880000, 0x00000000eab00000)
  object space 270848K, 99% used [0x00000000c0000000,0x00000000d0801af0,0x00000000d0880000)
 Metaspace       used 57427K, committed 58688K, reserved 1114112K
  class space    used 5881K, committed 6400K, reserved 1048576K
}
Event: 17.727 GC heap before
{Heap before GC invocations=173 (full 2):
 PSYoungGen      total 7168K, used 7116K [0x00000000eab00000, 0x00000000eb400000, 0x0000000100000000)
  eden space 5632K, 100% used [0x00000000eab00000,0x00000000eb080000,0x00000000eb080000)
  from space 1536K, 96% used [0x00000000eb280000,0x00000000eb3f31e0,0x00000000eb400000)
  to   space 1536K, 0% used [0x00000000eb100000,0x00000000eb100000,0x00000000eb280000)
 ParOldGen       total 270848K, used 270342K [0x00000000c0000000, 0x00000000d0880000, 0x00000000eab00000)
  object space 270848K, 99% used [0x00000000c0000000,0x00000000d0801af0,0x00000000d0880000)
 Metaspace       used 57456K, committed 58752K, reserved 1114112K
  class space    used 5881K, committed 6400K, reserved 1048576K
}
Event: 17.729 GC heap after
{Heap after GC invocations=173 (full 2):
 PSYoungGen      total 7168K, used 1408K [0x00000000eab00000, 0x00000000eb380000, 0x0000000100000000)
  eden space 5632K, 0% used [0x00000000eab00000,0x00000000eab00000,0x00000000eb080000)
  from space 1536K, 91% used [0x00000000eb100000,0x00000000eb2601f8,0x00000000eb280000)
  to   space 1024K, 0% used [0x00000000eb280000,0x00000000eb280000,0x00000000eb380000)
 ParOldGen       total 271872K, used 271667K [0x00000000c0000000, 0x00000000d0980000, 0x00000000eab00000)
  object space 271872K, 99% used [0x00000000c0000000,0x00000000d094cf58,0x00000000d0980000)
 Metaspace       used 57456K, committed 58752K, reserved 1114112K
  class space    used 5881K, committed 6400K, reserved 1048576K
}
Event: 17.769 GC heap before
{Heap before GC invocations=174 (full 2):
 PSYoungGen      total 7168K, used 7033K [0x00000000eab00000, 0x00000000eb380000, 0x0000000100000000)
  eden space 5632K, 99% used [0x00000000eab00000,0x00000000eb07e440,0x00000000eb080000)
  from space 1536K, 91% used [0x00000000eb100000,0x00000000eb2601f8,0x00000000eb280000)
  to   space 1024K, 0% used [0x00000000eb280000,0x00000000eb280000,0x00000000eb380000)
 ParOldGen       total 271872K, used 271667K [0x00000000c0000000, 0x00000000d0980000, 0x00000000eab00000)
  object space 271872K, 99% used [0x00000000c0000000,0x00000000d094cf58,0x00000000d0980000)
 Metaspace       used 57495K, committed 58752K, reserved 1114112K
  class space    used 5881K, committed 6400K, reserved 1048576K
}
Event: 17.773 GC heap after
{Heap after GC invocations=174 (full 2):
 PSYoungGen      total 5632K, used 1020K [0x00000000eab00000, 0x00000000eb680000, 0x0000000100000000)
  eden space 4608K, 0% used [0x00000000eab00000,0x00000000eab00000,0x00000000eaf80000)
  from space 1024K, 99% used [0x00000000eb280000,0x00000000eb37f168,0x00000000eb380000)
  to   space 3072K, 0% used [0x00000000eaf80000,0x00000000eaf80000,0x00000000eb280000)
 ParOldGen       total 273408K, used 273131K [0x00000000c0000000, 0x00000000d0b00000, 0x00000000eab00000)
  object space 273408K, 99% used [0x00000000c0000000,0x00000000d0abafd8,0x00000000d0b00000)
 Metaspace       used 57495K, committed 58752K, reserved 1114112K
  class space    used 5881K, committed 6400K, reserved 1048576K
}

Dll operation events (10 events):
Event: 0.012 Loaded shared library c:\Users\dk\.vscode\extensions\redhat.java-1.39.0-win32-x64\jre\21.0.5-win32-x86_64\bin\java.dll
Event: 0.039 Loaded shared library c:\Users\dk\.vscode\extensions\redhat.java-1.39.0-win32-x64\jre\21.0.5-win32-x86_64\bin\zip.dll
Event: 0.104 Loaded shared library C:\Users\dk\.vscode\extensions\redhat.java-1.39.0-win32-x64\jre\21.0.5-win32-x86_64\bin\instrument.dll
Event: 0.110 Loaded shared library C:\Users\dk\.vscode\extensions\redhat.java-1.39.0-win32-x64\jre\21.0.5-win32-x86_64\bin\net.dll
Event: 0.112 Loaded shared library C:\Users\dk\.vscode\extensions\redhat.java-1.39.0-win32-x64\jre\21.0.5-win32-x86_64\bin\nio.dll
Event: 0.116 Loaded shared library C:\Users\dk\.vscode\extensions\redhat.java-1.39.0-win32-x64\jre\21.0.5-win32-x86_64\bin\zip.dll
Event: 0.132 Loaded shared library C:\Users\dk\.vscode\extensions\redhat.java-1.39.0-win32-x64\jre\21.0.5-win32-x86_64\bin\jimage.dll
Event: 0.203 Loaded shared library c:\Users\dk\.vscode\extensions\redhat.java-1.39.0-win32-x64\jre\21.0.5-win32-x86_64\bin\verify.dll
Event: 1.508 Loaded shared library C:\Users\dk\AppData\Roaming\Code\User\globalStorage\redhat.java\1.39.0\config_win\org.eclipse.equinox.launcher\org.eclipse.equinox.launcher.win32.win32.x86_64_1.2.1100.v20240722-2106\eclipse_11904.dll
Event: 3.403 Loaded shared library C:\Users\dk\AppData\Local\Temp\jna-3207\jna10284603686089692434.dll

Deoptimization events (20 events):
Event: 17.329 Thread 0x000002259f7be240 DEOPT PACKING pc=0x000002254b536e3c sp=0x000000a554afe980
Event: 17.329 Thread 0x000002259f7be240 DEOPT UNPACKING pc=0x000002254a943aa2 sp=0x000000a554afe920 mode 2
Event: 17.630 Thread 0x000002259f7be240 DEOPT PACKING pc=0x00000225445f5059 sp=0x000000a554afea30
Event: 17.630 Thread 0x000002259f7be240 DEOPT UNPACKING pc=0x000002254a944242 sp=0x000000a554afdf00 mode 0
Event: 17.798 Thread 0x000002259ba6b890 Uncommon trap: trap_request=0xffffffc6 fr.pc=0x000002254b5326c8 relative=0x0000000000000c68
Event: 17.798 Thread 0x000002259ba6b890 Uncommon trap: reason=bimorphic_or_optimized_type_check action=maybe_recompile pc=0x000002254b5326c8 method=org.eclipse.jdt.internal.core.NameLookup.getModuleDescription(Lorg/eclipse/jdt/internal/core/JavaProject;Lorg/eclipse/jdt/core/IPackageFragmentRoot
Event: 17.798 Thread 0x000002259ba6b890 DEOPT PACKING pc=0x000002254b5326c8 sp=0x000000a5532fddc0
Event: 17.798 Thread 0x000002259ba6b890 DEOPT UNPACKING pc=0x000002254a943aa2 sp=0x000000a5532fdd68 mode 2
Event: 17.798 Thread 0x000002259ba6b890 Uncommon trap: trap_request=0xffffffc6 fr.pc=0x000002254b5326c8 relative=0x0000000000000c68
Event: 17.798 Thread 0x000002259ba6b890 Uncommon trap: reason=bimorphic_or_optimized_type_check action=maybe_recompile pc=0x000002254b5326c8 method=org.eclipse.jdt.internal.core.NameLookup.getModuleDescription(Lorg/eclipse/jdt/internal/core/JavaProject;Lorg/eclipse/jdt/core/IPackageFragmentRoot
Event: 17.798 Thread 0x000002259ba6b890 DEOPT PACKING pc=0x000002254b5326c8 sp=0x000000a5532fddc0
Event: 17.798 Thread 0x000002259ba6b890 DEOPT UNPACKING pc=0x000002254a943aa2 sp=0x000000a5532fdd68 mode 2
Event: 17.799 Thread 0x000002259ba6b890 Uncommon trap: trap_request=0xffffffc6 fr.pc=0x000002254b5326c8 relative=0x0000000000000c68
Event: 17.799 Thread 0x000002259ba6b890 Uncommon trap: reason=bimorphic_or_optimized_type_check action=maybe_recompile pc=0x000002254b5326c8 method=org.eclipse.jdt.internal.core.NameLookup.getModuleDescription(Lorg/eclipse/jdt/internal/core/JavaProject;Lorg/eclipse/jdt/core/IPackageFragmentRoot
Event: 17.799 Thread 0x000002259ba6b890 DEOPT PACKING pc=0x000002254b5326c8 sp=0x000000a5532fd800
Event: 17.800 Thread 0x000002259ba6b890 DEOPT UNPACKING pc=0x000002254a943aa2 sp=0x000000a5532fd7c8 mode 2
Event: 17.800 Thread 0x000002259ba6b890 Uncommon trap: trap_request=0xffffffc6 fr.pc=0x000002254b5326c8 relative=0x0000000000000c68
Event: 17.800 Thread 0x000002259ba6b890 Uncommon trap: reason=bimorphic_or_optimized_type_check action=maybe_recompile pc=0x000002254b5326c8 method=org.eclipse.jdt.internal.core.NameLookup.getModuleDescription(Lorg/eclipse/jdt/internal/core/JavaProject;Lorg/eclipse/jdt/core/IPackageFragmentRoot
Event: 17.800 Thread 0x000002259ba6b890 DEOPT PACKING pc=0x000002254b5326c8 sp=0x000000a5532fd800
Event: 17.800 Thread 0x000002259ba6b890 DEOPT UNPACKING pc=0x000002254a943aa2 sp=0x000000a5532fd7c8 mode 2

Classes loaded (20 events):
Event: 16.010 Loading class java/util/Hashtable$ValueCollection
Event: 16.010 Loading class java/util/Hashtable$ValueCollection done
Event: 16.032 Loading class java/util/stream/ReferencePipeline$4
Event: 16.033 Loading class java/util/stream/IntPipeline$StatelessOp
Event: 16.033 Loading class java/util/stream/IntPipeline
Event: 16.034 Loading class java/util/stream/IntStream
Event: 16.034 Loading class java/util/stream/IntStream done
Event: 16.034 Loading class java/util/stream/IntPipeline done
Event: 16.035 Loading class java/util/stream/IntPipeline$StatelessOp done
Event: 16.035 Loading class java/util/stream/ReferencePipeline$4 done
Event: 16.035 Loading class java/util/stream/Nodes$IntFixedNodeBuilder
Event: 16.036 Loading class java/util/stream/Node$Builder$OfInt
Event: 16.036 Loading class java/util/stream/Sink$OfInt
Event: 16.036 Loading class java/util/stream/Sink$OfInt done
Event: 16.036 Loading class java/util/stream/Node$Builder$OfInt done
Event: 16.036 Loading class java/util/stream/Nodes$IntArrayNode
Event: 16.036 Loading class java/util/stream/Nodes$IntArrayNode done
Event: 16.037 Loading class java/util/stream/Nodes$IntFixedNodeBuilder done
Event: 16.037 Loading class java/util/stream/ReferencePipeline$4$1
Event: 16.037 Loading class java/util/stream/ReferencePipeline$4$1 done

Classes unloaded (7 events):
Event: 3.995 Thread 0x0000022554552ec0 Unloading class 0x000002255619c000 'java/lang/invoke/LambdaForm$MH+0x000002255619c000'
Event: 3.995 Thread 0x0000022554552ec0 Unloading class 0x000002255619bc00 'java/lang/invoke/LambdaForm$MH+0x000002255619bc00'
Event: 3.995 Thread 0x0000022554552ec0 Unloading class 0x000002255619b800 'java/lang/invoke/LambdaForm$MH+0x000002255619b800'
Event: 3.995 Thread 0x0000022554552ec0 Unloading class 0x000002255619b400 'java/lang/invoke/LambdaForm$MH+0x000002255619b400'
Event: 3.995 Thread 0x0000022554552ec0 Unloading class 0x000002255619b000 'java/lang/invoke/LambdaForm$BMH+0x000002255619b000'
Event: 3.995 Thread 0x0000022554552ec0 Unloading class 0x000002255619ac00 'java/lang/invoke/LambdaForm$DMH+0x000002255619ac00'
Event: 3.995 Thread 0x0000022554552ec0 Unloading class 0x0000022556199c00 'java/lang/invoke/LambdaForm$DMH+0x0000022556199c00'

Classes redefined (0 events):
No events

Internal exceptions (20 events):
Event: 8.875 Thread 0x000002259ba6b890 Exception <a 'java/io/FileNotFoundException'{0x00000000eb2efc38}> (0x00000000eb2efc38) 
thrown [s\src\hotspot\share\prims\jni.cpp, line 520]
Event: 8.879 Thread 0x000002259ba6b890 Exception <a 'java/io/FileNotFoundException'{0x00000000eb2f0e70}> (0x00000000eb2f0e70) 
thrown [s\src\hotspot\share\prims\jni.cpp, line 520]
Event: 8.881 Thread 0x000002259ba6b890 Exception <a 'java/io/FileNotFoundException'{0x00000000eb2f2710}> (0x00000000eb2f2710) 
thrown [s\src\hotspot\share\prims\jni.cpp, line 520]
Event: 8.882 Thread 0x000002259ba6b890 Exception <a 'java/io/FileNotFoundException'{0x00000000eb2f3d70}> (0x00000000eb2f3d70) 
thrown [s\src\hotspot\share\prims\jni.cpp, line 520]
Event: 8.882 Thread 0x000002259ba6b890 Exception <a 'java/io/FileNotFoundException'{0x00000000eb2f4fd8}> (0x00000000eb2f4fd8) 
thrown [s\src\hotspot\share\prims\jni.cpp, line 520]
Event: 8.957 Thread 0x000002259da7b5b0 Exception <a 'java/lang/IncompatibleClassChangeError'{0x00000000ebe7ecd8}: Found class java.lang.Object, but interface was expected> (0x00000000ebe7ecd8) 
thrown [s\src\hotspot\share\interpreter\linkResolver.cpp, line 840]
Event: 11.908 Thread 0x000002259ba6b890 Exception <a 'java/lang/NoSuchMethodError'{0x00000000eb10be80}: 'int java.lang.invoke.DirectMethodHandle$Holder.invokeInterface(java.lang.Object, java.lang.Object)'> (0x00000000eb10be80) 
thrown [s\src\hotspot\share\interpreter\linkResolver.cpp, line 773]
Event: 11.909 Thread 0x000002259ba6b890 Exception <a 'java/lang/IncompatibleClassChangeError'{0x00000000eb10f150}: Found class java.lang.Object, but interface was expected> (0x00000000eb10f150) 
thrown [s\src\hotspot\share\interpreter\linkResolver.cpp, line 840]
Event: 13.413 Thread 0x000002259ba69e50 Implicit null exception at 0x000002254b3a8f0b to 0x000002254b3acf50
Event: 14.940 Thread 0x000002259ba6b890 Exception <a 'java/lang/NoSuchMethodError'{0x00000000eb294560}: 'java.lang.Object java.lang.invoke.DirectMethodHandle$Holder.invokeStatic(java.lang.Object, java.lang.Object, int, int)'> (0x00000000eb294560) 
thrown [s\src\hotspot\share\interpreter\linkResolver.cpp, line 773]
Event: 14.941 Thread 0x000002259ba6b890 Exception <a 'java/lang/NoSuchMethodError'{0x00000000eb298960}: 'java.lang.Object java.lang.invoke.DirectMethodHandle$Holder.invokeSpecial(java.lang.Object, java.lang.Object, java.lang.Object, int, int)'> (0x00000000eb298960) 
thrown [s\src\hotspot\share\interpreter\linkResolver.cpp, line 773]
Event: 15.329 Thread 0x000002259ba6b890 Exception <a 'java/lang/NoSuchMethodError'{0x00000000eab01d70}: 'int java.lang.invoke.DirectMethodHandle$Holder.invokeSpecialIFC(java.lang.Object, java.lang.Object, java.lang.Object)'> (0x00000000eab01d70) 
thrown [s\src\hotspot\share\interpreter\linkResolver.cpp, line 773]
Event: 15.903 Thread 0x000002259f7be240 Implicit null exception at 0x000002254b38f914 to 0x000002254b393ab0
Event: 15.904 Thread 0x000002259f7be240 Implicit null exception at 0x000002254b3c6244 to 0x000002254b3ca460
Event: 15.910 Thread 0x000002259f7be240 Implicit null exception at 0x000002254b3bcd34 to 0x000002254b3c0e84
Event: 15.911 Thread 0x000002259f7be240 Implicit null exception at 0x000002254b3d1bcc to 0x000002254b3d43e4
Event: 15.943 Thread 0x000002259f7be240 Exception <a 'java/lang/NoSuchMethodError'{0x00000000eafc50b8}: 'void java.lang.invoke.DirectMethodHandle$Holder.invokeStatic(java.lang.Object, int, java.lang.Object)'> (0x00000000eafc50b8) 
thrown [s\src\hotspot\share\interpreter\linkResolver.cpp, line 773]
Event: 16.221 Thread 0x000002259f7be240 Implicit null exception at 0x000002254b3cf760 to 0x000002254b3d0164
Event: 16.256 Thread 0x000002259f7be240 Implicit null exception at 0x000002254b435725 to 0x000002254b435ac0
Event: 16.373 Thread 0x000002259f7be240 Implicit null exception at 0x000002254b1cb460 to 0x000002254b1cb49a

ZGC Phase Switch (0 events):
No events

VM Operations (20 events):
Event: 17.385 Executing VM operation: ParallelGCFailedAllocation (Allocation Failure)
Event: 17.388 Executing VM operation: ParallelGCFailedAllocation (Allocation Failure) done
Event: 17.426 Executing VM operation: ParallelGCFailedAllocation (Allocation Failure)
Event: 17.429 Executing VM operation: ParallelGCFailedAllocation (Allocation Failure) done
Event: 17.463 Executing VM operation: ParallelGCFailedAllocation (Allocation Failure)
Event: 17.467 Executing VM operation: ParallelGCFailedAllocation (Allocation Failure) done
Event: 17.506 Executing VM operation: ParallelGCFailedAllocation (Allocation Failure)
Event: 17.509 Executing VM operation: ParallelGCFailedAllocation (Allocation Failure) done
Event: 17.550 Executing VM operation: ParallelGCFailedAllocation (Allocation Failure)
Event: 17.552 Executing VM operation: ParallelGCFailedAllocation (Allocation Failure) done
Event: 17.589 Executing VM operation: ParallelGCFailedAllocation (Allocation Failure)
Event: 17.592 Executing VM operation: ParallelGCFailedAllocation (Allocation Failure) done
Event: 17.633 Executing VM operation: ParallelGCFailedAllocation (Allocation Failure)
Event: 17.637 Executing VM operation: ParallelGCFailedAllocation (Allocation Failure) done
Event: 17.674 Executing VM operation: ParallelGCFailedAllocation (Allocation Failure)
Event: 17.678 Executing VM operation: ParallelGCFailedAllocation (Allocation Failure) done
Event: 17.727 Executing VM operation: ParallelGCFailedAllocation (Allocation Failure)
Event: 17.729 Executing VM operation: ParallelGCFailedAllocation (Allocation Failure) done
Event: 17.768 Executing VM operation: ParallelGCFailedAllocation (Allocation Failure)
Event: 17.773 Executing VM operation: ParallelGCFailedAllocation (Allocation Failure) done

Memory protections (0 events):
No events

Nmethod flushes (20 events):
Event: 5.443 Thread 0x0000022554552ec0 flushing  nmethod 0x0000022543a45490
Event: 5.443 Thread 0x0000022554552ec0 flushing  nmethod 0x0000022543a46010
Event: 5.443 Thread 0x0000022554552ec0 flushing  nmethod 0x0000022543a46e10
Event: 5.443 Thread 0x0000022554552ec0 flushing  nmethod 0x0000022543a47b10
Event: 5.443 Thread 0x0000022554552ec0 flushing  nmethod 0x0000022543a48e90
Event: 5.443 Thread 0x0000022554552ec0 flushing  nmethod 0x0000022543a49b10
Event: 5.443 Thread 0x0000022554552ec0 flushing  nmethod 0x0000022543a4a010
Event: 5.443 Thread 0x0000022554552ec0 flushing  nmethod 0x0000022543a4a990
Event: 5.443 Thread 0x0000022554552ec0 flushing  nmethod 0x0000022543a56f90
Event: 5.443 Thread 0x0000022554552ec0 flushing  nmethod 0x0000022543a6fb90
Event: 5.443 Thread 0x0000022554552ec0 flushing  nmethod 0x0000022543a73790
Event: 5.443 Thread 0x0000022554552ec0 flushing  nmethod 0x0000022543a77d90
Event: 5.443 Thread 0x0000022554552ec0 flushing  nmethod 0x0000022543a91290
Event: 5.443 Thread 0x0000022554552ec0 flushing  nmethod 0x0000022543a92a90
Event: 5.443 Thread 0x0000022554552ec0 flushing  nmethod 0x0000022543a94090
Event: 5.443 Thread 0x0000022554552ec0 flushing  nmethod 0x0000022543ac3a10
Event: 5.443 Thread 0x0000022554552ec0 flushing  nmethod 0x0000022543ac6990
Event: 5.443 Thread 0x0000022554552ec0 flushing  nmethod 0x0000022543b19310
Event: 5.443 Thread 0x0000022554552ec0 flushing  nmethod 0x0000022543b19d10
Event: 5.443 Thread 0x0000022554552ec0 flushing  nmethod 0x0000022543b3c190

Events (20 events):
Event: 5.270 Thread 0x000002254005d020 Thread added: 0x000002259da7dd10
Event: 5.270 Thread 0x000002254005d020 Thread added: 0x000002259da7bc40
Event: 5.271 Thread 0x000002254005d020 Thread added: 0x000002259da7a890
Event: 5.271 Thread 0x000002254005d020 Thread added: 0x000002259da7af20
Event: 5.271 Thread 0x000002254005d020 Thread added: 0x000002259da7e3a0
Event: 5.272 Thread 0x000002254005d020 Thread added: 0x000002259da7ea30
Event: 5.272 Thread 0x000002254005d020 Thread added: 0x000002259da7c2d0
Event: 5.272 Thread 0x000002254005d020 Thread added: 0x000002259da78e50
Event: 5.332 Thread 0x000002254005d020 Thread added: 0x000002259da7fde0
Event: 5.622 Thread 0x000002254005d020 Thread added: 0x000002259da7f0c0
Event: 5.623 Thread 0x000002254005d020 Thread added: 0x000002259da7b5b0
Event: 8.949 Thread 0x000002259bf0d030 Thread exited: 0x000002259bf0d030
Event: 12.404 Thread 0x000002259ba6b890 Thread added: 0x000002259da79b70
Event: 12.404 Thread 0x000002259ba6b890 Thread added: 0x000002259da7a200
Event: 12.404 Thread 0x000002259ba6b890 Thread added: 0x000002259f7bfc80
Event: 12.405 Thread 0x000002259da7a200 Thread added: 0x000002259f7bdbb0
Event: 12.405 Thread 0x000002259da79b70 Thread added: 0x000002259f7bc800
Event: 12.405 Thread 0x000002259f7bdbb0 Thread added: 0x000002259f7bd520
Event: 15.394 Thread 0x000002259ba6b890 Thread added: 0x000002259f7c1d50
Event: 15.788 Thread 0x000002259ba6b890 Thread added: 0x000002259f7be240


Dynamic libraries:
0x00007ff60f340000 - 0x00007ff60f34e000 	c:\Users\dk\.vscode\extensions\redhat.java-1.39.0-win32-x64\jre\21.0.5-win32-x86_64\bin\java.exe
0x00007ffba9190000 - 0x00007ffba9388000 	C:\Windows\SYSTEM32\ntdll.dll
0x00007ffba71b0000 - 0x00007ffba7272000 	C:\Windows\System32\KERNEL32.DLL
0x00007ffba69a0000 - 0x00007ffba6c9f000 	C:\Windows\System32\KERNELBASE.dll
0x00007ffba6ee0000 - 0x00007ffba6fe0000 	C:\Windows\System32\ucrtbase.dll
0x00007ffba0360000 - 0x00007ffba0378000 	c:\Users\dk\.vscode\extensions\redhat.java-1.39.0-win32-x64\jre\21.0.5-win32-x86_64\bin\jli.dll
0x00007ffb9c690000 - 0x00007ffb9c6ae000 	c:\Users\dk\.vscode\extensions\redhat.java-1.39.0-win32-x64\jre\21.0.5-win32-x86_64\bin\VCRUNTIME140.dll
0x00007ffba8c40000 - 0x00007ffba8ddd000 	C:\Windows\System32\USER32.dll
0x00007ffba6d70000 - 0x00007ffba6d92000 	C:\Windows\System32\win32u.dll
0x00007ffba8b30000 - 0x00007ffba8b5b000 	C:\Windows\System32\GDI32.dll
0x00007ffba6830000 - 0x00007ffba694a000 	C:\Windows\System32\gdi32full.dll
0x00007ffb927d0000 - 0x00007ffb92a6a000 	C:\Windows\WinSxS\amd64_microsoft.windows.common-controls_6595b64144ccf1df_6.0.19041.4355_none_60b8b9eb71f62e16\COMCTL32.dll
0x00007ffba6cd0000 - 0x00007ffba6d6d000 	C:\Windows\System32\msvcp_win.dll
0x00007ffba8a30000 - 0x00007ffba8ace000 	C:\Windows\System32\msvcrt.dll
0x00007ffba8f10000 - 0x00007ffba8f3f000 	C:\Windows\System32\IMM32.DLL
0x00007ffb9f6a0000 - 0x00007ffb9f6ac000 	c:\Users\dk\.vscode\extensions\redhat.java-1.39.0-win32-x64\jre\21.0.5-win32-x86_64\bin\vcruntime140_1.dll
0x00007ffb91360000 - 0x00007ffb913ed000 	c:\Users\dk\.vscode\extensions\redhat.java-1.39.0-win32-x64\jre\21.0.5-win32-x86_64\bin\msvcp140.dll
0x00007ffb3bf00000 - 0x00007ffb3cc8f000 	c:\Users\dk\.vscode\extensions\redhat.java-1.39.0-win32-x64\jre\21.0.5-win32-x86_64\bin\server\jvm.dll
0x00007ffba8de0000 - 0x00007ffba8e8f000 	C:\Windows\System32\ADVAPI32.dll
0x00007ffba88b0000 - 0x00007ffba894f000 	C:\Windows\System32\sechost.dll
0x00007ffba86c0000 - 0x00007ffba87e3000 	C:\Windows\System32\RPCRT4.dll
0x00007ffba6ca0000 - 0x00007ffba6cc7000 	C:\Windows\System32\bcrypt.dll
0x00007ffba7ef0000 - 0x00007ffba7f5b000 	C:\Windows\System32\WS2_32.dll
0x00007ffba5d20000 - 0x00007ffba5d6b000 	C:\Windows\SYSTEM32\POWRPROF.dll
0x00007ffb8cbe0000 - 0x00007ffb8cc07000 	C:\Windows\SYSTEM32\WINMM.dll
0x00007ffba0410000 - 0x00007ffba041a000 	C:\Windows\SYSTEM32\VERSION.dll
0x00007ffba5bf0000 - 0x00007ffba5c02000 	C:\Windows\SYSTEM32\UMPDC.dll
0x00007ffba5280000 - 0x00007ffba5292000 	C:\Windows\SYSTEM32\kernel.appcore.dll
0x00007ffb91950000 - 0x00007ffb9195a000 	c:\Users\dk\.vscode\extensions\redhat.java-1.39.0-win32-x64\jre\21.0.5-win32-x86_64\bin\jimage.dll
0x00007ffba44f0000 - 0x00007ffba46d4000 	C:\Windows\SYSTEM32\DBGHELP.DLL
0x00007ffba3b20000 - 0x00007ffba3b54000 	C:\Windows\SYSTEM32\dbgcore.DLL
0x00007ffba6e50000 - 0x00007ffba6ed2000 	C:\Windows\System32\bcryptPrimitives.dll
0x00007ffb91940000 - 0x00007ffb9194f000 	c:\Users\dk\.vscode\extensions\redhat.java-1.39.0-win32-x64\jre\21.0.5-win32-x86_64\bin\instrument.dll
0x00007ffb8fcd0000 - 0x00007ffb8fcef000 	c:\Users\dk\.vscode\extensions\redhat.java-1.39.0-win32-x64\jre\21.0.5-win32-x86_64\bin\java.dll
0x00007ffba7420000 - 0x00007ffba7b8d000 	C:\Windows\System32\SHELL32.dll
0x00007ffba4810000 - 0x00007ffba4fb4000 	C:\Windows\SYSTEM32\windows.storage.dll
0x00007ffba7b90000 - 0x00007ffba7ee5000 	C:\Windows\System32\combase.dll
0x00007ffba6180000 - 0x00007ffba61af000 	C:\Windows\SYSTEM32\Wldp.dll
0x00007ffba8b70000 - 0x00007ffba8c3d000 	C:\Windows\System32\OLEAUT32.dll
0x00007ffba7370000 - 0x00007ffba741d000 	C:\Windows\System32\SHCORE.dll
0x00007ffba8f40000 - 0x00007ffba8f95000 	C:\Windows\System32\shlwapi.dll
0x00007ffba6760000 - 0x00007ffba6784000 	C:\Windows\SYSTEM32\profapi.dll
0x00007ffb8fcb0000 - 0x00007ffb8fcc8000 	c:\Users\dk\.vscode\extensions\redhat.java-1.39.0-win32-x64\jre\21.0.5-win32-x86_64\bin\zip.dll
0x00007ffb915b0000 - 0x00007ffb915c0000 	C:\Users\dk\.vscode\extensions\redhat.java-1.39.0-win32-x64\jre\21.0.5-win32-x86_64\bin\net.dll
0x00007ffba3980000 - 0x00007ffba3a8a000 	C:\Windows\SYSTEM32\WINHTTP.dll
0x00007ffba5f60000 - 0x00007ffba5fcc000 	C:\Windows\system32\mswsock.dll
0x00007ffb92b00000 - 0x00007ffb92b16000 	C:\Users\dk\.vscode\extensions\redhat.java-1.39.0-win32-x64\jre\21.0.5-win32-x86_64\bin\nio.dll
0x00007ffb91ea0000 - 0x00007ffb91eb0000 	c:\Users\dk\.vscode\extensions\redhat.java-1.39.0-win32-x64\jre\21.0.5-win32-x86_64\bin\verify.dll
0x00007ffb8fc60000 - 0x00007ffb8fca5000 	C:\Users\dk\AppData\Roaming\Code\User\globalStorage\redhat.java\1.39.0\config_win\org.eclipse.equinox.launcher\org.eclipse.equinox.launcher.win32.win32.x86_64_1.2.1100.v20240722-2106\eclipse_11904.dll
0x00007ffba8590000 - 0x00007ffba86bb000 	C:\Windows\System32\ole32.dll
0x00007ffba61c0000 - 0x00007ffba61d8000 	C:\Windows\SYSTEM32\CRYPTSP.dll
0x00007ffba5830000 - 0x00007ffba5864000 	C:\Windows\system32\rsaenh.dll
0x00007ffba6720000 - 0x00007ffba674e000 	C:\Windows\SYSTEM32\USERENV.dll
0x00007ffba60f0000 - 0x00007ffba60fc000 	C:\Windows\SYSTEM32\CRYPTBASE.dll
0x00007ffba5c10000 - 0x00007ffba5c4b000 	C:\Windows\SYSTEM32\IPHLPAPI.DLL
0x00007ffba88a0000 - 0x00007ffba88a8000 	C:\Windows\System32\NSI.dll
0x00007ffb89bf0000 - 0x00007ffb89c39000 	C:\Users\dk\AppData\Local\Temp\jna-3207\jna10284603686089692434.dll
0x00007ffba8b60000 - 0x00007ffba8b68000 	C:\Windows\System32\PSAPI.DLL
0x00007ffb9d840000 - 0x00007ffb9d857000 	C:\Windows\SYSTEM32\dhcpcsvc6.DLL
0x00007ffba02c0000 - 0x00007ffba02dd000 	C:\Windows\SYSTEM32\dhcpcsvc.DLL

dbghelp: loaded successfully - version: 4.0.5 - missing functions: none
symbol engine: initialized successfully - sym options: 0x614 - pdb path: .;c:\Users\dk\.vscode\extensions\redhat.java-1.39.0-win32-x64\jre\21.0.5-win32-x86_64\bin;C:\Windows\SYSTEM32;C:\Windows\WinSxS\amd64_microsoft.windows.common-controls_6595b64144ccf1df_6.0.19041.4355_none_60b8b9eb71f62e16;c:\Users\dk\.vscode\extensions\redhat.java-1.39.0-win32-x64\jre\21.0.5-win32-x86_64\bin\server;C:\Users\dk\AppData\Roaming\Code\User\globalStorage\redhat.java\1.39.0\config_win\org.eclipse.equinox.launcher\org.eclipse.equinox.launcher.win32.win32.x86_64_1.2.1100.v20240722-2106;C:\Users\dk\AppData\Local\Temp\jna-3207

VM Arguments:
jvm_args: --add-modules=ALL-SYSTEM --add-opens=java.base/java.util=ALL-UNNAMED --add-opens=java.base/java.lang=ALL-UNNAMED --add-opens=java.base/sun.nio.fs=ALL-UNNAMED -Declipse.application=org.eclipse.jdt.ls.core.id1 -Dosgi.bundles.defaultStartLevel=4 -Declipse.product=org.eclipse.jdt.ls.core.product -Djava.import.generatesMetadataFilesAtProjectRoot=false -DDetectVMInstallationsJob.disabled=true -Dfile.encoding=utf8 -XX:+UseParallelGC -XX:GCTimeRatio=4 -XX:AdaptiveSizePolicyWeight=90 -Dsun.zip.disableMemoryMapping=true -Xmx1G -Xms100m -Xlog:disable -javaagent:c:\Users\dk\.vscode\extensions\redhat.java-1.39.0-win32-x64\lombok\lombok-1.18.34.jar -XX:+HeapDumpOnOutOfMemoryError -XX:HeapDumpPath=c:\Users\dk\AppData\Roaming\Code\User\workspaceStorage\fd34dfacb829fd3c3a5173bd3568862a\redhat.java -Daether.dependencyCollector.impl=bf 
java_command: c:\Users\dk\.vscode\extensions\redhat.java-1.39.0-win32-x64\server\plugins\org.eclipse.equinox.launcher_1.6.900.v20240613-2009.jar -configuration c:\Users\dk\AppData\Roaming\Code\User\globalStorage\redhat.java\1.39.0\config_win -data c:\Users\dk\AppData\Roaming\Code\User\workspaceStorage\fd34dfacb829fd3c3a5173bd3568862a\redhat.java\jdt_ws --pipe=\\.\pipe\lsp-3cb40adc54cf3ea23078205c48eaeddb-sock
java_class_path (initial): c:\Users\dk\.vscode\extensions\redhat.java-1.39.0-win32-x64\server\plugins\org.eclipse.equinox.launcher_1.6.900.v20240613-2009.jar
Launcher Type: SUN_STANDARD

[Global flags]
    uintx AdaptiveSizePolicyWeight                 = 90                                        {product} {command line}
     intx CICompilerCount                          = 4                                         {product} {ergonomic}
    uintx GCTimeRatio                              = 4                                         {product} {command line}
     bool HeapDumpOnOutOfMemoryError               = true                                   {manageable} {command line}
    ccstr HeapDumpPath                             = c:\Users\dk\AppData\Roaming\Code\User\workspaceStorage\fd34dfacb829fd3c3a5173bd3568862a\redhat.java         {manageable} {command line}
   size_t InitialHeapSize                          = 104857600                                 {product} {command line}
   size_t MaxHeapSize                              = 1073741824                                {product} {command line}
   size_t MaxNewSize                               = 357564416                                 {product} {ergonomic}
   size_t MinHeapDeltaBytes                        = 524288                                    {product} {ergonomic}
   size_t MinHeapSize                              = 104857600                                 {product} {command line}
   size_t NewSize                                  = 34603008                                  {product} {ergonomic}
    uintx NonNMethodCodeHeapSize                   = 5839372                                {pd product} {ergonomic}
    uintx NonProfiledCodeHeapSize                  = 122909434                              {pd product} {ergonomic}
   size_t OldSize                                  = 70254592                                  {product} {ergonomic}
    uintx ProfiledCodeHeapSize                     = 122909434                              {pd product} {ergonomic}
    uintx ReservedCodeCacheSize                    = 251658240                              {pd product} {ergonomic}
     bool SegmentedCodeCache                       = true                                      {product} {ergonomic}
   size_t SoftMaxHeapSize                          = 1073741824                             {manageable} {ergonomic}
     bool UseCompressedOops                        = true                           {product lp64_product} {ergonomic}
     bool UseLargePagesIndividualAllocation        = false                                  {pd product} {ergonomic}
     bool UseParallelGC                            = true                                      {product} {command line}

Logging:
Log output configuration:
 #0: stdout all=off uptime,level,tags foldmultilines=false
 #1: stderr all=off uptime,level,tags foldmultilines=false

Environment Variables:
JAVA_HOME=C:\Program Files\Java\jdk-17
PATH=C:\oraclexe\app\oracle\product\11.2.0\server\bin;C:\Program Files\Common Files\Oracle\Java\javapath;C:\Windows\system32;C:\Windows;C:\Windows\System32\Wbem;C:\Windows\System32\WindowsPowerShell\v1.0\;C:\Windows\System32\OpenSSH\;C:\Program Files (x86)\Common Files\Adobe\AGL;C:\Program Files\Bandizip\;C:\Program Files\Git\cmd;C:\Program Files\nodejs\;";C:\Program Files\Java\jdk-17\bin";C:\gradle\gradle-8.12.1\bin;C:\Program Files\MySQL\MySQL Shell 8.0\bin\;C:\Users\dk\AppData\Local\Microsoft\WindowsApps;C:\Users\dk\AppData\Local\Programs\Microsoft VS Code\bin;C:\Users\dk\AppData\Roaming\npm
USERNAME=dk
OS=Windows_NT
PROCESSOR_IDENTIFIER=Intel64 Family 6 Model 142 Stepping 12, GenuineIntel
TMP=C:\Users\dk\AppData\Local\Temp
TEMP=C:\Users\dk\AppData\Local\Temp




Periodic native trim disabled

---------------  S Y S T E M  ---------------

OS:
 Windows 10 , 64 bit Build 19041 (10.0.19041.5438)
OS uptime: 2 days 2:56 hours
Hyper-V role detected

CPU: total 8 (initial active 8) (4 cores per cpu, 2 threads per core) family 6 model 142 stepping 12 microcode 0xc0, cx8, cmov, fxsr, ht, mmx, 3dnowpref, sse, sse2, sse3, ssse3, sse4.1, sse4.2, popcnt, lzcnt, tsc, tscinvbit, avx, avx2, aes, erms, clmul, bmi1, bmi2, adx, fma, vzeroupper, clflush, clflushopt, hv, rdtscp, f16c
Processor Information for all 8 processors :
  Max Mhz: 2304, Current Mhz: 1803, Mhz Limit: 1797

Memory: 4k page, system-wide physical 24410M (7093M free)
TotalPageFile size 54144M (AvailPageFile size 5M)
current process WorkingSet (physical memory assigned to process): 590M, peak: 592M
current process commit charge ("private bytes"): 544M, peak: 960M

vm_info: OpenJDK 64-Bit Server VM (21.0.5+11-LTS) for windows-amd64 JRE (21.0.5+11-LTS), built on 2024-10-15T00:00:00Z by "admin" with MS VC++ 17.7 (VS2022)

END.
