2025-02-25 18:03:44 - Starting RoadmakerApplication using Java 17.0.12 with PID 18408 (D:\ROADMAKER\backend\bin\main started by ict-07 in D:\ROADMAKER\backend)
2025-02-25 18:03:44 - No active profile set, falling back to 1 default profile: "default"
2025-02-25 18:03:44 - Tomcat initialized with port 8080 (http)
2025-02-25 18:03:44 - Initializing ProtocolHandler ["http-nio-8080"]
2025-02-25 18:03:44 - Starting service [Tomcat]
2025-02-25 18:03:44 - Starting Servlet engine: [Apache Tomcat/10.1.34]
2025-02-25 18:03:44 - Initializing Spring embedded WebApplicationContext
2025-02-25 18:03:44 - Root WebApplicationContext: initialization completed in 259 ms
2025-02-25 18:03:44 - SecurityConfig 호출 : 
2025-02-25 18:03:44 - SecurityFilterChain 호출 

2025-02-25 18:03:44 - LiveReload server is running on port 35729
2025-02-25 18:03:44 - Starting ProtocolHandler ["http-nio-8080"]
2025-02-25 18:03:44 - Tomcat started on port 8080 (http) with context path '/'
2025-02-25 18:03:44 - Started RoadmakerApplication in 0.542 seconds (process running for 139.047)
2025-02-25 18:03:44 - Condition evaluation unchanged
2025-02-25 18:04:02 - Restarting due to 1 class path change (0 additions, 0 deletions, 1 modification)
2025-02-25 18:04:02 - Commencing graceful shutdown. Waiting for active requests to complete
2025-02-25 18:04:02 - Pausing ProtocolHandler ["http-nio-8080"]
2025-02-25 18:04:02 - Graceful shutdown complete
2025-02-25 18:04:02 - Stopping ProtocolHandler ["http-nio-8080"]
2025-02-25 18:04:02 - Starting RoadmakerApplication using Java 17.0.12 with PID 18408 (D:\ROADMAKER\backend\bin\main started by ict-07 in D:\ROADMAKER\backend)
2025-02-25 18:04:02 - No active profile set, falling back to 1 default profile: "default"
2025-02-25 18:04:02 - Tomcat initialized with port 8080 (http)
2025-02-25 18:04:02 - Initializing ProtocolHandler ["http-nio-8080"]
2025-02-25 18:04:02 - Starting service [Tomcat]
2025-02-25 18:04:02 - Starting Servlet engine: [Apache Tomcat/10.1.34]
2025-02-25 18:04:02 - Initializing Spring embedded WebApplicationContext
2025-02-25 18:04:02 - Root WebApplicationContext: initialization completed in 226 ms
2025-02-25 18:04:02 - SecurityConfig 호출 : 
2025-02-25 18:04:03 - SecurityFilterChain 호출 

2025-02-25 18:04:03 - LiveReload server is running on port 35729
2025-02-25 18:04:03 - Starting ProtocolHandler ["http-nio-8080"]
2025-02-25 18:04:03 - Tomcat started on port 8080 (http) with context path '/'
2025-02-25 18:04:03 - Started RoadmakerApplication in 0.4 seconds (process running for 157.237)
2025-02-25 18:04:03 - Condition evaluation unchanged
2025-02-25 18:04:55 - Restarting due to 1 class path change (0 additions, 0 deletions, 1 modification)
2025-02-25 18:04:55 - Commencing graceful shutdown. Waiting for active requests to complete
2025-02-25 18:04:55 - Pausing ProtocolHandler ["http-nio-8080"]
2025-02-25 18:04:55 - Graceful shutdown complete
2025-02-25 18:04:55 - Stopping ProtocolHandler ["http-nio-8080"]
2025-02-25 18:04:55 - Starting RoadmakerApplication using Java 17.0.12 with PID 18408 (D:\ROADMAKER\backend\bin\main started by ict-07 in D:\ROADMAKER\backend)
2025-02-25 18:04:55 - No active profile set, falling back to 1 default profile: "default"
2025-02-25 18:04:55 - Tomcat initialized with port 8080 (http)
2025-02-25 18:04:55 - Initializing ProtocolHandler ["http-nio-8080"]
2025-02-25 18:04:55 - Starting service [Tomcat]
2025-02-25 18:04:55 - Starting Servlet engine: [Apache Tomcat/10.1.34]
2025-02-25 18:04:55 - Initializing Spring embedded WebApplicationContext
2025-02-25 18:04:55 - Root WebApplicationContext: initialization completed in 158 ms
2025-02-25 18:04:55 - SecurityConfig 호출 : 
2025-02-25 18:04:55 - SecurityFilterChain 호출 

2025-02-25 18:04:55 - LiveReload server is running on port 35729
2025-02-25 18:04:55 - Starting ProtocolHandler ["http-nio-8080"]
2025-02-25 18:04:55 - Tomcat started on port 8080 (http) with context path '/'
2025-02-25 18:04:55 - Started RoadmakerApplication in 0.337 seconds (process running for 209.961)
2025-02-25 18:04:55 - Condition evaluation unchanged
2025-02-25 18:05:34 - Restarting due to 1 class path change (0 additions, 0 deletions, 1 modification)
2025-02-25 18:05:34 - Commencing graceful shutdown. Waiting for active requests to complete
2025-02-25 18:05:34 - Pausing ProtocolHandler ["http-nio-8080"]
2025-02-25 18:05:34 - Graceful shutdown complete
2025-02-25 18:05:34 - Stopping ProtocolHandler ["http-nio-8080"]
2025-02-25 18:05:34 - Starting RoadmakerApplication using Java 17.0.12 with PID 18408 (D:\ROADMAKER\backend\bin\main started by ict-07 in D:\ROADMAKER\backend)
2025-02-25 18:05:34 - No active profile set, falling back to 1 default profile: "default"
2025-02-25 18:05:35 - Tomcat initialized with port 8080 (http)
2025-02-25 18:05:35 - Initializing ProtocolHandler ["http-nio-8080"]
2025-02-25 18:05:35 - Starting service [Tomcat]
2025-02-25 18:05:35 - Starting Servlet engine: [Apache Tomcat/10.1.34]
2025-02-25 18:05:35 - Initializing Spring embedded WebApplicationContext
2025-02-25 18:05:35 - Root WebApplicationContext: initialization completed in 146 ms
2025-02-25 18:05:35 - SecurityConfig 호출 : 
2025-02-25 18:05:35 - SecurityFilterChain 호출 

2025-02-25 18:05:35 - LiveReload server is running on port 35729
2025-02-25 18:05:35 - Starting ProtocolHandler ["http-nio-8080"]
2025-02-25 18:05:35 - Tomcat started on port 8080 (http) with context path '/'
2025-02-25 18:05:35 - Started RoadmakerApplication in 0.257 seconds (process running for 249.388)
2025-02-25 18:05:35 - Condition evaluation unchanged
2025-02-25 18:05:56 - Restarting due to 1 class path change (0 additions, 0 deletions, 1 modification)
2025-02-25 18:05:56 - Commencing graceful shutdown. Waiting for active requests to complete
2025-02-25 18:05:56 - Pausing ProtocolHandler ["http-nio-8080"]
2025-02-25 18:05:57 - Graceful shutdown complete
2025-02-25 18:05:57 - Stopping ProtocolHandler ["http-nio-8080"]
2025-02-25 18:25:43 - Starting RoadmakerApplication using Java 17.0.12 with PID 19272 (D:\ROADMAKER\backend\build\classes\java\main started by ict-07 in D:\ROADMAKER\backend)
2025-02-25 18:25:43 - No active profile set, falling back to 1 default profile: "default"
2025-02-25 18:25:43 - Devtools property defaults active! Set 'spring.devtools.add-properties' to 'false' to disable
2025-02-25 18:25:43 - For additional web related logging consider setting the 'logging.level.web' property to 'DEBUG'
2025-02-25 18:25:44 - Tomcat initialized with port 8080 (http)
2025-02-25 18:25:44 - Initializing ProtocolHandler ["http-nio-8080"]
2025-02-25 18:25:44 - Starting service [Tomcat]
2025-02-25 18:25:44 - Starting Servlet engine: [Apache Tomcat/10.1.34]
2025-02-25 18:25:44 - Initializing Spring embedded WebApplicationContext
2025-02-25 18:25:44 - Root WebApplicationContext: initialization completed in 1052 ms
2025-02-25 18:25:44 - SecurityConfig 호출 : 
2025-02-25 18:25:45 - SecurityFilterChain 호출 

2025-02-25 18:25:45 - LiveReload server is running on port 35729
2025-02-25 18:25:45 - Starting ProtocolHandler ["http-nio-8080"]
2025-02-25 18:25:45 - Tomcat started on port 8080 (http) with context path '/'
2025-02-25 18:25:45 - Started RoadmakerApplication in 2.847 seconds (process running for 3.073)
2025-02-25 18:27:04 - Starting RoadmakerApplication using Java 17.0.12 with PID 5112 (D:\ROADMAKER\backend\build\classes\java\main started by ict-07 in D:\ROADMAKER\backend)
2025-02-25 18:27:04 - No active profile set, falling back to 1 default profile: "default"
2025-02-25 18:27:04 - Devtools property defaults active! Set 'spring.devtools.add-properties' to 'false' to disable
2025-02-25 18:27:04 - For additional web related logging consider setting the 'logging.level.web' property to 'DEBUG'
2025-02-25 18:27:05 - Tomcat initialized with port 8080 (http)
2025-02-25 18:27:05 - Initializing ProtocolHandler ["http-nio-8080"]
2025-02-25 18:27:05 - Starting service [Tomcat]
2025-02-25 18:27:05 - Starting Servlet engine: [Apache Tomcat/10.1.34]
2025-02-25 18:27:05 - Initializing Spring embedded WebApplicationContext
2025-02-25 18:27:05 - Root WebApplicationContext: initialization completed in 951 ms
2025-02-25 18:27:05 - SecurityConfig 호출 : 
2025-02-25 18:27:06 - SecurityFilterChain 호출 

2025-02-25 18:27:06 - LiveReload server is running on port 35729
2025-02-25 18:27:06 - Starting ProtocolHandler ["http-nio-8080"]
2025-02-25 18:27:06 - Tomcat started on port 8080 (http) with context path '/'
2025-02-25 18:27:06 - Started RoadmakerApplication in 2.692 seconds (process running for 2.91)
2025-02-25 18:27:32 - Starting RoadmakerApplication using Java 17.0.12 with PID 20776 (D:\ROADMAKER\backend\build\classes\java\main started by ict-07 in D:\ROADMAKER\backend)
2025-02-25 18:27:32 - No active profile set, falling back to 1 default profile: "default"
2025-02-25 18:27:32 - Devtools property defaults active! Set 'spring.devtools.add-properties' to 'false' to disable
2025-02-25 18:27:32 - For additional web related logging consider setting the 'logging.level.web' property to 'DEBUG'
2025-02-25 18:27:33 - Tomcat initialized with port 8080 (http)
2025-02-25 18:27:33 - Initializing ProtocolHandler ["http-nio-8080"]
2025-02-25 18:27:33 - Starting service [Tomcat]
2025-02-25 18:27:33 - Starting Servlet engine: [Apache Tomcat/10.1.34]
2025-02-25 18:27:33 - Initializing Spring embedded WebApplicationContext
2025-02-25 18:27:33 - Root WebApplicationContext: initialization completed in 896 ms
2025-02-25 18:27:33 - SecurityConfig 호출 : 
2025-02-25 18:27:33 - SecurityFilterChain 호출 

2025-02-25 18:27:34 - LiveReload server is running on port 35729
2025-02-25 18:27:34 - Starting ProtocolHandler ["http-nio-8080"]
2025-02-25 18:27:34 - Tomcat started on port 8080 (http) with context path '/'
2025-02-25 18:27:34 - Started RoadmakerApplication in 2.422 seconds (process running for 2.643)
2025-02-25 18:27:51 - Starting RoadmakerApplication using Java 17.0.12 with PID 27680 (D:\ROADMAKER\backend\build\classes\java\main started by ict-07 in D:\ROADMAKER\backend)
2025-02-25 18:27:51 - No active profile set, falling back to 1 default profile: "default"
2025-02-25 18:27:51 - Devtools property defaults active! Set 'spring.devtools.add-properties' to 'false' to disable
2025-02-25 18:27:51 - For additional web related logging consider setting the 'logging.level.web' property to 'DEBUG'
2025-02-25 18:27:52 - Tomcat initialized with port 8080 (http)
2025-02-25 18:27:52 - Initializing ProtocolHandler ["http-nio-8080"]
2025-02-25 18:27:52 - Starting service [Tomcat]
2025-02-25 18:27:52 - Starting Servlet engine: [Apache Tomcat/10.1.34]
2025-02-25 18:27:52 - Initializing Spring embedded WebApplicationContext
2025-02-25 18:27:52 - Root WebApplicationContext: initialization completed in 1063 ms
2025-02-25 18:27:52 - SecurityConfig 호출 : 
2025-02-25 18:27:53 - SecurityFilterChain 호출 

2025-02-25 18:27:53 - LiveReload server is running on port 35729
2025-02-25 18:27:53 - Starting ProtocolHandler ["http-nio-8080"]
2025-02-25 18:27:53 - Tomcat started on port 8080 (http) with context path '/'
2025-02-25 18:27:53 - Started RoadmakerApplication in 2.853 seconds (process running for 3.103)
2025-02-25 18:28:47 - Starting RoadmakerApplication using Java 17.0.12 with PID 29172 (D:\ROADMAKER\backend\build\classes\java\main started by ict-07 in D:\ROADMAKER\backend)
2025-02-25 18:28:47 - No active profile set, falling back to 1 default profile: "default"
2025-02-25 18:28:47 - Devtools property defaults active! Set 'spring.devtools.add-properties' to 'false' to disable
2025-02-25 18:28:47 - For additional web related logging consider setting the 'logging.level.web' property to 'DEBUG'
2025-02-25 18:28:48 - Tomcat initialized with port 8080 (http)
2025-02-25 18:28:48 - Initializing ProtocolHandler ["http-nio-8080"]
2025-02-25 18:28:48 - Starting service [Tomcat]
2025-02-25 18:28:48 - Starting Servlet engine: [Apache Tomcat/10.1.34]
2025-02-25 18:28:48 - Initializing Spring embedded WebApplicationContext
2025-02-25 18:28:48 - Root WebApplicationContext: initialization completed in 943 ms
2025-02-25 18:28:48 - SecurityConfig 호출 : 
2025-02-25 18:28:48 - SecurityFilterChain 호출 

2025-02-25 18:28:49 - LiveReload server is running on port 35729
2025-02-25 18:28:49 - Starting ProtocolHandler ["http-nio-8080"]
2025-02-25 18:28:49 - Tomcat started on port 8080 (http) with context path '/'
2025-02-25 18:28:49 - Started RoadmakerApplication in 2.836 seconds (process running for 3.08)
2025-02-25 18:29:19 - Starting RoadmakerApplication using Java 17.0.12 with PID 26944 (D:\ROADMAKER\backend\build\classes\java\main started by ict-07 in D:\ROADMAKER\backend)
2025-02-25 18:29:19 - No active profile set, falling back to 1 default profile: "default"
2025-02-25 18:29:19 - Devtools property defaults active! Set 'spring.devtools.add-properties' to 'false' to disable
2025-02-25 18:29:19 - For additional web related logging consider setting the 'logging.level.web' property to 'DEBUG'
2025-02-25 18:29:20 - Tomcat initialized with port 8080 (http)
2025-02-25 18:29:20 - Initializing ProtocolHandler ["http-nio-8080"]
2025-02-25 18:29:20 - Starting service [Tomcat]
2025-02-25 18:29:20 - Starting Servlet engine: [Apache Tomcat/10.1.34]
2025-02-25 18:29:20 - Initializing Spring embedded WebApplicationContext
2025-02-25 18:29:20 - Root WebApplicationContext: initialization completed in 1038 ms
2025-02-25 18:29:20 - SecurityConfig 호출 : 
2025-02-25 18:29:21 - SecurityFilterChain 호출 

2025-02-25 18:29:22 - LiveReload server is running on port 35729
2025-02-25 18:29:22 - Starting ProtocolHandler ["http-nio-8080"]
2025-02-25 18:29:22 - Tomcat started on port 8080 (http) with context path '/'
2025-02-25 18:29:22 - Started RoadmakerApplication in 2.872 seconds (process running for 3.101)
2025-02-25 18:29:47 - Starting RoadmakerApplication using Java 17.0.12 with PID 2776 (D:\ROADMAKER\backend\build\classes\java\main started by ict-07 in D:\ROADMAKER\backend)
2025-02-25 18:29:47 - No active profile set, falling back to 1 default profile: "default"
2025-02-25 18:29:47 - Devtools property defaults active! Set 'spring.devtools.add-properties' to 'false' to disable
2025-02-25 18:29:47 - For additional web related logging consider setting the 'logging.level.web' property to 'DEBUG'
2025-02-25 18:29:48 - Tomcat initialized with port 8080 (http)
2025-02-25 18:29:48 - Initializing ProtocolHandler ["http-nio-8080"]
2025-02-25 18:29:48 - Starting service [Tomcat]
2025-02-25 18:29:48 - Starting Servlet engine: [Apache Tomcat/10.1.34]
2025-02-25 18:29:48 - Initializing Spring embedded WebApplicationContext
2025-02-25 18:29:48 - Root WebApplicationContext: initialization completed in 998 ms
2025-02-25 18:29:48 - SecurityConfig 호출 : 
2025-02-25 18:29:49 - SecurityFilterChain 호출 

2025-02-25 18:29:49 - LiveReload server is running on port 35729
2025-02-25 18:29:49 - Starting ProtocolHandler ["http-nio-8080"]
2025-02-25 18:29:49 - Tomcat started on port 8080 (http) with context path '/'
2025-02-25 18:29:49 - Started RoadmakerApplication in 2.804 seconds (process running for 3.023)
2025-02-25 18:30:44 - Starting RoadmakerApplication using Java 17.0.12 with PID 7396 (D:\ROADMAKER\backend\build\classes\java\main started by ict-07 in D:\ROADMAKER\backend)
2025-02-25 18:30:44 - No active profile set, falling back to 1 default profile: "default"
2025-02-25 18:30:44 - Devtools property defaults active! Set 'spring.devtools.add-properties' to 'false' to disable
2025-02-25 18:30:44 - For additional web related logging consider setting the 'logging.level.web' property to 'DEBUG'
2025-02-25 18:30:45 - Tomcat initialized with port 8080 (http)
2025-02-25 18:30:45 - Initializing ProtocolHandler ["http-nio-8080"]
2025-02-25 18:30:45 - Starting service [Tomcat]
2025-02-25 18:30:45 - Starting Servlet engine: [Apache Tomcat/10.1.34]
2025-02-25 18:30:45 - Initializing Spring embedded WebApplicationContext
2025-02-25 18:30:45 - Root WebApplicationContext: initialization completed in 1027 ms
2025-02-25 18:30:46 - SecurityConfig 호출 : 
2025-02-25 18:30:46 - SecurityFilterChain 호출 

2025-02-25 18:30:47 - LiveReload server is running on port 35729
2025-02-25 18:30:47 - Starting ProtocolHandler ["http-nio-8080"]
2025-02-25 18:30:47 - Tomcat started on port 8080 (http) with context path '/'
2025-02-25 18:30:47 - Started RoadmakerApplication in 2.771 seconds (process running for 3.021)
2025-02-25 18:31:30 - Starting RoadmakerApplication using Java 17.0.12 with PID 27488 (D:\ROADMAKER\backend\build\classes\java\main started by ict-07 in D:\ROADMAKER\backend)
2025-02-25 18:31:30 - No active profile set, falling back to 1 default profile: "default"
2025-02-25 18:31:30 - Devtools property defaults active! Set 'spring.devtools.add-properties' to 'false' to disable
2025-02-25 18:31:30 - For additional web related logging consider setting the 'logging.level.web' property to 'DEBUG'
2025-02-25 18:31:31 - Tomcat initialized with port 8080 (http)
2025-02-25 18:31:31 - Initializing ProtocolHandler ["http-nio-8080"]
2025-02-25 18:31:31 - Starting service [Tomcat]
2025-02-25 18:31:31 - Starting Servlet engine: [Apache Tomcat/10.1.34]
2025-02-25 18:31:31 - Initializing Spring embedded WebApplicationContext
2025-02-25 18:31:31 - Root WebApplicationContext: initialization completed in 1031 ms
2025-02-25 18:31:31 - SecurityConfig 호출 : 
2025-02-25 18:31:31 - SecurityFilterChain 호출 

2025-02-25 18:31:32 - LiveReload server is running on port 35729
2025-02-25 18:31:32 - Starting ProtocolHandler ["http-nio-8080"]
2025-02-25 18:31:32 - Tomcat started on port 8080 (http) with context path '/'
2025-02-25 18:31:32 - Started RoadmakerApplication in 2.901 seconds (process running for 3.129)
2025-02-25 18:32:22 - Starting RoadmakerApplication using Java 17.0.12 with PID 23272 (D:\ROADMAKER\backend\build\classes\java\main started by ict-07 in D:\ROADMAKER\backend)
2025-02-25 18:32:22 - No active profile set, falling back to 1 default profile: "default"
2025-02-25 18:32:22 - Devtools property defaults active! Set 'spring.devtools.add-properties' to 'false' to disable
2025-02-25 18:32:22 - For additional web related logging consider setting the 'logging.level.web' property to 'DEBUG'
2025-02-25 18:32:23 - Tomcat initialized with port 8080 (http)
2025-02-25 18:32:23 - Initializing ProtocolHandler ["http-nio-8080"]
2025-02-25 18:32:23 - Starting service [Tomcat]
2025-02-25 18:32:23 - Starting Servlet engine: [Apache Tomcat/10.1.34]
2025-02-25 18:32:23 - Initializing Spring embedded WebApplicationContext
2025-02-25 18:32:23 - Root WebApplicationContext: initialization completed in 1016 ms
2025-02-25 18:32:23 - SecurityConfig 호출 : 
2025-02-25 18:32:24 - SecurityFilterChain 호출 

2025-02-25 18:32:24 - LiveReload server is running on port 35729
2025-02-25 18:32:24 - Starting ProtocolHandler ["http-nio-8080"]
2025-02-25 18:32:24 - Tomcat started on port 8080 (http) with context path '/'
2025-02-25 18:32:24 - Started RoadmakerApplication in 2.838 seconds (process running for 3.071)
2025-02-25 18:33:05 - Initializing Spring DispatcherServlet 'dispatcherServlet'
2025-02-25 18:33:05 - Initializing Servlet 'dispatcherServlet'
2025-02-25 18:33:05 - Completed initialization in 1 ms
2025-02-25 18:33:05 - JwtRequestFilter 호출
2025-02-25 18:33:05 - JwtRequestFilter 호출
2025-02-25 18:33:05 - Authorization NULL 또는 Bearer 토큰이 아닙니다.
2025-02-25 18:33:05 - Authorization NULL 또는 Bearer 토큰이 아닙니다.
2025-02-25 18:33:05 - HikariPool-1 - Starting...
2025-02-25 18:33:10 - HikariPool-1 - Added connection com.mysql.cj.jdbc.ConnectionImpl@3b8efbc9
2025-02-25 18:33:10 - HikariPool-1 - Start completed.
2025-02-25 18:39:11 - Starting RoadmakerApplication using Java 17.0.12 with PID 29236 (D:\ROADMAKER\backend\build\classes\java\main started by ict-07 in D:\ROADMAKER\backend)
2025-02-25 18:39:11 - No active profile set, falling back to 1 default profile: "default"
2025-02-25 18:39:11 - Devtools property defaults active! Set 'spring.devtools.add-properties' to 'false' to disable
2025-02-25 18:39:11 - For additional web related logging consider setting the 'logging.level.web' property to 'DEBUG'
2025-02-25 18:39:12 - Tomcat initialized with port 8080 (http)
2025-02-25 18:39:12 - Initializing ProtocolHandler ["http-nio-8080"]
2025-02-25 18:39:12 - Starting service [Tomcat]
2025-02-25 18:39:12 - Starting Servlet engine: [Apache Tomcat/10.1.34]
2025-02-25 18:39:12 - Initializing Spring embedded WebApplicationContext
2025-02-25 18:39:12 - Root WebApplicationContext: initialization completed in 1054 ms
2025-02-25 18:39:12 - SecurityConfig 호출 : 
2025-02-25 18:39:12 - SecurityFilterChain 호출 

2025-02-25 18:39:13 - LiveReload server is running on port 35729
2025-02-25 18:39:13 - Starting ProtocolHandler ["http-nio-8080"]
2025-02-25 18:39:13 - Tomcat started on port 8080 (http) with context path '/'
2025-02-25 18:39:13 - Started RoadmakerApplication in 2.828 seconds (process running for 3.06)
2025-02-25 18:48:47 - Initializing Spring DispatcherServlet 'dispatcherServlet'
2025-02-25 18:48:47 - Initializing Servlet 'dispatcherServlet'
2025-02-25 18:48:47 - Completed initialization in 1 ms
2025-02-25 18:48:47 - JwtRequestFilter 호출
2025-02-25 18:48:47 - Authorization NULL 또는 Bearer 토큰이 아닙니다.
2025-02-25 18:48:47 - HikariPool-1 - Starting...
2025-02-25 18:48:52 - HikariPool-1 - Added connection com.mysql.cj.jdbc.ConnectionImpl@2329a76
2025-02-25 18:48:52 - HikariPool-1 - Start completed.
2025-02-25 18:48:52 - JwtRequestFilter 호출
2025-02-25 18:48:52 - Authorization NULL 또는 Bearer 토큰이 아닙니다.
2025-02-25 18:48:59 - JwtRequestFilter 호출
2025-02-25 18:48:59 - Authorization NULL 또는 Bearer 토큰이 아닙니다.
2025-02-25 18:48:59 - AdminDTO(searchWord=null, selectedDestinations=null, keyuid=null, keymid=null, keyctg1=지역, keyctg2=RIr, keyword=, afterValue=랄라, changed=keyctg2, destiid=null, desticrawlid=null, destiname=null, destidesc=null, destiaddress=null, destiholid=null, destiopenhr=null, destiparkavail=null, desticontact=null, destiregdate=null, destiappear=null, imgsname1=null, imgsname2=null, imgsname3=null, imgsname4=null, imgfname1=null, imgfname2=null, imgfname3=null, imgfname4=null, destilongit=null, destilatit=null)
2025-02-25 18:48:59 - JwtRequestFilter 호출
2025-02-25 18:48:59 - Authorization NULL 또는 Bearer 토큰이 아닙니다.
2025-02-26 16:22:15 - Starting RoadmakerApplication using Java 17.0.12 with PID 16056 (D:\ROADMAKER\backend\build\classes\java\main started by ict-07 in D:\ROADMAKER\backend)
2025-02-26 16:22:15 - No active profile set, falling back to 1 default profile: "default"
2025-02-26 16:22:15 - Devtools property defaults active! Set 'spring.devtools.add-properties' to 'false' to disable
2025-02-26 16:22:15 - For additional web related logging consider setting the 'logging.level.web' property to 'DEBUG'
2025-02-26 16:22:18 - Tomcat initialized with port 8080 (http)
2025-02-26 16:22:18 - Initializing ProtocolHandler ["http-nio-8080"]
2025-02-26 16:22:18 - Starting service [Tomcat]
2025-02-26 16:22:18 - Starting Servlet engine: [Apache Tomcat/10.1.34]
2025-02-26 16:22:18 - Initializing Spring embedded WebApplicationContext
2025-02-26 16:22:18 - Root WebApplicationContext: initialization completed in 3383 ms
2025-02-26 16:22:18 - SecurityConfig 호출 : 
2025-02-26 16:22:19 - SecurityFilterChain 호출 

2025-02-26 16:22:20 - LiveReload server is running on port 35729
2025-02-26 16:22:20 - Starting ProtocolHandler ["http-nio-8080"]
2025-02-26 16:22:20 - Tomcat started on port 8080 (http) with context path '/'
2025-02-26 16:22:20 - Started RoadmakerApplication in 6.246 seconds (process running for 6.871)
2025-02-26 16:24:05 - Starting RoadmakerApplication using Java 17.0.12 with PID 26076 (D:\ROADMAKER\backend\build\classes\java\main started by ict-07 in D:\ROADMAKER\backend)
2025-02-26 16:24:05 - No active profile set, falling back to 1 default profile: "default"
2025-02-26 16:24:05 - Devtools property defaults active! Set 'spring.devtools.add-properties' to 'false' to disable
2025-02-26 16:24:05 - For additional web related logging consider setting the 'logging.level.web' property to 'DEBUG'
2025-02-26 16:24:07 - Tomcat initialized with port 8080 (http)
2025-02-26 16:24:07 - Initializing ProtocolHandler ["http-nio-8080"]
2025-02-26 16:24:07 - Starting service [Tomcat]
2025-02-26 16:24:07 - Starting Servlet engine: [Apache Tomcat/10.1.34]
2025-02-26 16:24:07 - Initializing Spring embedded WebApplicationContext
2025-02-26 16:24:07 - Root WebApplicationContext: initialization completed in 1304 ms
2025-02-26 16:24:07 - SecurityConfig 호출 : 
2025-02-26 16:24:08 - SecurityFilterChain 호출 

2025-02-26 16:24:08 - LiveReload server is running on port 35729
2025-02-26 16:24:08 - Starting ProtocolHandler ["http-nio-8080"]
2025-02-26 16:24:08 - Tomcat started on port 8080 (http) with context path '/'
2025-02-26 16:24:08 - Started RoadmakerApplication in 3.472 seconds (process running for 3.859)
2025-02-26 18:35:59 - Commencing graceful shutdown. Waiting for active requests to complete
2025-02-26 18:35:59 - Graceful shutdown complete
2025-02-26 23:52:57 - Starting RoadmakerApplication using Java 17.0.12 with PID 23384 (D:\RoadMaker\back\build\classes\java\main started by hjs93 in D:\RoadMaker\back)
2025-02-26 23:52:57 - No active profile set, falling back to 1 default profile: "default"
2025-02-26 23:52:57 - Devtools property defaults active! Set 'spring.devtools.add-properties' to 'false' to disable
2025-02-26 23:52:57 - For additional web related logging consider setting the 'logging.level.web' property to 'DEBUG'
2025-02-26 23:52:59 - Tomcat initialized with port 8080 (http)
2025-02-26 23:52:59 - Initializing ProtocolHandler ["http-nio-8080"]
2025-02-26 23:52:59 - Starting service [Tomcat]
2025-02-26 23:52:59 - Starting Servlet engine: [Apache Tomcat/10.1.34]
2025-02-26 23:52:59 - Initializing Spring embedded WebApplicationContext
2025-02-26 23:52:59 - Root WebApplicationContext: initialization completed in 1817 ms
2025-02-26 23:52:59 - SecurityConfig 호출 : 
2025-02-26 23:53:00 - SecurityFilterChain 호출 

2025-02-26 23:53:01 - LiveReload server is running on port 35729
2025-02-26 23:53:01 - Starting ProtocolHandler ["http-nio-8080"]
2025-02-26 23:53:01 - Tomcat started on port 8080 (http) with context path '/'
2025-02-26 23:53:01 - Started RoadmakerApplication in 4.586 seconds (process running for 5.229)
2025-02-27 00:19:01 - Starting RoadmakerApplication using Java 17.0.12 with PID 4352 (D:\RoadMaker\back\build\classes\java\main started by hjs93 in D:\RoadMaker\back)
2025-02-27 00:19:01 - No active profile set, falling back to 1 default profile: "default"
2025-02-27 00:19:01 - Devtools property defaults active! Set 'spring.devtools.add-properties' to 'false' to disable
2025-02-27 00:19:01 - For additional web related logging consider setting the 'logging.level.web' property to 'DEBUG'
2025-02-27 00:19:02 - Bootstrapping Spring Data Elasticsearch repositories in DEFAULT mode.
2025-02-27 00:19:02 - Finished Spring Data repository scanning in 15 ms. Found 0 Elasticsearch repository interfaces.
2025-02-27 00:19:03 - Tomcat initialized with port 8080 (http)
2025-02-27 00:19:03 - Initializing ProtocolHandler ["http-nio-8080"]
2025-02-27 00:19:03 - Starting service [Tomcat]
2025-02-27 00:19:03 - Starting Servlet engine: [Apache Tomcat/10.1.34]
2025-02-27 00:19:03 - Initializing Spring embedded WebApplicationContext
2025-02-27 00:19:03 - Root WebApplicationContext: initialization completed in 1155 ms
2025-02-27 00:19:03 - SecurityConfig 호출 : 
2025-02-27 00:19:03 - Exception encountered during context initialization - cancelling refresh attempt: org.springframework.beans.factory.UnsatisfiedDependencyException: Error creating bean with name 'elasticsearchController' defined in file [D:\RoadMaker\back\build\classes\java\main\com\roadmaker\f_hwangjinsang\controller\elasticsearch\ElasticsearchController.class]: Unsatisfied dependency expressed through constructor parameter 0: No qualifying bean of type 'org.springframework.data.elasticsearch.client.erhlc.RestClients$ElasticsearchRestClient' available: expected at least 1 bean which qualifies as autowire candidate. Dependency annotations: {}
2025-02-27 00:19:03 - Stopping service [Tomcat]
2025-02-27 00:19:03 - 

Error starting ApplicationContext. To display the condition evaluation report re-run your application with 'debug' enabled.
2025-02-27 00:19:03 - 

***************************
APPLICATION FAILED TO START
***************************

Description:

Parameter 0 of constructor in com.roadmaker.f_hwangjinsang.controller.elasticsearch.ElasticsearchController required a bean of type 'org.springframework.data.elasticsearch.client.erhlc.RestClients$ElasticsearchRestClient' that could not be found.


Action:

Consider defining a bean of type 'org.springframework.data.elasticsearch.client.erhlc.RestClients$ElasticsearchRestClient' in your configuration.

2025-02-27 00:19:18 - Starting RoadmakerApplication using Java 17.0.12 with PID 2336 (D:\RoadMaker\back\build\classes\java\main started by hjs93 in d:\RoadMaker\back)
2025-02-27 00:19:18 - No active profile set, falling back to 1 default profile: "default"
2025-02-27 00:19:18 - Devtools property defaults active! Set 'spring.devtools.add-properties' to 'false' to disable
2025-02-27 00:19:18 - For additional web related logging consider setting the 'logging.level.web' property to 'DEBUG'
2025-02-27 00:19:19 - Bootstrapping Spring Data Elasticsearch repositories in DEFAULT mode.
2025-02-27 00:19:19 - Finished Spring Data repository scanning in 12 ms. Found 0 Elasticsearch repository interfaces.
2025-02-27 00:19:19 - Tomcat initialized with port 8080 (http)
2025-02-27 00:19:19 - Initializing ProtocolHandler ["http-nio-8080"]
2025-02-27 00:19:19 - Starting service [Tomcat]
2025-02-27 00:19:19 - Starting Servlet engine: [Apache Tomcat/10.1.34]
2025-02-27 00:19:19 - Initializing Spring embedded WebApplicationContext
2025-02-27 00:19:19 - Root WebApplicationContext: initialization completed in 1175 ms
2025-02-27 00:19:19 - SecurityConfig 호출 : 
2025-02-27 00:19:20 - SecurityFilterChain 호출 

2025-02-27 00:19:21 - LiveReload server is running on port 35729
2025-02-27 00:19:21 - Starting ProtocolHandler ["http-nio-8080"]
2025-02-27 00:19:21 - Tomcat started on port 8080 (http) with context path '/'
2025-02-27 00:19:21 - Started RoadmakerApplication in 3.702 seconds (process running for 4.331)
2025-02-27 00:19:31 - Initializing Spring DispatcherServlet 'dispatcherServlet'
2025-02-27 00:19:31 - Initializing Servlet 'dispatcherServlet'
2025-02-27 00:19:31 - Completed initialization in 0 ms
2025-02-27 00:19:31 - JwtRequestFilter 호출
2025-02-27 00:19:31 - Authorization NULL 또는 Bearer 토큰이 아닙니다.
2025-02-27 00:19:31 - JwtRequestFilter 호출
2025-02-27 00:19:31 - Authorization NULL 또는 Bearer 토큰이 아닙니다.
2025-02-27 00:20:26 - JwtRequestFilter 호출
2025-02-27 00:20:26 - JwtRequestFilter 호출
2025-02-27 00:20:26 - Authorization NULL 또는 Bearer 토큰이 아닙니다.
2025-02-27 00:20:26 - Authorization NULL 또는 Bearer 토큰이 아닙니다.
2025-02-27 00:22:49 - JwtRequestFilter 호출
2025-02-27 00:22:49 - Authorization NULL 또는 Bearer 토큰이 아닙니다.
2025-02-27 00:22:58 - JwtRequestFilter 호출
2025-02-27 00:22:58 - Authorization NULL 또는 Bearer 토큰이 아닙니다.
2025-02-27 00:23:00 - JwtRequestFilter 호출
2025-02-27 00:23:00 - Authorization NULL 또는 Bearer 토큰이 아닙니다.
2025-02-27 00:23:00 - JwtRequestFilter 호출
2025-02-27 00:23:00 - Authorization NULL 또는 Bearer 토큰이 아닙니다.
2025-02-27 00:24:09 - Starting RoadmakerApplication using Java 17.0.12 with PID 23828 (D:\RoadMaker\back\build\classes\java\main started by hjs93 in D:\RoadMaker\back)
2025-02-27 00:24:09 - No active profile set, falling back to 1 default profile: "default"
2025-02-27 00:24:09 - Devtools property defaults active! Set 'spring.devtools.add-properties' to 'false' to disable
2025-02-27 00:24:09 - For additional web related logging consider setting the 'logging.level.web' property to 'DEBUG'
2025-02-27 00:24:10 - Bootstrapping Spring Data Elasticsearch repositories in DEFAULT mode.
2025-02-27 00:24:10 - Finished Spring Data repository scanning in 14 ms. Found 0 Elasticsearch repository interfaces.
2025-02-27 00:24:10 - Tomcat initialized with port 8080 (http)
2025-02-27 00:24:10 - Initializing ProtocolHandler ["http-nio-8080"]
2025-02-27 00:24:10 - Starting service [Tomcat]
2025-02-27 00:24:10 - Starting Servlet engine: [Apache Tomcat/10.1.34]
2025-02-27 00:24:10 - Initializing Spring embedded WebApplicationContext
2025-02-27 00:24:10 - Root WebApplicationContext: initialization completed in 1426 ms
2025-02-27 00:24:11 - SecurityConfig 호출 : 
2025-02-27 00:24:11 - SecurityFilterChain 호출 

2025-02-27 00:24:12 - LiveReload server is running on port 35729
2025-02-27 00:24:12 - Starting ProtocolHandler ["http-nio-8080"]
2025-02-27 00:24:12 - Tomcat started on port 8080 (http) with context path '/'
2025-02-27 00:24:12 - Started RoadmakerApplication in 4.142 seconds (process running for 4.559)
2025-02-27 00:24:14 - Initializing Spring DispatcherServlet 'dispatcherServlet'
2025-02-27 00:24:14 - Initializing Servlet 'dispatcherServlet'
2025-02-27 00:24:14 - Completed initialization in 1 ms
2025-02-27 00:24:14 - JwtRequestFilter 호출
2025-02-27 00:24:14 - JwtRequestFilter 호출
2025-02-27 00:24:14 - Authorization NULL 또는 Bearer 토큰이 아닙니다.
2025-02-27 00:24:14 - Authorization NULL 또는 Bearer 토큰이 아닙니다.
2025-02-27 00:24:19 - JwtRequestFilter 호출
2025-02-27 00:24:19 - JwtRequestFilter 호출
2025-02-27 00:24:19 - Authorization NULL 또는 Bearer 토큰이 아닙니다.
2025-02-27 00:24:19 - Authorization NULL 또는 Bearer 토큰이 아닙니다.
2025-02-27 00:24:37 - Starting RoadmakerApplication using Java 17.0.12 with PID 26500 (D:\RoadMaker\back\build\classes\java\main started by hjs93 in D:\RoadMaker\back)
2025-02-27 00:24:37 - No active profile set, falling back to 1 default profile: "default"
2025-02-27 00:24:37 - Devtools property defaults active! Set 'spring.devtools.add-properties' to 'false' to disable
2025-02-27 00:24:37 - For additional web related logging consider setting the 'logging.level.web' property to 'DEBUG'
2025-02-27 00:24:37 - Bootstrapping Spring Data Elasticsearch repositories in DEFAULT mode.
2025-02-27 00:24:37 - Finished Spring Data repository scanning in 12 ms. Found 0 Elasticsearch repository interfaces.
2025-02-27 00:24:38 - Tomcat initialized with port 8080 (http)
2025-02-27 00:24:38 - Initializing ProtocolHandler ["http-nio-8080"]
2025-02-27 00:24:38 - Starting service [Tomcat]
2025-02-27 00:24:38 - Starting Servlet engine: [Apache Tomcat/10.1.34]
2025-02-27 00:24:38 - Initializing Spring embedded WebApplicationContext
2025-02-27 00:24:38 - Root WebApplicationContext: initialization completed in 1297 ms
2025-02-27 00:24:38 - SecurityConfig 호출 : 
2025-02-27 00:24:39 - SecurityFilterChain 호출 

2025-02-27 00:24:40 - LiveReload server is running on port 35729
2025-02-27 00:24:40 - Starting ProtocolHandler ["http-nio-8080"]
2025-02-27 00:24:40 - Tomcat started on port 8080 (http) with context path '/'
2025-02-27 00:24:40 - Started RoadmakerApplication in 3.901 seconds (process running for 4.303)
2025-02-27 00:24:48 - Starting RoadmakerApplication using Java 17.0.12 with PID 25596 (D:\RoadMaker\back\build\classes\java\main started by hjs93 in D:\RoadMaker\back)
2025-02-27 00:24:48 - No active profile set, falling back to 1 default profile: "default"
2025-02-27 00:24:48 - Devtools property defaults active! Set 'spring.devtools.add-properties' to 'false' to disable
2025-02-27 00:24:48 - For additional web related logging consider setting the 'logging.level.web' property to 'DEBUG'
2025-02-27 00:24:49 - Bootstrapping Spring Data Elasticsearch repositories in DEFAULT mode.
2025-02-27 00:24:49 - Finished Spring Data repository scanning in 13 ms. Found 0 Elasticsearch repository interfaces.
2025-02-27 00:24:49 - Tomcat initialized with port 8080 (http)
2025-02-27 00:24:49 - Initializing ProtocolHandler ["http-nio-8080"]
2025-02-27 00:24:49 - Starting service [Tomcat]
2025-02-27 00:24:49 - Starting Servlet engine: [Apache Tomcat/10.1.34]
2025-02-27 00:24:50 - Initializing Spring embedded WebApplicationContext
2025-02-27 00:24:50 - Root WebApplicationContext: initialization completed in 1479 ms
2025-02-27 00:24:50 - SecurityConfig 호출 : 
2025-02-27 00:24:50 - SecurityFilterChain 호출 

2025-02-27 00:24:51 - LiveReload server is running on port 35729
2025-02-27 00:24:52 - Starting ProtocolHandler ["http-nio-8080"]
2025-02-27 00:24:52 - Tomcat started on port 8080 (http) with context path '/'
2025-02-27 00:24:52 - Started RoadmakerApplication in 4.108 seconds (process running for 4.505)
2025-02-27 00:24:53 - Initializing Spring DispatcherServlet 'dispatcherServlet'
2025-02-27 00:24:53 - Initializing Servlet 'dispatcherServlet'
2025-02-27 00:24:53 - Completed initialization in 0 ms
2025-02-27 00:24:53 - JwtRequestFilter 호출
2025-02-27 00:24:53 - JwtRequestFilter 호출
2025-02-27 00:24:53 - Authorization NULL 또는 Bearer 토큰이 아닙니다.
2025-02-27 00:24:53 - Authorization NULL 또는 Bearer 토큰이 아닙니다.
2025-02-27 00:24:56 - JwtRequestFilter 호출
2025-02-27 00:24:56 - JwtRequestFilter 호출
2025-02-27 00:24:56 - Authorization NULL 또는 Bearer 토큰이 아닙니다.
2025-02-27 00:24:56 - Authorization NULL 또는 Bearer 토큰이 아닙니다.
2025-02-27 00:24:58 - JwtRequestFilter 호출
2025-02-27 00:24:58 - Authorization NULL 또는 Bearer 토큰이 아닙니다.
2025-02-27 00:24:58 - JwtRequestFilter 호출
2025-02-27 00:24:58 - Authorization NULL 또는 Bearer 토큰이 아닙니다.
2025-02-27 00:25:24 - Starting RoadmakerApplication using Java 17.0.12 with PID 26748 (D:\RoadMaker\back\build\classes\java\main started by hjs93 in d:\RoadMaker\back)
2025-02-27 00:25:24 - No active profile set, falling back to 1 default profile: "default"
2025-02-27 00:25:24 - Devtools property defaults active! Set 'spring.devtools.add-properties' to 'false' to disable
2025-02-27 00:25:24 - For additional web related logging consider setting the 'logging.level.web' property to 'DEBUG'
2025-02-27 00:25:24 - Bootstrapping Spring Data Elasticsearch repositories in DEFAULT mode.
2025-02-27 00:25:24 - Finished Spring Data repository scanning in 14 ms. Found 0 Elasticsearch repository interfaces.
2025-02-27 00:25:25 - Tomcat initialized with port 8080 (http)
2025-02-27 00:25:25 - Initializing ProtocolHandler ["http-nio-8080"]
2025-02-27 00:25:25 - Starting service [Tomcat]
2025-02-27 00:25:25 - Starting Servlet engine: [Apache Tomcat/10.1.34]
2025-02-27 00:25:25 - Initializing Spring embedded WebApplicationContext
2025-02-27 00:25:25 - Root WebApplicationContext: initialization completed in 1193 ms
2025-02-27 00:25:25 - SecurityConfig 호출 : 
2025-02-27 00:25:26 - SecurityFilterChain 호출 

2025-02-27 00:25:27 - LiveReload server is running on port 35729
2025-02-27 00:25:27 - Starting ProtocolHandler ["http-nio-8080"]
2025-02-27 00:25:27 - Tomcat started on port 8080 (http) with context path '/'
2025-02-27 00:25:27 - Started RoadmakerApplication in 3.873 seconds (process running for 4.615)
2025-02-27 00:25:36 - Initializing Spring DispatcherServlet 'dispatcherServlet'
2025-02-27 00:25:36 - Initializing Servlet 'dispatcherServlet'
2025-02-27 00:25:36 - Completed initialization in 1 ms
2025-02-27 00:25:36 - JwtRequestFilter 호출
2025-02-27 00:25:36 - JwtRequestFilter 호출
2025-02-27 00:25:36 - Authorization NULL 또는 Bearer 토큰이 아닙니다.
2025-02-27 00:25:36 - Authorization NULL 또는 Bearer 토큰이 아닙니다.
2025-02-27 00:25:55 - JwtRequestFilter 호출
2025-02-27 00:25:55 - Authorization NULL 또는 Bearer 토큰이 아닙니다.
2025-02-27 00:25:55 - JwtRequestFilter 호출
2025-02-27 00:25:55 - Authorization NULL 또는 Bearer 토큰이 아닙니다.
2025-02-27 00:25:58 - JwtRequestFilter 호출
2025-02-27 00:25:58 - JwtRequestFilter 호출
2025-02-27 00:25:58 - Authorization NULL 또는 Bearer 토큰이 아닙니다.
2025-02-27 00:25:58 - Authorization NULL 또는 Bearer 토큰이 아닙니다.
2025-02-27 00:30:16 - JwtRequestFilter 호출
2025-02-27 00:30:16 - Authorization NULL 또는 Bearer 토큰이 아닙니다.
2025-02-27 00:30:17 - JwtRequestFilter 호출
2025-02-27 00:30:17 - Authorization NULL 또는 Bearer 토큰이 아닙니다.
2025-02-27 00:30:45 - Starting RoadmakerApplication using Java 17.0.12 with PID 10120 (D:\RoadMaker\back\build\classes\java\main started by hjs93 in D:\RoadMaker\back)
2025-02-27 00:30:45 - No active profile set, falling back to 1 default profile: "default"
2025-02-27 00:30:45 - Devtools property defaults active! Set 'spring.devtools.add-properties' to 'false' to disable
2025-02-27 00:30:45 - For additional web related logging consider setting the 'logging.level.web' property to 'DEBUG'
2025-02-27 00:30:46 - Bootstrapping Spring Data Elasticsearch repositories in DEFAULT mode.
2025-02-27 00:30:46 - Finished Spring Data repository scanning in 16 ms. Found 0 Elasticsearch repository interfaces.
2025-02-27 00:30:46 - Tomcat initialized with port 8080 (http)
2025-02-27 00:30:46 - Initializing ProtocolHandler ["http-nio-8080"]
2025-02-27 00:30:46 - Starting service [Tomcat]
2025-02-27 00:30:46 - Starting Servlet engine: [Apache Tomcat/10.1.34]
2025-02-27 00:30:46 - Initializing Spring embedded WebApplicationContext
2025-02-27 00:30:46 - Root WebApplicationContext: initialization completed in 1311 ms
2025-02-27 00:30:47 - SecurityConfig 호출 : 
2025-02-27 00:30:47 - SecurityFilterChain 호출 

2025-02-27 00:30:48 - LiveReload server is running on port 35729
2025-02-27 00:30:48 - Starting ProtocolHandler ["http-nio-8080"]
2025-02-27 00:30:48 - Tomcat started on port 8080 (http) with context path '/'
2025-02-27 00:30:48 - Started RoadmakerApplication in 3.876 seconds (process running for 4.287)
2025-02-27 00:31:42 - Initializing Spring DispatcherServlet 'dispatcherServlet'
2025-02-27 00:31:42 - Initializing Servlet 'dispatcherServlet'
2025-02-27 00:31:42 - Completed initialization in 1 ms
2025-02-27 00:31:42 - JwtRequestFilter 호출
2025-02-27 00:31:42 - JwtRequestFilter 호출
2025-02-27 00:31:42 - Authorization NULL 또는 Bearer 토큰이 아닙니다.
2025-02-27 00:31:42 - Authorization NULL 또는 Bearer 토큰이 아닙니다.
2025-02-27 00:31:42 - HikariPool-1 - Starting...
2025-02-27 00:31:42 - HikariPool-1 - Added connection com.mysql.cj.jdbc.ConnectionImpl@484e14a5
2025-02-27 00:31:42 - HikariPool-1 - Start completed.
2025-02-27 00:32:07 - JwtRequestFilter 호출
2025-02-27 00:32:07 - Authorization NULL 또는 Bearer 토큰이 아닙니다.
2025-02-27 00:32:13 - JwtRequestFilter 호출
2025-02-27 00:32:13 - Authorization NULL 또는 Bearer 토큰이 아닙니다.
2025-02-27 00:32:13 - JwtRequestFilter 호출
2025-02-27 00:32:13 - Authorization NULL 또는 Bearer 토큰이 아닙니다.
2025-02-27 00:32:22 - JwtRequestFilter 호출
2025-02-27 00:32:22 - Authorization NULL 또는 Bearer 토큰이 아닙니다.
2025-02-27 00:33:04 - JwtRequestFilter 호출
2025-02-27 00:33:04 - Authorization NULL 또는 Bearer 토큰이 아닙니다.
2025-02-27 00:33:09 - JwtRequestFilter 호출
2025-02-27 00:33:09 - Authorization NULL 또는 Bearer 토큰이 아닙니다.
2025-02-27 00:33:09 - JwtRequestFilter 호출
2025-02-27 00:33:09 - Authorization NULL 또는 Bearer 토큰이 아닙니다.
2025-02-27 00:34:21 - Starting RoadmakerApplication using Java 17.0.12 with PID 28080 (D:\RoadMaker\back\build\classes\java\main started by hjs93 in D:\RoadMaker\back)
2025-02-27 00:34:21 - No active profile set, falling back to 1 default profile: "default"
2025-02-27 00:34:21 - Devtools property defaults active! Set 'spring.devtools.add-properties' to 'false' to disable
2025-02-27 00:34:21 - For additional web related logging consider setting the 'logging.level.web' property to 'DEBUG'
2025-02-27 00:34:21 - Bootstrapping Spring Data Elasticsearch repositories in DEFAULT mode.
2025-02-27 00:34:22 - Finished Spring Data repository scanning in 17 ms. Found 0 Elasticsearch repository interfaces.
2025-02-27 00:34:22 - Tomcat initialized with port 8080 (http)
2025-02-27 00:34:22 - Initializing ProtocolHandler ["http-nio-8080"]
2025-02-27 00:34:22 - Starting service [Tomcat]
2025-02-27 00:34:22 - Starting Servlet engine: [Apache Tomcat/10.1.34]
2025-02-27 00:34:22 - Initializing Spring embedded WebApplicationContext
2025-02-27 00:34:22 - Root WebApplicationContext: initialization completed in 1433 ms
2025-02-27 00:34:22 - SecurityConfig 호출 : 
2025-02-27 00:34:23 - SecurityFilterChain 호출 

2025-02-27 00:34:24 - LiveReload server is running on port 35729
2025-02-27 00:34:24 - Starting ProtocolHandler ["http-nio-8080"]
2025-02-27 00:34:24 - Tomcat started on port 8080 (http) with context path '/'
2025-02-27 00:34:24 - Started RoadmakerApplication in 3.951 seconds (process running for 4.296)
2025-02-27 00:34:25 - Initializing Spring DispatcherServlet 'dispatcherServlet'
2025-02-27 00:34:25 - Initializing Servlet 'dispatcherServlet'
2025-02-27 00:34:25 - Completed initialization in 1 ms
2025-02-27 00:34:25 - JwtRequestFilter 호출
2025-02-27 00:34:25 - JwtRequestFilter 호출
2025-02-27 00:34:25 - Authorization NULL 또는 Bearer 토큰이 아닙니다.
2025-02-27 00:34:25 - Authorization NULL 또는 Bearer 토큰이 아닙니다.
2025-02-27 00:34:25 - HikariPool-1 - Starting...
2025-02-27 00:34:26 - HikariPool-1 - Added connection com.mysql.cj.jdbc.ConnectionImpl@2dce653c
2025-02-27 00:34:26 - HikariPool-1 - Start completed.
2025-02-27 00:34:30 - JwtRequestFilter 호출
2025-02-27 00:34:30 - Authorization NULL 또는 Bearer 토큰이 아닙니다.
2025-02-27 00:34:30 - AdminDTO(searchWord=null, selectedDestinations=null, keyuid=null, keymid=null, keyctg1=지역, keyctg2=냥, keyword=, afterValue=null, changed=null, destiid=null, desticrawlid=null, destiname=null, destidesc=null, destiaddress=null, destiholid=null, destiopenhr=null, destiparkavail=null, desticontact=null, destiregdate=null, destiappear=null, imgsname1=null, imgsname2=null, imgsname3=null, imgsname4=null, imgfname1=null, imgfname2=null, imgfname3=null, imgfname4=null, destilongit=null, destilatit=null)
2025-02-27 00:34:30 - JwtRequestFilter 호출
2025-02-27 00:34:30 - Authorization NULL 또는 Bearer 토큰이 아닙니다.
2025-02-27 00:34:58 - JwtRequestFilter 호출
2025-02-27 00:34:58 - JwtRequestFilter 호출
2025-02-27 00:34:58 - Authorization NULL 또는 Bearer 토큰이 아닙니다.
2025-02-27 00:34:58 - Authorization NULL 또는 Bearer 토큰이 아닙니다.
2025-02-27 00:35:58 - JwtRequestFilter 호출
2025-02-27 00:35:58 - Authorization NULL 또는 Bearer 토큰이 아닙니다.
2025-02-27 00:35:58 - AdminDTO(searchWord=null, selectedDestinations=null, keyuid=null, keymid=null, keyctg1=지역, keyctg2=제주, keyword=냥, afterValue=null, changed=null, destiid=null, desticrawlid=null, destiname=null, destidesc=null, destiaddress=null, destiholid=null, destiopenhr=null, destiparkavail=null, desticontact=null, destiregdate=null, destiappear=null, imgsname1=null, imgsname2=null, imgsname3=null, imgsname4=null, imgfname1=null, imgfname2=null, imgfname3=null, imgfname4=null, destilongit=null, destilatit=null)
2025-02-27 00:35:58 - JwtRequestFilter 호출
2025-02-27 00:35:58 - Authorization NULL 또는 Bearer 토큰이 아닙니다.
2025-02-27 00:37:01 - JwtRequestFilter 호출
2025-02-27 00:37:01 - Authorization NULL 또는 Bearer 토큰이 아닙니다.
2025-02-27 00:37:01 - AdminDTO(searchWord=null, selectedDestinations=null, keyuid=null, keymid=null, keyctg1=지역, keyctg2=제주, keyword=ㅎㅎ, afterValue=null, changed=null, destiid=null, desticrawlid=null, destiname=null, destidesc=null, destiaddress=null, destiholid=null, destiopenhr=null, destiparkavail=null, desticontact=null, destiregdate=null, destiappear=null, imgsname1=null, imgsname2=null, imgsname3=null, imgsname4=null, imgfname1=null, imgfname2=null, imgfname3=null, imgfname4=null, destilongit=null, destilatit=null)
2025-02-27 00:37:01 - JwtRequestFilter 호출
2025-02-27 00:37:01 - Authorization NULL 또는 Bearer 토큰이 아닙니다.
2025-02-27 00:37:09 - Starting RoadmakerApplication using Java 17.0.12 with PID 27868 (D:\RoadMaker\back\build\classes\java\main started by hjs93 in D:\RoadMaker\back)
2025-02-27 00:37:09 - No active profile set, falling back to 1 default profile: "default"
2025-02-27 00:37:09 - Devtools property defaults active! Set 'spring.devtools.add-properties' to 'false' to disable
2025-02-27 00:37:09 - For additional web related logging consider setting the 'logging.level.web' property to 'DEBUG'
2025-02-27 00:37:10 - Bootstrapping Spring Data Elasticsearch repositories in DEFAULT mode.
2025-02-27 00:37:10 - Finished Spring Data repository scanning in 16 ms. Found 0 Elasticsearch repository interfaces.
2025-02-27 00:37:11 - Tomcat initialized with port 8080 (http)
2025-02-27 00:37:11 - Initializing ProtocolHandler ["http-nio-8080"]
2025-02-27 00:37:11 - Starting service [Tomcat]
2025-02-27 00:37:11 - Starting Servlet engine: [Apache Tomcat/10.1.34]
2025-02-27 00:37:11 - Initializing Spring embedded WebApplicationContext
2025-02-27 00:37:11 - Root WebApplicationContext: initialization completed in 1478 ms
2025-02-27 00:37:11 - SecurityConfig 호출 : 
2025-02-27 00:37:12 - SecurityFilterChain 호출 

2025-02-27 00:37:13 - LiveReload server is running on port 35729
2025-02-27 00:37:13 - Starting ProtocolHandler ["http-nio-8080"]
2025-02-27 00:37:13 - Tomcat started on port 8080 (http) with context path '/'
2025-02-27 00:37:13 - Started RoadmakerApplication in 4.033 seconds (process running for 4.42)
2025-02-27 00:37:13 - Initializing Spring DispatcherServlet 'dispatcherServlet'
2025-02-27 00:37:13 - Initializing Servlet 'dispatcherServlet'
2025-02-27 00:37:13 - Completed initialization in 1 ms
2025-02-27 00:37:13 - JwtRequestFilter 호출
2025-02-27 00:37:13 - JwtRequestFilter 호출
2025-02-27 00:37:13 - Authorization NULL 또는 Bearer 토큰이 아닙니다.
2025-02-27 00:37:13 - Authorization NULL 또는 Bearer 토큰이 아닙니다.
2025-02-27 00:37:13 - AdminDTO(searchWord=null, selectedDestinations=null, keyuid=null, keymid=null, keyctg1=테마, keyctg2=테마키워드, keyword=ㅎㅇㅎㅇ, afterValue=null, changed=null, destiid=null, desticrawlid=null, destiname=null, destidesc=null, destiaddress=null, destiholid=null, destiopenhr=null, destiparkavail=null, desticontact=null, destiregdate=null, destiappear=null, imgsname1=null, imgsname2=null, imgsname3=null, imgsname4=null, imgfname1=null, imgfname2=null, imgfname3=null, imgfname4=null, destilongit=null, destilatit=null)
2025-02-27 00:37:13 - AdminDTO(searchWord=null, selectedDestinations=null, keyuid=null, keymid=null, keyctg1=테마, keyctg2=테마키워드, keyword=ㅎㅇㅎㅇ, afterValue=null, changed=null, destiid=null, desticrawlid=null, destiname=null, destidesc=null, destiaddress=null, destiholid=null, destiopenhr=null, destiparkavail=null, desticontact=null, destiregdate=null, destiappear=null, imgsname1=null, imgsname2=null, imgsname3=null, imgsname4=null, imgfname1=null, imgfname2=null, imgfname3=null, imgfname4=null, destilongit=null, destilatit=null)
2025-02-27 00:37:13 - HikariPool-1 - Starting...
2025-02-27 00:37:13 - HikariPool-1 - Added connection com.mysql.cj.jdbc.ConnectionImpl@433186f9
2025-02-27 00:37:13 - HikariPool-1 - Start completed.
2025-02-27 00:37:25 - JwtRequestFilter 호출
2025-02-27 00:37:25 - Authorization NULL 또는 Bearer 토큰이 아닙니다.
2025-02-27 00:37:25 - JwtRequestFilter 호출
2025-02-27 00:37:25 - Authorization NULL 또는 Bearer 토큰이 아닙니다.
2025-02-27 00:37:25 - Resolved [org.springframework.http.converter.HttpMessageNotReadableException: Required request body is missing: public com.roadmaker.a_common.dto.DataDTO com.roadmaker.f_hwangjinsang.controller.admin.KeywordController.getDestinationsForKeyword(com.roadmaker.f_hwangjinsang.dto.admin.AdminDTO)]
2025-02-27 00:37:25 - JwtRequestFilter 호출
2025-02-27 00:37:25 - JwtRequestFilter 호출
2025-02-27 00:37:25 - Authorization NULL 또는 Bearer 토큰이 아닙니다.
2025-02-27 00:37:25 - Authorization NULL 또는 Bearer 토큰이 아닙니다.
2025-02-27 00:37:25 - Resolved [org.springframework.http.converter.HttpMessageNotReadableException: Required request body is missing: public com.roadmaker.a_common.dto.DataDTO com.roadmaker.f_hwangjinsang.controller.admin.KeywordController.getDestinationsForKeyword(com.roadmaker.f_hwangjinsang.dto.admin.AdminDTO)]
2025-02-27 00:37:54 - Starting RoadmakerApplication using Java 17.0.12 with PID 29184 (D:\RoadMaker\back\build\classes\java\main started by hjs93 in D:\RoadMaker\back)
2025-02-27 00:37:54 - No active profile set, falling back to 1 default profile: "default"
2025-02-27 00:37:54 - Devtools property defaults active! Set 'spring.devtools.add-properties' to 'false' to disable
2025-02-27 00:37:54 - For additional web related logging consider setting the 'logging.level.web' property to 'DEBUG'
2025-02-27 00:37:55 - Bootstrapping Spring Data Elasticsearch repositories in DEFAULT mode.
2025-02-27 00:37:55 - Finished Spring Data repository scanning in 12 ms. Found 0 Elasticsearch repository interfaces.
2025-02-27 00:37:56 - Tomcat initialized with port 8080 (http)
2025-02-27 00:37:56 - Initializing ProtocolHandler ["http-nio-8080"]
2025-02-27 00:37:56 - Starting service [Tomcat]
2025-02-27 00:37:56 - Starting Servlet engine: [Apache Tomcat/10.1.34]
2025-02-27 00:37:56 - Initializing Spring embedded WebApplicationContext
2025-02-27 00:37:56 - Root WebApplicationContext: initialization completed in 1611 ms
2025-02-27 00:37:56 - SecurityConfig 호출 : 
2025-02-27 00:37:57 - SecurityFilterChain 호출 

2025-02-27 00:37:58 - LiveReload server is running on port 35729
2025-02-27 00:37:58 - Starting ProtocolHandler ["http-nio-8080"]
2025-02-27 00:37:58 - Tomcat started on port 8080 (http) with context path '/'
2025-02-27 00:37:58 - Started RoadmakerApplication in 4.403 seconds (process running for 4.761)
2025-02-27 00:38:00 - Initializing Spring DispatcherServlet 'dispatcherServlet'
2025-02-27 00:38:00 - Initializing Servlet 'dispatcherServlet'
2025-02-27 00:38:00 - Completed initialization in 1 ms
2025-02-27 00:38:00 - JwtRequestFilter 호출
2025-02-27 00:38:00 - JwtRequestFilter 호출
2025-02-27 00:38:00 - JwtRequestFilter 호출
2025-02-27 00:38:00 - Authorization NULL 또는 Bearer 토큰이 아닙니다.
2025-02-27 00:38:00 - Authorization NULL 또는 Bearer 토큰이 아닙니다.
2025-02-27 00:38:00 - JwtRequestFilter 호출
2025-02-27 00:38:00 - Authorization NULL 또는 Bearer 토큰이 아닙니다.
2025-02-27 00:38:00 - Authorization NULL 또는 Bearer 토큰이 아닙니다.
2025-02-27 00:38:00 - 서비스 진입
2025-02-27 00:38:00 - 서비스 진입
2025-02-27 00:38:00 - HikariPool-1 - Starting...
2025-02-27 00:38:00 - HikariPool-1 - Added connection com.mysql.cj.jdbc.ConnectionImpl@14cd91ad
2025-02-27 00:38:00 - HikariPool-1 - Start completed.
2025-02-27 00:38:02 - JwtRequestFilter 호출
2025-02-27 00:38:02 - JwtRequestFilter 호출
2025-02-27 00:38:02 - Authorization NULL 또는 Bearer 토큰이 아닙니다.
2025-02-27 00:38:02 - Authorization NULL 또는 Bearer 토큰이 아닙니다.
2025-02-27 00:38:08 - JwtRequestFilter 호출
2025-02-27 00:38:08 - Authorization NULL 또는 Bearer 토큰이 아닙니다.
2025-02-27 00:38:08 - JwtRequestFilter 호출
2025-02-27 00:38:08 - Authorization NULL 또는 Bearer 토큰이 아닙니다.
2025-02-27 00:38:13 - JwtRequestFilter 호출
2025-02-27 00:38:13 - Authorization NULL 또는 Bearer 토큰이 아닙니다.
2025-02-27 00:38:13 - JwtRequestFilter 호출
2025-02-27 00:38:13 - Authorization NULL 또는 Bearer 토큰이 아닙니다.
2025-02-27 00:38:21 - JwtRequestFilter 호출
2025-02-27 00:38:21 - Authorization NULL 또는 Bearer 토큰이 아닙니다.
2025-02-27 00:38:21 - JwtRequestFilter 호출
2025-02-27 00:38:21 - Authorization NULL 또는 Bearer 토큰이 아닙니다.
2025-02-27 00:38:26 - JwtRequestFilter 호출
2025-02-27 00:38:26 - Authorization NULL 또는 Bearer 토큰이 아닙니다.
2025-02-27 00:38:26 - JwtRequestFilter 호출
2025-02-27 00:38:26 - JwtRequestFilter 호출
2025-02-27 00:38:26 - Authorization NULL 또는 Bearer 토큰이 아닙니다.
2025-02-27 00:38:26 - JwtRequestFilter 호출
2025-02-27 00:38:26 - Authorization NULL 또는 Bearer 토큰이 아닙니다.
2025-02-27 00:38:26 - Authorization NULL 또는 Bearer 토큰이 아닙니다.
2025-02-27 00:38:26 - 서비스 진입
2025-02-27 00:38:26 - 서비스 진입
2025-02-27 00:38:27 - JwtRequestFilter 호출
2025-02-27 00:38:27 - JwtRequestFilter 호출
2025-02-27 00:38:27 - Authorization NULL 또는 Bearer 토큰이 아닙니다.
2025-02-27 00:38:27 - Authorization NULL 또는 Bearer 토큰이 아닙니다.
2025-02-27 00:38:36 - JwtRequestFilter 호출
2025-02-27 00:38:36 - Authorization NULL 또는 Bearer 토큰이 아닙니다.
2025-02-27 00:38:49 - JwtRequestFilter 호출
2025-02-27 00:38:49 - JwtRequestFilter 호출
2025-02-27 00:38:49 - Authorization NULL 또는 Bearer 토큰이 아닙니다.
2025-02-27 00:38:49 - Authorization NULL 또는 Bearer 토큰이 아닙니다.
2025-02-27 00:38:49 - JwtRequestFilter 호출
2025-02-27 00:38:49 - JwtRequestFilter 호출
2025-02-27 00:38:49 - Authorization NULL 또는 Bearer 토큰이 아닙니다.
2025-02-27 00:38:49 - Authorization NULL 또는 Bearer 토큰이 아닙니다.
2025-02-27 00:39:17 - JwtRequestFilter 호출
2025-02-27 00:39:17 - Authorization NULL 또는 Bearer 토큰이 아닙니다.
2025-02-27 00:39:17 - JwtRequestFilter 호출
2025-02-27 00:39:17 - JwtRequestFilter 호출
2025-02-27 00:39:17 - Authorization NULL 또는 Bearer 토큰이 아닙니다.
2025-02-27 00:39:17 - Authorization NULL 또는 Bearer 토큰이 아닙니다.
2025-02-27 00:39:17 - JwtRequestFilter 호출
2025-02-27 00:39:17 - Authorization NULL 또는 Bearer 토큰이 아닙니다.
2025-02-27 00:39:22 - Starting RoadmakerApplication using Java 17.0.12 with PID 29964 (D:\RoadMaker\back\build\classes\java\main started by hjs93 in D:\RoadMaker\back)
2025-02-27 00:39:22 - No active profile set, falling back to 1 default profile: "default"
2025-02-27 00:39:22 - Devtools property defaults active! Set 'spring.devtools.add-properties' to 'false' to disable
2025-02-27 00:39:22 - For additional web related logging consider setting the 'logging.level.web' property to 'DEBUG'
2025-02-27 00:39:23 - Bootstrapping Spring Data Elasticsearch repositories in DEFAULT mode.
2025-02-27 00:39:23 - Finished Spring Data repository scanning in 15 ms. Found 0 Elasticsearch repository interfaces.
2025-02-27 00:39:23 - Tomcat initialized with port 8080 (http)
2025-02-27 00:39:23 - Initializing ProtocolHandler ["http-nio-8080"]
2025-02-27 00:39:23 - Starting service [Tomcat]
2025-02-27 00:39:23 - Starting Servlet engine: [Apache Tomcat/10.1.34]
2025-02-27 00:39:23 - Initializing Spring embedded WebApplicationContext
2025-02-27 00:39:23 - Root WebApplicationContext: initialization completed in 1372 ms
2025-02-27 00:39:24 - SecurityConfig 호출 : 
2025-02-27 00:39:24 - SecurityFilterChain 호출 

2025-02-27 00:39:25 - LiveReload server is running on port 35729
2025-02-27 00:39:25 - Starting ProtocolHandler ["http-nio-8080"]
2025-02-27 00:39:25 - Tomcat started on port 8080 (http) with context path '/'
2025-02-27 00:39:25 - Started RoadmakerApplication in 3.968 seconds (process running for 4.308)
2025-02-27 00:39:27 - Initializing Spring DispatcherServlet 'dispatcherServlet'
2025-02-27 00:39:27 - Initializing Servlet 'dispatcherServlet'
2025-02-27 00:39:27 - Completed initialization in 0 ms
2025-02-27 00:39:27 - JwtRequestFilter 호출
2025-02-27 00:39:27 - JwtRequestFilter 호출
2025-02-27 00:39:27 - JwtRequestFilter 호출
2025-02-27 00:39:27 - JwtRequestFilter 호출
2025-02-27 00:39:27 - Authorization NULL 또는 Bearer 토큰이 아닙니다.
2025-02-27 00:39:27 - Authorization NULL 또는 Bearer 토큰이 아닙니다.
2025-02-27 00:39:27 - Authorization NULL 또는 Bearer 토큰이 아닙니다.
2025-02-27 00:39:27 - Authorization NULL 또는 Bearer 토큰이 아닙니다.
2025-02-27 00:39:27 - Resolved [org.springframework.http.converter.HttpMessageNotReadableException: Required request body is missing: public com.roadmaker.a_common.dto.DataDTO com.roadmaker.f_hwangjinsang.controller.admin.KeywordController.getDestinationsForKeyword(com.roadmaker.f_hwangjinsang.dto.admin.AdminDTO)]
2025-02-27 00:39:27 - Resolved [org.springframework.http.converter.HttpMessageNotReadableException: Required request body is missing: public com.roadmaker.a_common.dto.DataDTO com.roadmaker.f_hwangjinsang.controller.admin.KeywordController.getDestinationsForKeyword(com.roadmaker.f_hwangjinsang.dto.admin.AdminDTO)]
2025-02-27 00:40:30 - JwtRequestFilter 호출
2025-02-27 00:40:30 - Authorization NULL 또는 Bearer 토큰이 아닙니다.
2025-02-27 00:40:30 - HikariPool-1 - Starting...
2025-02-27 00:40:30 - HikariPool-1 - Added connection com.mysql.cj.jdbc.ConnectionImpl@2b5434f9
2025-02-27 00:40:30 - HikariPool-1 - Start completed.
2025-02-27 00:40:30 - JwtRequestFilter 호출
2025-02-27 00:40:30 - Authorization NULL 또는 Bearer 토큰이 아닙니다.
2025-02-27 00:40:35 - JwtRequestFilter 호출
2025-02-27 00:40:35 - Authorization NULL 또는 Bearer 토큰이 아닙니다.
2025-02-27 00:40:35 - Resolved [org.springframework.web.method.annotation.MethodArgumentTypeMismatchException: Method parameter 'id': Failed to convert value of type 'java.lang.String' to required type 'java.lang.Long'; For input string: "지역"]
2025-02-27 00:40:56 - JwtRequestFilter 호출
2025-02-27 00:40:56 - Authorization NULL 또는 Bearer 토큰이 아닙니다.
2025-02-27 00:40:56 - Resolved [org.springframework.web.HttpRequestMethodNotSupportedException: Request method 'POST' is not supported]
2025-02-27 00:41:01 - JwtRequestFilter 호출
2025-02-27 00:41:01 - Authorization NULL 또는 Bearer 토큰이 아닙니다.
2025-02-27 00:41:01 - Resolved [org.springframework.web.HttpRequestMethodNotSupportedException: Request method 'POST' is not supported]
2025-02-27 00:41:07 - Starting RoadmakerApplication using Java 17.0.12 with PID 29816 (D:\RoadMaker\back\build\classes\java\main started by hjs93 in D:\RoadMaker\back)
2025-02-27 00:41:07 - No active profile set, falling back to 1 default profile: "default"
2025-02-27 00:41:07 - Devtools property defaults active! Set 'spring.devtools.add-properties' to 'false' to disable
2025-02-27 00:41:07 - For additional web related logging consider setting the 'logging.level.web' property to 'DEBUG'
2025-02-27 00:41:08 - Bootstrapping Spring Data Elasticsearch repositories in DEFAULT mode.
2025-02-27 00:41:08 - Finished Spring Data repository scanning in 13 ms. Found 0 Elasticsearch repository interfaces.
2025-02-27 00:41:09 - Tomcat initialized with port 8080 (http)
2025-02-27 00:41:09 - Initializing ProtocolHandler ["http-nio-8080"]
2025-02-27 00:41:09 - Starting service [Tomcat]
2025-02-27 00:41:09 - Starting Servlet engine: [Apache Tomcat/10.1.34]
2025-02-27 00:41:09 - Initializing Spring embedded WebApplicationContext
2025-02-27 00:41:09 - Root WebApplicationContext: initialization completed in 1400 ms
2025-02-27 00:41:09 - SecurityConfig 호출 : 
2025-02-27 00:41:10 - SecurityFilterChain 호출 

2025-02-27 00:41:11 - LiveReload server is running on port 35729
2025-02-27 00:41:11 - Starting ProtocolHandler ["http-nio-8080"]
2025-02-27 00:41:11 - Tomcat started on port 8080 (http) with context path '/'
2025-02-27 00:41:11 - Started RoadmakerApplication in 3.871 seconds (process running for 4.29)
2025-02-27 00:41:11 - Initializing Spring DispatcherServlet 'dispatcherServlet'
2025-02-27 00:41:11 - Initializing Servlet 'dispatcherServlet'
2025-02-27 00:41:11 - Completed initialization in 0 ms
2025-02-27 00:41:11 - JwtRequestFilter 호출
2025-02-27 00:41:11 - Authorization NULL 또는 Bearer 토큰이 아닙니다.
2025-02-27 00:41:11 - AdminDTO(searchWord=null, selectedDestinations=null, keyuid=null, keymid=null, keyctg1=지역, keyctg2=서울, keyword=, afterValue=서울서, changed=keyctg2, destiid=null, desticrawlid=null, destiname=null, destidesc=null, destiaddress=null, destiholid=null, destiopenhr=null, destiparkavail=null, desticontact=null, destiregdate=null, destiappear=null, imgsname1=null, imgsname2=null, imgsname3=null, imgsname4=null, imgfname1=null, imgfname2=null, imgfname3=null, imgfname4=null, destilongit=null, destilatit=null)
2025-02-27 00:41:11 - HikariPool-1 - Starting...
2025-02-27 00:41:11 - HikariPool-1 - Added connection com.mysql.cj.jdbc.ConnectionImpl@46e5df46
2025-02-27 00:41:11 - HikariPool-1 - Start completed.
2025-02-27 00:41:11 - JwtRequestFilter 호출
2025-02-27 00:41:11 - Authorization NULL 또는 Bearer 토큰이 아닙니다.
2025-02-27 00:41:15 - JwtRequestFilter 호출
2025-02-27 00:41:15 - Authorization NULL 또는 Bearer 토큰이 아닙니다.
2025-02-27 00:41:15 - AdminDTO(searchWord=null, selectedDestinations=null, keyuid=null, keymid=null, keyctg1=지역, keyctg2=서울서, keyword=, afterValue=서울, changed=keyctg2, destiid=null, desticrawlid=null, destiname=null, destidesc=null, destiaddress=null, destiholid=null, destiopenhr=null, destiparkavail=null, desticontact=null, destiregdate=null, destiappear=null, imgsname1=null, imgsname2=null, imgsname3=null, imgsname4=null, imgfname1=null, imgfname2=null, imgfname3=null, imgfname4=null, destilongit=null, destilatit=null)
2025-02-27 00:41:15 - JwtRequestFilter 호출
2025-02-27 00:41:15 - Authorization NULL 또는 Bearer 토큰이 아닙니다.
2025-02-27 00:41:18 - JwtRequestFilter 호출
2025-02-27 00:41:18 - Authorization NULL 또는 Bearer 토큰이 아닙니다.
2025-02-27 00:41:18 - JwtRequestFilter 호출
2025-02-27 00:41:18 - JwtRequestFilter 호출
2025-02-27 00:41:18 - JwtRequestFilter 호출
2025-02-27 00:41:18 - Authorization NULL 또는 Bearer 토큰이 아닙니다.
2025-02-27 00:41:18 - Authorization NULL 또는 Bearer 토큰이 아닙니다.
2025-02-27 00:41:18 - Authorization NULL 또는 Bearer 토큰이 아닙니다.
2025-02-27 00:41:18 - 서비스 진입
2025-02-27 00:41:18 - 서비스 진입
2025-02-27 00:44:51 - Commencing graceful shutdown. Waiting for active requests to complete
2025-02-27 00:44:52 - Graceful shutdown complete
2025-02-27 00:44:52 - HikariPool-1 - Shutdown initiated...
2025-02-27 00:44:52 - HikariPool-1 - Shutdown completed.
